CRITICAL - 2021-01-20 01:03:06 --> Call to a member function get_current_line_box() on null
#0 C:\xampp\htdocs\comple\vendor\dompdf\dompdf\src\FrameDecorator\AbstractFrameDecorator.php(874): Dompdf\Positioner\Absolute->position(Object(Dompdf\FrameDecorator\Block))
#1 C:\xampp\htdocs\comple\vendor\dompdf\dompdf\src\FrameReflower\Block.php(805): Dompdf\FrameDecorator\AbstractFrameDecorator->position()
#2 C:\xampp\htdocs\comple\vendor\dompdf\dompdf\src\FrameDecorator\AbstractFrameDecorator.php(895): Dompdf\FrameReflower\Block->reflow(NULL)
#3 C:\xampp\htdocs\comple\vendor\dompdf\dompdf\src\FrameReflower\Page.php(141): Dompdf\FrameDecorator\AbstractFrameDecorator->reflow()
#4 C:\xampp\htdocs\comple\vendor\dompdf\dompdf\src\FrameDecorator\AbstractFrameDecorator.php(895): Dompdf\FrameReflower\Page->reflow(NULL)
#5 C:\xampp\htdocs\comple\vendor\dompdf\dompdf\src\Dompdf.php(815): Dompdf\FrameDecorator\AbstractFrameDecorator->reflow()
#6 C:\xampp\htdocs\comple\app\Controllers\Jefes\AsistenciaController.php(47): Dompdf\Dompdf->render()
#7 C:\xampp\htdocs\comple\system\CodeIgniter.php(918): App\Controllers\Jefes\AsistenciaController->listaAsistencia()
#8 C:\xampp\htdocs\comple\system\CodeIgniter.php(404): CodeIgniter\CodeIgniter->runController(Object(App\Controllers\Jefes\AsistenciaController))
#9 C:\xampp\htdocs\comple\system\CodeIgniter.php(312): CodeIgniter\CodeIgniter->handleRequest(NULL, Object(Config\Cache), false)
#10 C:\xampp\htdocs\comple\index.php(45): CodeIgniter\CodeIgniter->run()
#11 {main}
CRITICAL - 2021-01-20 01:03:21 --> Allowed memory size of 536870912 bytes exhausted (tried to allocate 266342400 bytes)
#0 [internal function]: CodeIgniter\Debug\Exceptions->shutdownHandler()
#1 {main}
CRITICAL - 2021-01-20 01:04:02 --> Call to a member function get_current_line_box() on null
#0 C:\xampp\htdocs\comple\vendor\dompdf\dompdf\src\FrameDecorator\AbstractFrameDecorator.php(874): Dompdf\Positioner\Absolute->position(Object(Dompdf\FrameDecorator\Block))
#1 C:\xampp\htdocs\comple\vendor\dompdf\dompdf\src\FrameReflower\Block.php(805): Dompdf\FrameDecorator\AbstractFrameDecorator->position()
#2 C:\xampp\htdocs\comple\vendor\dompdf\dompdf\src\FrameDecorator\AbstractFrameDecorator.php(895): Dompdf\FrameReflower\Block->reflow(NULL)
#3 C:\xampp\htdocs\comple\vendor\dompdf\dompdf\src\FrameReflower\Page.php(141): Dompdf\FrameDecorator\AbstractFrameDecorator->reflow()
#4 C:\xampp\htdocs\comple\vendor\dompdf\dompdf\src\FrameDecorator\AbstractFrameDecorator.php(895): Dompdf\FrameReflower\Page->reflow(NULL)
#5 C:\xampp\htdocs\comple\vendor\dompdf\dompdf\src\Dompdf.php(815): Dompdf\FrameDecorator\AbstractFrameDecorator->reflow()
#6 C:\xampp\htdocs\comple\app\Controllers\Jefes\AsistenciaController.php(47): Dompdf\Dompdf->render()
#7 C:\xampp\htdocs\comple\system\CodeIgniter.php(918): App\Controllers\Jefes\AsistenciaController->listaAsistencia()
#8 C:\xampp\htdocs\comple\system\CodeIgniter.php(404): CodeIgniter\CodeIgniter->runController(Object(App\Controllers\Jefes\AsistenciaController))
#9 C:\xampp\htdocs\comple\system\CodeIgniter.php(312): CodeIgniter\CodeIgniter->handleRequest(NULL, Object(Config\Cache), false)
#10 C:\xampp\htdocs\comple\index.php(45): CodeIgniter\CodeIgniter->run()
#11 {main}
CRITICAL - 2021-01-20 01:04:18 --> Allowed memory size of 536870912 bytes exhausted (tried to allocate 266342400 bytes)
#0 [internal function]: CodeIgniter\Debug\Exceptions->shutdownHandler()
#1 {main}
CRITICAL - 2021-01-20 01:15:54 --> Box property calculation requires containing block width
#0 C:\xampp\htdocs\comple\vendor\dompdf\dompdf\src\FrameReflower\Block.php(795): Dompdf\FrameReflower\Block->_calculate_restricted_width()
#1 C:\xampp\htdocs\comple\vendor\dompdf\dompdf\src\FrameDecorator\AbstractFrameDecorator.php(895): Dompdf\FrameReflower\Block->reflow(Object(Dompdf\FrameDecorator\Block))
#2 C:\xampp\htdocs\comple\vendor\dompdf\dompdf\src\FrameReflower\Inline.php(78): Dompdf\FrameDecorator\AbstractFrameDecorator->reflow(Object(Dompdf\FrameDecorator\Block))
#3 C:\xampp\htdocs\comple\vendor\dompdf\dompdf\src\FrameDecorator\AbstractFrameDecorator.php(895): Dompdf\FrameReflower\Inline->reflow(Object(Dompdf\FrameDecorator\Block))
#4 C:\xampp\htdocs\comple\vendor\dompdf\dompdf\src\FrameReflower\Block.php(845): Dompdf\FrameDecorator\AbstractFrameDecorator->reflow(Object(Dompdf\FrameDecorator\Block))
#5 C:\xampp\htdocs\comple\vendor\dompdf\dompdf\src\FrameDecorator\AbstractFrameDecorator.php(895): Dompdf\FrameReflower\Block->reflow(Object(Dompdf\FrameDecorator\Block))
#6 C:\xampp\htdocs\comple\vendor\dompdf\dompdf\src\FrameReflower\Block.php(845): Dompdf\FrameDecorator\AbstractFrameDecorator->reflow(Object(Dompdf\FrameDecorator\Block))
#7 C:\xampp\htdocs\comple\vendor\dompdf\dompdf\src\FrameDecorator\AbstractFrameDecorator.php(895): Dompdf\FrameReflower\Block->reflow(Object(Dompdf\FrameDecorator\Block))
#8 C:\xampp\htdocs\comple\vendor\dompdf\dompdf\src\FrameReflower\Block.php(845): Dompdf\FrameDecorator\AbstractFrameDecorator->reflow(Object(Dompdf\FrameDecorator\Block))
#9 C:\xampp\htdocs\comple\vendor\dompdf\dompdf\src\FrameDecorator\AbstractFrameDecorator.php(895): Dompdf\FrameReflower\Block->reflow(Object(Dompdf\FrameDecorator\Block))
#10 C:\xampp\htdocs\comple\vendor\dompdf\dompdf\src\FrameReflower\Block.php(845): Dompdf\FrameDecorator\AbstractFrameDecorator->reflow(Object(Dompdf\FrameDecorator\Block))
#11 C:\xampp\htdocs\comple\vendor\dompdf\dompdf\src\FrameDecorator\AbstractFrameDecorator.php(895): Dompdf\FrameReflower\Block->reflow(NULL)
#12 C:\xampp\htdocs\comple\vendor\dompdf\dompdf\src\FrameReflower\Page.php(141): Dompdf\FrameDecorator\AbstractFrameDecorator->reflow()
#13 C:\xampp\htdocs\comple\vendor\dompdf\dompdf\src\FrameDecorator\AbstractFrameDecorator.php(895): Dompdf\FrameReflower\Page->reflow(NULL)
#14 C:\xampp\htdocs\comple\vendor\dompdf\dompdf\src\Dompdf.php(815): Dompdf\FrameDecorator\AbstractFrameDecorator->reflow()
#15 C:\xampp\htdocs\comple\app\Controllers\Jefes\AsistenciaController.php(47): Dompdf\Dompdf->render()
#16 C:\xampp\htdocs\comple\system\CodeIgniter.php(918): App\Controllers\Jefes\AsistenciaController->listaAsistencia()
#17 C:\xampp\htdocs\comple\system\CodeIgniter.php(404): CodeIgniter\CodeIgniter->runController(Object(App\Controllers\Jefes\AsistenciaController))
#18 C:\xampp\htdocs\comple\system\CodeIgniter.php(312): CodeIgniter\CodeIgniter->handleRequest(NULL, Object(Config\Cache), false)
#19 C:\xampp\htdocs\comple\index.php(45): CodeIgniter\CodeIgniter->run()
#20 {main}
CRITICAL - 2021-01-20 01:16:13 --> Allowed memory size of 536870912 bytes exhausted (tried to allocate 268439552 bytes)
#0 [internal function]: CodeIgniter\Debug\Exceptions->shutdownHandler()
#1 {main}
CRITICAL - 2021-01-20 01:16:31 --> Box property calculation requires containing block width
#0 C:\xampp\htdocs\comple\vendor\dompdf\dompdf\src\FrameReflower\Block.php(795): Dompdf\FrameReflower\Block->_calculate_restricted_width()
#1 C:\xampp\htdocs\comple\vendor\dompdf\dompdf\src\FrameDecorator\AbstractFrameDecorator.php(895): Dompdf\FrameReflower\Block->reflow(Object(Dompdf\FrameDecorator\Block))
#2 C:\xampp\htdocs\comple\vendor\dompdf\dompdf\src\FrameReflower\Inline.php(78): Dompdf\FrameDecorator\AbstractFrameDecorator->reflow(Object(Dompdf\FrameDecorator\Block))
#3 C:\xampp\htdocs\comple\vendor\dompdf\dompdf\src\FrameDecorator\AbstractFrameDecorator.php(895): Dompdf\FrameReflower\Inline->reflow(Object(Dompdf\FrameDecorator\Block))
#4 C:\xampp\htdocs\comple\vendor\dompdf\dompdf\src\FrameReflower\Block.php(845): Dompdf\FrameDecorator\AbstractFrameDecorator->reflow(Object(Dompdf\FrameDecorator\Block))
#5 C:\xampp\htdocs\comple\vendor\dompdf\dompdf\src\FrameDecorator\AbstractFrameDecorator.php(895): Dompdf\FrameReflower\Block->reflow(Object(Dompdf\FrameDecorator\Block))
#6 C:\xampp\htdocs\comple\vendor\dompdf\dompdf\src\FrameReflower\Block.php(845): Dompdf\FrameDecorator\AbstractFrameDecorator->reflow(Object(Dompdf\FrameDecorator\Block))
#7 C:\xampp\htdocs\comple\vendor\dompdf\dompdf\src\FrameDecorator\AbstractFrameDecorator.php(895): Dompdf\FrameReflower\Block->reflow(Object(Dompdf\FrameDecorator\Block))
#8 C:\xampp\htdocs\comple\vendor\dompdf\dompdf\src\FrameReflower\Block.php(845): Dompdf\FrameDecorator\AbstractFrameDecorator->reflow(Object(Dompdf\FrameDecorator\Block))
#9 C:\xampp\htdocs\comple\vendor\dompdf\dompdf\src\FrameDecorator\AbstractFrameDecorator.php(895): Dompdf\FrameReflower\Block->reflow(Object(Dompdf\FrameDecorator\Block))
#10 C:\xampp\htdocs\comple\vendor\dompdf\dompdf\src\FrameReflower\Block.php(845): Dompdf\FrameDecorator\AbstractFrameDecorator->reflow(Object(Dompdf\FrameDecorator\Block))
#11 C:\xampp\htdocs\comple\vendor\dompdf\dompdf\src\FrameDecorator\AbstractFrameDecorator.php(895): Dompdf\FrameReflower\Block->reflow(NULL)
#12 C:\xampp\htdocs\comple\vendor\dompdf\dompdf\src\FrameReflower\Page.php(141): Dompdf\FrameDecorator\AbstractFrameDecorator->reflow()
#13 C:\xampp\htdocs\comple\vendor\dompdf\dompdf\src\FrameDecorator\AbstractFrameDecorator.php(895): Dompdf\FrameReflower\Page->reflow(NULL)
#14 C:\xampp\htdocs\comple\vendor\dompdf\dompdf\src\Dompdf.php(815): Dompdf\FrameDecorator\AbstractFrameDecorator->reflow()
#15 C:\xampp\htdocs\comple\app\Controllers\Jefes\AsistenciaController.php(47): Dompdf\Dompdf->render()
#16 C:\xampp\htdocs\comple\system\CodeIgniter.php(918): App\Controllers\Jefes\AsistenciaController->listaAsistencia()
#17 C:\xampp\htdocs\comple\system\CodeIgniter.php(404): CodeIgniter\CodeIgniter->runController(Object(App\Controllers\Jefes\AsistenciaController))
#18 C:\xampp\htdocs\comple\system\CodeIgniter.php(312): CodeIgniter\CodeIgniter->handleRequest(NULL, Object(Config\Cache), false)
#19 C:\xampp\htdocs\comple\index.php(45): CodeIgniter\CodeIgniter->run()
#20 {main}
CRITICAL - 2021-01-20 01:16:50 --> Allowed memory size of 536870912 bytes exhausted (tried to allocate 268439552 bytes)
#0 [internal function]: CodeIgniter\Debug\Exceptions->shutdownHandler()
#1 {main}
CRITICAL - 2021-01-20 01:16:57 --> Box property calculation requires containing block width
#0 C:\xampp\htdocs\comple\vendor\dompdf\dompdf\src\FrameReflower\Block.php(795): Dompdf\FrameReflower\Block->_calculate_restricted_width()
#1 C:\xampp\htdocs\comple\vendor\dompdf\dompdf\src\FrameDecorator\AbstractFrameDecorator.php(895): Dompdf\FrameReflower\Block->reflow(Object(Dompdf\FrameDecorator\Block))
#2 C:\xampp\htdocs\comple\vendor\dompdf\dompdf\src\FrameReflower\Inline.php(78): Dompdf\FrameDecorator\AbstractFrameDecorator->reflow(Object(Dompdf\FrameDecorator\Block))
#3 C:\xampp\htdocs\comple\vendor\dompdf\dompdf\src\FrameDecorator\AbstractFrameDecorator.php(895): Dompdf\FrameReflower\Inline->reflow(Object(Dompdf\FrameDecorator\Block))
#4 C:\xampp\htdocs\comple\vendor\dompdf\dompdf\src\FrameReflower\Block.php(845): Dompdf\FrameDecorator\AbstractFrameDecorator->reflow(Object(Dompdf\FrameDecorator\Block))
#5 C:\xampp\htdocs\comple\vendor\dompdf\dompdf\src\FrameDecorator\AbstractFrameDecorator.php(895): Dompdf\FrameReflower\Block->reflow(Object(Dompdf\FrameDecorator\Block))
#6 C:\xampp\htdocs\comple\vendor\dompdf\dompdf\src\FrameReflower\Block.php(845): Dompdf\FrameDecorator\AbstractFrameDecorator->reflow(Object(Dompdf\FrameDecorator\Block))
#7 C:\xampp\htdocs\comple\vendor\dompdf\dompdf\src\FrameDecorator\AbstractFrameDecorator.php(895): Dompdf\FrameReflower\Block->reflow(Object(Dompdf\FrameDecorator\Block))
#8 C:\xampp\htdocs\comple\vendor\dompdf\dompdf\src\FrameReflower\Block.php(845): Dompdf\FrameDecorator\AbstractFrameDecorator->reflow(Object(Dompdf\FrameDecorator\Block))
#9 C:\xampp\htdocs\comple\vendor\dompdf\dompdf\src\FrameDecorator\AbstractFrameDecorator.php(895): Dompdf\FrameReflower\Block->reflow(Object(Dompdf\FrameDecorator\Block))
#10 C:\xampp\htdocs\comple\vendor\dompdf\dompdf\src\FrameReflower\Block.php(845): Dompdf\FrameDecorator\AbstractFrameDecorator->reflow(Object(Dompdf\FrameDecorator\Block))
#11 C:\xampp\htdocs\comple\vendor\dompdf\dompdf\src\FrameDecorator\AbstractFrameDecorator.php(895): Dompdf\FrameReflower\Block->reflow(NULL)
#12 C:\xampp\htdocs\comple\vendor\dompdf\dompdf\src\FrameReflower\Page.php(141): Dompdf\FrameDecorator\AbstractFrameDecorator->reflow()
#13 C:\xampp\htdocs\comple\vendor\dompdf\dompdf\src\FrameDecorator\AbstractFrameDecorator.php(895): Dompdf\FrameReflower\Page->reflow(NULL)
#14 C:\xampp\htdocs\comple\vendor\dompdf\dompdf\src\Dompdf.php(815): Dompdf\FrameDecorator\AbstractFrameDecorator->reflow()
#15 C:\xampp\htdocs\comple\app\Controllers\Jefes\AsistenciaController.php(47): Dompdf\Dompdf->render()
#16 C:\xampp\htdocs\comple\system\CodeIgniter.php(918): App\Controllers\Jefes\AsistenciaController->listaAsistencia()
#17 C:\xampp\htdocs\comple\system\CodeIgniter.php(404): CodeIgniter\CodeIgniter->runController(Object(App\Controllers\Jefes\AsistenciaController))
#18 C:\xampp\htdocs\comple\system\CodeIgniter.php(312): CodeIgniter\CodeIgniter->handleRequest(NULL, Object(Config\Cache), false)
#19 C:\xampp\htdocs\comple\index.php(45): CodeIgniter\CodeIgniter->run()
#20 {main}
CRITICAL - 2021-01-20 01:17:14 --> Allowed memory size of 536870912 bytes exhausted (tried to allocate 268439552 bytes)
#0 [internal function]: CodeIgniter\Debug\Exceptions->shutdownHandler()
#1 {main}
