CRITICAL - 2020-12-22 00:28:29 --> Unable to connect to the database.
#0 C:\xampp\htdocs\comple\system\Database\BaseConnection.php(646): CodeIgniter\Database\BaseConnection->initialize()
#1 C:\xampp\htdocs\comple\system\Database\BaseBuilder.php(1860): CodeIgniter\Database\BaseConnection->query('SELECT `a`.`num...', Array, false)
#2 C:\xampp\htdocs\comple\app\Models\AlumnoLoginModel.php(23): CodeIgniter\Database\BaseBuilder->get()
#3 C:\xampp\htdocs\comple\app\Services\AlumnoLoginService.php(19): App\Models\AlumnoLoginModel->getAlumnoPorUsuario('161160163')
#4 C:\xampp\htdocs\comple\app\Controllers\AlumnoLoginController.php(30): App\Services\AlumnoLoginService->login('161160163', '6336')
#5 C:\xampp\htdocs\comple\system\CodeIgniter.php(918): App\Controllers\AlumnoLoginController->login()
#6 C:\xampp\htdocs\comple\system\CodeIgniter.php(404): CodeIgniter\CodeIgniter->runController(Object(App\Controllers\AlumnoLoginController))
#7 C:\xampp\htdocs\comple\system\CodeIgniter.php(312): CodeIgniter\CodeIgniter->handleRequest(NULL, Object(Config\Cache), false)
#8 C:\xampp\htdocs\comple\index.php(45): CodeIgniter\CodeIgniter->run()
#9 {main}
CRITICAL - 2020-12-22 00:28:50 --> Unable to connect to the database.
#0 C:\xampp\htdocs\comple\system\Database\BaseConnection.php(646): CodeIgniter\Database\BaseConnection->initialize()
#1 C:\xampp\htdocs\comple\system\Database\BaseBuilder.php(1860): CodeIgniter\Database\BaseConnection->query('SELECT `a`.`num...', Array, false)
#2 C:\xampp\htdocs\comple\app\Models\AlumnoLoginModel.php(23): CodeIgniter\Database\BaseBuilder->get()
#3 C:\xampp\htdocs\comple\app\Services\AlumnoLoginService.php(19): App\Models\AlumnoLoginModel->getAlumnoPorUsuario('161160163')
#4 C:\xampp\htdocs\comple\app\Controllers\AlumnoLoginController.php(30): App\Services\AlumnoLoginService->login('161160163', '6336')
#5 C:\xampp\htdocs\comple\system\CodeIgniter.php(918): App\Controllers\AlumnoLoginController->login()
#6 C:\xampp\htdocs\comple\system\CodeIgniter.php(404): CodeIgniter\CodeIgniter->runController(Object(App\Controllers\AlumnoLoginController))
#7 C:\xampp\htdocs\comple\system\CodeIgniter.php(312): CodeIgniter\CodeIgniter->handleRequest(NULL, Object(Config\Cache), false)
#8 C:\xampp\htdocs\comple\index.php(45): CodeIgniter\CodeIgniter->run()
#9 {main}
CRITICAL - 2020-12-22 00:30:29 --> Unable to connect to the database.
#0 C:\xampp\htdocs\comple\system\Database\BaseConnection.php(646): CodeIgniter\Database\BaseConnection->initialize()
#1 C:\xampp\htdocs\comple\system\Database\BaseBuilder.php(1860): CodeIgniter\Database\BaseConnection->query('SELECT `a`.`num...', Array, false)
#2 C:\xampp\htdocs\comple\app\Models\AlumnoLoginModel.php(23): CodeIgniter\Database\BaseBuilder->get()
#3 C:\xampp\htdocs\comple\app\Services\AlumnoLoginService.php(19): App\Models\AlumnoLoginModel->getAlumnoPorUsuario('161160163')
#4 C:\xampp\htdocs\comple\app\Controllers\AlumnoLoginController.php(30): App\Services\AlumnoLoginService->login('161160163', '6336')
#5 C:\xampp\htdocs\comple\system\CodeIgniter.php(918): App\Controllers\AlumnoLoginController->login()
#6 C:\xampp\htdocs\comple\system\CodeIgniter.php(404): CodeIgniter\CodeIgniter->runController(Object(App\Controllers\AlumnoLoginController))
#7 C:\xampp\htdocs\comple\system\CodeIgniter.php(312): CodeIgniter\CodeIgniter->handleRequest(NULL, Object(Config\Cache), false)
#8 C:\xampp\htdocs\comple\index.php(45): CodeIgniter\CodeIgniter->run()
#9 {main}
CRITICAL - 2020-12-22 00:31:54 --> Unable to connect to the database.
#0 C:\xampp\htdocs\comple\system\Database\BaseConnection.php(646): CodeIgniter\Database\BaseConnection->initialize()
#1 C:\xampp\htdocs\comple\system\Database\BaseBuilder.php(1860): CodeIgniter\Database\BaseConnection->query('SELECT `a`.`num...', Array, false)
#2 C:\xampp\htdocs\comple\app\Models\AlumnoLoginModel.php(23): CodeIgniter\Database\BaseBuilder->get()
#3 C:\xampp\htdocs\comple\app\Services\AlumnoLoginService.php(19): App\Models\AlumnoLoginModel->getAlumnoPorUsuario('161160163')
#4 C:\xampp\htdocs\comple\app\Controllers\AlumnoLoginController.php(30): App\Services\AlumnoLoginService->login('161160163', '6336')
#5 C:\xampp\htdocs\comple\system\CodeIgniter.php(918): App\Controllers\AlumnoLoginController->login()
#6 C:\xampp\htdocs\comple\system\CodeIgniter.php(404): CodeIgniter\CodeIgniter->runController(Object(App\Controllers\AlumnoLoginController))
#7 C:\xampp\htdocs\comple\system\CodeIgniter.php(312): CodeIgniter\CodeIgniter->handleRequest(NULL, Object(Config\Cache), false)
#8 C:\xampp\htdocs\comple\index.php(45): CodeIgniter\CodeIgniter->run()
#9 {main}
CRITICAL - 2020-12-22 01:20:48 --> Unable to connect to the database.
#0 C:\xampp\htdocs\comple\system\Database\BaseConnection.php(646): CodeIgniter\Database\BaseConnection->initialize()
#1 C:\xampp\htdocs\comple\system\Database\BaseBuilder.php(1860): CodeIgniter\Database\BaseConnection->query('SELECT `a`.`num...', Array, false)
#2 C:\xampp\htdocs\comple\app\Models\AlumnoLoginModel.php(23): CodeIgniter\Database\BaseBuilder->get()
#3 C:\xampp\htdocs\comple\app\Services\AlumnoLoginService.php(19): App\Models\AlumnoLoginModel->getAlumnoPorUsuario('161160163')
#4 C:\xampp\htdocs\comple\app\Controllers\AlumnoLoginController.php(30): App\Services\AlumnoLoginService->login('161160163', '6336')
#5 C:\xampp\htdocs\comple\system\CodeIgniter.php(918): App\Controllers\AlumnoLoginController->login()
#6 C:\xampp\htdocs\comple\system\CodeIgniter.php(404): CodeIgniter\CodeIgniter->runController(Object(App\Controllers\AlumnoLoginController))
#7 C:\xampp\htdocs\comple\system\CodeIgniter.php(312): CodeIgniter\CodeIgniter->handleRequest(NULL, Object(Config\Cache), false)
#8 C:\xampp\htdocs\comple\index.php(45): CodeIgniter\CodeIgniter->run()
#9 {main}
CRITICAL - 2020-12-22 01:28:57 --> Unable to connect to the database.
#0 C:\xampp\htdocs\comple\system\Database\BaseConnection.php(646): CodeIgniter\Database\BaseConnection->initialize()
#1 C:\xampp\htdocs\comple\system\Database\BaseBuilder.php(1860): CodeIgniter\Database\BaseConnection->query('SELECT `a`.`num...', Array, false)
#2 C:\xampp\htdocs\comple\app\Models\AlumnoLoginModel.php(23): CodeIgniter\Database\BaseBuilder->get()
#3 C:\xampp\htdocs\comple\app\Services\AlumnoLoginService.php(19): App\Models\AlumnoLoginModel->getAlumnoPorUsuario('161160163')
#4 C:\xampp\htdocs\comple\app\Controllers\AlumnoLoginController.php(30): App\Services\AlumnoLoginService->login('161160163', '6336')
#5 C:\xampp\htdocs\comple\system\CodeIgniter.php(918): App\Controllers\AlumnoLoginController->login()
#6 C:\xampp\htdocs\comple\system\CodeIgniter.php(404): CodeIgniter\CodeIgniter->runController(Object(App\Controllers\AlumnoLoginController))
#7 C:\xampp\htdocs\comple\system\CodeIgniter.php(312): CodeIgniter\CodeIgniter->handleRequest(NULL, Object(Config\Cache), false)
#8 C:\xampp\htdocs\comple\index.php(45): CodeIgniter\CodeIgniter->run()
#9 {main}
CRITICAL - 2020-12-22 01:30:03 --> Unable to connect to the database.
#0 C:\xampp\htdocs\comple\system\Database\BaseConnection.php(646): CodeIgniter\Database\BaseConnection->initialize()
#1 C:\xampp\htdocs\comple\system\Database\BaseBuilder.php(1860): CodeIgniter\Database\BaseConnection->query('SELECT `a`.`num...', Array, false)
#2 C:\xampp\htdocs\comple\app\Models\AlumnoLoginModel.php(23): CodeIgniter\Database\BaseBuilder->get()
#3 C:\xampp\htdocs\comple\app\Services\AlumnoLoginService.php(19): App\Models\AlumnoLoginModel->getAlumnoPorUsuario('161160163')
#4 C:\xampp\htdocs\comple\app\Controllers\AlumnoLoginController.php(30): App\Services\AlumnoLoginService->login('161160163', '6336')
#5 C:\xampp\htdocs\comple\system\CodeIgniter.php(918): App\Controllers\AlumnoLoginController->login()
#6 C:\xampp\htdocs\comple\system\CodeIgniter.php(404): CodeIgniter\CodeIgniter->runController(Object(App\Controllers\AlumnoLoginController))
#7 C:\xampp\htdocs\comple\system\CodeIgniter.php(312): CodeIgniter\CodeIgniter->handleRequest(NULL, Object(Config\Cache), false)
#8 C:\xampp\htdocs\comple\index.php(45): CodeIgniter\CodeIgniter->run()
#9 {main}
CRITICAL - 2020-12-22 01:38:23 --> Unable to connect to the database.
#0 C:\xampp\htdocs\comple\system\Database\BaseConnection.php(646): CodeIgniter\Database\BaseConnection->initialize()
#1 C:\xampp\htdocs\comple\system\Database\BaseBuilder.php(1860): CodeIgniter\Database\BaseConnection->query('SELECT `a`.`num...', Array, false)
#2 C:\xampp\htdocs\comple\app\Models\AlumnoLoginModel.php(23): CodeIgniter\Database\BaseBuilder->get()
#3 C:\xampp\htdocs\comple\app\Services\AlumnoLoginService.php(19): App\Models\AlumnoLoginModel->getAlumnoPorUsuario('161160163')
#4 C:\xampp\htdocs\comple\app\Controllers\AlumnoLoginController.php(30): App\Services\AlumnoLoginService->login('161160163', '6336')
#5 C:\xampp\htdocs\comple\system\CodeIgniter.php(918): App\Controllers\AlumnoLoginController->login()
#6 C:\xampp\htdocs\comple\system\CodeIgniter.php(404): CodeIgniter\CodeIgniter->runController(Object(App\Controllers\AlumnoLoginController))
#7 C:\xampp\htdocs\comple\system\CodeIgniter.php(312): CodeIgniter\CodeIgniter->handleRequest(NULL, Object(Config\Cache), false)
#8 C:\xampp\htdocs\comple\index.php(45): CodeIgniter\CodeIgniter->run()
#9 {main}
CRITICAL - 2020-12-22 02:04:01 --> Unable to connect to the database.
#0 C:\xampp\htdocs\comple\system\Database\BaseConnection.php(646): CodeIgniter\Database\BaseConnection->initialize()
#1 C:\xampp\htdocs\comple\system\Database\BaseBuilder.php(1860): CodeIgniter\Database\BaseConnection->query('SELECT `a`.`per...', Array, false)
#2 C:\xampp\htdocs\comple\app\Models\Alumno\HistorialModel.php(27): CodeIgniter\Database\BaseBuilder->get()
#3 C:\xampp\htdocs\comple\app\Services\Alumno\HistorialService.php(20): App\Models\Alumno\HistorialModel->getActividadesPorCalificacion('161160163 ')
#4 C:\xampp\htdocs\comple\app\Controllers\Alumno\HistorialController.php(26): App\Services\Alumno\HistorialService->getActividadesPorCalificacion('161160163 ')
#5 C:\xampp\htdocs\comple\system\CodeIgniter.php(918): App\Controllers\Alumno\HistorialController->index()
#6 C:\xampp\htdocs\comple\system\CodeIgniter.php(404): CodeIgniter\CodeIgniter->runController(Object(App\Controllers\Alumno\HistorialController))
#7 C:\xampp\htdocs\comple\system\CodeIgniter.php(312): CodeIgniter\CodeIgniter->handleRequest(NULL, Object(Config\Cache), false)
#8 C:\xampp\htdocs\comple\index.php(45): CodeIgniter\CodeIgniter->run()
#9 {main}
CRITICAL - 2020-12-22 02:04:25 --> Unable to connect to the database.
#0 C:\xampp\htdocs\comple\system\Database\BaseConnection.php(646): CodeIgniter\Database\BaseConnection->initialize()
#1 C:\xampp\htdocs\comple\system\Database\BaseBuilder.php(1860): CodeIgniter\Database\BaseConnection->query('SELECT `a`.`per...', Array, false)
#2 C:\xampp\htdocs\comple\app\Models\Alumno\HistorialModel.php(27): CodeIgniter\Database\BaseBuilder->get()
#3 C:\xampp\htdocs\comple\app\Services\Alumno\HistorialService.php(20): App\Models\Alumno\HistorialModel->getActividadesPorCalificacion('161160163 ')
#4 C:\xampp\htdocs\comple\app\Controllers\Alumno\HistorialController.php(26): App\Services\Alumno\HistorialService->getActividadesPorCalificacion('161160163 ')
#5 C:\xampp\htdocs\comple\system\CodeIgniter.php(918): App\Controllers\Alumno\HistorialController->index()
#6 C:\xampp\htdocs\comple\system\CodeIgniter.php(404): CodeIgniter\CodeIgniter->runController(Object(App\Controllers\Alumno\HistorialController))
#7 C:\xampp\htdocs\comple\system\CodeIgniter.php(312): CodeIgniter\CodeIgniter->handleRequest(NULL, Object(Config\Cache), false)
#8 C:\xampp\htdocs\comple\index.php(45): CodeIgniter\CodeIgniter->run()
#9 {main}
CRITICAL - 2020-12-22 02:22:02 --> Undefined property: App\Controllers\Jefes\AsistenciaController::$asistenciaService
#0 C:\xampp\htdocs\comple\app\Controllers\Jefes\AsistenciaController.php(82): CodeIgniter\Debug\Exceptions->errorHandler(8, 'Undefined prope...', 'C:\\xampp\\htdocs...', 82, Array)
#1 C:\xampp\htdocs\comple\system\CodeIgniter.php(918): App\Controllers\Jefes\AsistenciaController->listaCalificacion()
#2 C:\xampp\htdocs\comple\system\CodeIgniter.php(404): CodeIgniter\CodeIgniter->runController(Object(App\Controllers\Jefes\AsistenciaController))
#3 C:\xampp\htdocs\comple\system\CodeIgniter.php(312): CodeIgniter\CodeIgniter->handleRequest(NULL, Object(Config\Cache), false)
#4 C:\xampp\htdocs\comple\index.php(45): CodeIgniter\CodeIgniter->run()
#5 {main}
CRITICAL - 2020-12-22 02:22:11 --> Undefined property: App\Controllers\Jefes\AsistenciaController::$asistenciaService
#0 C:\xampp\htdocs\comple\app\Controllers\Jefes\AsistenciaController.php(82): CodeIgniter\Debug\Exceptions->errorHandler(8, 'Undefined prope...', 'C:\\xampp\\htdocs...', 82, Array)
#1 C:\xampp\htdocs\comple\system\CodeIgniter.php(918): App\Controllers\Jefes\AsistenciaController->listaCalificacion()
#2 C:\xampp\htdocs\comple\system\CodeIgniter.php(404): CodeIgniter\CodeIgniter->runController(Object(App\Controllers\Jefes\AsistenciaController))
#3 C:\xampp\htdocs\comple\system\CodeIgniter.php(312): CodeIgniter\CodeIgniter->handleRequest(NULL, Object(Config\Cache), false)
#4 C:\xampp\htdocs\comple\index.php(45): CodeIgniter\CodeIgniter->run()
#5 {main}
CRITICAL - 2020-12-22 02:33:59 --> You must set the database table to be used with your query.
#0 C:\xampp\htdocs\comple\system\Model.php(1237): CodeIgniter\Database\BaseConnection->table(NULL)
#1 C:\xampp\htdocs\comple\system\Model.php(1816): CodeIgniter\Model->builder()
#2 C:\xampp\htdocs\comple\app\Controllers\Jefes\AsistenciaController.php(80): CodeIgniter\Model->__call('get_actividad', Array)
#3 C:\xampp\htdocs\comple\system\CodeIgniter.php(918): App\Controllers\Jefes\AsistenciaController->listaCalificacion()
#4 C:\xampp\htdocs\comple\system\CodeIgniter.php(404): CodeIgniter\CodeIgniter->runController(Object(App\Controllers\Jefes\AsistenciaController))
#5 C:\xampp\htdocs\comple\system\CodeIgniter.php(312): CodeIgniter\CodeIgniter->handleRequest(NULL, Object(Config\Cache), false)
#6 C:\xampp\htdocs\comple\index.php(45): CodeIgniter\CodeIgniter->run()
#7 {main}
CRITICAL - 2020-12-22 02:39:33 --> You must set the database table to be used with your query.
#0 C:\xampp\htdocs\comple\system\Model.php(1237): CodeIgniter\Database\BaseConnection->table(NULL)
#1 C:\xampp\htdocs\comple\system\Model.php(1816): CodeIgniter\Model->builder()
#2 C:\xampp\htdocs\comple\app\Controllers\Jefes\AsistenciaController.php(25): CodeIgniter\Model->__call('get_actividad', Array)
#3 C:\xampp\htdocs\comple\system\CodeIgniter.php(918): App\Controllers\Jefes\AsistenciaController->listaAsistencia()
#4 C:\xampp\htdocs\comple\system\CodeIgniter.php(404): CodeIgniter\CodeIgniter->runController(Object(App\Controllers\Jefes\AsistenciaController))
#5 C:\xampp\htdocs\comple\system\CodeIgniter.php(312): CodeIgniter\CodeIgniter->handleRequest(NULL, Object(Config\Cache), false)
#6 C:\xampp\htdocs\comple\index.php(45): CodeIgniter\CodeIgniter->run()
#7 {main}
CRITICAL - 2020-12-22 02:39:41 --> You must set the database table to be used with your query.
#0 C:\xampp\htdocs\comple\system\Model.php(1237): CodeIgniter\Database\BaseConnection->table(NULL)
#1 C:\xampp\htdocs\comple\system\Model.php(1816): CodeIgniter\Model->builder()
#2 C:\xampp\htdocs\comple\app\Controllers\Jefes\AsistenciaController.php(80): CodeIgniter\Model->__call('get_actividad', Array)
#3 C:\xampp\htdocs\comple\system\CodeIgniter.php(918): App\Controllers\Jefes\AsistenciaController->listaCalificacion()
#4 C:\xampp\htdocs\comple\system\CodeIgniter.php(404): CodeIgniter\CodeIgniter->runController(Object(App\Controllers\Jefes\AsistenciaController))
#5 C:\xampp\htdocs\comple\system\CodeIgniter.php(312): CodeIgniter\CodeIgniter->handleRequest(NULL, Object(Config\Cache), false)
#6 C:\xampp\htdocs\comple\index.php(45): CodeIgniter\CodeIgniter->run()
#7 {main}
CRITICAL - 2020-12-22 02:41:24 --> Undefined property: stdClass::$estatus
#0 C:\xampp\htdocs\comple\app\Models\Jefes\AsistenciaModel.php(59): CodeIgniter\Debug\Exceptions->errorHandler(8, 'Undefined prope...', 'C:\\xampp\\htdocs...', 59, Array)
#1 C:\xampp\htdocs\comple\app\Controllers\Jefes\AsistenciaController.php(79): App\Models\Jefes\AsistenciaModel->get_actividad_alumno('12', 1)
#2 C:\xampp\htdocs\comple\system\CodeIgniter.php(918): App\Controllers\Jefes\AsistenciaController->listaCalificacion()
#3 C:\xampp\htdocs\comple\system\CodeIgniter.php(404): CodeIgniter\CodeIgniter->runController(Object(App\Controllers\Jefes\AsistenciaController))
#4 C:\xampp\htdocs\comple\system\CodeIgniter.php(312): CodeIgniter\CodeIgniter->handleRequest(NULL, Object(Config\Cache), false)
#5 C:\xampp\htdocs\comple\index.php(45): CodeIgniter\CodeIgniter->run()
#6 {main}
CRITICAL - 2020-12-22 02:44:49 --> Undefined property: stdClass::$201160132
#0 C:\xampp\htdocs\comple\app\Models\Jefes\AsistenciaModel.php(67): CodeIgniter\Debug\Exceptions->errorHandler(8, 'Undefined prope...', 'C:\\xampp\\htdocs...', 67, Array)
#1 C:\xampp\htdocs\comple\app\Controllers\Jefes\AsistenciaController.php(24): App\Models\Jefes\AsistenciaModel->get_actividad_alumno('11', 1)
#2 C:\xampp\htdocs\comple\system\CodeIgniter.php(918): App\Controllers\Jefes\AsistenciaController->listaAsistencia()
#3 C:\xampp\htdocs\comple\system\CodeIgniter.php(404): CodeIgniter\CodeIgniter->runController(Object(App\Controllers\Jefes\AsistenciaController))
#4 C:\xampp\htdocs\comple\system\CodeIgniter.php(312): CodeIgniter\CodeIgniter->handleRequest(NULL, Object(Config\Cache), false)
#5 C:\xampp\htdocs\comple\index.php(45): CodeIgniter\CodeIgniter->run()
#6 {main}
CRITICAL - 2020-12-22 02:45:09 --> Undefined property: stdClass::$201160132
#0 C:\xampp\htdocs\comple\app\Models\Jefes\AsistenciaModel.php(67): CodeIgniter\Debug\Exceptions->errorHandler(8, 'Undefined prope...', 'C:\\xampp\\htdocs...', 67, Array)
#1 C:\xampp\htdocs\comple\app\Controllers\Jefes\AsistenciaController.php(24): App\Models\Jefes\AsistenciaModel->get_actividad_alumno('11', 1)
#2 C:\xampp\htdocs\comple\system\CodeIgniter.php(918): App\Controllers\Jefes\AsistenciaController->listaAsistencia()
#3 C:\xampp\htdocs\comple\system\CodeIgniter.php(404): CodeIgniter\CodeIgniter->runController(Object(App\Controllers\Jefes\AsistenciaController))
#4 C:\xampp\htdocs\comple\system\CodeIgniter.php(312): CodeIgniter\CodeIgniter->handleRequest(NULL, Object(Config\Cache), false)
#5 C:\xampp\htdocs\comple\index.php(45): CodeIgniter\CodeIgniter->run()
#6 {main}
CRITICAL - 2020-12-22 02:46:53 --> Undefined property: stdClass::$201160132
#0 C:\xampp\htdocs\comple\app\Models\Jefes\AsistenciaModel.php(67): CodeIgniter\Debug\Exceptions->errorHandler(8, 'Undefined prope...', 'C:\\xampp\\htdocs...', 67, Array)
#1 C:\xampp\htdocs\comple\app\Controllers\Jefes\AsistenciaController.php(24): App\Models\Jefes\AsistenciaModel->get_actividad_alumno('11', 1)
#2 C:\xampp\htdocs\comple\system\CodeIgniter.php(918): App\Controllers\Jefes\AsistenciaController->listaAsistencia()
#3 C:\xampp\htdocs\comple\system\CodeIgniter.php(404): CodeIgniter\CodeIgniter->runController(Object(App\Controllers\Jefes\AsistenciaController))
#4 C:\xampp\htdocs\comple\system\CodeIgniter.php(312): CodeIgniter\CodeIgniter->handleRequest(NULL, Object(Config\Cache), false)
#5 C:\xampp\htdocs\comple\index.php(45): CodeIgniter\CodeIgniter->run()
#6 {main}
CRITICAL - 2020-12-22 02:50:18 --> Unknown column 'r.nombre' in 'field list'
#0 C:\xampp\htdocs\comple\system\Database\MySQLi\Connection.php(331): mysqli->query('SELECT `a`.`id_...')
#1 C:\xampp\htdocs\comple\system\Database\BaseConnection.php(741): CodeIgniter\Database\MySQLi\Connection->execute('SELECT `a`.`id_...')
#2 C:\xampp\htdocs\comple\system\Database\BaseConnection.php(669): CodeIgniter\Database\BaseConnection->simpleQuery('SELECT `a`.`id_...')
#3 C:\xampp\htdocs\comple\system\Database\BaseBuilder.php(1860): CodeIgniter\Database\BaseConnection->query('SELECT `a`.`id_...', Array, false)
#4 C:\xampp\htdocs\comple\app\Models\Jefes\AsistenciaModel.php(41): CodeIgniter\Database\BaseBuilder->get()
#5 C:\xampp\htdocs\comple\app\Controllers\Jefes\AsistenciaController.php(25): App\Models\Jefes\AsistenciaModel->get_actividad('11')
#6 C:\xampp\htdocs\comple\system\CodeIgniter.php(918): App\Controllers\Jefes\AsistenciaController->listaAsistencia()
#7 C:\xampp\htdocs\comple\system\CodeIgniter.php(404): CodeIgniter\CodeIgniter->runController(Object(App\Controllers\Jefes\AsistenciaController))
#8 C:\xampp\htdocs\comple\system\CodeIgniter.php(312): CodeIgniter\CodeIgniter->handleRequest(NULL, Object(Config\Cache), false)
#9 C:\xampp\htdocs\comple\index.php(45): CodeIgniter\CodeIgniter->run()
#10 {main}
CRITICAL - 2020-12-22 02:50:57 --> Undefined property: stdClass::$nombre_responsable
#0 C:\xampp\htdocs\comple\app\Views\Jefes\Lista-Asistencia\listar.php(104): CodeIgniter\Debug\Exceptions->errorHandler(8, 'Undefined prope...', 'C:\\xampp\\htdocs...', 104, Array)
#1 C:\xampp\htdocs\comple\system\View\View.php(246): include('C:\\xampp\\htdocs...')
#2 C:\xampp\htdocs\comple\system\Common.php(1119): CodeIgniter\View\View->render('Jefes/Lista-Asi...', Array, true)
#3 C:\xampp\htdocs\comple\app\Controllers\Jefes\AsistenciaController.php(40): view('Jefes/Lista-Asi...', Array)
#4 C:\xampp\htdocs\comple\system\CodeIgniter.php(918): App\Controllers\Jefes\AsistenciaController->listaAsistencia()
#5 C:\xampp\htdocs\comple\system\CodeIgniter.php(404): CodeIgniter\CodeIgniter->runController(Object(App\Controllers\Jefes\AsistenciaController))
#6 C:\xampp\htdocs\comple\system\CodeIgniter.php(312): CodeIgniter\CodeIgniter->handleRequest(NULL, Object(Config\Cache), false)
#7 C:\xampp\htdocs\comple\index.php(45): CodeIgniter\CodeIgniter->run()
#8 {main}
CRITICAL - 2020-12-22 02:52:50 --> You must set the database table to be used with your query.
#0 C:\xampp\htdocs\comple\system\Model.php(1237): CodeIgniter\Database\BaseConnection->table(NULL)
#1 C:\xampp\htdocs\comple\system\Model.php(1816): CodeIgniter\Model->builder()
#2 C:\xampp\htdocs\comple\app\Models\Jefes\AsistenciaModel.php(54): CodeIgniter\Model->__call('get_alumno', Array)
#3 C:\xampp\htdocs\comple\app\Controllers\Jefes\AsistenciaController.php(24): App\Models\Jefes\AsistenciaModel->get_actividad_alumno('11', 1)
#4 C:\xampp\htdocs\comple\system\CodeIgniter.php(918): App\Controllers\Jefes\AsistenciaController->listaAsistencia()
#5 C:\xampp\htdocs\comple\system\CodeIgniter.php(404): CodeIgniter\CodeIgniter->runController(Object(App\Controllers\Jefes\AsistenciaController))
#6 C:\xampp\htdocs\comple\system\CodeIgniter.php(312): CodeIgniter\CodeIgniter->handleRequest(NULL, Object(Config\Cache), false)
#7 C:\xampp\htdocs\comple\index.php(45): CodeIgniter\CodeIgniter->run()
#8 {main}
CRITICAL - 2020-12-22 02:53:32 --> Undefined property: stdClass::$201160132
#0 C:\xampp\htdocs\comple\app\Models\Jefes\AsistenciaModel.php(67): CodeIgniter\Debug\Exceptions->errorHandler(8, 'Undefined prope...', 'C:\\xampp\\htdocs...', 67, Array)
#1 C:\xampp\htdocs\comple\app\Controllers\Jefes\AsistenciaController.php(24): App\Models\Jefes\AsistenciaModel->get_actividad_alumno('11', 1)
#2 C:\xampp\htdocs\comple\system\CodeIgniter.php(918): App\Controllers\Jefes\AsistenciaController->listaAsistencia()
#3 C:\xampp\htdocs\comple\system\CodeIgniter.php(404): CodeIgniter\CodeIgniter->runController(Object(App\Controllers\Jefes\AsistenciaController))
#4 C:\xampp\htdocs\comple\system\CodeIgniter.php(312): CodeIgniter\CodeIgniter->handleRequest(NULL, Object(Config\Cache), false)
#5 C:\xampp\htdocs\comple\index.php(45): CodeIgniter\CodeIgniter->run()
#6 {main}
CRITICAL - 2020-12-22 03:02:24 --> Undefined property: stdClass::$estatus
#0 C:\xampp\htdocs\comple\app\Models\Jefes\AsistenciaModel.php(60): CodeIgniter\Debug\Exceptions->errorHandler(8, 'Undefined prope...', 'C:\\xampp\\htdocs...', 60, Array)
#1 C:\xampp\htdocs\comple\app\Controllers\Jefes\AsistenciaController.php(24): App\Models\Jefes\AsistenciaModel->get_actividad_alumno('11', 1)
#2 C:\xampp\htdocs\comple\system\CodeIgniter.php(918): App\Controllers\Jefes\AsistenciaController->listaAsistencia()
#3 C:\xampp\htdocs\comple\system\CodeIgniter.php(404): CodeIgniter\CodeIgniter->runController(Object(App\Controllers\Jefes\AsistenciaController))
#4 C:\xampp\htdocs\comple\system\CodeIgniter.php(312): CodeIgniter\CodeIgniter->handleRequest(NULL, Object(Config\Cache), false)
#5 C:\xampp\htdocs\comple\index.php(45): CodeIgniter\CodeIgniter->run()
#6 {main}
CRITICAL - 2020-12-22 03:05:44 --> You must set the database table to be used with your query.
#0 C:\xampp\htdocs\comple\system\Model.php(1237): CodeIgniter\Database\BaseConnection->table(NULL)
#1 C:\xampp\htdocs\comple\system\Model.php(1816): CodeIgniter\Model->builder()
#2 C:\xampp\htdocs\comple\app\Controllers\Jefes\AsistenciaController.php(27): CodeIgniter\Model->__call('getArea', Array)
#3 C:\xampp\htdocs\comple\system\CodeIgniter.php(918): App\Controllers\Jefes\AsistenciaController->listaAsistencia()
#4 C:\xampp\htdocs\comple\system\CodeIgniter.php(404): CodeIgniter\CodeIgniter->runController(Object(App\Controllers\Jefes\AsistenciaController))
#5 C:\xampp\htdocs\comple\system\CodeIgniter.php(312): CodeIgniter\CodeIgniter->handleRequest(NULL, Object(Config\Cache), false)
#6 C:\xampp\htdocs\comple\index.php(45): CodeIgniter\CodeIgniter->run()
#7 {main}
CRITICAL - 2020-12-22 03:06:33 --> You must set the database table to be used with your query.
#0 C:\xampp\htdocs\comple\system\Model.php(1237): CodeIgniter\Database\BaseConnection->table(NULL)
#1 C:\xampp\htdocs\comple\system\Model.php(1816): CodeIgniter\Model->builder()
#2 C:\xampp\htdocs\comple\app\Controllers\Jefes\AsistenciaController.php(27): CodeIgniter\Model->__call('getArea', Array)
#3 C:\xampp\htdocs\comple\system\CodeIgniter.php(918): App\Controllers\Jefes\AsistenciaController->listaAsistencia()
#4 C:\xampp\htdocs\comple\system\CodeIgniter.php(404): CodeIgniter\CodeIgniter->runController(Object(App\Controllers\Jefes\AsistenciaController))
#5 C:\xampp\htdocs\comple\system\CodeIgniter.php(312): CodeIgniter\CodeIgniter->handleRequest(NULL, Object(Config\Cache), false)
#6 C:\xampp\htdocs\comple\index.php(45): CodeIgniter\CodeIgniter->run()
#7 {main}
CRITICAL - 2020-12-22 03:08:52 --> You must set the database table to be used with your query.
#0 C:\xampp\htdocs\comple\system\Model.php(1237): CodeIgniter\Database\BaseConnection->table(NULL)
#1 C:\xampp\htdocs\comple\system\Model.php(1816): CodeIgniter\Model->builder()
#2 C:\xampp\htdocs\comple\app\Models\Jefes\AsistenciaModel.php(47): CodeIgniter\Model->__call('get_inscripcion...', Array)
#3 C:\xampp\htdocs\comple\app\Controllers\Jefes\AsistenciaController.php(24): App\Models\Jefes\AsistenciaModel->get_actividad_alumno('11', 1)
#4 C:\xampp\htdocs\comple\system\CodeIgniter.php(918): App\Controllers\Jefes\AsistenciaController->listaAsistencia()
#5 C:\xampp\htdocs\comple\system\CodeIgniter.php(404): CodeIgniter\CodeIgniter->runController(Object(App\Controllers\Jefes\AsistenciaController))
#6 C:\xampp\htdocs\comple\system\CodeIgniter.php(312): CodeIgniter\CodeIgniter->handleRequest(NULL, Object(Config\Cache), false)
#7 C:\xampp\htdocs\comple\index.php(45): CodeIgniter\CodeIgniter->run()
#8 {main}
CRITICAL - 2020-12-22 03:08:55 --> You must set the database table to be used with your query.
#0 C:\xampp\htdocs\comple\system\Model.php(1237): CodeIgniter\Database\BaseConnection->table(NULL)
#1 C:\xampp\htdocs\comple\system\Model.php(1816): CodeIgniter\Model->builder()
#2 C:\xampp\htdocs\comple\app\Models\Jefes\AsistenciaModel.php(47): CodeIgniter\Model->__call('get_inscripcion...', Array)
#3 C:\xampp\htdocs\comple\app\Controllers\Jefes\AsistenciaController.php(24): App\Models\Jefes\AsistenciaModel->get_actividad_alumno('11', 1)
#4 C:\xampp\htdocs\comple\system\CodeIgniter.php(918): App\Controllers\Jefes\AsistenciaController->listaAsistencia()
#5 C:\xampp\htdocs\comple\system\CodeIgniter.php(404): CodeIgniter\CodeIgniter->runController(Object(App\Controllers\Jefes\AsistenciaController))
#6 C:\xampp\htdocs\comple\system\CodeIgniter.php(312): CodeIgniter\CodeIgniter->handleRequest(NULL, Object(Config\Cache), false)
#7 C:\xampp\htdocs\comple\index.php(45): CodeIgniter\CodeIgniter->run()
#8 {main}
CRITICAL - 2020-12-22 03:09:29 --> You must set the database table to be used with your query.
#0 C:\xampp\htdocs\comple\system\Model.php(1237): CodeIgniter\Database\BaseConnection->table(NULL)
#1 C:\xampp\htdocs\comple\system\Model.php(1816): CodeIgniter\Model->builder()
#2 C:\xampp\htdocs\comple\app\Models\Jefes\AsistenciaModel.php(45): CodeIgniter\Model->__call('get_inscripcion...', Array)
#3 C:\xampp\htdocs\comple\app\Controllers\Jefes\AsistenciaController.php(24): App\Models\Jefes\AsistenciaModel->get_actividad_alumno('11', 1)
#4 C:\xampp\htdocs\comple\system\CodeIgniter.php(918): App\Controllers\Jefes\AsistenciaController->listaAsistencia()
#5 C:\xampp\htdocs\comple\system\CodeIgniter.php(404): CodeIgniter\CodeIgniter->runController(Object(App\Controllers\Jefes\AsistenciaController))
#6 C:\xampp\htdocs\comple\system\CodeIgniter.php(312): CodeIgniter\CodeIgniter->handleRequest(NULL, Object(Config\Cache), false)
#7 C:\xampp\htdocs\comple\index.php(45): CodeIgniter\CodeIgniter->run()
#8 {main}
CRITICAL - 2020-12-22 03:10:27 --> You must set the database table to be used with your query.
#0 C:\xampp\htdocs\comple\system\Model.php(1237): CodeIgniter\Database\BaseConnection->table(NULL)
#1 C:\xampp\htdocs\comple\system\Model.php(1816): CodeIgniter\Model->builder()
#2 C:\xampp\htdocs\comple\app\Models\Jefes\AsistenciaModel.php(46): CodeIgniter\Model->__call('get_inscripcion...', Array)
#3 C:\xampp\htdocs\comple\app\Controllers\Jefes\AsistenciaController.php(24): App\Models\Jefes\AsistenciaModel->get_actividad_alumno('11', 1)
#4 C:\xampp\htdocs\comple\system\CodeIgniter.php(918): App\Controllers\Jefes\AsistenciaController->listaAsistencia()
#5 C:\xampp\htdocs\comple\system\CodeIgniter.php(404): CodeIgniter\CodeIgniter->runController(Object(App\Controllers\Jefes\AsistenciaController))
#6 C:\xampp\htdocs\comple\system\CodeIgniter.php(312): CodeIgniter\CodeIgniter->handleRequest(NULL, Object(Config\Cache), false)
#7 C:\xampp\htdocs\comple\index.php(45): CodeIgniter\CodeIgniter->run()
#8 {main}
CRITICAL - 2020-12-22 03:10:30 --> You must set the database table to be used with your query.
#0 C:\xampp\htdocs\comple\system\Model.php(1237): CodeIgniter\Database\BaseConnection->table(NULL)
#1 C:\xampp\htdocs\comple\system\Model.php(1816): CodeIgniter\Model->builder()
#2 C:\xampp\htdocs\comple\app\Models\Jefes\AsistenciaModel.php(46): CodeIgniter\Model->__call('get_inscripcion...', Array)
#3 C:\xampp\htdocs\comple\app\Controllers\Jefes\AsistenciaController.php(24): App\Models\Jefes\AsistenciaModel->get_actividad_alumno('11', 1)
#4 C:\xampp\htdocs\comple\system\CodeIgniter.php(918): App\Controllers\Jefes\AsistenciaController->listaAsistencia()
#5 C:\xampp\htdocs\comple\system\CodeIgniter.php(404): CodeIgniter\CodeIgniter->runController(Object(App\Controllers\Jefes\AsistenciaController))
#6 C:\xampp\htdocs\comple\system\CodeIgniter.php(312): CodeIgniter\CodeIgniter->handleRequest(NULL, Object(Config\Cache), false)
#7 C:\xampp\htdocs\comple\index.php(45): CodeIgniter\CodeIgniter->run()
#8 {main}
CRITICAL - 2020-12-22 03:10:32 --> You must set the database table to be used with your query.
#0 C:\xampp\htdocs\comple\system\Model.php(1237): CodeIgniter\Database\BaseConnection->table(NULL)
#1 C:\xampp\htdocs\comple\system\Model.php(1816): CodeIgniter\Model->builder()
#2 C:\xampp\htdocs\comple\app\Models\Jefes\AsistenciaModel.php(46): CodeIgniter\Model->__call('get_inscripcion...', Array)
#3 C:\xampp\htdocs\comple\app\Controllers\Jefes\AsistenciaController.php(24): App\Models\Jefes\AsistenciaModel->get_actividad_alumno('11', 1)
#4 C:\xampp\htdocs\comple\system\CodeIgniter.php(918): App\Controllers\Jefes\AsistenciaController->listaAsistencia()
#5 C:\xampp\htdocs\comple\system\CodeIgniter.php(404): CodeIgniter\CodeIgniter->runController(Object(App\Controllers\Jefes\AsistenciaController))
#6 C:\xampp\htdocs\comple\system\CodeIgniter.php(312): CodeIgniter\CodeIgniter->handleRequest(NULL, Object(Config\Cache), false)
#7 C:\xampp\htdocs\comple\index.php(45): CodeIgniter\CodeIgniter->run()
#8 {main}
CRITICAL - 2020-12-22 03:13:31 --> Undefined property: stdClass::$tipo_actividad
#0 C:\xampp\htdocs\comple\app\Views\Jefes\Lista-Asistencia\listar.php(66): CodeIgniter\Debug\Exceptions->errorHandler(8, 'Undefined prope...', 'C:\\xampp\\htdocs...', 66, Array)
#1 C:\xampp\htdocs\comple\system\View\View.php(246): include('C:\\xampp\\htdocs...')
#2 C:\xampp\htdocs\comple\system\Common.php(1119): CodeIgniter\View\View->render('Jefes/Lista-Asi...', Array, true)
#3 C:\xampp\htdocs\comple\app\Controllers\Jefes\AsistenciaController.php(40): view('Jefes/Lista-Asi...', Array)
#4 C:\xampp\htdocs\comple\system\CodeIgniter.php(918): App\Controllers\Jefes\AsistenciaController->listaAsistencia()
#5 C:\xampp\htdocs\comple\system\CodeIgniter.php(404): CodeIgniter\CodeIgniter->runController(Object(App\Controllers\Jefes\AsistenciaController))
#6 C:\xampp\htdocs\comple\system\CodeIgniter.php(312): CodeIgniter\CodeIgniter->handleRequest(NULL, Object(Config\Cache), false)
#7 C:\xampp\htdocs\comple\index.php(45): CodeIgniter\CodeIgniter->run()
#8 {main}
CRITICAL - 2020-12-22 04:29:04 --> Undefined variable: a
#0 C:\xampp\htdocs\comple\app\Views\Jefes\Constancia\listar.php(58): CodeIgniter\Debug\Exceptions->errorHandler(8, 'Undefined varia...', 'C:\\xampp\\htdocs...', 58, Array)
#1 C:\xampp\htdocs\comple\system\View\View.php(246): include('C:\\xampp\\htdocs...')
#2 C:\xampp\htdocs\comple\system\Common.php(1119): CodeIgniter\View\View->render('Jefes/Constanci...', Array, true)
#3 C:\xampp\htdocs\comple\app\Controllers\Jefes\ConstanciaController.php(41): view('Jefes/Constanci...', Array)
#4 C:\xampp\htdocs\comple\system\CodeIgniter.php(918): App\Controllers\Jefes\ConstanciaController->constancia()
#5 C:\xampp\htdocs\comple\system\CodeIgniter.php(404): CodeIgniter\CodeIgniter->runController(Object(App\Controllers\Jefes\ConstanciaController))
#6 C:\xampp\htdocs\comple\system\CodeIgniter.php(312): CodeIgniter\CodeIgniter->handleRequest(NULL, Object(Config\Cache), false)
#7 C:\xampp\htdocs\comple\index.php(45): CodeIgniter\CodeIgniter->run()
#8 {main}
CRITICAL - 2020-12-22 04:43:03 --> Undefined variable: areas
#0 C:\xampp\htdocs\comple\app\Views\Responsable\Lista-Asistencia\listar.php(61): CodeIgniter\Debug\Exceptions->errorHandler(8, 'Undefined varia...', 'C:\\xampp\\htdocs...', 61, Array)
#1 C:\xampp\htdocs\comple\system\View\View.php(246): include('C:\\xampp\\htdocs...')
#2 C:\xampp\htdocs\comple\system\Common.php(1119): CodeIgniter\View\View->render('Responsable/Lis...', Array, true)
#3 C:\xampp\htdocs\comple\app\Controllers\Responsable\AsistenciaController.php(39): view('Responsable/Lis...', Array)
#4 C:\xampp\htdocs\comple\system\CodeIgniter.php(918): App\Controllers\Responsable\AsistenciaController->listaAsistencia()
#5 C:\xampp\htdocs\comple\system\CodeIgniter.php(404): CodeIgniter\CodeIgniter->runController(Object(App\Controllers\Responsable\AsistenciaController))
#6 C:\xampp\htdocs\comple\system\CodeIgniter.php(312): CodeIgniter\CodeIgniter->handleRequest(NULL, Object(Config\Cache), false)
#7 C:\xampp\htdocs\comple\index.php(45): CodeIgniter\CodeIgniter->run()
#8 {main}
CRITICAL - 2020-12-22 04:51:14 --> Unknown column 'j.apaterno' in 'field list'
#0 C:\xampp\htdocs\comple\system\Database\MySQLi\Connection.php(331): mysqli->query('SELECT `a`.`id_...')
#1 C:\xampp\htdocs\comple\system\Database\BaseConnection.php(741): CodeIgniter\Database\MySQLi\Connection->execute('SELECT `a`.`id_...')
#2 C:\xampp\htdocs\comple\system\Database\BaseConnection.php(669): CodeIgniter\Database\BaseConnection->simpleQuery('SELECT `a`.`id_...')
#3 C:\xampp\htdocs\comple\system\Database\BaseBuilder.php(1860): CodeIgniter\Database\BaseConnection->query('SELECT `a`.`id_...', Array, false)
#4 C:\xampp\htdocs\comple\app\Models\Responsable\AsistenciaModel.php(40): CodeIgniter\Database\BaseBuilder->get()
#5 C:\xampp\htdocs\comple\app\Controllers\Responsable\AsistenciaController.php(25): App\Models\Responsable\AsistenciaModel->get_actividad('11')
#6 C:\xampp\htdocs\comple\system\CodeIgniter.php(918): App\Controllers\Responsable\AsistenciaController->listaAsistencia()
#7 C:\xampp\htdocs\comple\system\CodeIgniter.php(404): CodeIgniter\CodeIgniter->runController(Object(App\Controllers\Responsable\AsistenciaController))
#8 C:\xampp\htdocs\comple\system\CodeIgniter.php(312): CodeIgniter\CodeIgniter->handleRequest(NULL, Object(Config\Cache), false)
#9 C:\xampp\htdocs\comple\index.php(45): CodeIgniter\CodeIgniter->run()
#10 {main}
CRITICAL - 2020-12-22 04:52:11 --> Unknown column 'j.apaterno' in 'field list'
#0 C:\xampp\htdocs\comple\system\Database\MySQLi\Connection.php(331): mysqli->query('SELECT `a`.`id_...')
#1 C:\xampp\htdocs\comple\system\Database\BaseConnection.php(741): CodeIgniter\Database\MySQLi\Connection->execute('SELECT `a`.`id_...')
#2 C:\xampp\htdocs\comple\system\Database\BaseConnection.php(669): CodeIgniter\Database\BaseConnection->simpleQuery('SELECT `a`.`id_...')
#3 C:\xampp\htdocs\comple\system\Database\BaseBuilder.php(1860): CodeIgniter\Database\BaseConnection->query('SELECT `a`.`id_...', Array, false)
#4 C:\xampp\htdocs\comple\app\Models\Responsable\AsistenciaModel.php(40): CodeIgniter\Database\BaseBuilder->get()
#5 C:\xampp\htdocs\comple\app\Controllers\Responsable\AsistenciaController.php(25): App\Models\Responsable\AsistenciaModel->get_actividad('11')
#6 C:\xampp\htdocs\comple\system\CodeIgniter.php(918): App\Controllers\Responsable\AsistenciaController->listaAsistencia()
#7 C:\xampp\htdocs\comple\system\CodeIgniter.php(404): CodeIgniter\CodeIgniter->runController(Object(App\Controllers\Responsable\AsistenciaController))
#8 C:\xampp\htdocs\comple\system\CodeIgniter.php(312): CodeIgniter\CodeIgniter->handleRequest(NULL, Object(Config\Cache), false)
#9 C:\xampp\htdocs\comple\index.php(45): CodeIgniter\CodeIgniter->run()
#10 {main}
CRITICAL - 2020-12-22 04:52:45 --> Unknown column 'a.rfc_jefe' in 'on clause'
#0 C:\xampp\htdocs\comple\system\Database\MySQLi\Connection.php(331): mysqli->query('SELECT `a`.`id_...')
#1 C:\xampp\htdocs\comple\system\Database\BaseConnection.php(741): CodeIgniter\Database\MySQLi\Connection->execute('SELECT `a`.`id_...')
#2 C:\xampp\htdocs\comple\system\Database\BaseConnection.php(669): CodeIgniter\Database\BaseConnection->simpleQuery('SELECT `a`.`id_...')
#3 C:\xampp\htdocs\comple\system\Database\BaseBuilder.php(1860): CodeIgniter\Database\BaseConnection->query('SELECT `a`.`id_...', Array, false)
#4 C:\xampp\htdocs\comple\app\Models\Responsable\AsistenciaModel.php(40): CodeIgniter\Database\BaseBuilder->get()
#5 C:\xampp\htdocs\comple\app\Controllers\Responsable\AsistenciaController.php(25): App\Models\Responsable\AsistenciaModel->get_actividad('11')
#6 C:\xampp\htdocs\comple\system\CodeIgniter.php(918): App\Controllers\Responsable\AsistenciaController->listaAsistencia()
#7 C:\xampp\htdocs\comple\system\CodeIgniter.php(404): CodeIgniter\CodeIgniter->runController(Object(App\Controllers\Responsable\AsistenciaController))
#8 C:\xampp\htdocs\comple\system\CodeIgniter.php(312): CodeIgniter\CodeIgniter->handleRequest(NULL, Object(Config\Cache), false)
#9 C:\xampp\htdocs\comple\index.php(45): CodeIgniter\CodeIgniter->run()
#10 {main}
CRITICAL - 2020-12-22 04:53:12 --> Undefined variable: areas
#0 C:\xampp\htdocs\comple\app\Views\Responsable\Lista-Asistencia\listar.php(61): CodeIgniter\Debug\Exceptions->errorHandler(8, 'Undefined varia...', 'C:\\xampp\\htdocs...', 61, Array)
#1 C:\xampp\htdocs\comple\system\View\View.php(246): include('C:\\xampp\\htdocs...')
#2 C:\xampp\htdocs\comple\system\Common.php(1119): CodeIgniter\View\View->render('Responsable/Lis...', Array, true)
#3 C:\xampp\htdocs\comple\app\Controllers\Responsable\AsistenciaController.php(39): view('Responsable/Lis...', Array)
#4 C:\xampp\htdocs\comple\system\CodeIgniter.php(918): App\Controllers\Responsable\AsistenciaController->listaAsistencia()
#5 C:\xampp\htdocs\comple\system\CodeIgniter.php(404): CodeIgniter\CodeIgniter->runController(Object(App\Controllers\Responsable\AsistenciaController))
#6 C:\xampp\htdocs\comple\system\CodeIgniter.php(312): CodeIgniter\CodeIgniter->handleRequest(NULL, Object(Config\Cache), false)
#7 C:\xampp\htdocs\comple\index.php(45): CodeIgniter\CodeIgniter->run()
#8 {main}
CRITICAL - 2020-12-22 04:54:10 --> Undefined property: stdClass::$tipo_actividad
#0 C:\xampp\htdocs\comple\app\Views\Responsable\Lista-Asistencia\listar.php(66): CodeIgniter\Debug\Exceptions->errorHandler(8, 'Undefined prope...', 'C:\\xampp\\htdocs...', 66, Array)
#1 C:\xampp\htdocs\comple\system\View\View.php(246): include('C:\\xampp\\htdocs...')
#2 C:\xampp\htdocs\comple\system\Common.php(1119): CodeIgniter\View\View->render('Responsable/Lis...', Array, true)
#3 C:\xampp\htdocs\comple\app\Controllers\Responsable\AsistenciaController.php(39): view('Responsable/Lis...', Array)
#4 C:\xampp\htdocs\comple\system\CodeIgniter.php(918): App\Controllers\Responsable\AsistenciaController->listaAsistencia()
#5 C:\xampp\htdocs\comple\system\CodeIgniter.php(404): CodeIgniter\CodeIgniter->runController(Object(App\Controllers\Responsable\AsistenciaController))
#6 C:\xampp\htdocs\comple\system\CodeIgniter.php(312): CodeIgniter\CodeIgniter->handleRequest(NULL, Object(Config\Cache), false)
#7 C:\xampp\htdocs\comple\index.php(45): CodeIgniter\CodeIgniter->run()
#8 {main}
CRITICAL - 2020-12-22 04:56:04 --> Undefined property: stdClass::$tipo_actividad
#0 C:\xampp\htdocs\comple\app\Views\Responsable\Lista-Asistencia\listar.php(66): CodeIgniter\Debug\Exceptions->errorHandler(8, 'Undefined prope...', 'C:\\xampp\\htdocs...', 66, Array)
#1 C:\xampp\htdocs\comple\system\View\View.php(246): include('C:\\xampp\\htdocs...')
#2 C:\xampp\htdocs\comple\system\Common.php(1119): CodeIgniter\View\View->render('Responsable/Lis...', Array, true)
#3 C:\xampp\htdocs\comple\app\Controllers\Responsable\AsistenciaController.php(39): view('Responsable/Lis...', Array)
#4 C:\xampp\htdocs\comple\system\CodeIgniter.php(918): App\Controllers\Responsable\AsistenciaController->listaAsistencia()
#5 C:\xampp\htdocs\comple\system\CodeIgniter.php(404): CodeIgniter\CodeIgniter->runController(Object(App\Controllers\Responsable\AsistenciaController))
#6 C:\xampp\htdocs\comple\system\CodeIgniter.php(312): CodeIgniter\CodeIgniter->handleRequest(NULL, Object(Config\Cache), false)
#7 C:\xampp\htdocs\comple\index.php(45): CodeIgniter\CodeIgniter->run()
#8 {main}
CRITICAL - 2020-12-22 04:57:06 --> Undefined property: stdClass::$nombre_responsable
#0 C:\xampp\htdocs\comple\app\Views\Responsable\Lista-Asistencia\listar.php(104): CodeIgniter\Debug\Exceptions->errorHandler(8, 'Undefined prope...', 'C:\\xampp\\htdocs...', 104, Array)
#1 C:\xampp\htdocs\comple\system\View\View.php(246): include('C:\\xampp\\htdocs...')
#2 C:\xampp\htdocs\comple\system\Common.php(1119): CodeIgniter\View\View->render('Responsable/Lis...', Array, true)
#3 C:\xampp\htdocs\comple\app\Controllers\Responsable\AsistenciaController.php(39): view('Responsable/Lis...', Array)
#4 C:\xampp\htdocs\comple\system\CodeIgniter.php(918): App\Controllers\Responsable\AsistenciaController->listaAsistencia()
#5 C:\xampp\htdocs\comple\system\CodeIgniter.php(404): CodeIgniter\CodeIgniter->runController(Object(App\Controllers\Responsable\AsistenciaController))
#6 C:\xampp\htdocs\comple\system\CodeIgniter.php(312): CodeIgniter\CodeIgniter->handleRequest(NULL, Object(Config\Cache), false)
#7 C:\xampp\htdocs\comple\index.php(45): CodeIgniter\CodeIgniter->run()
#8 {main}
CRITICAL - 2020-12-22 04:59:18 --> Undefined variable: act
#0 C:\xampp\htdocs\comple\app\Views\Responsable\Lista-Asistencia\listar.php(104): CodeIgniter\Debug\Exceptions->errorHandler(8, 'Undefined varia...', 'C:\\xampp\\htdocs...', 104, Array)
#1 C:\xampp\htdocs\comple\system\View\View.php(246): include('C:\\xampp\\htdocs...')
#2 C:\xampp\htdocs\comple\system\Common.php(1119): CodeIgniter\View\View->render('Responsable/Lis...', Array, true)
#3 C:\xampp\htdocs\comple\app\Controllers\Responsable\AsistenciaController.php(39): view('Responsable/Lis...', Array)
#4 C:\xampp\htdocs\comple\system\CodeIgniter.php(918): App\Controllers\Responsable\AsistenciaController->listaAsistencia()
#5 C:\xampp\htdocs\comple\system\CodeIgniter.php(404): CodeIgniter\CodeIgniter->runController(Object(App\Controllers\Responsable\AsistenciaController))
#6 C:\xampp\htdocs\comple\system\CodeIgniter.php(312): CodeIgniter\CodeIgniter->handleRequest(NULL, Object(Config\Cache), false)
#7 C:\xampp\htdocs\comple\index.php(45): CodeIgniter\CodeIgniter->run()
#8 {main}
CRITICAL - 2020-12-22 04:59:53 --> Undefined property: stdClass::$nombre_responsable
#0 C:\xampp\htdocs\comple\app\Views\Responsable\Lista-Asistencia\listar.php(104): CodeIgniter\Debug\Exceptions->errorHandler(8, 'Undefined prope...', 'C:\\xampp\\htdocs...', 104, Array)
#1 C:\xampp\htdocs\comple\system\View\View.php(246): include('C:\\xampp\\htdocs...')
#2 C:\xampp\htdocs\comple\system\Common.php(1119): CodeIgniter\View\View->render('Responsable/Lis...', Array, true)
#3 C:\xampp\htdocs\comple\app\Controllers\Responsable\AsistenciaController.php(39): view('Responsable/Lis...', Array)
#4 C:\xampp\htdocs\comple\system\CodeIgniter.php(918): App\Controllers\Responsable\AsistenciaController->listaAsistencia()
#5 C:\xampp\htdocs\comple\system\CodeIgniter.php(404): CodeIgniter\CodeIgniter->runController(Object(App\Controllers\Responsable\AsistenciaController))
#6 C:\xampp\htdocs\comple\system\CodeIgniter.php(312): CodeIgniter\CodeIgniter->handleRequest(NULL, Object(Config\Cache), false)
#7 C:\xampp\htdocs\comple\index.php(45): CodeIgniter\CodeIgniter->run()
#8 {main}
CRITICAL - 2020-12-22 05:03:34 --> Undefined property: stdClass::$nombre_actividad
#0 C:\xampp\htdocs\comple\app\Models\Responsable\AsistenciaModel.php(66): CodeIgniter\Debug\Exceptions->errorHandler(8, 'Undefined prope...', 'C:\\xampp\\htdocs...', 66, Array)
#1 C:\xampp\htdocs\comple\app\Controllers\Responsable\AsistenciaController.php(24): App\Models\Responsable\AsistenciaModel->get_actividad_alumno('11', '1')
#2 C:\xampp\htdocs\comple\system\CodeIgniter.php(918): App\Controllers\Responsable\AsistenciaController->listaAsistencia()
#3 C:\xampp\htdocs\comple\system\CodeIgniter.php(404): CodeIgniter\CodeIgniter->runController(Object(App\Controllers\Responsable\AsistenciaController))
#4 C:\xampp\htdocs\comple\system\CodeIgniter.php(312): CodeIgniter\CodeIgniter->handleRequest(NULL, Object(Config\Cache), false)
#5 C:\xampp\htdocs\comple\index.php(45): CodeIgniter\CodeIgniter->run()
#6 {main}
CRITICAL - 2020-12-22 05:04:01 --> Undefined property: stdClass::$nombre_actividad
#0 C:\xampp\htdocs\comple\app\Views\Responsable\Lista-Asistencia\listar.php(67): CodeIgniter\Debug\Exceptions->errorHandler(8, 'Undefined prope...', 'C:\\xampp\\htdocs...', 67, Array)
#1 C:\xampp\htdocs\comple\system\View\View.php(246): include('C:\\xampp\\htdocs...')
#2 C:\xampp\htdocs\comple\system\Common.php(1119): CodeIgniter\View\View->render('Responsable/Lis...', Array, true)
#3 C:\xampp\htdocs\comple\app\Controllers\Responsable\AsistenciaController.php(39): view('Responsable/Lis...', Array)
#4 C:\xampp\htdocs\comple\system\CodeIgniter.php(918): App\Controllers\Responsable\AsistenciaController->listaAsistencia()
#5 C:\xampp\htdocs\comple\system\CodeIgniter.php(404): CodeIgniter\CodeIgniter->runController(Object(App\Controllers\Responsable\AsistenciaController))
#6 C:\xampp\htdocs\comple\system\CodeIgniter.php(312): CodeIgniter\CodeIgniter->handleRequest(NULL, Object(Config\Cache), false)
#7 C:\xampp\htdocs\comple\index.php(45): CodeIgniter\CodeIgniter->run()
#8 {main}
CRITICAL - 2020-12-22 05:22:03 --> Undefined variable: id_area
#0 C:\xampp\htdocs\comple\app\Controllers\Responsable\AsistenciaController.php(27): CodeIgniter\Debug\Exceptions->errorHandler(8, 'Undefined varia...', 'C:\\xampp\\htdocs...', 27, Array)
#1 C:\xampp\htdocs\comple\system\CodeIgniter.php(918): App\Controllers\Responsable\AsistenciaController->listaAsistencia()
#2 C:\xampp\htdocs\comple\system\CodeIgniter.php(404): CodeIgniter\CodeIgniter->runController(Object(App\Controllers\Responsable\AsistenciaController))
#3 C:\xampp\htdocs\comple\system\CodeIgniter.php(312): CodeIgniter\CodeIgniter->handleRequest(NULL, Object(Config\Cache), false)
#4 C:\xampp\htdocs\comple\index.php(45): CodeIgniter\CodeIgniter->run()
#5 {main}
CRITICAL - 2020-12-22 05:22:23 --> Undefined variable: id_area
#0 C:\xampp\htdocs\comple\app\Controllers\Responsable\AsistenciaController.php(27): CodeIgniter\Debug\Exceptions->errorHandler(8, 'Undefined varia...', 'C:\\xampp\\htdocs...', 27, Array)
#1 C:\xampp\htdocs\comple\system\CodeIgniter.php(918): App\Controllers\Responsable\AsistenciaController->listaAsistencia()
#2 C:\xampp\htdocs\comple\system\CodeIgniter.php(404): CodeIgniter\CodeIgniter->runController(Object(App\Controllers\Responsable\AsistenciaController))
#3 C:\xampp\htdocs\comple\system\CodeIgniter.php(312): CodeIgniter\CodeIgniter->handleRequest(NULL, Object(Config\Cache), false)
#4 C:\xampp\htdocs\comple\index.php(45): CodeIgniter\CodeIgniter->run()
#5 {main}
CRITICAL - 2020-12-22 05:22:37 --> Undefined variable: id_area
#0 C:\xampp\htdocs\comple\app\Controllers\Responsable\AsistenciaController.php(27): CodeIgniter\Debug\Exceptions->errorHandler(8, 'Undefined varia...', 'C:\\xampp\\htdocs...', 27, Array)
#1 C:\xampp\htdocs\comple\system\CodeIgniter.php(918): App\Controllers\Responsable\AsistenciaController->listaAsistencia()
#2 C:\xampp\htdocs\comple\system\CodeIgniter.php(404): CodeIgniter\CodeIgniter->runController(Object(App\Controllers\Responsable\AsistenciaController))
#3 C:\xampp\htdocs\comple\system\CodeIgniter.php(312): CodeIgniter\CodeIgniter->handleRequest(NULL, Object(Config\Cache), false)
#4 C:\xampp\htdocs\comple\index.php(45): CodeIgniter\CodeIgniter->run()
#5 {main}
CRITICAL - 2020-12-22 05:26:38 --> Undefined variable: area
#0 C:\xampp\htdocs\comple\app\Controllers\Responsable\AsistenciaController.php(41): CodeIgniter\Debug\Exceptions->errorHandler(8, 'Undefined varia...', 'C:\\xampp\\htdocs...', 41, Array)
#1 C:\xampp\htdocs\comple\system\CodeIgniter.php(918): App\Controllers\Responsable\AsistenciaController->listaAsistencia()
#2 C:\xampp\htdocs\comple\system\CodeIgniter.php(404): CodeIgniter\CodeIgniter->runController(Object(App\Controllers\Responsable\AsistenciaController))
#3 C:\xampp\htdocs\comple\system\CodeIgniter.php(312): CodeIgniter\CodeIgniter->handleRequest(NULL, Object(Config\Cache), false)
#4 C:\xampp\htdocs\comple\index.php(45): CodeIgniter\CodeIgniter->run()
#5 {main}
CRITICAL - 2020-12-22 05:27:00 --> Undefined variable: a
#0 C:\xampp\htdocs\comple\app\Views\Responsable\Lista-Asistencia\listar.php(65): CodeIgniter\Debug\Exceptions->errorHandler(8, 'Undefined varia...', 'C:\\xampp\\htdocs...', 65, Array)
#1 C:\xampp\htdocs\comple\system\View\View.php(246): include('C:\\xampp\\htdocs...')
#2 C:\xampp\htdocs\comple\system\Common.php(1119): CodeIgniter\View\View->render('Responsable/Lis...', Array, true)
#3 C:\xampp\htdocs\comple\app\Controllers\Responsable\AsistenciaController.php(40): view('Responsable/Lis...', Array)
#4 C:\xampp\htdocs\comple\system\CodeIgniter.php(918): App\Controllers\Responsable\AsistenciaController->listaAsistencia()
#5 C:\xampp\htdocs\comple\system\CodeIgniter.php(404): CodeIgniter\CodeIgniter->runController(Object(App\Controllers\Responsable\AsistenciaController))
#6 C:\xampp\htdocs\comple\system\CodeIgniter.php(312): CodeIgniter\CodeIgniter->handleRequest(NULL, Object(Config\Cache), false)
#7 C:\xampp\htdocs\comple\index.php(45): CodeIgniter\CodeIgniter->run()
#8 {main}
CRITICAL - 2020-12-22 05:32:04 --> Unknown column 'ar.nombre_jefe' in 'field list'
#0 C:\xampp\htdocs\comple\system\Database\MySQLi\Connection.php(331): mysqli->query('SELECT `a`.`id_...')
#1 C:\xampp\htdocs\comple\system\Database\BaseConnection.php(741): CodeIgniter\Database\MySQLi\Connection->execute('SELECT `a`.`id_...')
#2 C:\xampp\htdocs\comple\system\Database\BaseConnection.php(669): CodeIgniter\Database\BaseConnection->simpleQuery('SELECT `a`.`id_...')
#3 C:\xampp\htdocs\comple\system\Database\BaseBuilder.php(1860): CodeIgniter\Database\BaseConnection->query('SELECT `a`.`id_...', Array, false)
#4 C:\xampp\htdocs\comple\app\Models\Responsable\AsistenciaModel.php(41): CodeIgniter\Database\BaseBuilder->get()
#5 C:\xampp\htdocs\comple\app\Controllers\Responsable\AsistenciaController.php(25): App\Models\Responsable\AsistenciaModel->get_actividad('11')
#6 C:\xampp\htdocs\comple\system\CodeIgniter.php(918): App\Controllers\Responsable\AsistenciaController->listaAsistencia()
#7 C:\xampp\htdocs\comple\system\CodeIgniter.php(404): CodeIgniter\CodeIgniter->runController(Object(App\Controllers\Responsable\AsistenciaController))
#8 C:\xampp\htdocs\comple\system\CodeIgniter.php(312): CodeIgniter\CodeIgniter->handleRequest(NULL, Object(Config\Cache), false)
#9 C:\xampp\htdocs\comple\index.php(45): CodeIgniter\CodeIgniter->run()
#10 {main}
CRITICAL - 2020-12-22 05:39:23 --> Unknown column 'ar.nombre_jefe' in 'field list'
#0 C:\xampp\htdocs\comple\system\Database\MySQLi\Connection.php(331): mysqli->query('SELECT `a`.`id_...')
#1 C:\xampp\htdocs\comple\system\Database\BaseConnection.php(741): CodeIgniter\Database\MySQLi\Connection->execute('SELECT `a`.`id_...')
#2 C:\xampp\htdocs\comple\system\Database\BaseConnection.php(669): CodeIgniter\Database\BaseConnection->simpleQuery('SELECT `a`.`id_...')
#3 C:\xampp\htdocs\comple\system\Database\BaseBuilder.php(1860): CodeIgniter\Database\BaseConnection->query('SELECT `a`.`id_...', Array, false)
#4 C:\xampp\htdocs\comple\app\Models\Responsable\AsistenciaModel.php(41): CodeIgniter\Database\BaseBuilder->get()
#5 C:\xampp\htdocs\comple\app\Controllers\Responsable\AsistenciaController.php(25): App\Models\Responsable\AsistenciaModel->get_actividad('9')
#6 C:\xampp\htdocs\comple\system\CodeIgniter.php(918): App\Controllers\Responsable\AsistenciaController->listaAsistencia()
#7 C:\xampp\htdocs\comple\system\CodeIgniter.php(404): CodeIgniter\CodeIgniter->runController(Object(App\Controllers\Responsable\AsistenciaController))
#8 C:\xampp\htdocs\comple\system\CodeIgniter.php(312): CodeIgniter\CodeIgniter->handleRequest(NULL, Object(Config\Cache), false)
#9 C:\xampp\htdocs\comple\index.php(45): CodeIgniter\CodeIgniter->run()
#10 {main}
CRITICAL - 2020-12-22 22:49:10 --> Trying to get property 'rfc_responsable' of non-object
#0 C:\xampp\htdocs\comple\app\Controllers\Responsable\InicioController.php(17): CodeIgniter\Debug\Exceptions->errorHandler(8, 'Trying to get p...', 'C:\\xampp\\htdocs...', 17, Array)
#1 C:\xampp\htdocs\comple\system\CodeIgniter.php(918): App\Controllers\Responsable\InicioController->index()
#2 C:\xampp\htdocs\comple\system\CodeIgniter.php(404): CodeIgniter\CodeIgniter->runController(Object(App\Controllers\Responsable\InicioController))
#3 C:\xampp\htdocs\comple\system\CodeIgniter.php(312): CodeIgniter\CodeIgniter->handleRequest(NULL, Object(Config\Cache), false)
#4 C:\xampp\htdocs\comple\index.php(45): CodeIgniter\CodeIgniter->run()
#5 {main}
CRITICAL - 2020-12-22 23:15:06 --> Undefined variable: a
#0 C:\xampp\htdocs\comple\app\Views\Jefes\Lista-Asistencia\listar.php(64): CodeIgniter\Debug\Exceptions->errorHandler(8, 'Undefined varia...', 'C:\\xampp\\htdocs...', 64, Array)
#1 C:\xampp\htdocs\comple\system\View\View.php(246): include('C:\\xampp\\htdocs...')
#2 C:\xampp\htdocs\comple\system\Common.php(1119): CodeIgniter\View\View->render('Jefes/Lista-Asi...', Array, true)
#3 C:\xampp\htdocs\comple\app\Controllers\Jefes\AsistenciaController.php(40): view('Jefes/Lista-Asi...', Array)
#4 C:\xampp\htdocs\comple\system\CodeIgniter.php(918): App\Controllers\Jefes\AsistenciaController->listaAsistencia()
#5 C:\xampp\htdocs\comple\system\CodeIgniter.php(404): CodeIgniter\CodeIgniter->runController(Object(App\Controllers\Jefes\AsistenciaController))
#6 C:\xampp\htdocs\comple\system\CodeIgniter.php(312): CodeIgniter\CodeIgniter->handleRequest(NULL, Object(Config\Cache), false)
#7 C:\xampp\htdocs\comple\index.php(45): CodeIgniter\CodeIgniter->run()
#8 {main}
CRITICAL - 2020-12-22 23:15:43 --> Undefined variable: a
#0 C:\xampp\htdocs\comple\app\Views\Jefes\Lista-Asistencia\listar.php(64): CodeIgniter\Debug\Exceptions->errorHandler(8, 'Undefined varia...', 'C:\\xampp\\htdocs...', 64, Array)
#1 C:\xampp\htdocs\comple\system\View\View.php(246): include('C:\\xampp\\htdocs...')
#2 C:\xampp\htdocs\comple\system\Common.php(1119): CodeIgniter\View\View->render('Jefes/Lista-Asi...', Array, true)
#3 C:\xampp\htdocs\comple\app\Controllers\Jefes\AsistenciaController.php(40): view('Jefes/Lista-Asi...', Array)
#4 C:\xampp\htdocs\comple\system\CodeIgniter.php(918): App\Controllers\Jefes\AsistenciaController->listaAsistencia()
#5 C:\xampp\htdocs\comple\system\CodeIgniter.php(404): CodeIgniter\CodeIgniter->runController(Object(App\Controllers\Jefes\AsistenciaController))
#6 C:\xampp\htdocs\comple\system\CodeIgniter.php(312): CodeIgniter\CodeIgniter->handleRequest(NULL, Object(Config\Cache), false)
#7 C:\xampp\htdocs\comple\index.php(45): CodeIgniter\CodeIgniter->run()
#8 {main}
CRITICAL - 2020-12-22 23:18:22 --> Trying to get property 'calificacion' of non-object
#0 C:\xampp\htdocs\comple\app\Views\Jefes\Lista-Calificacion\listar.php(91): CodeIgniter\Debug\Exceptions->errorHandler(8, 'Trying to get p...', 'C:\\xampp\\htdocs...', 91, Array)
#1 C:\xampp\htdocs\comple\system\View\View.php(246): include('C:\\xampp\\htdocs...')
#2 C:\xampp\htdocs\comple\system\Common.php(1119): CodeIgniter\View\View->render('Jefes/Lista-Cal...', Array, true)
#3 C:\xampp\htdocs\comple\app\Controllers\Jefes\AsistenciaController.php(92): view('Jefes/Lista-Cal...', Array)
#4 C:\xampp\htdocs\comple\system\CodeIgniter.php(918): App\Controllers\Jefes\AsistenciaController->listaCalificacion()
#5 C:\xampp\htdocs\comple\system\CodeIgniter.php(404): CodeIgniter\CodeIgniter->runController(Object(App\Controllers\Jefes\AsistenciaController))
#6 C:\xampp\htdocs\comple\system\CodeIgniter.php(312): CodeIgniter\CodeIgniter->handleRequest(NULL, Object(Config\Cache), false)
#7 C:\xampp\htdocs\comple\index.php(45): CodeIgniter\CodeIgniter->run()
#8 {main}
CRITICAL - 2020-12-22 23:18:53 --> Undefined index: calificacion
#0 C:\xampp\htdocs\comple\app\Views\Jefes\Lista-Calificacion\listar.php(91): CodeIgniter\Debug\Exceptions->errorHandler(8, 'Undefined index...', 'C:\\xampp\\htdocs...', 91, Array)
#1 C:\xampp\htdocs\comple\system\View\View.php(246): include('C:\\xampp\\htdocs...')
#2 C:\xampp\htdocs\comple\system\Common.php(1119): CodeIgniter\View\View->render('Jefes/Lista-Cal...', Array, true)
#3 C:\xampp\htdocs\comple\app\Controllers\Jefes\AsistenciaController.php(92): view('Jefes/Lista-Cal...', Array)
#4 C:\xampp\htdocs\comple\system\CodeIgniter.php(918): App\Controllers\Jefes\AsistenciaController->listaCalificacion()
#5 C:\xampp\htdocs\comple\system\CodeIgniter.php(404): CodeIgniter\CodeIgniter->runController(Object(App\Controllers\Jefes\AsistenciaController))
#6 C:\xampp\htdocs\comple\system\CodeIgniter.php(312): CodeIgniter\CodeIgniter->handleRequest(NULL, Object(Config\Cache), false)
#7 C:\xampp\htdocs\comple\index.php(45): CodeIgniter\CodeIgniter->run()
#8 {main}
