CRITICAL - 2020-12-19 04:03:18 --> Undefined property: App\Controllers\Division\ActividadController::$asistenciaModel
#0 C:\xampp\htdocs\comple\app\Controllers\Division\ActividadController.php(199): CodeIgniter\Debug\Exceptions->errorHandler(8, 'Undefined prope...', 'C:\\xampp\\htdocs...', 199, Array)
#1 C:\xampp\htdocs\comple\system\CodeIgniter.php(918): App\Controllers\Division\ActividadController->listaAlumnos()
#2 C:\xampp\htdocs\comple\system\CodeIgniter.php(404): CodeIgniter\CodeIgniter->runController(Object(App\Controllers\Division\ActividadController))
#3 C:\xampp\htdocs\comple\system\CodeIgniter.php(312): CodeIgniter\CodeIgniter->handleRequest(NULL, Object(Config\Cache), false)
#4 C:\xampp\htdocs\comple\index.php(45): CodeIgniter\CodeIgniter->run()
#5 {main}
CRITICAL - 2020-12-19 04:04:09 --> 
#0 C:\xampp\htdocs\comple\system\HTTP\RedirectResponse.php(92): CodeIgniter\HTTP\Exceptions\HTTPException::forInvalidRedirectRoute('')
#1 C:\xampp\htdocs\comple\system\Common.php(845): CodeIgniter\HTTP\RedirectResponse->route(false)
#2 C:\xampp\htdocs\comple\app\Controllers\Division\ActividadController.php(233): redirect('Division/Activi...')
#3 C:\xampp\htdocs\comple\system\CodeIgniter.php(918): App\Controllers\Division\ActividadController->listaAlumnos()
#4 C:\xampp\htdocs\comple\system\CodeIgniter.php(404): CodeIgniter\CodeIgniter->runController(Object(App\Controllers\Division\ActividadController))
#5 C:\xampp\htdocs\comple\system\CodeIgniter.php(312): CodeIgniter\CodeIgniter->handleRequest(NULL, Object(Config\Cache), false)
#6 C:\xampp\htdocs\comple\index.php(45): CodeIgniter\CodeIgniter->run()
#7 {main}
CRITICAL - 2020-12-19 04:06:43 --> 
#0 C:\xampp\htdocs\comple\system\HTTP\RedirectResponse.php(92): CodeIgniter\HTTP\Exceptions\HTTPException::forInvalidRedirectRoute('')
#1 C:\xampp\htdocs\comple\system\Common.php(845): CodeIgniter\HTTP\RedirectResponse->route(false)
#2 C:\xampp\htdocs\comple\app\Controllers\Division\ActividadController.php(233): redirect('Division/Activi...')
#3 C:\xampp\htdocs\comple\system\CodeIgniter.php(918): App\Controllers\Division\ActividadController->listaAlumnos()
#4 C:\xampp\htdocs\comple\system\CodeIgniter.php(404): CodeIgniter\CodeIgniter->runController(Object(App\Controllers\Division\ActividadController))
#5 C:\xampp\htdocs\comple\system\CodeIgniter.php(312): CodeIgniter\CodeIgniter->handleRequest(NULL, Object(Config\Cache), false)
#6 C:\xampp\htdocs\comple\index.php(45): CodeIgniter\CodeIgniter->run()
#7 {main}
CRITICAL - 2020-12-19 04:12:19 --> 
#0 C:\xampp\htdocs\comple\system\HTTP\RedirectResponse.php(92): CodeIgniter\HTTP\Exceptions\HTTPException::forInvalidRedirectRoute('')
#1 C:\xampp\htdocs\comple\system\Common.php(845): CodeIgniter\HTTP\RedirectResponse->route(false)
#2 C:\xampp\htdocs\comple\app\Controllers\Division\ActividadController.php(233): redirect('Division/Activi...')
#3 C:\xampp\htdocs\comple\system\CodeIgniter.php(918): App\Controllers\Division\ActividadController->listaAlumnos()
#4 C:\xampp\htdocs\comple\system\CodeIgniter.php(404): CodeIgniter\CodeIgniter->runController(Object(App\Controllers\Division\ActividadController))
#5 C:\xampp\htdocs\comple\system\CodeIgniter.php(312): CodeIgniter\CodeIgniter->handleRequest(NULL, Object(Config\Cache), false)
#6 C:\xampp\htdocs\comple\index.php(45): CodeIgniter\CodeIgniter->run()
#7 {main}
CRITICAL - 2020-12-19 04:12:33 --> Undefined variable: actividad
#0 C:\xampp\htdocs\comple\app\Views\Division\Lista-Alumnos\listar.php(68): CodeIgniter\Debug\Exceptions->errorHandler(8, 'Undefined varia...', 'C:\\xampp\\htdocs...', 68, Array)
#1 C:\xampp\htdocs\comple\system\View\View.php(246): include('C:\\xampp\\htdocs...')
#2 C:\xampp\htdocs\comple\system\Common.php(1119): CodeIgniter\View\View->render('Division/Lista-...', Array, true)
#3 C:\xampp\htdocs\comple\app\Controllers\Division\ActividadController.php(211): view('Division/Lista-...', Array)
#4 C:\xampp\htdocs\comple\system\CodeIgniter.php(918): App\Controllers\Division\ActividadController->listaAlumnos()
#5 C:\xampp\htdocs\comple\system\CodeIgniter.php(404): CodeIgniter\CodeIgniter->runController(Object(App\Controllers\Division\ActividadController))
#6 C:\xampp\htdocs\comple\system\CodeIgniter.php(312): CodeIgniter\CodeIgniter->handleRequest(NULL, Object(Config\Cache), false)
#7 C:\xampp\htdocs\comple\index.php(45): CodeIgniter\CodeIgniter->run()
#8 {main}
CRITICAL - 2020-12-19 04:15:34 --> 
#0 C:\xampp\htdocs\comple\system\HTTP\RedirectResponse.php(92): CodeIgniter\HTTP\Exceptions\HTTPException::forInvalidRedirectRoute('')
#1 C:\xampp\htdocs\comple\system\Common.php(845): CodeIgniter\HTTP\RedirectResponse->route(false)
#2 C:\xampp\htdocs\comple\app\Controllers\Division\ActividadController.php(233): redirect('Division/Activi...')
#3 C:\xampp\htdocs\comple\system\CodeIgniter.php(918): App\Controllers\Division\ActividadController->listaAlumnos()
#4 C:\xampp\htdocs\comple\system\CodeIgniter.php(404): CodeIgniter\CodeIgniter->runController(Object(App\Controllers\Division\ActividadController))
#5 C:\xampp\htdocs\comple\system\CodeIgniter.php(312): CodeIgniter\CodeIgniter->handleRequest(NULL, Object(Config\Cache), false)
#6 C:\xampp\htdocs\comple\index.php(45): CodeIgniter\CodeIgniter->run()
#7 {main}
CRITICAL - 2020-12-19 04:16:02 --> 
#0 C:\xampp\htdocs\comple\system\HTTP\RedirectResponse.php(92): CodeIgniter\HTTP\Exceptions\HTTPException::forInvalidRedirectRoute('')
#1 C:\xampp\htdocs\comple\system\Common.php(845): CodeIgniter\HTTP\RedirectResponse->route(false)
#2 C:\xampp\htdocs\comple\app\Controllers\Division\ActividadController.php(233): redirect('Division/Activi...')
#3 C:\xampp\htdocs\comple\system\CodeIgniter.php(918): App\Controllers\Division\ActividadController->listaAlumnos()
#4 C:\xampp\htdocs\comple\system\CodeIgniter.php(404): CodeIgniter\CodeIgniter->runController(Object(App\Controllers\Division\ActividadController))
#5 C:\xampp\htdocs\comple\system\CodeIgniter.php(312): CodeIgniter\CodeIgniter->handleRequest(NULL, Object(Config\Cache), false)
#6 C:\xampp\htdocs\comple\index.php(45): CodeIgniter\CodeIgniter->run()
#7 {main}
CRITICAL - 2020-12-19 04:30:02 --> 
#0 C:\xampp\htdocs\comple\system\HTTP\RedirectResponse.php(92): CodeIgniter\HTTP\Exceptions\HTTPException::forInvalidRedirectRoute('')
#1 C:\xampp\htdocs\comple\system\Common.php(845): CodeIgniter\HTTP\RedirectResponse->route(false)
#2 C:\xampp\htdocs\comple\app\Controllers\Division\ActividadController.php(233): redirect('Division/Activi...')
#3 C:\xampp\htdocs\comple\system\CodeIgniter.php(918): App\Controllers\Division\ActividadController->listaAlumnos()
#4 C:\xampp\htdocs\comple\system\CodeIgniter.php(404): CodeIgniter\CodeIgniter->runController(Object(App\Controllers\Division\ActividadController))
#5 C:\xampp\htdocs\comple\system\CodeIgniter.php(312): CodeIgniter\CodeIgniter->handleRequest(NULL, Object(Config\Cache), false)
#6 C:\xampp\htdocs\comple\index.php(45): CodeIgniter\CodeIgniter->run()
#7 {main}
CRITICAL - 2020-12-19 04:31:14 --> 
#0 C:\xampp\htdocs\comple\system\HTTP\RedirectResponse.php(92): CodeIgniter\HTTP\Exceptions\HTTPException::forInvalidRedirectRoute('')
#1 C:\xampp\htdocs\comple\system\Common.php(845): CodeIgniter\HTTP\RedirectResponse->route(false)
#2 C:\xampp\htdocs\comple\app\Controllers\Division\ActividadController.php(233): redirect('Division/Activi...')
#3 C:\xampp\htdocs\comple\system\CodeIgniter.php(918): App\Controllers\Division\ActividadController->listaAlumnos()
#4 C:\xampp\htdocs\comple\system\CodeIgniter.php(404): CodeIgniter\CodeIgniter->runController(Object(App\Controllers\Division\ActividadController))
#5 C:\xampp\htdocs\comple\system\CodeIgniter.php(312): CodeIgniter\CodeIgniter->handleRequest(NULL, Object(Config\Cache), false)
#6 C:\xampp\htdocs\comple\index.php(45): CodeIgniter\CodeIgniter->run()
#7 {main}
CRITICAL - 2020-12-19 04:37:57 --> Undefined property: stdClass::$rfc_responsable
#0 C:\xampp\htdocs\comple\app\Controllers\Division\ActividadController.php(193): CodeIgniter\Debug\Exceptions->errorHandler(8, 'Undefined prope...', 'C:\\xampp\\htdocs...', 193, Array)
#1 C:\xampp\htdocs\comple\system\CodeIgniter.php(918): App\Controllers\Division\ActividadController->listaAlumnos()
#2 C:\xampp\htdocs\comple\system\CodeIgniter.php(404): CodeIgniter\CodeIgniter->runController(Object(App\Controllers\Division\ActividadController))
#3 C:\xampp\htdocs\comple\system\CodeIgniter.php(312): CodeIgniter\CodeIgniter->handleRequest(NULL, Object(Config\Cache), false)
#4 C:\xampp\htdocs\comple\index.php(45): CodeIgniter\CodeIgniter->run()
#5 {main}
CRITICAL - 2020-12-19 04:38:03 --> Undefined property: stdClass::$rfc_responsable
#0 C:\xampp\htdocs\comple\app\Controllers\Division\ActividadController.php(193): CodeIgniter\Debug\Exceptions->errorHandler(8, 'Undefined prope...', 'C:\\xampp\\htdocs...', 193, Array)
#1 C:\xampp\htdocs\comple\system\CodeIgniter.php(918): App\Controllers\Division\ActividadController->listaAlumnos()
#2 C:\xampp\htdocs\comple\system\CodeIgniter.php(404): CodeIgniter\CodeIgniter->runController(Object(App\Controllers\Division\ActividadController))
#3 C:\xampp\htdocs\comple\system\CodeIgniter.php(312): CodeIgniter\CodeIgniter->handleRequest(NULL, Object(Config\Cache), false)
#4 C:\xampp\htdocs\comple\index.php(45): CodeIgniter\CodeIgniter->run()
#5 {main}
CRITICAL - 2020-12-19 04:38:50 --> 
#0 C:\xampp\htdocs\comple\system\HTTP\RedirectResponse.php(92): CodeIgniter\HTTP\Exceptions\HTTPException::forInvalidRedirectRoute('')
#1 C:\xampp\htdocs\comple\system\Common.php(845): CodeIgniter\HTTP\RedirectResponse->route(false)
#2 C:\xampp\htdocs\comple\app\Controllers\Division\ActividadController.php(236): redirect('Division/Activi...')
#3 C:\xampp\htdocs\comple\system\CodeIgniter.php(918): App\Controllers\Division\ActividadController->listaAlumnos()
#4 C:\xampp\htdocs\comple\system\CodeIgniter.php(404): CodeIgniter\CodeIgniter->runController(Object(App\Controllers\Division\ActividadController))
#5 C:\xampp\htdocs\comple\system\CodeIgniter.php(312): CodeIgniter\CodeIgniter->handleRequest(NULL, Object(Config\Cache), false)
#6 C:\xampp\htdocs\comple\index.php(45): CodeIgniter\CodeIgniter->run()
#7 {main}
CRITICAL - 2020-12-19 04:39:28 --> Unable to connect to the database.
#0 C:\xampp\htdocs\comple\system\Database\BaseConnection.php(646): CodeIgniter\Database\BaseConnection->initialize()
#1 C:\xampp\htdocs\comple\system\Database\BaseBuilder.php(1860): CodeIgniter\Database\BaseConnection->query('SELECT *\nFROM `...', Array, false)
#2 C:\xampp\htdocs\comple\app\Models\Division\PeriodoModel.php(26): CodeIgniter\Database\BaseBuilder->get()
#3 C:\xampp\htdocs\comple\app\Services\Division\PeriodoService.php(88): App\Models\Division\PeriodoModel->getPeriodoPorPeriodo('20201')
#4 C:\xampp\htdocs\comple\app\Controllers\Division\PeriodoController.php(139): App\Services\Division\PeriodoService->cambiarEstatus('20201')
#5 C:\xampp\htdocs\comple\system\CodeIgniter.php(918): App\Controllers\Division\PeriodoController->cambiarEstatus()
#6 C:\xampp\htdocs\comple\system\CodeIgniter.php(404): CodeIgniter\CodeIgniter->runController(Object(App\Controllers\Division\PeriodoController))
#7 C:\xampp\htdocs\comple\system\CodeIgniter.php(312): CodeIgniter\CodeIgniter->handleRequest(NULL, Object(Config\Cache), false)
#8 C:\xampp\htdocs\comple\index.php(45): CodeIgniter\CodeIgniter->run()
#9 {main}
CRITICAL - 2020-12-19 04:40:09 --> 
#0 C:\xampp\htdocs\comple\system\HTTP\RedirectResponse.php(92): CodeIgniter\HTTP\Exceptions\HTTPException::forInvalidRedirectRoute('')
#1 C:\xampp\htdocs\comple\system\Common.php(845): CodeIgniter\HTTP\RedirectResponse->route(false)
#2 C:\xampp\htdocs\comple\app\Controllers\Division\ActividadController.php(236): redirect('Division/Activi...')
#3 C:\xampp\htdocs\comple\system\CodeIgniter.php(918): App\Controllers\Division\ActividadController->listaAlumnos()
#4 C:\xampp\htdocs\comple\system\CodeIgniter.php(404): CodeIgniter\CodeIgniter->runController(Object(App\Controllers\Division\ActividadController))
#5 C:\xampp\htdocs\comple\system\CodeIgniter.php(312): CodeIgniter\CodeIgniter->handleRequest(NULL, Object(Config\Cache), false)
#6 C:\xampp\htdocs\comple\index.php(45): CodeIgniter\CodeIgniter->run()
#7 {main}
CRITICAL - 2020-12-19 04:42:06 --> 
#0 C:\xampp\htdocs\comple\system\HTTP\RedirectResponse.php(92): CodeIgniter\HTTP\Exceptions\HTTPException::forInvalidRedirectRoute('')
#1 C:\xampp\htdocs\comple\system\Common.php(845): CodeIgniter\HTTP\RedirectResponse->route(false)
#2 C:\xampp\htdocs\comple\app\Controllers\Division\ActividadController.php(234): redirect('Division/Activi...')
#3 C:\xampp\htdocs\comple\system\CodeIgniter.php(918): App\Controllers\Division\ActividadController->listaAlumnos()
#4 C:\xampp\htdocs\comple\system\CodeIgniter.php(404): CodeIgniter\CodeIgniter->runController(Object(App\Controllers\Division\ActividadController))
#5 C:\xampp\htdocs\comple\system\CodeIgniter.php(312): CodeIgniter\CodeIgniter->handleRequest(NULL, Object(Config\Cache), false)
#6 C:\xampp\htdocs\comple\index.php(45): CodeIgniter\CodeIgniter->run()
#7 {main}
CRITICAL - 2020-12-19 04:44:10 --> 
#0 C:\xampp\htdocs\comple\system\HTTP\RedirectResponse.php(92): CodeIgniter\HTTP\Exceptions\HTTPException::forInvalidRedirectRoute('')
#1 C:\xampp\htdocs\comple\system\Common.php(845): CodeIgniter\HTTP\RedirectResponse->route(false)
#2 C:\xampp\htdocs\comple\app\Controllers\Division\ActividadController.php(234): redirect('Division/Activi...')
#3 C:\xampp\htdocs\comple\system\CodeIgniter.php(918): App\Controllers\Division\ActividadController->listaAlumnos()
#4 C:\xampp\htdocs\comple\system\CodeIgniter.php(404): CodeIgniter\CodeIgniter->runController(Object(App\Controllers\Division\ActividadController))
#5 C:\xampp\htdocs\comple\system\CodeIgniter.php(312): CodeIgniter\CodeIgniter->handleRequest(NULL, Object(Config\Cache), false)
#6 C:\xampp\htdocs\comple\index.php(45): CodeIgniter\CodeIgniter->run()
#7 {main}
CRITICAL - 2020-12-19 04:55:33 --> Trying to get property 'id_tipo_usuario' of non-object
#0 C:\xampp\htdocs\comple\app\Controllers\Division\ActividadController.php(197): CodeIgniter\Debug\Exceptions->errorHandler(8, 'Trying to get p...', 'C:\\xampp\\htdocs...', 197, Array)
#1 C:\xampp\htdocs\comple\system\CodeIgniter.php(918): App\Controllers\Division\ActividadController->listaAlumnos()
#2 C:\xampp\htdocs\comple\system\CodeIgniter.php(404): CodeIgniter\CodeIgniter->runController(Object(App\Controllers\Division\ActividadController))
#3 C:\xampp\htdocs\comple\system\CodeIgniter.php(312): CodeIgniter\CodeIgniter->handleRequest(NULL, Object(Config\Cache), false)
#4 C:\xampp\htdocs\comple\index.php(45): CodeIgniter\CodeIgniter->run()
#5 {main}
CRITICAL - 2020-12-19 04:56:23 --> Trying to get property 'dep_pochutla' of non-object
#0 C:\xampp\htdocs\comple\app\Controllers\Division\ActividadController.php(197): CodeIgniter\Debug\Exceptions->errorHandler(8, 'Trying to get p...', 'C:\\xampp\\htdocs...', 197, Array)
#1 C:\xampp\htdocs\comple\system\CodeIgniter.php(918): App\Controllers\Division\ActividadController->listaAlumnos()
#2 C:\xampp\htdocs\comple\system\CodeIgniter.php(404): CodeIgniter\CodeIgniter->runController(Object(App\Controllers\Division\ActividadController))
#3 C:\xampp\htdocs\comple\system\CodeIgniter.php(312): CodeIgniter\CodeIgniter->handleRequest(NULL, Object(Config\Cache), false)
#4 C:\xampp\htdocs\comple\index.php(45): CodeIgniter\CodeIgniter->run()
#5 {main}
CRITICAL - 2020-12-19 04:56:58 --> Trying to get property 'DEP_POCHUTLA' of non-object
#0 C:\xampp\htdocs\comple\app\Controllers\Division\ActividadController.php(197): CodeIgniter\Debug\Exceptions->errorHandler(8, 'Trying to get p...', 'C:\\xampp\\htdocs...', 197, Array)
#1 C:\xampp\htdocs\comple\system\CodeIgniter.php(918): App\Controllers\Division\ActividadController->listaAlumnos()
#2 C:\xampp\htdocs\comple\system\CodeIgniter.php(404): CodeIgniter\CodeIgniter->runController(Object(App\Controllers\Division\ActividadController))
#3 C:\xampp\htdocs\comple\system\CodeIgniter.php(312): CodeIgniter\CodeIgniter->handleRequest(NULL, Object(Config\Cache), false)
#4 C:\xampp\htdocs\comple\index.php(45): CodeIgniter\CodeIgniter->run()
#5 {main}
CRITICAL - 2020-12-19 04:57:03 --> Trying to get property 'DEP_POCHUTLA' of non-object
#0 C:\xampp\htdocs\comple\app\Controllers\Division\ActividadController.php(197): CodeIgniter\Debug\Exceptions->errorHandler(8, 'Trying to get p...', 'C:\\xampp\\htdocs...', 197, Array)
#1 C:\xampp\htdocs\comple\system\CodeIgniter.php(918): App\Controllers\Division\ActividadController->listaAlumnos()
#2 C:\xampp\htdocs\comple\system\CodeIgniter.php(404): CodeIgniter\CodeIgniter->runController(Object(App\Controllers\Division\ActividadController))
#3 C:\xampp\htdocs\comple\system\CodeIgniter.php(312): CodeIgniter\CodeIgniter->handleRequest(NULL, Object(Config\Cache), false)
#4 C:\xampp\htdocs\comple\index.php(45): CodeIgniter\CodeIgniter->run()
#5 {main}
CRITICAL - 2020-12-19 04:57:09 --> Trying to get property 'DEP_POCHUTLA' of non-object
#0 C:\xampp\htdocs\comple\app\Controllers\Division\ActividadController.php(197): CodeIgniter\Debug\Exceptions->errorHandler(8, 'Trying to get p...', 'C:\\xampp\\htdocs...', 197, Array)
#1 C:\xampp\htdocs\comple\system\CodeIgniter.php(918): App\Controllers\Division\ActividadController->listaAlumnos()
#2 C:\xampp\htdocs\comple\system\CodeIgniter.php(404): CodeIgniter\CodeIgniter->runController(Object(App\Controllers\Division\ActividadController))
#3 C:\xampp\htdocs\comple\system\CodeIgniter.php(312): CodeIgniter\CodeIgniter->handleRequest(NULL, Object(Config\Cache), false)
#4 C:\xampp\htdocs\comple\index.php(45): CodeIgniter\CodeIgniter->run()
#5 {main}
CRITICAL - 2020-12-19 04:58:12 --> Trying to get property 'usuario' of non-object
#0 C:\xampp\htdocs\comple\app\Controllers\Division\ActividadController.php(197): CodeIgniter\Debug\Exceptions->errorHandler(8, 'Trying to get p...', 'C:\\xampp\\htdocs...', 197, Array)
#1 C:\xampp\htdocs\comple\system\CodeIgniter.php(918): App\Controllers\Division\ActividadController->listaAlumnos()
#2 C:\xampp\htdocs\comple\system\CodeIgniter.php(404): CodeIgniter\CodeIgniter->runController(Object(App\Controllers\Division\ActividadController))
#3 C:\xampp\htdocs\comple\system\CodeIgniter.php(312): CodeIgniter\CodeIgniter->handleRequest(NULL, Object(Config\Cache), false)
#4 C:\xampp\htdocs\comple\index.php(45): CodeIgniter\CodeIgniter->run()
#5 {main}
CRITICAL - 2020-12-19 04:59:29 --> Trying to get property 'id_tipo_usuario' of non-object
#0 C:\xampp\htdocs\comple\app\Controllers\Division\ActividadController.php(197): CodeIgniter\Debug\Exceptions->errorHandler(8, 'Trying to get p...', 'C:\\xampp\\htdocs...', 197, Array)
#1 C:\xampp\htdocs\comple\system\CodeIgniter.php(918): App\Controllers\Division\ActividadController->listaAlumnos()
#2 C:\xampp\htdocs\comple\system\CodeIgniter.php(404): CodeIgniter\CodeIgniter->runController(Object(App\Controllers\Division\ActividadController))
#3 C:\xampp\htdocs\comple\system\CodeIgniter.php(312): CodeIgniter\CodeIgniter->handleRequest(NULL, Object(Config\Cache), false)
#4 C:\xampp\htdocs\comple\index.php(45): CodeIgniter\CodeIgniter->run()
#5 {main}
CRITICAL - 2020-12-19 05:08:00 --> Call to undefined method stdClass::get()
#0 C:\xampp\htdocs\comple\system\CodeIgniter.php(918): App\Controllers\Division\ActividadController->listaAlumnos()
#1 C:\xampp\htdocs\comple\system\CodeIgniter.php(404): CodeIgniter\CodeIgniter->runController(Object(App\Controllers\Division\ActividadController))
#2 C:\xampp\htdocs\comple\system\CodeIgniter.php(312): CodeIgniter\CodeIgniter->handleRequest(NULL, Object(Config\Cache), false)
#3 C:\xampp\htdocs\comple\index.php(45): CodeIgniter\CodeIgniter->run()
#4 {main}
CRITICAL - 2020-12-19 05:09:41 --> Call to undefined method stdClass::get()
#0 C:\xampp\htdocs\comple\system\CodeIgniter.php(918): App\Controllers\Division\ActividadController->listaAlumnos()
#1 C:\xampp\htdocs\comple\system\CodeIgniter.php(404): CodeIgniter\CodeIgniter->runController(Object(App\Controllers\Division\ActividadController))
#2 C:\xampp\htdocs\comple\system\CodeIgniter.php(312): CodeIgniter\CodeIgniter->handleRequest(NULL, Object(Config\Cache), false)
#3 C:\xampp\htdocs\comple\index.php(45): CodeIgniter\CodeIgniter->run()
#4 {main}
CRITICAL - 2020-12-19 05:10:32 --> 
#0 C:\xampp\htdocs\comple\system\HTTP\RedirectResponse.php(92): CodeIgniter\HTTP\Exceptions\HTTPException::forInvalidRedirectRoute('')
#1 C:\xampp\htdocs\comple\system\Common.php(845): CodeIgniter\HTTP\RedirectResponse->route(false)
#2 C:\xampp\htdocs\comple\app\Controllers\Division\ActividadController.php(231): redirect('Division/Activi...')
#3 C:\xampp\htdocs\comple\system\CodeIgniter.php(918): App\Controllers\Division\ActividadController->listaAlumnos()
#4 C:\xampp\htdocs\comple\system\CodeIgniter.php(404): CodeIgniter\CodeIgniter->runController(Object(App\Controllers\Division\ActividadController))
#5 C:\xampp\htdocs\comple\system\CodeIgniter.php(312): CodeIgniter\CodeIgniter->handleRequest(NULL, Object(Config\Cache), false)
#6 C:\xampp\htdocs\comple\index.php(45): CodeIgniter\CodeIgniter->run()
#7 {main}
CRITICAL - 2020-12-19 05:13:08 --> Trying to get property 'id_tipo_usuario' of non-object
#0 C:\xampp\htdocs\comple\app\Controllers\Division\ActividadController.php(197): CodeIgniter\Debug\Exceptions->errorHandler(8, 'Trying to get p...', 'C:\\xampp\\htdocs...', 197, Array)
#1 C:\xampp\htdocs\comple\system\CodeIgniter.php(918): App\Controllers\Division\ActividadController->listaAlumnos()
#2 C:\xampp\htdocs\comple\system\CodeIgniter.php(404): CodeIgniter\CodeIgniter->runController(Object(App\Controllers\Division\ActividadController))
#3 C:\xampp\htdocs\comple\system\CodeIgniter.php(312): CodeIgniter\CodeIgniter->handleRequest(NULL, Object(Config\Cache), false)
#4 C:\xampp\htdocs\comple\index.php(45): CodeIgniter\CodeIgniter->run()
#5 {main}
CRITICAL - 2020-12-19 05:13:29 --> Trying to get property 'division' of non-object
#0 C:\xampp\htdocs\comple\app\Controllers\Division\ActividadController.php(197): CodeIgniter\Debug\Exceptions->errorHandler(8, 'Trying to get p...', 'C:\\xampp\\htdocs...', 197, Array)
#1 C:\xampp\htdocs\comple\system\CodeIgniter.php(918): App\Controllers\Division\ActividadController->listaAlumnos()
#2 C:\xampp\htdocs\comple\system\CodeIgniter.php(404): CodeIgniter\CodeIgniter->runController(Object(App\Controllers\Division\ActividadController))
#3 C:\xampp\htdocs\comple\system\CodeIgniter.php(312): CodeIgniter\CodeIgniter->handleRequest(NULL, Object(Config\Cache), false)
#4 C:\xampp\htdocs\comple\index.php(45): CodeIgniter\CodeIgniter->run()
#5 {main}
CRITICAL - 2020-12-19 05:13:59 --> 
#0 C:\xampp\htdocs\comple\system\HTTP\RedirectResponse.php(92): CodeIgniter\HTTP\Exceptions\HTTPException::forInvalidRedirectRoute('')
#1 C:\xampp\htdocs\comple\system\Common.php(845): CodeIgniter\HTTP\RedirectResponse->route(false)
#2 C:\xampp\htdocs\comple\app\Controllers\Division\ActividadController.php(231): redirect('Division/Activi...')
#3 C:\xampp\htdocs\comple\system\CodeIgniter.php(918): App\Controllers\Division\ActividadController->listaAlumnos()
#4 C:\xampp\htdocs\comple\system\CodeIgniter.php(404): CodeIgniter\CodeIgniter->runController(Object(App\Controllers\Division\ActividadController))
#5 C:\xampp\htdocs\comple\system\CodeIgniter.php(312): CodeIgniter\CodeIgniter->handleRequest(NULL, Object(Config\Cache), false)
#6 C:\xampp\htdocs\comple\index.php(45): CodeIgniter\CodeIgniter->run()
#7 {main}
