<<<<<<< HEAD
CRITICAL - 2020-12-12 01:56:18 --> Undefined variable: insc
#0 C:\xampp\htdocs\comple\app\Models\Responsable\AsistenciaModel.php(73): CodeIgniter\Debug\Exceptions->errorHandler(8, 'Undefined varia...', 'C:\\xampp\\htdocs...', 73, Array)
#1 C:\xampp\htdocs\comple\app\Controllers\Responsable\AsistenciaController.php(24): App\Models\Responsable\AsistenciaModel->get_actividad_alumno('4', '1')
#2 C:\xampp\htdocs\comple\system\CodeIgniter.php(918): App\Controllers\Responsable\AsistenciaController->listaAsistencia()
#3 C:\xampp\htdocs\comple\system\CodeIgniter.php(404): CodeIgniter\CodeIgniter->runController(Object(App\Controllers\Responsable\AsistenciaController))
#4 C:\xampp\htdocs\comple\system\CodeIgniter.php(312): CodeIgniter\CodeIgniter->handleRequest(NULL, Object(Config\Cache), false)
#5 C:\xampp\htdocs\comple\index.php(45): CodeIgniter\CodeIgniter->run()
#6 {main}
CRITICAL - 2020-12-12 01:57:58 --> Too few arguments to function App\Models\Responsable\AsistenciaModel::get_actividad_alumno(), 1 passed in C:\xampp\htdocs\comple\app\Controllers\Responsable\AsistenciaController.php on line 24 and exactly 2 expected
#0 C:\xampp\htdocs\comple\app\Controllers\Responsable\AsistenciaController.php(24): App\Models\Responsable\AsistenciaModel->get_actividad_alumno('16')
#1 C:\xampp\htdocs\comple\system\CodeIgniter.php(918): App\Controllers\Responsable\AsistenciaController->listaAsistencia()
#2 C:\xampp\htdocs\comple\system\CodeIgniter.php(404): CodeIgniter\CodeIgniter->runController(Object(App\Controllers\Responsable\AsistenciaController))
#3 C:\xampp\htdocs\comple\system\CodeIgniter.php(312): CodeIgniter\CodeIgniter->handleRequest(NULL, Object(Config\Cache), false)
#4 C:\xampp\htdocs\comple\index.php(45): CodeIgniter\CodeIgniter->run()
#5 {main}
CRITICAL - 2020-12-12 02:10:08 --> Undefined variable: alumno
#0 C:\xampp\htdocs\comple\app\Views\Responsable\Lista-Asistencia\listar.php(75): CodeIgniter\Debug\Exceptions->errorHandler(8, 'Undefined varia...', 'C:\\xampp\\htdocs...', 75, Array)
#1 C:\xampp\htdocs\comple\system\View\View.php(246): include('C:\\xampp\\htdocs...')
#2 C:\xampp\htdocs\comple\system\Common.php(1119): CodeIgniter\View\View->render('Responsable/Lis...', Array, true)
#3 C:\xampp\htdocs\comple\app\Controllers\Responsable\AsistenciaController.php(39): view('Responsable/Lis...', Array)
#4 C:\xampp\htdocs\comple\system\CodeIgniter.php(918): App\Controllers\Responsable\AsistenciaController->listaAsistencia()
#5 C:\xampp\htdocs\comple\system\CodeIgniter.php(404): CodeIgniter\CodeIgniter->runController(Object(App\Controllers\Responsable\AsistenciaController))
=======
CRITICAL - 2020-12-12 01:11:03 --> Archivo inválido: jefes/constancia/index.php
#0 C:\xampp\htdocs\comple\system\View\View.php(228): CodeIgniter\Exceptions\FrameworkException::forInvalidFile('jefes/constanci...')
#1 C:\xampp\htdocs\comple\system\Common.php(1119): CodeIgniter\View\View->render('jefes/constanci...', Array, true)
#2 C:\xampp\htdocs\comple\app\Controllers\Jefes\ConstanciaController.php(36): view('jefes/constanci...', Array)
#3 C:\xampp\htdocs\comple\system\CodeIgniter.php(918): App\Controllers\Jefes\ConstanciaController->constancia()
#4 C:\xampp\htdocs\comple\system\CodeIgniter.php(404): CodeIgniter\CodeIgniter->runController(Object(App\Controllers\Jefes\ConstanciaController))
#5 C:\xampp\htdocs\comple\system\CodeIgniter.php(312): CodeIgniter\CodeIgniter->handleRequest(NULL, Object(Config\Cache), false)
#6 C:\xampp\htdocs\comple\index.php(45): CodeIgniter\CodeIgniter->run()
#7 {main}
CRITICAL - 2020-12-12 01:11:24 --> Trying to get property 'nombre' of non-object
#0 C:\xampp\htdocs\comple\app\Views\Jefes\Constancia\listar.php(58): CodeIgniter\Debug\Exceptions->errorHandler(8, 'Trying to get p...', 'C:\\xampp\\htdocs...', 58, Array)
#1 C:\xampp\htdocs\comple\system\View\View.php(246): include('C:\\xampp\\htdocs...')
#2 C:\xampp\htdocs\comple\system\Common.php(1119): CodeIgniter\View\View->render('jefes/constanci...', Array, true)
#3 C:\xampp\htdocs\comple\app\Controllers\Jefes\ConstanciaController.php(36): view('jefes/constanci...', Array)
#4 C:\xampp\htdocs\comple\system\CodeIgniter.php(918): App\Controllers\Jefes\ConstanciaController->constancia()
#5 C:\xampp\htdocs\comple\system\CodeIgniter.php(404): CodeIgniter\CodeIgniter->runController(Object(App\Controllers\Jefes\ConstanciaController))
#6 C:\xampp\htdocs\comple\system\CodeIgniter.php(312): CodeIgniter\CodeIgniter->handleRequest(NULL, Object(Config\Cache), false)
#7 C:\xampp\htdocs\comple\index.php(45): CodeIgniter\CodeIgniter->run()
#8 {main}
CRITICAL - 2020-12-12 01:12:36 --> Invalid argument supplied for foreach()
#0 C:\xampp\htdocs\comple\app\Views\Jefes\Constancia\listar.php(56): CodeIgniter\Debug\Exceptions->errorHandler(2, 'Invalid argumen...', 'C:\\xampp\\htdocs...', 56, Array)
#1 C:\xampp\htdocs\comple\system\View\View.php(246): include('C:\\xampp\\htdocs...')
#2 C:\xampp\htdocs\comple\system\Common.php(1119): CodeIgniter\View\View->render('jefes/constanci...', Array, true)
#3 C:\xampp\htdocs\comple\app\Controllers\Jefes\ConstanciaController.php(36): view('jefes/constanci...', Array)
#4 C:\xampp\htdocs\comple\system\CodeIgniter.php(918): App\Controllers\Jefes\ConstanciaController->constancia()
#5 C:\xampp\htdocs\comple\system\CodeIgniter.php(404): CodeIgniter\CodeIgniter->runController(Object(App\Controllers\Jefes\ConstanciaController))
#6 C:\xampp\htdocs\comple\system\CodeIgniter.php(312): CodeIgniter\CodeIgniter->handleRequest(NULL, Object(Config\Cache), false)
#7 C:\xampp\htdocs\comple\index.php(45): CodeIgniter\CodeIgniter->run()
#8 {main}
CRITICAL - 2020-12-12 01:15:45 --> Trying to get property 'nombre' of non-object
#0 C:\xampp\htdocs\comple\app\Views\Jefes\Constancia\listar.php(58): CodeIgniter\Debug\Exceptions->errorHandler(8, 'Trying to get p...', 'C:\\xampp\\htdocs...', 58, Array)
#1 C:\xampp\htdocs\comple\system\View\View.php(246): include('C:\\xampp\\htdocs...')
#2 C:\xampp\htdocs\comple\system\Common.php(1119): CodeIgniter\View\View->render('jefes/constanci...', Array, true)
#3 C:\xampp\htdocs\comple\app\Controllers\Jefes\ConstanciaController.php(36): view('jefes/constanci...', Array)
#4 C:\xampp\htdocs\comple\system\CodeIgniter.php(918): App\Controllers\Jefes\ConstanciaController->constancia()
#5 C:\xampp\htdocs\comple\system\CodeIgniter.php(404): CodeIgniter\CodeIgniter->runController(Object(App\Controllers\Jefes\ConstanciaController))
#6 C:\xampp\htdocs\comple\system\CodeIgniter.php(312): CodeIgniter\CodeIgniter->handleRequest(NULL, Object(Config\Cache), false)
#7 C:\xampp\htdocs\comple\index.php(45): CodeIgniter\CodeIgniter->run()
#8 {main}
CRITICAL - 2020-12-12 01:18:48 --> Trying to get property 'nombre' of non-object
#0 C:\xampp\htdocs\comple\app\Views\Jefes\Constancia\listar.php(58): CodeIgniter\Debug\Exceptions->errorHandler(8, 'Trying to get p...', 'C:\\xampp\\htdocs...', 58, Array)
#1 C:\xampp\htdocs\comple\system\View\View.php(246): include('C:\\xampp\\htdocs...')
#2 C:\xampp\htdocs\comple\system\Common.php(1119): CodeIgniter\View\View->render('jefes/constanci...', Array, true)
#3 C:\xampp\htdocs\comple\app\Controllers\Jefes\ConstanciaController.php(36): view('jefes/constanci...', Array)
#4 C:\xampp\htdocs\comple\system\CodeIgniter.php(918): App\Controllers\Jefes\ConstanciaController->constancia()
#5 C:\xampp\htdocs\comple\system\CodeIgniter.php(404): CodeIgniter\CodeIgniter->runController(Object(App\Controllers\Jefes\ConstanciaController))
#6 C:\xampp\htdocs\comple\system\CodeIgniter.php(312): CodeIgniter\CodeIgniter->handleRequest(NULL, Object(Config\Cache), false)
#7 C:\xampp\htdocs\comple\index.php(45): CodeIgniter\CodeIgniter->run()
#8 {main}
CRITICAL - 2020-12-12 20:45:31 --> Undefined variable: nombre
#0 C:\xampp\htdocs\comple\app\Views\Jefes\Constancia\listar.php(56): CodeIgniter\Debug\Exceptions->errorHandler(8, 'Undefined varia...', 'C:\\xampp\\htdocs...', 56, Array)
#1 C:\xampp\htdocs\comple\system\View\View.php(246): include('C:\\xampp\\htdocs...')
#2 C:\xampp\htdocs\comple\system\Common.php(1119): CodeIgniter\View\View->render('jefes/constanci...', Array, true)
#3 C:\xampp\htdocs\comple\app\Controllers\Jefes\ConstanciaController.php(34): view('jefes/constanci...', Array)
#4 C:\xampp\htdocs\comple\system\CodeIgniter.php(918): App\Controllers\Jefes\ConstanciaController->constancia()
#5 C:\xampp\htdocs\comple\system\CodeIgniter.php(404): CodeIgniter\CodeIgniter->runController(Object(App\Controllers\Jefes\ConstanciaController))
#6 C:\xampp\htdocs\comple\system\CodeIgniter.php(312): CodeIgniter\CodeIgniter->handleRequest(NULL, Object(Config\Cache), false)
#7 C:\xampp\htdocs\comple\index.php(45): CodeIgniter\CodeIgniter->run()
#8 {main}
CRITICAL - 2020-12-12 20:59:48 --> Undefined property: stdClass::$nombre_actividad
#0 C:\xampp\htdocs\comple\app\Views\Jefes\Constancia\listar.php(62): CodeIgniter\Debug\Exceptions->errorHandler(8, 'Undefined prope...', 'C:\\xampp\\htdocs...', 62, Array)
#1 C:\xampp\htdocs\comple\system\View\View.php(246): include('C:\\xampp\\htdocs...')
#2 C:\xampp\htdocs\comple\system\Common.php(1119): CodeIgniter\View\View->render('jefes/constanci...', Array, true)
#3 C:\xampp\htdocs\comple\app\Controllers\Jefes\ConstanciaController.php(34): view('jefes/constanci...', Array)
#4 C:\xampp\htdocs\comple\system\CodeIgniter.php(918): App\Controllers\Jefes\ConstanciaController->constancia()
#5 C:\xampp\htdocs\comple\system\CodeIgniter.php(404): CodeIgniter\CodeIgniter->runController(Object(App\Controllers\Jefes\ConstanciaController))
#6 C:\xampp\htdocs\comple\system\CodeIgniter.php(312): CodeIgniter\CodeIgniter->handleRequest(NULL, Object(Config\Cache), false)
#7 C:\xampp\htdocs\comple\index.php(45): CodeIgniter\CodeIgniter->run()
#8 {main}
CRITICAL - 2020-12-12 21:00:44 --> Undefined property: stdClass::$nombre_actividad
#0 C:\xampp\htdocs\comple\app\Views\Jefes\Constancia\listar.php(62): CodeIgniter\Debug\Exceptions->errorHandler(8, 'Undefined prope...', 'C:\\xampp\\htdocs...', 62, Array)
#1 C:\xampp\htdocs\comple\system\View\View.php(246): include('C:\\xampp\\htdocs...')
#2 C:\xampp\htdocs\comple\system\Common.php(1119): CodeIgniter\View\View->render('jefes/constanci...', Array, true)
#3 C:\xampp\htdocs\comple\app\Controllers\Jefes\ConstanciaController.php(34): view('jefes/constanci...', Array)
#4 C:\xampp\htdocs\comple\system\CodeIgniter.php(918): App\Controllers\Jefes\ConstanciaController->constancia()
#5 C:\xampp\htdocs\comple\system\CodeIgniter.php(404): CodeIgniter\CodeIgniter->runController(Object(App\Controllers\Jefes\ConstanciaController))
#6 C:\xampp\htdocs\comple\system\CodeIgniter.php(312): CodeIgniter\CodeIgniter->handleRequest(NULL, Object(Config\Cache), false)
#7 C:\xampp\htdocs\comple\index.php(45): CodeIgniter\CodeIgniter->run()
#8 {main}
CRITICAL - 2020-12-12 21:01:31 --> Undefined property: stdClass::$nombre_actividad
#0 C:\xampp\htdocs\comple\app\Views\Jefes\Constancia\listar.php(62): CodeIgniter\Debug\Exceptions->errorHandler(8, 'Undefined prope...', 'C:\\xampp\\htdocs...', 62, Array)
#1 C:\xampp\htdocs\comple\system\View\View.php(246): include('C:\\xampp\\htdocs...')
#2 C:\xampp\htdocs\comple\system\Common.php(1119): CodeIgniter\View\View->render('jefes/constanci...', Array, true)
#3 C:\xampp\htdocs\comple\app\Controllers\Jefes\ConstanciaController.php(34): view('jefes/constanci...', Array)
#4 C:\xampp\htdocs\comple\system\CodeIgniter.php(918): App\Controllers\Jefes\ConstanciaController->constancia()
#5 C:\xampp\htdocs\comple\system\CodeIgniter.php(404): CodeIgniter\CodeIgniter->runController(Object(App\Controllers\Jefes\ConstanciaController))
#6 C:\xampp\htdocs\comple\system\CodeIgniter.php(312): CodeIgniter\CodeIgniter->handleRequest(NULL, Object(Config\Cache), false)
#7 C:\xampp\htdocs\comple\index.php(45): CodeIgniter\CodeIgniter->run()
#8 {main}
CRITICAL - 2020-12-12 21:08:15 --> Undefined property: stdClass::$creditos
#0 C:\xampp\htdocs\comple\app\Views\Jefes\Constancia\listar.php(63): CodeIgniter\Debug\Exceptions->errorHandler(8, 'Undefined prope...', 'C:\\xampp\\htdocs...', 63, Array)
#1 C:\xampp\htdocs\comple\system\View\View.php(246): include('C:\\xampp\\htdocs...')
#2 C:\xampp\htdocs\comple\system\Common.php(1119): CodeIgniter\View\View->render('jefes/constanci...', Array, true)
#3 C:\xampp\htdocs\comple\app\Controllers\Jefes\ConstanciaController.php(34): view('jefes/constanci...', Array)
#4 C:\xampp\htdocs\comple\system\CodeIgniter.php(918): App\Controllers\Jefes\ConstanciaController->constancia()
#5 C:\xampp\htdocs\comple\system\CodeIgniter.php(404): CodeIgniter\CodeIgniter->runController(Object(App\Controllers\Jefes\ConstanciaController))
#6 C:\xampp\htdocs\comple\system\CodeIgniter.php(312): CodeIgniter\CodeIgniter->handleRequest(NULL, Object(Config\Cache), false)
#7 C:\xampp\htdocs\comple\index.php(45): CodeIgniter\CodeIgniter->run()
#8 {main}
CRITICAL - 2020-12-12 22:14:27 --> Undefined index: estatus
#0 C:\xampp\htdocs\comple\app\Views\Alumno\Inicio\Actividades.php(47): CodeIgniter\Debug\Exceptions->errorHandler(8, 'Undefined index...', 'C:\\xampp\\htdocs...', 47, Array)
#1 C:\xampp\htdocs\comple\system\View\View.php(246): include('C:\\xampp\\htdocs...')
#2 C:\xampp\htdocs\comple\system\Common.php(1119): CodeIgniter\View\View->render('Alumno/Inicio/A...', Array, true)
#3 C:\xampp\htdocs\comple\app\Controllers\Alumno\InicioController.php(37): view('Alumno/Inicio/A...', Array)
#4 C:\xampp\htdocs\comple\system\CodeIgniter.php(918): App\Controllers\Alumno\InicioController->index()
#5 C:\xampp\htdocs\comple\system\CodeIgniter.php(404): CodeIgniter\CodeIgniter->runController(Object(App\Controllers\Alumno\InicioController))
#6 C:\xampp\htdocs\comple\system\CodeIgniter.php(312): CodeIgniter\CodeIgniter->handleRequest(NULL, Object(Config\Cache), false)
#7 C:\xampp\htdocs\comple\index.php(45): CodeIgniter\CodeIgniter->run()
#8 {main}
CRITICAL - 2020-12-12 22:17:38 --> Unknown column 'ta.actividas' in 'field list'
#0 C:\xampp\htdocs\comple\system\Database\MySQLi\Connection.php(331): mysqli->query('SELECT `a`.`per...')
#1 C:\xampp\htdocs\comple\system\Database\BaseConnection.php(741): CodeIgniter\Database\MySQLi\Connection->execute('SELECT `a`.`per...')
#2 C:\xampp\htdocs\comple\system\Database\BaseConnection.php(669): CodeIgniter\Database\BaseConnection->simpleQuery('SELECT `a`.`per...')
#3 C:\xampp\htdocs\comple\system\Database\BaseBuilder.php(1860): CodeIgniter\Database\BaseConnection->query('SELECT `a`.`per...', Array, false)
#4 C:\xampp\htdocs\comple\app\Models\Alumno\HistorialModel.php(27): CodeIgniter\Database\BaseBuilder->get()
#5 C:\xampp\htdocs\comple\app\Services\Alumno\HistorialService.php(25): App\Models\Alumno\HistorialModel->getActividadesPorCalificacion('161160014 ')
#6 C:\xampp\htdocs\comple\app\Controllers\Alumno\InicioController.php(27): App\Services\Alumno\HistorialService->getActividades_no_calificadas('161160014 ')
#7 C:\xampp\htdocs\comple\system\CodeIgniter.php(918): App\Controllers\Alumno\InicioController->index()
#8 C:\xampp\htdocs\comple\system\CodeIgniter.php(404): CodeIgniter\CodeIgniter->runController(Object(App\Controllers\Alumno\InicioController))
#9 C:\xampp\htdocs\comple\system\CodeIgniter.php(312): CodeIgniter\CodeIgniter->handleRequest(NULL, Object(Config\Cache), false)
#10 C:\xampp\htdocs\comple\index.php(45): CodeIgniter\CodeIgniter->run()
#11 {main}
CRITICAL - 2020-12-12 22:18:02 --> Undefined index: estatus
#0 C:\xampp\htdocs\comple\app\Views\Alumno\Inicio\Actividades.php(47): CodeIgniter\Debug\Exceptions->errorHandler(8, 'Undefined index...', 'C:\\xampp\\htdocs...', 47, Array)
#1 C:\xampp\htdocs\comple\system\View\View.php(246): include('C:\\xampp\\htdocs...')
#2 C:\xampp\htdocs\comple\system\Common.php(1119): CodeIgniter\View\View->render('Alumno/Inicio/A...', Array, true)
#3 C:\xampp\htdocs\comple\app\Controllers\Alumno\InicioController.php(37): view('Alumno/Inicio/A...', Array)
#4 C:\xampp\htdocs\comple\system\CodeIgniter.php(918): App\Controllers\Alumno\InicioController->index()
#5 C:\xampp\htdocs\comple\system\CodeIgniter.php(404): CodeIgniter\CodeIgniter->runController(Object(App\Controllers\Alumno\InicioController))
#6 C:\xampp\htdocs\comple\system\CodeIgniter.php(312): CodeIgniter\CodeIgniter->handleRequest(NULL, Object(Config\Cache), false)
#7 C:\xampp\htdocs\comple\index.php(45): CodeIgniter\CodeIgniter->run()
#8 {main}
CRITICAL - 2020-12-12 22:18:52 --> Undefined index: estatus
#0 C:\xampp\htdocs\comple\app\Views\Alumno\Inicio\Actividades.php(47): CodeIgniter\Debug\Exceptions->errorHandler(8, 'Undefined index...', 'C:\\xampp\\htdocs...', 47, Array)
#1 C:\xampp\htdocs\comple\system\View\View.php(246): include('C:\\xampp\\htdocs...')
#2 C:\xampp\htdocs\comple\system\Common.php(1119): CodeIgniter\View\View->render('Alumno/Inicio/A...', Array, true)
#3 C:\xampp\htdocs\comple\app\Controllers\Alumno\InicioController.php(37): view('Alumno/Inicio/A...', Array)
#4 C:\xampp\htdocs\comple\system\CodeIgniter.php(918): App\Controllers\Alumno\InicioController->index()
#5 C:\xampp\htdocs\comple\system\CodeIgniter.php(404): CodeIgniter\CodeIgniter->runController(Object(App\Controllers\Alumno\InicioController))
#6 C:\xampp\htdocs\comple\system\CodeIgniter.php(312): CodeIgniter\CodeIgniter->handleRequest(NULL, Object(Config\Cache), false)
#7 C:\xampp\htdocs\comple\index.php(45): CodeIgniter\CodeIgniter->run()
#8 {main}
CRITICAL - 2020-12-12 22:19:16 --> Undefined index: estatus
#0 C:\xampp\htdocs\comple\app\Views\Alumno\Inicio\Actividades.php(47): CodeIgniter\Debug\Exceptions->errorHandler(8, 'Undefined index...', 'C:\\xampp\\htdocs...', 47, Array)
#1 C:\xampp\htdocs\comple\system\View\View.php(246): include('C:\\xampp\\htdocs...')
#2 C:\xampp\htdocs\comple\system\Common.php(1119): CodeIgniter\View\View->render('Alumno/Inicio/A...', Array, true)
#3 C:\xampp\htdocs\comple\app\Controllers\Alumno\InicioController.php(37): view('Alumno/Inicio/A...', Array)
#4 C:\xampp\htdocs\comple\system\CodeIgniter.php(918): App\Controllers\Alumno\InicioController->index()
#5 C:\xampp\htdocs\comple\system\CodeIgniter.php(404): CodeIgniter\CodeIgniter->runController(Object(App\Controllers\Alumno\InicioController))
#6 C:\xampp\htdocs\comple\system\CodeIgniter.php(312): CodeIgniter\CodeIgniter->handleRequest(NULL, Object(Config\Cache), false)
#7 C:\xampp\htdocs\comple\index.php(45): CodeIgniter\CodeIgniter->run()
#8 {main}
CRITICAL - 2020-12-12 22:19:31 --> Unknown column 'ta.actividad' in 'field list'
#0 C:\xampp\htdocs\comple\system\Database\MySQLi\Connection.php(331): mysqli->query('SELECT `a`.`per...')
#1 C:\xampp\htdocs\comple\system\Database\BaseConnection.php(741): CodeIgniter\Database\MySQLi\Connection->execute('SELECT `a`.`per...')
#2 C:\xampp\htdocs\comple\system\Database\BaseConnection.php(669): CodeIgniter\Database\BaseConnection->simpleQuery('SELECT `a`.`per...')
#3 C:\xampp\htdocs\comple\system\Database\BaseBuilder.php(1860): CodeIgniter\Database\BaseConnection->query('SELECT `a`.`per...', Array, false)
#4 C:\xampp\htdocs\comple\app\Models\Alumno\HistorialModel.php(40): CodeIgniter\Database\BaseBuilder->get()
#5 C:\xampp\htdocs\comple\app\Services\Alumno\HistorialService.php(26): App\Models\Alumno\HistorialModel->getActividadesPorAlumno('161160014 ')
#6 C:\xampp\htdocs\comple\app\Controllers\Alumno\InicioController.php(27): App\Services\Alumno\HistorialService->getActividades_no_calificadas('161160014 ')
#7 C:\xampp\htdocs\comple\system\CodeIgniter.php(918): App\Controllers\Alumno\InicioController->index()
#8 C:\xampp\htdocs\comple\system\CodeIgniter.php(404): CodeIgniter\CodeIgniter->runController(Object(App\Controllers\Alumno\InicioController))
#9 C:\xampp\htdocs\comple\system\CodeIgniter.php(312): CodeIgniter\CodeIgniter->handleRequest(NULL, Object(Config\Cache), false)
#10 C:\xampp\htdocs\comple\index.php(45): CodeIgniter\CodeIgniter->run()
#11 {main}
CRITICAL - 2020-12-12 22:21:02 --> Undefined index: estatus
#0 C:\xampp\htdocs\comple\app\Views\Alumno\Inicio\Actividades.php(47): CodeIgniter\Debug\Exceptions->errorHandler(8, 'Undefined index...', 'C:\\xampp\\htdocs...', 47, Array)
#1 C:\xampp\htdocs\comple\system\View\View.php(246): include('C:\\xampp\\htdocs...')
#2 C:\xampp\htdocs\comple\system\Common.php(1119): CodeIgniter\View\View->render('Alumno/Inicio/A...', Array, true)
#3 C:\xampp\htdocs\comple\app\Controllers\Alumno\InicioController.php(37): view('Alumno/Inicio/A...', Array)
#4 C:\xampp\htdocs\comple\system\CodeIgniter.php(918): App\Controllers\Alumno\InicioController->index()
#5 C:\xampp\htdocs\comple\system\CodeIgniter.php(404): CodeIgniter\CodeIgniter->runController(Object(App\Controllers\Alumno\InicioController))
#6 C:\xampp\htdocs\comple\system\CodeIgniter.php(312): CodeIgniter\CodeIgniter->handleRequest(NULL, Object(Config\Cache), false)
#7 C:\xampp\htdocs\comple\index.php(45): CodeIgniter\CodeIgniter->run()
#8 {main}
CRITICAL - 2020-12-12 22:22:17 --> Undefined index: estatus
#0 C:\xampp\htdocs\comple\app\Views\Alumno\Inicio\Actividades.php(47): CodeIgniter\Debug\Exceptions->errorHandler(8, 'Undefined index...', 'C:\\xampp\\htdocs...', 47, Array)
#1 C:\xampp\htdocs\comple\system\View\View.php(246): include('C:\\xampp\\htdocs...')
#2 C:\xampp\htdocs\comple\system\Common.php(1119): CodeIgniter\View\View->render('Alumno/Inicio/A...', Array, true)
#3 C:\xampp\htdocs\comple\app\Controllers\Alumno\InicioController.php(37): view('Alumno/Inicio/A...', Array)
#4 C:\xampp\htdocs\comple\system\CodeIgniter.php(918): App\Controllers\Alumno\InicioController->index()
#5 C:\xampp\htdocs\comple\system\CodeIgniter.php(404): CodeIgniter\CodeIgniter->runController(Object(App\Controllers\Alumno\InicioController))
#6 C:\xampp\htdocs\comple\system\CodeIgniter.php(312): CodeIgniter\CodeIgniter->handleRequest(NULL, Object(Config\Cache), false)
#7 C:\xampp\htdocs\comple\index.php(45): CodeIgniter\CodeIgniter->run()
#8 {main}
CRITICAL - 2020-12-12 22:22:39 --> Undefined index: estatus
#0 C:\xampp\htdocs\comple\app\Views\Alumno\Inicio\Actividades.php(47): CodeIgniter\Debug\Exceptions->errorHandler(8, 'Undefined index...', 'C:\\xampp\\htdocs...', 47, Array)
#1 C:\xampp\htdocs\comple\system\View\View.php(246): include('C:\\xampp\\htdocs...')
#2 C:\xampp\htdocs\comple\system\Common.php(1119): CodeIgniter\View\View->render('Alumno/Inicio/A...', Array, true)
#3 C:\xampp\htdocs\comple\app\Controllers\Alumno\InicioController.php(37): view('Alumno/Inicio/A...', Array)
#4 C:\xampp\htdocs\comple\system\CodeIgniter.php(918): App\Controllers\Alumno\InicioController->index()
#5 C:\xampp\htdocs\comple\system\CodeIgniter.php(404): CodeIgniter\CodeIgniter->runController(Object(App\Controllers\Alumno\InicioController))
#6 C:\xampp\htdocs\comple\system\CodeIgniter.php(312): CodeIgniter\CodeIgniter->handleRequest(NULL, Object(Config\Cache), false)
#7 C:\xampp\htdocs\comple\index.php(45): CodeIgniter\CodeIgniter->run()
#8 {main}
CRITICAL - 2020-12-12 22:23:26 --> Undefined index: estatus
#0 C:\xampp\htdocs\comple\app\Views\Alumno\Inicio\Actividades.php(47): CodeIgniter\Debug\Exceptions->errorHandler(8, 'Undefined index...', 'C:\\xampp\\htdocs...', 47, Array)
#1 C:\xampp\htdocs\comple\system\View\View.php(246): include('C:\\xampp\\htdocs...')
#2 C:\xampp\htdocs\comple\system\Common.php(1119): CodeIgniter\View\View->render('Alumno/Inicio/A...', Array, true)
#3 C:\xampp\htdocs\comple\app\Controllers\Alumno\InicioController.php(37): view('Alumno/Inicio/A...', Array)
#4 C:\xampp\htdocs\comple\system\CodeIgniter.php(918): App\Controllers\Alumno\InicioController->index()
#5 C:\xampp\htdocs\comple\system\CodeIgniter.php(404): CodeIgniter\CodeIgniter->runController(Object(App\Controllers\Alumno\InicioController))
>>>>>>> bda95cbc645214c86bb1c569ed45e25f9d6f44e5
#6 C:\xampp\htdocs\comple\system\CodeIgniter.php(312): CodeIgniter\CodeIgniter->handleRequest(NULL, Object(Config\Cache), false)
#7 C:\xampp\htdocs\comple\index.php(45): CodeIgniter\CodeIgniter->run()
#8 {main}
