CRITICAL - 2020-12-04 00:36:31 --> MySQL server has gone away
#0 C:\xampp\htdocs\comple\system\Database\MySQLi\Connection.php(331): mysqli->query('SELECT `num_con...')
#1 C:\xampp\htdocs\comple\system\Database\BaseConnection.php(741): CodeIgniter\Database\MySQLi\Connection->execute('SELECT `num_con...')
#2 C:\xampp\htdocs\comple\system\Database\BaseConnection.php(669): CodeIgniter\Database\BaseConnection->simpleQuery('SELECT `num_con...')
#3 C:\xampp\htdocs\comple\system\Database\BaseBuilder.php(1860): CodeIgniter\Database\BaseConnection->query('SELECT `num_con...', Array, false)
#4 C:\xampp\htdocs\comple\app\Models\AlumnoModel.php(21): CodeIgniter\Database\BaseBuilder->get()
#5 C:\xampp\htdocs\comple\app\Services\Division\InscripcionService.php(188): App\Models\AlumnoModel->getAlumnoPorNoControl('191160033')
#6 C:\xampp\htdocs\comple\app\Controllers\Division\InscripcionController.php(26): App\Services\Division\InscripcionService->unirRegistros(Array)
#7 C:\xampp\htdocs\comple\system\CodeIgniter.php(918): App\Controllers\Division\InscripcionController->index()
#8 C:\xampp\htdocs\comple\system\CodeIgniter.php(404): CodeIgniter\CodeIgniter->runController(Object(App\Controllers\Division\InscripcionController))
#9 C:\xampp\htdocs\comple\system\CodeIgniter.php(312): CodeIgniter\CodeIgniter->handleRequest(NULL, Object(Config\Cache), false)
#10 C:\xampp\htdocs\comple\index.php(45): CodeIgniter\CodeIgniter->run()
#11 {main}
CRITICAL - 2020-12-04 00:36:52 --> Unable to connect to the database.
#0 C:\xampp\htdocs\comple\system\Database\BaseConnection.php(646): CodeIgniter\Database\BaseConnection->initialize()
#1 C:\xampp\htdocs\comple\system\Database\BaseBuilder.php(1860): CodeIgniter\Database\BaseConnection->query('SELECT `i`.`id_...', Array, false)
#2 C:\xampp\htdocs\comple\app\Models\Division\InscripcionModel.php(32): CodeIgniter\Database\BaseBuilder->get()
#3 C:\xampp\htdocs\comple\app\Services\Division\InscripcionService.php(22): App\Models\Division\InscripcionModel->getInscripcionesPorEstatus(true)
#4 C:\xampp\htdocs\comple\app\Controllers\Division\InscripcionController.php(23): App\Services\Division\InscripcionService->getInscripcionesPorEstatus(true)
#5 C:\xampp\htdocs\comple\system\CodeIgniter.php(918): App\Controllers\Division\InscripcionController->index()
#6 C:\xampp\htdocs\comple\system\CodeIgniter.php(404): CodeIgniter\CodeIgniter->runController(Object(App\Controllers\Division\InscripcionController))
#7 C:\xampp\htdocs\comple\system\CodeIgniter.php(312): CodeIgniter\CodeIgniter->handleRequest(NULL, Object(Config\Cache), false)
#8 C:\xampp\htdocs\comple\index.php(45): CodeIgniter\CodeIgniter->run()
#9 {main}
CRITICAL - 2020-12-04 00:37:42 --> Unable to connect to the database.
#0 C:\xampp\htdocs\comple\system\Database\BaseConnection.php(646): CodeIgniter\Database\BaseConnection->initialize()
#1 C:\xampp\htdocs\comple\system\Database\BaseBuilder.php(1860): CodeIgniter\Database\BaseConnection->query('SELECT `num_con...', Array, false)
#2 C:\xampp\htdocs\comple\app\Models\AlumnoModel.php(21): CodeIgniter\Database\BaseBuilder->get()
#3 C:\xampp\htdocs\comple\app\Services\Division\InscripcionService.php(188): App\Models\AlumnoModel->getAlumnoPorNoControl('161160176')
#4 C:\xampp\htdocs\comple\app\Controllers\Division\InscripcionController.php(26): App\Services\Division\InscripcionService->unirRegistros(Array)
#5 C:\xampp\htdocs\comple\system\CodeIgniter.php(918): App\Controllers\Division\InscripcionController->index()
#6 C:\xampp\htdocs\comple\system\CodeIgniter.php(404): CodeIgniter\CodeIgniter->runController(Object(App\Controllers\Division\InscripcionController))
#7 C:\xampp\htdocs\comple\system\CodeIgniter.php(312): CodeIgniter\CodeIgniter->handleRequest(NULL, Object(Config\Cache), false)
#8 C:\xampp\htdocs\comple\index.php(45): CodeIgniter\CodeIgniter->run()
#9 {main}
CRITICAL - 2020-12-04 00:58:08 --> Undefined variable: responsable
#0 C:\xampp\htdocs\comple\app\Views\Division\Inscripciones\listar.php(79): CodeIgniter\Debug\Exceptions->errorHandler(8, 'Undefined varia...', 'C:\\xampp\\htdocs...', 79, Array)
#1 C:\xampp\htdocs\comple\system\View\View.php(246): include('C:\\xampp\\htdocs...')
#2 C:\xampp\htdocs\comple\system\Common.php(1119): CodeIgniter\View\View->render('Division/Inscri...', Array, true)
#3 C:\xampp\htdocs\comple\app\Controllers\Division\InscripcionController.php(30): view('Division/Inscri...', Array)
#4 C:\xampp\htdocs\comple\system\CodeIgniter.php(918): App\Controllers\Division\InscripcionController->index()
#5 C:\xampp\htdocs\comple\system\CodeIgniter.php(404): CodeIgniter\CodeIgniter->runController(Object(App\Controllers\Division\InscripcionController))
#6 C:\xampp\htdocs\comple\system\CodeIgniter.php(312): CodeIgniter\CodeIgniter->handleRequest(NULL, Object(Config\Cache), false)
#7 C:\xampp\htdocs\comple\index.php(45): CodeIgniter\CodeIgniter->run()
#8 {main}
CRITICAL - 2020-12-04 02:13:50 --> Unable to connect to the database.
#0 C:\xampp\htdocs\comple\system\Database\BaseConnection.php(646): CodeIgniter\Database\BaseConnection->initialize()
#1 C:\xampp\htdocs\comple\system\Database\BaseBuilder.php(1860): CodeIgniter\Database\BaseConnection->query('SELECT `num_con...', Array, false)
#2 C:\xampp\htdocs\comple\app\Models\AlumnoModel.php(21): CodeIgniter\Database\BaseBuilder->get()
#3 C:\xampp\htdocs\comple\app\Services\Division\InscripcionService.php(188): App\Models\AlumnoModel->getAlumnoPorNoControl('161160176')
#4 C:\xampp\htdocs\comple\app\Controllers\Division\InscripcionController.php(26): App\Services\Division\InscripcionService->unirRegistros(Array)
#5 C:\xampp\htdocs\comple\system\CodeIgniter.php(918): App\Controllers\Division\InscripcionController->index()
#6 C:\xampp\htdocs\comple\system\CodeIgniter.php(404): CodeIgniter\CodeIgniter->runController(Object(App\Controllers\Division\InscripcionController))
#7 C:\xampp\htdocs\comple\system\CodeIgniter.php(312): CodeIgniter\CodeIgniter->handleRequest(NULL, Object(Config\Cache), false)
#8 C:\xampp\htdocs\comple\index.php(45): CodeIgniter\CodeIgniter->run()
#9 {main}
CRITICAL - 2020-12-04 02:17:28 --> Unable to connect to the database.
#0 C:\xampp\htdocs\comple\system\Database\BaseConnection.php(646): CodeIgniter\Database\BaseConnection->initialize()
#1 C:\xampp\htdocs\comple\system\Database\BaseBuilder.php(1860): CodeIgniter\Database\BaseConnection->query('SELECT `i`.`id_...', Array, false)
#2 C:\xampp\htdocs\comple\app\Models\Division\InscripcionModel.php(32): CodeIgniter\Database\BaseBuilder->get()
#3 C:\xampp\htdocs\comple\app\Services\Division\InscripcionService.php(22): App\Models\Division\InscripcionModel->getInscripcionesPorEstatus(true)
#4 C:\xampp\htdocs\comple\app\Controllers\Division\InscripcionController.php(23): App\Services\Division\InscripcionService->getInscripcionesPorEstatus(true)
#5 C:\xampp\htdocs\comple\system\CodeIgniter.php(918): App\Controllers\Division\InscripcionController->index()
#6 C:\xampp\htdocs\comple\system\CodeIgniter.php(404): CodeIgniter\CodeIgniter->runController(Object(App\Controllers\Division\InscripcionController))
#7 C:\xampp\htdocs\comple\system\CodeIgniter.php(312): CodeIgniter\CodeIgniter->handleRequest(NULL, Object(Config\Cache), false)
#8 C:\xampp\htdocs\comple\index.php(45): CodeIgniter\CodeIgniter->run()
#9 {main}
CRITICAL - 2020-12-04 02:17:44 --> Unable to connect to the database.
#0 C:\xampp\htdocs\comple\system\Database\BaseConnection.php(646): CodeIgniter\Database\BaseConnection->initialize()
#1 C:\xampp\htdocs\comple\system\Database\BaseBuilder.php(1860): CodeIgniter\Database\BaseConnection->query('SELECT `num_con...', Array, false)
#2 C:\xampp\htdocs\comple\app\Models\AlumnoModel.php(21): CodeIgniter\Database\BaseBuilder->get()
#3 C:\xampp\htdocs\comple\app\Services\Division\InscripcionService.php(188): App\Models\AlumnoModel->getAlumnoPorNoControl('161160176')
#4 C:\xampp\htdocs\comple\app\Controllers\Division\InscripcionController.php(26): App\Services\Division\InscripcionService->unirRegistros(Array)
#5 C:\xampp\htdocs\comple\system\CodeIgniter.php(918): App\Controllers\Division\InscripcionController->index()
#6 C:\xampp\htdocs\comple\system\CodeIgniter.php(404): CodeIgniter\CodeIgniter->runController(Object(App\Controllers\Division\InscripcionController))
#7 C:\xampp\htdocs\comple\system\CodeIgniter.php(312): CodeIgniter\CodeIgniter->handleRequest(NULL, Object(Config\Cache), false)
#8 C:\xampp\htdocs\comple\index.php(45): CodeIgniter\CodeIgniter->run()
#9 {main}
CRITICAL - 2020-12-04 02:20:27 --> Unable to connect to the database.
#0 C:\xampp\htdocs\comple\system\Database\BaseConnection.php(646): CodeIgniter\Database\BaseConnection->initialize()
#1 C:\xampp\htdocs\comple\system\Database\BaseBuilder.php(1860): CodeIgniter\Database\BaseConnection->query('SELECT `i`.`id_...', Array, false)
#2 C:\xampp\htdocs\comple\app\Models\Division\InscripcionModel.php(32): CodeIgniter\Database\BaseBuilder->get()
#3 C:\xampp\htdocs\comple\app\Services\Division\InscripcionService.php(22): App\Models\Division\InscripcionModel->getInscripcionesPorEstatus(true)
#4 C:\xampp\htdocs\comple\app\Controllers\Division\InscripcionController.php(23): App\Services\Division\InscripcionService->getInscripcionesPorEstatus(true)
#5 C:\xampp\htdocs\comple\system\CodeIgniter.php(918): App\Controllers\Division\InscripcionController->index()
#6 C:\xampp\htdocs\comple\system\CodeIgniter.php(404): CodeIgniter\CodeIgniter->runController(Object(App\Controllers\Division\InscripcionController))
#7 C:\xampp\htdocs\comple\system\CodeIgniter.php(312): CodeIgniter\CodeIgniter->handleRequest(NULL, Object(Config\Cache), false)
#8 C:\xampp\htdocs\comple\index.php(45): CodeIgniter\CodeIgniter->run()
#9 {main}
CRITICAL - 2020-12-04 02:37:15 --> Undefined property: stdClass::$estatus_ins
#0 C:\xampp\htdocs\comple\app\Views\Division\Inscripciones\listar.php(77): CodeIgniter\Debug\Exceptions->errorHandler(8, 'Undefined prope...', 'C:\\xampp\\htdocs...', 77, Array)
#1 C:\xampp\htdocs\comple\system\View\View.php(246): include('C:\\xampp\\htdocs...')
#2 C:\xampp\htdocs\comple\system\Common.php(1119): CodeIgniter\View\View->render('Division/Inscri...', Array, true)
#3 C:\xampp\htdocs\comple\app\Controllers\Division\InscripcionController.php(30): view('Division/Inscri...', Array)
#4 C:\xampp\htdocs\comple\system\CodeIgniter.php(918): App\Controllers\Division\InscripcionController->index()
#5 C:\xampp\htdocs\comple\system\CodeIgniter.php(404): CodeIgniter\CodeIgniter->runController(Object(App\Controllers\Division\InscripcionController))
#6 C:\xampp\htdocs\comple\system\CodeIgniter.php(312): CodeIgniter\CodeIgniter->handleRequest(NULL, Object(Config\Cache), false)
#7 C:\xampp\htdocs\comple\index.php(45): CodeIgniter\CodeIgniter->run()
#8 {main}
CRITICAL - 2020-12-04 02:39:06 --> Undefined property: stdClass::$estatus_ins
#0 C:\xampp\htdocs\comple\app\Views\Division\Inscripciones\listar.php(77): CodeIgniter\Debug\Exceptions->errorHandler(8, 'Undefined prope...', 'C:\\xampp\\htdocs...', 77, Array)
#1 C:\xampp\htdocs\comple\system\View\View.php(246): include('C:\\xampp\\htdocs...')
#2 C:\xampp\htdocs\comple\system\Common.php(1119): CodeIgniter\View\View->render('Division/Inscri...', Array, true)
#3 C:\xampp\htdocs\comple\app\Controllers\Division\InscripcionController.php(30): view('Division/Inscri...', Array)
#4 C:\xampp\htdocs\comple\system\CodeIgniter.php(918): App\Controllers\Division\InscripcionController->index()
#5 C:\xampp\htdocs\comple\system\CodeIgniter.php(404): CodeIgniter\CodeIgniter->runController(Object(App\Controllers\Division\InscripcionController))
#6 C:\xampp\htdocs\comple\system\CodeIgniter.php(312): CodeIgniter\CodeIgniter->handleRequest(NULL, Object(Config\Cache), false)
#7 C:\xampp\htdocs\comple\index.php(45): CodeIgniter\CodeIgniter->run()
#8 {main}
CRITICAL - 2020-12-04 02:56:53 --> MySQL server has gone away
#0 C:\xampp\htdocs\comple\system\Database\MySQLi\Connection.php(331): mysqli->query('SELECT `num_con...')
#1 C:\xampp\htdocs\comple\system\Database\BaseConnection.php(741): CodeIgniter\Database\MySQLi\Connection->execute('SELECT `num_con...')
#2 C:\xampp\htdocs\comple\system\Database\BaseConnection.php(669): CodeIgniter\Database\BaseConnection->simpleQuery('SELECT `num_con...')
#3 C:\xampp\htdocs\comple\system\Database\BaseBuilder.php(1860): CodeIgniter\Database\BaseConnection->query('SELECT `num_con...', Array, false)
#4 C:\xampp\htdocs\comple\app\Models\AlumnoModel.php(21): CodeIgniter\Database\BaseBuilder->get()
#5 C:\xampp\htdocs\comple\app\Services\Division\InscripcionService.php(188): App\Models\AlumnoModel->getAlumnoPorNoControl('191160023')
#6 C:\xampp\htdocs\comple\app\Controllers\Division\InscripcionController.php(26): App\Services\Division\InscripcionService->unirRegistros(Array)
#7 C:\xampp\htdocs\comple\system\CodeIgniter.php(918): App\Controllers\Division\InscripcionController->index()
#8 C:\xampp\htdocs\comple\system\CodeIgniter.php(404): CodeIgniter\CodeIgniter->runController(Object(App\Controllers\Division\InscripcionController))
#9 C:\xampp\htdocs\comple\system\CodeIgniter.php(312): CodeIgniter\CodeIgniter->handleRequest(NULL, Object(Config\Cache), false)
#10 C:\xampp\htdocs\comple\index.php(45): CodeIgniter\CodeIgniter->run()
#11 {main}
CRITICAL - 2020-12-04 02:57:32 --> Undefined property: stdClass::$estatus
#0 C:\xampp\htdocs\comple\app\Views\Division\Inscripciones\listar.php(72): CodeIgniter\Debug\Exceptions->errorHandler(8, 'Undefined prope...', 'C:\\xampp\\htdocs...', 72, Array)
#1 C:\xampp\htdocs\comple\system\View\View.php(246): include('C:\\xampp\\htdocs...')
#2 C:\xampp\htdocs\comple\system\Common.php(1119): CodeIgniter\View\View->render('Division/Inscri...', Array, true)
#3 C:\xampp\htdocs\comple\app\Controllers\Division\InscripcionController.php(30): view('Division/Inscri...', Array)
#4 C:\xampp\htdocs\comple\system\CodeIgniter.php(918): App\Controllers\Division\InscripcionController->index()
#5 C:\xampp\htdocs\comple\system\CodeIgniter.php(404): CodeIgniter\CodeIgniter->runController(Object(App\Controllers\Division\InscripcionController))
#6 C:\xampp\htdocs\comple\system\CodeIgniter.php(312): CodeIgniter\CodeIgniter->handleRequest(NULL, Object(Config\Cache), false)
#7 C:\xampp\htdocs\comple\index.php(45): CodeIgniter\CodeIgniter->run()
#8 {main}
CRITICAL - 2020-12-04 03:21:15 --> Trying to get property 'estatus' of non-object
#0 C:\xampp\htdocs\comple\app\Views\Alumno\Inicio\Actividades.php(47): CodeIgniter\Debug\Exceptions->errorHandler(8, 'Trying to get p...', 'C:\\xampp\\htdocs...', 47, Array)
#1 C:\xampp\htdocs\comple\system\View\View.php(246): include('C:\\xampp\\htdocs...')
#2 C:\xampp\htdocs\comple\system\Common.php(1119): CodeIgniter\View\View->render('Alumno/Inicio/A...', Array, true)
#3 C:\xampp\htdocs\comple\app\Controllers\Alumno\InicioController.php(37): view('Alumno/Inicio/A...', Array)
#4 C:\xampp\htdocs\comple\system\CodeIgniter.php(918): App\Controllers\Alumno\InicioController->index()
#5 C:\xampp\htdocs\comple\system\CodeIgniter.php(404): CodeIgniter\CodeIgniter->runController(Object(App\Controllers\Alumno\InicioController))
#6 C:\xampp\htdocs\comple\system\CodeIgniter.php(312): CodeIgniter\CodeIgniter->handleRequest(NULL, Object(Config\Cache), false)
#7 C:\xampp\htdocs\comple\index.php(45): CodeIgniter\CodeIgniter->run()
#8 {main}
CRITICAL - 2020-12-04 03:21:56 --> Trying to get property 'estatus' of non-object
#0 C:\xampp\htdocs\comple\app\Views\Alumno\Inicio\Actividades.php(47): CodeIgniter\Debug\Exceptions->errorHandler(8, 'Trying to get p...', 'C:\\xampp\\htdocs...', 47, Array)
#1 C:\xampp\htdocs\comple\system\View\View.php(246): include('C:\\xampp\\htdocs...')
#2 C:\xampp\htdocs\comple\system\Common.php(1119): CodeIgniter\View\View->render('Alumno/Inicio/A...', Array, true)
#3 C:\xampp\htdocs\comple\app\Controllers\Alumno\InicioController.php(37): view('Alumno/Inicio/A...', Array)
#4 C:\xampp\htdocs\comple\system\CodeIgniter.php(918): App\Controllers\Alumno\InicioController->index()
#5 C:\xampp\htdocs\comple\system\CodeIgniter.php(404): CodeIgniter\CodeIgniter->runController(Object(App\Controllers\Alumno\InicioController))
#6 C:\xampp\htdocs\comple\system\CodeIgniter.php(312): CodeIgniter\CodeIgniter->handleRequest(NULL, Object(Config\Cache), false)
#7 C:\xampp\htdocs\comple\index.php(45): CodeIgniter\CodeIgniter->run()
#8 {main}
CRITICAL - 2020-12-04 03:22:47 --> Trying to get property 'estatus' of non-object
#0 C:\xampp\htdocs\comple\app\Views\Alumno\Inicio\Actividades.php(47): CodeIgniter\Debug\Exceptions->errorHandler(8, 'Trying to get p...', 'C:\\xampp\\htdocs...', 47, Array)
#1 C:\xampp\htdocs\comple\system\View\View.php(246): include('C:\\xampp\\htdocs...')
#2 C:\xampp\htdocs\comple\system\Common.php(1119): CodeIgniter\View\View->render('Alumno/Inicio/A...', Array, true)
#3 C:\xampp\htdocs\comple\app\Controllers\Alumno\InicioController.php(37): view('Alumno/Inicio/A...', Array)
#4 C:\xampp\htdocs\comple\system\CodeIgniter.php(918): App\Controllers\Alumno\InicioController->index()
#5 C:\xampp\htdocs\comple\system\CodeIgniter.php(404): CodeIgniter\CodeIgniter->runController(Object(App\Controllers\Alumno\InicioController))
#6 C:\xampp\htdocs\comple\system\CodeIgniter.php(312): CodeIgniter\CodeIgniter->handleRequest(NULL, Object(Config\Cache), false)
#7 C:\xampp\htdocs\comple\index.php(45): CodeIgniter\CodeIgniter->run()
#8 {main}
CRITICAL - 2020-12-04 03:24:44 --> Undefined index: estatus
#0 C:\xampp\htdocs\comple\app\Views\Alumno\Inicio\Actividades.php(47): CodeIgniter\Debug\Exceptions->errorHandler(8, 'Undefined index...', 'C:\\xampp\\htdocs...', 47, Array)
#1 C:\xampp\htdocs\comple\system\View\View.php(246): include('C:\\xampp\\htdocs...')
#2 C:\xampp\htdocs\comple\system\Common.php(1119): CodeIgniter\View\View->render('Alumno/Inicio/A...', Array, true)
#3 C:\xampp\htdocs\comple\app\Controllers\Alumno\InicioController.php(37): view('Alumno/Inicio/A...', Array)
#4 C:\xampp\htdocs\comple\system\CodeIgniter.php(918): App\Controllers\Alumno\InicioController->index()
#5 C:\xampp\htdocs\comple\system\CodeIgniter.php(404): CodeIgniter\CodeIgniter->runController(Object(App\Controllers\Alumno\InicioController))
#6 C:\xampp\htdocs\comple\system\CodeIgniter.php(312): CodeIgniter\CodeIgniter->handleRequest(NULL, Object(Config\Cache), false)
#7 C:\xampp\htdocs\comple\index.php(45): CodeIgniter\CodeIgniter->run()
#8 {main}
CRITICAL - 2020-12-04 03:26:50 --> Trying to get property 'nombre' of non-object
#0 C:\xampp\htdocs\comple\app\Views\Alumno\Inicio\Actividades.php(47): CodeIgniter\Debug\Exceptions->errorHandler(8, 'Trying to get p...', 'C:\\xampp\\htdocs...', 47, Array)
#1 C:\xampp\htdocs\comple\system\View\View.php(246): include('C:\\xampp\\htdocs...')
#2 C:\xampp\htdocs\comple\system\Common.php(1119): CodeIgniter\View\View->render('Alumno/Inicio/A...', Array, true)
#3 C:\xampp\htdocs\comple\app\Controllers\Alumno\InicioController.php(37): view('Alumno/Inicio/A...', Array)
#4 C:\xampp\htdocs\comple\system\CodeIgniter.php(918): App\Controllers\Alumno\InicioController->index()
#5 C:\xampp\htdocs\comple\system\CodeIgniter.php(404): CodeIgniter\CodeIgniter->runController(Object(App\Controllers\Alumno\InicioController))
#6 C:\xampp\htdocs\comple\system\CodeIgniter.php(312): CodeIgniter\CodeIgniter->handleRequest(NULL, Object(Config\Cache), false)
#7 C:\xampp\htdocs\comple\index.php(45): CodeIgniter\CodeIgniter->run()
#8 {main}
CRITICAL - 2020-12-04 03:28:07 --> Undefined index: estatus
#0 C:\xampp\htdocs\comple\app\Views\Alumno\Inicio\Actividades.php(47): CodeIgniter\Debug\Exceptions->errorHandler(8, 'Undefined index...', 'C:\\xampp\\htdocs...', 47, Array)
#1 C:\xampp\htdocs\comple\system\View\View.php(246): include('C:\\xampp\\htdocs...')
#2 C:\xampp\htdocs\comple\system\Common.php(1119): CodeIgniter\View\View->render('Alumno/Inicio/A...', Array, true)
#3 C:\xampp\htdocs\comple\app\Controllers\Alumno\InicioController.php(37): view('Alumno/Inicio/A...', Array)
#4 C:\xampp\htdocs\comple\system\CodeIgniter.php(918): App\Controllers\Alumno\InicioController->index()
#5 C:\xampp\htdocs\comple\system\CodeIgniter.php(404): CodeIgniter\CodeIgniter->runController(Object(App\Controllers\Alumno\InicioController))
#6 C:\xampp\htdocs\comple\system\CodeIgniter.php(312): CodeIgniter\CodeIgniter->handleRequest(NULL, Object(Config\Cache), false)
#7 C:\xampp\htdocs\comple\index.php(45): CodeIgniter\CodeIgniter->run()
#8 {main}
