CRITICAL - 2020-10-29 01:31:16 --> Undefined variable: periodos
#0 C:\xampp\htdocs\comple\app\Views\Division\Inscripciones\agregar.php(28): CodeIgniter\Debug\Exceptions->errorHandler(8, 'Undefined varia...', 'C:\\xampp\\htdocs...', 28, Array)
#1 C:\xampp\htdocs\comple\system\View\View.php(246): include('C:\\xampp\\htdocs...')
#2 C:\xampp\htdocs\comple\system\Common.php(1119): CodeIgniter\View\View->render('Division/Inscri...', Array, true)
#3 C:\xampp\htdocs\comple\app\Views\Alumno\Inscripcion\listar.php(59): view('Division/Inscri...')
#4 C:\xampp\htdocs\comple\system\View\View.php(246): include('C:\\xampp\\htdocs...')
#5 C:\xampp\htdocs\comple\system\Common.php(1119): CodeIgniter\View\View->render('Alumno/Inscripc...', Array, true)
#6 C:\xampp\htdocs\comple\app\Controllers\Alumno\InscripcionController.php(24): view('Alumno/Inscripc...', Array)
#7 C:\xampp\htdocs\comple\system\CodeIgniter.php(918): App\Controllers\Alumno\InscripcionController->index()
#8 C:\xampp\htdocs\comple\system\CodeIgniter.php(404): CodeIgniter\CodeIgniter->runController(Object(App\Controllers\Alumno\InscripcionController))
#9 C:\xampp\htdocs\comple\system\CodeIgniter.php(312): CodeIgniter\CodeIgniter->handleRequest(NULL, Object(Config\Cache), false)
#10 C:\xampp\htdocs\comple\index.php(45): CodeIgniter\CodeIgniter->run()
#11 {main}
CRITICAL - 2020-10-29 01:31:20 --> Undefined variable: periodos
#0 C:\xampp\htdocs\comple\app\Views\Division\Inscripciones\agregar.php(28): CodeIgniter\Debug\Exceptions->errorHandler(8, 'Undefined varia...', 'C:\\xampp\\htdocs...', 28, Array)
#1 C:\xampp\htdocs\comple\system\View\View.php(246): include('C:\\xampp\\htdocs...')
#2 C:\xampp\htdocs\comple\system\Common.php(1119): CodeIgniter\View\View->render('Division/Inscri...', Array, true)
#3 C:\xampp\htdocs\comple\app\Views\Alumno\Inscripcion\listar.php(59): view('Division/Inscri...')
#4 C:\xampp\htdocs\comple\system\View\View.php(246): include('C:\\xampp\\htdocs...')
#5 C:\xampp\htdocs\comple\system\Common.php(1119): CodeIgniter\View\View->render('Alumno/Inscripc...', Array, true)
#6 C:\xampp\htdocs\comple\app\Controllers\Alumno\InscripcionController.php(24): view('Alumno/Inscripc...', Array)
#7 C:\xampp\htdocs\comple\system\CodeIgniter.php(918): App\Controllers\Alumno\InscripcionController->index()
#8 C:\xampp\htdocs\comple\system\CodeIgniter.php(404): CodeIgniter\CodeIgniter->runController(Object(App\Controllers\Alumno\InscripcionController))
#9 C:\xampp\htdocs\comple\system\CodeIgniter.php(312): CodeIgniter\CodeIgniter->handleRequest(NULL, Object(Config\Cache), false)
#10 C:\xampp\htdocs\comple\index.php(45): CodeIgniter\CodeIgniter->run()
#11 {main}
CRITICAL - 2020-10-29 01:32:12 --> Undefined variable: areas
#0 C:\xampp\htdocs\comple\app\Views\Alumno\Inscripcion\agregar.php(62): CodeIgniter\Debug\Exceptions->errorHandler(8, 'Undefined varia...', 'C:\\xampp\\htdocs...', 62, Array)
#1 C:\xampp\htdocs\comple\system\View\View.php(246): include('C:\\xampp\\htdocs...')
#2 C:\xampp\htdocs\comple\system\Common.php(1119): CodeIgniter\View\View->render('Alumno/Inscripc...', Array, true)
#3 C:\xampp\htdocs\comple\app\Views\Alumno\Inscripcion\listar.php(59): view('Alumno/Inscripc...')
#4 C:\xampp\htdocs\comple\system\View\View.php(246): include('C:\\xampp\\htdocs...')
#5 C:\xampp\htdocs\comple\system\Common.php(1119): CodeIgniter\View\View->render('Alumno/Inscripc...', Array, true)
#6 C:\xampp\htdocs\comple\app\Controllers\Alumno\InscripcionController.php(24): view('Alumno/Inscripc...', Array)
#7 C:\xampp\htdocs\comple\system\CodeIgniter.php(918): App\Controllers\Alumno\InscripcionController->index()
#8 C:\xampp\htdocs\comple\system\CodeIgniter.php(404): CodeIgniter\CodeIgniter->runController(Object(App\Controllers\Alumno\InscripcionController))
#9 C:\xampp\htdocs\comple\system\CodeIgniter.php(312): CodeIgniter\CodeIgniter->handleRequest(NULL, Object(Config\Cache), false)
#10 C:\xampp\htdocs\comple\index.php(45): CodeIgniter\CodeIgniter->run()
#11 {main}
CRITICAL - 2020-10-29 01:33:22 --> Undefined variable: periodos
#0 C:\xampp\htdocs\comple\app\Views\Alumno\Inscripcion\agregar.php(28): CodeIgniter\Debug\Exceptions->errorHandler(8, 'Undefined varia...', 'C:\\xampp\\htdocs...', 28, Array)
#1 C:\xampp\htdocs\comple\system\View\View.php(246): include('C:\\xampp\\htdocs...')
#2 C:\xampp\htdocs\comple\system\Common.php(1119): CodeIgniter\View\View->render('Alumno/Inscripc...', Array, true)
#3 C:\xampp\htdocs\comple\app\Views\Alumno\Inscripcion\listar.php(59): view('Alumno/Inscripc...')
#4 C:\xampp\htdocs\comple\system\View\View.php(246): include('C:\\xampp\\htdocs...')
#5 C:\xampp\htdocs\comple\system\Common.php(1119): CodeIgniter\View\View->render('Alumno/Inscripc...', Array, true)
#6 C:\xampp\htdocs\comple\app\Controllers\Alumno\InscripcionController.php(24): view('Alumno/Inscripc...', Array)
#7 C:\xampp\htdocs\comple\system\CodeIgniter.php(918): App\Controllers\Alumno\InscripcionController->index()
#8 C:\xampp\htdocs\comple\system\CodeIgniter.php(404): CodeIgniter\CodeIgniter->runController(Object(App\Controllers\Alumno\InscripcionController))
#9 C:\xampp\htdocs\comple\system\CodeIgniter.php(312): CodeIgniter\CodeIgniter->handleRequest(NULL, Object(Config\Cache), false)
#10 C:\xampp\htdocs\comple\index.php(45): CodeIgniter\CodeIgniter->run()
#11 {main}
CRITICAL - 2020-10-29 01:34:49 --> Undefined variable: periodos
#0 C:\xampp\htdocs\comple\app\Views\Alumno\Inscripcion\agregar.php(28): CodeIgniter\Debug\Exceptions->errorHandler(8, 'Undefined varia...', 'C:\\xampp\\htdocs...', 28, Array)
#1 C:\xampp\htdocs\comple\system\View\View.php(246): include('C:\\xampp\\htdocs...')
#2 C:\xampp\htdocs\comple\system\Common.php(1119): CodeIgniter\View\View->render('Alumno/Inscripc...', Array, true)
#3 C:\xampp\htdocs\comple\app\Views\Alumno\Inscripcion\listar.php(59): view('Alumno/Inscripc...')
#4 C:\xampp\htdocs\comple\system\View\View.php(246): include('C:\\xampp\\htdocs...')
#5 C:\xampp\htdocs\comple\system\Common.php(1119): CodeIgniter\View\View->render('Alumno/Inscripc...', Array, true)
#6 C:\xampp\htdocs\comple\app\Controllers\Alumno\InscripcionController.php(24): view('Alumno/Inscripc...', Array)
#7 C:\xampp\htdocs\comple\system\CodeIgniter.php(918): App\Controllers\Alumno\InscripcionController->index()
#8 C:\xampp\htdocs\comple\system\CodeIgniter.php(404): CodeIgniter\CodeIgniter->runController(Object(App\Controllers\Alumno\InscripcionController))
#9 C:\xampp\htdocs\comple\system\CodeIgniter.php(312): CodeIgniter\CodeIgniter->handleRequest(NULL, Object(Config\Cache), false)
#10 C:\xampp\htdocs\comple\index.php(45): CodeIgniter\CodeIgniter->run()
#11 {main}
CRITICAL - 2020-10-29 01:37:21 --> Call to undefined method App\Services\Alumno\InscripcionService::getInscripcionesPorEstatus()
#0 C:\xampp\htdocs\comple\system\CodeIgniter.php(918): App\Controllers\Alumno\InscripcionController->index()
#1 C:\xampp\htdocs\comple\system\CodeIgniter.php(404): CodeIgniter\CodeIgniter->runController(Object(App\Controllers\Alumno\InscripcionController))
#2 C:\xampp\htdocs\comple\system\CodeIgniter.php(312): CodeIgniter\CodeIgniter->handleRequest(NULL, Object(Config\Cache), false)
#3 C:\xampp\htdocs\comple\index.php(45): CodeIgniter\CodeIgniter->run()
#4 {main}
CRITICAL - 2020-10-29 01:37:41 --> Call to undefined method App\Services\Alumno\InscripcionService::unirRegistros()
#0 C:\xampp\htdocs\comple\system\CodeIgniter.php(918): App\Controllers\Alumno\InscripcionController->index()
#1 C:\xampp\htdocs\comple\system\CodeIgniter.php(404): CodeIgniter\CodeIgniter->runController(Object(App\Controllers\Alumno\InscripcionController))
#2 C:\xampp\htdocs\comple\system\CodeIgniter.php(312): CodeIgniter\CodeIgniter->handleRequest(NULL, Object(Config\Cache), false)
#3 C:\xampp\htdocs\comple\index.php(45): CodeIgniter\CodeIgniter->run()
#4 {main}
CRITICAL - 2020-10-29 01:37:50 --> Undefined property: stdClass::$tipo
#0 C:\xampp\htdocs\comple\app\Views\Alumno\Inscripcion\listar.php(42): CodeIgniter\Debug\Exceptions->errorHandler(8, 'Undefined prope...', 'C:\\xampp\\htdocs...', 42, Array)
#1 C:\xampp\htdocs\comple\system\View\View.php(246): include('C:\\xampp\\htdocs...')
#2 C:\xampp\htdocs\comple\system\Common.php(1119): CodeIgniter\View\View->render('Alumno/Inscripc...', Array, true)
#3 C:\xampp\htdocs\comple\app\Controllers\Alumno\InscripcionController.php(34): view('Alumno/Inscripc...', Array)
#4 C:\xampp\htdocs\comple\system\CodeIgniter.php(918): App\Controllers\Alumno\InscripcionController->index()
#5 C:\xampp\htdocs\comple\system\CodeIgniter.php(404): CodeIgniter\CodeIgniter->runController(Object(App\Controllers\Alumno\InscripcionController))
#6 C:\xampp\htdocs\comple\system\CodeIgniter.php(312): CodeIgniter\CodeIgniter->handleRequest(NULL, Object(Config\Cache), false)
#7 C:\xampp\htdocs\comple\index.php(45): CodeIgniter\CodeIgniter->run()
#8 {main}
CRITICAL - 2020-10-29 01:38:54 --> Undefined property: stdClass::$tipo
#0 C:\xampp\htdocs\comple\app\Views\Alumno\Inscripcion\listar.php(42): CodeIgniter\Debug\Exceptions->errorHandler(8, 'Undefined prope...', 'C:\\xampp\\htdocs...', 42, Array)
#1 C:\xampp\htdocs\comple\system\View\View.php(246): include('C:\\xampp\\htdocs...')
#2 C:\xampp\htdocs\comple\system\Common.php(1119): CodeIgniter\View\View->render('Alumno/Inscripc...', Array, true)
#3 C:\xampp\htdocs\comple\app\Controllers\Alumno\InscripcionController.php(34): view('Alumno/Inscripc...', Array)
#4 C:\xampp\htdocs\comple\system\CodeIgniter.php(918): App\Controllers\Alumno\InscripcionController->index()
#5 C:\xampp\htdocs\comple\system\CodeIgniter.php(404): CodeIgniter\CodeIgniter->runController(Object(App\Controllers\Alumno\InscripcionController))
#6 C:\xampp\htdocs\comple\system\CodeIgniter.php(312): CodeIgniter\CodeIgniter->handleRequest(NULL, Object(Config\Cache), false)
#7 C:\xampp\htdocs\comple\index.php(45): CodeIgniter\CodeIgniter->run()
#8 {main}
CRITICAL - 2020-10-29 01:39:06 --> Undefined property: stdClass::$tipos
#0 C:\xampp\htdocs\comple\app\Views\Alumno\Inscripcion\listar.php(42): CodeIgniter\Debug\Exceptions->errorHandler(8, 'Undefined prope...', 'C:\\xampp\\htdocs...', 42, Array)
#1 C:\xampp\htdocs\comple\system\View\View.php(246): include('C:\\xampp\\htdocs...')
#2 C:\xampp\htdocs\comple\system\Common.php(1119): CodeIgniter\View\View->render('Alumno/Inscripc...', Array, true)
#3 C:\xampp\htdocs\comple\app\Controllers\Alumno\InscripcionController.php(34): view('Alumno/Inscripc...', Array)
#4 C:\xampp\htdocs\comple\system\CodeIgniter.php(918): App\Controllers\Alumno\InscripcionController->index()
#5 C:\xampp\htdocs\comple\system\CodeIgniter.php(404): CodeIgniter\CodeIgniter->runController(Object(App\Controllers\Alumno\InscripcionController))
#6 C:\xampp\htdocs\comple\system\CodeIgniter.php(312): CodeIgniter\CodeIgniter->handleRequest(NULL, Object(Config\Cache), false)
#7 C:\xampp\htdocs\comple\index.php(45): CodeIgniter\CodeIgniter->run()
#8 {main}
CRITICAL - 2020-10-29 01:39:13 --> Undefined property: stdClass::$nombre
#0 C:\xampp\htdocs\comple\app\Views\Alumno\Inscripcion\listar.php(46): CodeIgniter\Debug\Exceptions->errorHandler(8, 'Undefined prope...', 'C:\\xampp\\htdocs...', 46, Array)
#1 C:\xampp\htdocs\comple\system\View\View.php(246): include('C:\\xampp\\htdocs...')
#2 C:\xampp\htdocs\comple\system\Common.php(1119): CodeIgniter\View\View->render('Alumno/Inscripc...', Array, true)
#3 C:\xampp\htdocs\comple\app\Controllers\Alumno\InscripcionController.php(34): view('Alumno/Inscripc...', Array)
#4 C:\xampp\htdocs\comple\system\CodeIgniter.php(918): App\Controllers\Alumno\InscripcionController->index()
#5 C:\xampp\htdocs\comple\system\CodeIgniter.php(404): CodeIgniter\CodeIgniter->runController(Object(App\Controllers\Alumno\InscripcionController))
#6 C:\xampp\htdocs\comple\system\CodeIgniter.php(312): CodeIgniter\CodeIgniter->handleRequest(NULL, Object(Config\Cache), false)
#7 C:\xampp\htdocs\comple\index.php(45): CodeIgniter\CodeIgniter->run()
#8 {main}
CRITICAL - 2020-10-29 01:39:23 --> Undefined variable: periodos
#0 C:\xampp\htdocs\comple\app\Views\Alumno\Inscripcion\agregar.php(28): CodeIgniter\Debug\Exceptions->errorHandler(8, 'Undefined varia...', 'C:\\xampp\\htdocs...', 28, Array)
#1 C:\xampp\htdocs\comple\system\View\View.php(246): include('C:\\xampp\\htdocs...')
#2 C:\xampp\htdocs\comple\system\Common.php(1119): CodeIgniter\View\View->render('Alumno/Inscripc...', Array, true)
#3 C:\xampp\htdocs\comple\app\Views\Alumno\Inscripcion\listar.php(57): view('Alumno/Inscripc...')
#4 C:\xampp\htdocs\comple\system\View\View.php(246): include('C:\\xampp\\htdocs...')
#5 C:\xampp\htdocs\comple\system\Common.php(1119): CodeIgniter\View\View->render('Alumno/Inscripc...', Array, true)
#6 C:\xampp\htdocs\comple\app\Controllers\Alumno\InscripcionController.php(34): view('Alumno/Inscripc...', Array)
#7 C:\xampp\htdocs\comple\system\CodeIgniter.php(918): App\Controllers\Alumno\InscripcionController->index()
#8 C:\xampp\htdocs\comple\system\CodeIgniter.php(404): CodeIgniter\CodeIgniter->runController(Object(App\Controllers\Alumno\InscripcionController))
#9 C:\xampp\htdocs\comple\system\CodeIgniter.php(312): CodeIgniter\CodeIgniter->handleRequest(NULL, Object(Config\Cache), false)
#10 C:\xampp\htdocs\comple\index.php(45): CodeIgniter\CodeIgniter->run()
#11 {main}
CRITICAL - 2020-10-29 01:40:01 --> Undefined property: stdClass::$tipo
#0 C:\xampp\htdocs\comple\app\Views\Alumno\Inscripcion\listar.php(42): CodeIgniter\Debug\Exceptions->errorHandler(8, 'Undefined prope...', 'C:\\xampp\\htdocs...', 42, Array)
#1 C:\xampp\htdocs\comple\system\View\View.php(246): include('C:\\xampp\\htdocs...')
#2 C:\xampp\htdocs\comple\system\Common.php(1119): CodeIgniter\View\View->render('Alumno/Inscripc...', Array, true)
#3 C:\xampp\htdocs\comple\app\Controllers\Alumno\InscripcionController.php(34): view('Alumno/Inscripc...', Array)
#4 C:\xampp\htdocs\comple\system\CodeIgniter.php(918): App\Controllers\Alumno\InscripcionController->index()
#5 C:\xampp\htdocs\comple\system\CodeIgniter.php(404): CodeIgniter\CodeIgniter->runController(Object(App\Controllers\Alumno\InscripcionController))
#6 C:\xampp\htdocs\comple\system\CodeIgniter.php(312): CodeIgniter\CodeIgniter->handleRequest(NULL, Object(Config\Cache), false)
#7 C:\xampp\htdocs\comple\index.php(45): CodeIgniter\CodeIgniter->run()
#8 {main}
CRITICAL - 2020-10-29 01:42:05 --> Call to undefined method App\Services\Alumno\InscripcionService::getInscripcionesPorEstatus()
#0 C:\xampp\htdocs\comple\system\CodeIgniter.php(918): App\Controllers\Alumno\InscripcionController->index()
#1 C:\xampp\htdocs\comple\system\CodeIgniter.php(404): CodeIgniter\CodeIgniter->runController(Object(App\Controllers\Alumno\InscripcionController))
#2 C:\xampp\htdocs\comple\system\CodeIgniter.php(312): CodeIgniter\CodeIgniter->handleRequest(NULL, Object(Config\Cache), false)
#3 C:\xampp\htdocs\comple\index.php(45): CodeIgniter\CodeIgniter->run()
#4 {main}
CRITICAL - 2020-10-29 01:42:41 --> Call to undefined method App\Services\Alumno\InscripcionService::getInscripcionesPorEstatus()
#0 C:\xampp\htdocs\comple\system\CodeIgniter.php(918): App\Controllers\Alumno\InscripcionController->index()
#1 C:\xampp\htdocs\comple\system\CodeIgniter.php(404): CodeIgniter\CodeIgniter->runController(Object(App\Controllers\Alumno\InscripcionController))
#2 C:\xampp\htdocs\comple\system\CodeIgniter.php(312): CodeIgniter\CodeIgniter->handleRequest(NULL, Object(Config\Cache), false)
#3 C:\xampp\htdocs\comple\index.php(45): CodeIgniter\CodeIgniter->run()
#4 {main}
CRITICAL - 2020-10-29 01:42:45 --> Call to undefined method App\Services\Alumno\InscripcionService::getInscripcionesPorEstatus()
#0 C:\xampp\htdocs\comple\system\CodeIgniter.php(918): App\Controllers\Alumno\InscripcionController->index()
#1 C:\xampp\htdocs\comple\system\CodeIgniter.php(404): CodeIgniter\CodeIgniter->runController(Object(App\Controllers\Alumno\InscripcionController))
#2 C:\xampp\htdocs\comple\system\CodeIgniter.php(312): CodeIgniter\CodeIgniter->handleRequest(NULL, Object(Config\Cache), false)
#3 C:\xampp\htdocs\comple\index.php(45): CodeIgniter\CodeIgniter->run()
#4 {main}
CRITICAL - 2020-10-29 01:42:46 --> Call to undefined method App\Services\Alumno\InscripcionService::getInscripcionesPorEstatus()
#0 C:\xampp\htdocs\comple\system\CodeIgniter.php(918): App\Controllers\Alumno\InscripcionController->index()
#1 C:\xampp\htdocs\comple\system\CodeIgniter.php(404): CodeIgniter\CodeIgniter->runController(Object(App\Controllers\Alumno\InscripcionController))
#2 C:\xampp\htdocs\comple\system\CodeIgniter.php(312): CodeIgniter\CodeIgniter->handleRequest(NULL, Object(Config\Cache), false)
#3 C:\xampp\htdocs\comple\index.php(45): CodeIgniter\CodeIgniter->run()
#4 {main}
CRITICAL - 2020-10-29 01:42:47 --> Call to undefined method App\Services\Alumno\InscripcionService::getInscripcionesPorEstatus()
#0 C:\xampp\htdocs\comple\system\CodeIgniter.php(918): App\Controllers\Alumno\InscripcionController->index()
#1 C:\xampp\htdocs\comple\system\CodeIgniter.php(404): CodeIgniter\CodeIgniter->runController(Object(App\Controllers\Alumno\InscripcionController))
#2 C:\xampp\htdocs\comple\system\CodeIgniter.php(312): CodeIgniter\CodeIgniter->handleRequest(NULL, Object(Config\Cache), false)
#3 C:\xampp\htdocs\comple\index.php(45): CodeIgniter\CodeIgniter->run()
#4 {main}
CRITICAL - 2020-10-29 01:42:48 --> Call to undefined method App\Services\Alumno\InscripcionService::getInscripcionesPorEstatus()
#0 C:\xampp\htdocs\comple\system\CodeIgniter.php(918): App\Controllers\Alumno\InscripcionController->index()
#1 C:\xampp\htdocs\comple\system\CodeIgniter.php(404): CodeIgniter\CodeIgniter->runController(Object(App\Controllers\Alumno\InscripcionController))
#2 C:\xampp\htdocs\comple\system\CodeIgniter.php(312): CodeIgniter\CodeIgniter->handleRequest(NULL, Object(Config\Cache), false)
#3 C:\xampp\htdocs\comple\index.php(45): CodeIgniter\CodeIgniter->run()
#4 {main}
CRITICAL - 2020-10-29 01:42:48 --> Call to undefined method App\Services\Alumno\InscripcionService::getInscripcionesPorEstatus()
#0 C:\xampp\htdocs\comple\system\CodeIgniter.php(918): App\Controllers\Alumno\InscripcionController->index()
#1 C:\xampp\htdocs\comple\system\CodeIgniter.php(404): CodeIgniter\CodeIgniter->runController(Object(App\Controllers\Alumno\InscripcionController))
#2 C:\xampp\htdocs\comple\system\CodeIgniter.php(312): CodeIgniter\CodeIgniter->handleRequest(NULL, Object(Config\Cache), false)
#3 C:\xampp\htdocs\comple\index.php(45): CodeIgniter\CodeIgniter->run()
#4 {main}
CRITICAL - 2020-10-29 01:44:01 --> Call to undefined method App\Services\Alumno\InscripcionService::getInscripcionesPorEstatus()
#0 C:\xampp\htdocs\comple\system\CodeIgniter.php(918): App\Controllers\Alumno\InscripcionController->index()
#1 C:\xampp\htdocs\comple\system\CodeIgniter.php(404): CodeIgniter\CodeIgniter->runController(Object(App\Controllers\Alumno\InscripcionController))
#2 C:\xampp\htdocs\comple\system\CodeIgniter.php(312): CodeIgniter\CodeIgniter->handleRequest(NULL, Object(Config\Cache), false)
#3 C:\xampp\htdocs\comple\index.php(45): CodeIgniter\CodeIgniter->run()
#4 {main}
CRITICAL - 2020-10-29 01:44:04 --> Call to undefined method App\Services\Alumno\InscripcionService::getInscripcionesPorEstatus()
#0 C:\xampp\htdocs\comple\system\CodeIgniter.php(918): App\Controllers\Alumno\InscripcionController->index()
#1 C:\xampp\htdocs\comple\system\CodeIgniter.php(404): CodeIgniter\CodeIgniter->runController(Object(App\Controllers\Alumno\InscripcionController))
#2 C:\xampp\htdocs\comple\system\CodeIgniter.php(312): CodeIgniter\CodeIgniter->handleRequest(NULL, Object(Config\Cache), false)
#3 C:\xampp\htdocs\comple\index.php(45): CodeIgniter\CodeIgniter->run()
#4 {main}
CRITICAL - 2020-10-29 01:44:16 --> Call to undefined method App\Services\Alumno\InscripcionService::getInscripcionesPorEstatus()
#0 C:\xampp\htdocs\comple\system\CodeIgniter.php(918): App\Controllers\Alumno\InscripcionController->index()
#1 C:\xampp\htdocs\comple\system\CodeIgniter.php(404): CodeIgniter\CodeIgniter->runController(Object(App\Controllers\Alumno\InscripcionController))
#2 C:\xampp\htdocs\comple\system\CodeIgniter.php(312): CodeIgniter\CodeIgniter->handleRequest(NULL, Object(Config\Cache), false)
#3 C:\xampp\htdocs\comple\index.php(45): CodeIgniter\CodeIgniter->run()
#4 {main}
CRITICAL - 2020-10-29 01:44:17 --> Call to undefined method App\Services\Alumno\InscripcionService::getInscripcionesPorEstatus()
#0 C:\xampp\htdocs\comple\system\CodeIgniter.php(918): App\Controllers\Alumno\InscripcionController->index()
#1 C:\xampp\htdocs\comple\system\CodeIgniter.php(404): CodeIgniter\CodeIgniter->runController(Object(App\Controllers\Alumno\InscripcionController))
#2 C:\xampp\htdocs\comple\system\CodeIgniter.php(312): CodeIgniter\CodeIgniter->handleRequest(NULL, Object(Config\Cache), false)
#3 C:\xampp\htdocs\comple\index.php(45): CodeIgniter\CodeIgniter->run()
#4 {main}
CRITICAL - 2020-10-29 01:44:18 --> Call to undefined method App\Services\Alumno\InscripcionService::getInscripcionesPorEstatus()
#0 C:\xampp\htdocs\comple\system\CodeIgniter.php(918): App\Controllers\Alumno\InscripcionController->index()
#1 C:\xampp\htdocs\comple\system\CodeIgniter.php(404): CodeIgniter\CodeIgniter->runController(Object(App\Controllers\Alumno\InscripcionController))
#2 C:\xampp\htdocs\comple\system\CodeIgniter.php(312): CodeIgniter\CodeIgniter->handleRequest(NULL, Object(Config\Cache), false)
#3 C:\xampp\htdocs\comple\index.php(45): CodeIgniter\CodeIgniter->run()
#4 {main}
CRITICAL - 2020-10-29 01:44:18 --> Call to undefined method App\Services\Alumno\InscripcionService::getInscripcionesPorEstatus()
#0 C:\xampp\htdocs\comple\system\CodeIgniter.php(918): App\Controllers\Alumno\InscripcionController->index()
#1 C:\xampp\htdocs\comple\system\CodeIgniter.php(404): CodeIgniter\CodeIgniter->runController(Object(App\Controllers\Alumno\InscripcionController))
#2 C:\xampp\htdocs\comple\system\CodeIgniter.php(312): CodeIgniter\CodeIgniter->handleRequest(NULL, Object(Config\Cache), false)
#3 C:\xampp\htdocs\comple\index.php(45): CodeIgniter\CodeIgniter->run()
#4 {main}
CRITICAL - 2020-10-29 01:44:19 --> Call to undefined method App\Services\Alumno\InscripcionService::getInscripcionesPorEstatus()
#0 C:\xampp\htdocs\comple\system\CodeIgniter.php(918): App\Controllers\Alumno\InscripcionController->index()
#1 C:\xampp\htdocs\comple\system\CodeIgniter.php(404): CodeIgniter\CodeIgniter->runController(Object(App\Controllers\Alumno\InscripcionController))
#2 C:\xampp\htdocs\comple\system\CodeIgniter.php(312): CodeIgniter\CodeIgniter->handleRequest(NULL, Object(Config\Cache), false)
#3 C:\xampp\htdocs\comple\index.php(45): CodeIgniter\CodeIgniter->run()
#4 {main}
CRITICAL - 2020-10-29 01:46:12 --> Undefined variable: periodos
#0 C:\xampp\htdocs\comple\app\Views\Alumno\Inscripcion\agregar.php(28): CodeIgniter\Debug\Exceptions->errorHandler(8, 'Undefined varia...', 'C:\\xampp\\htdocs...', 28, Array)
#1 C:\xampp\htdocs\comple\system\View\View.php(246): include('C:\\xampp\\htdocs...')
#2 C:\xampp\htdocs\comple\system\Common.php(1119): CodeIgniter\View\View->render('Alumno/Inscripc...', Array, true)
#3 C:\xampp\htdocs\comple\app\Views\Alumno\Inscripcion\listar.php(59): view('Alumno/Inscripc...')
#4 C:\xampp\htdocs\comple\system\View\View.php(246): include('C:\\xampp\\htdocs...')
#5 C:\xampp\htdocs\comple\system\Common.php(1119): CodeIgniter\View\View->render('Alumno/Inscripc...', Array, true)
#6 C:\xampp\htdocs\comple\app\Controllers\Alumno\InscripcionController.php(24): view('Alumno/Inscripc...', Array)
#7 C:\xampp\htdocs\comple\system\CodeIgniter.php(918): App\Controllers\Alumno\InscripcionController->index()
#8 C:\xampp\htdocs\comple\system\CodeIgniter.php(404): CodeIgniter\CodeIgniter->runController(Object(App\Controllers\Alumno\InscripcionController))
#9 C:\xampp\htdocs\comple\system\CodeIgniter.php(312): CodeIgniter\CodeIgniter->handleRequest(NULL, Object(Config\Cache), false)
#10 C:\xampp\htdocs\comple\index.php(45): CodeIgniter\CodeIgniter->run()
#11 {main}
CRITICAL - 2020-10-29 01:47:52 --> Call to undefined method App\Services\Alumno\InscripcionService::getInscripcionesPorEstatus()
#0 C:\xampp\htdocs\comple\system\CodeIgniter.php(918): App\Controllers\Alumno\InscripcionController->index()
#1 C:\xampp\htdocs\comple\system\CodeIgniter.php(404): CodeIgniter\CodeIgniter->runController(Object(App\Controllers\Alumno\InscripcionController))
#2 C:\xampp\htdocs\comple\system\CodeIgniter.php(312): CodeIgniter\CodeIgniter->handleRequest(NULL, Object(Config\Cache), false)
#3 C:\xampp\htdocs\comple\index.php(45): CodeIgniter\CodeIgniter->run()
#4 {main}
CRITICAL - 2020-10-29 01:48:46 --> Undefined variable: actividades
#0 C:\xampp\htdocs\comple\app\Controllers\Alumno\InscripcionController.php(24): CodeIgniter\Debug\Exceptions->errorHandler(8, 'Undefined varia...', 'C:\\xampp\\htdocs...', 24, Array)
#1 C:\xampp\htdocs\comple\system\CodeIgniter.php(918): App\Controllers\Alumno\InscripcionController->index()
#2 C:\xampp\htdocs\comple\system\CodeIgniter.php(404): CodeIgniter\CodeIgniter->runController(Object(App\Controllers\Alumno\InscripcionController))
#3 C:\xampp\htdocs\comple\system\CodeIgniter.php(312): CodeIgniter\CodeIgniter->handleRequest(NULL, Object(Config\Cache), false)
#4 C:\xampp\htdocs\comple\index.php(45): CodeIgniter\CodeIgniter->run()
#5 {main}
CRITICAL - 2020-10-29 01:49:17 --> Undefined variable: periodos
#0 C:\xampp\htdocs\comple\app\Views\Alumno\Inscripcion\agregar.php(28): CodeIgniter\Debug\Exceptions->errorHandler(8, 'Undefined varia...', 'C:\\xampp\\htdocs...', 28, Array)
#1 C:\xampp\htdocs\comple\system\View\View.php(246): include('C:\\xampp\\htdocs...')
#2 C:\xampp\htdocs\comple\system\Common.php(1119): CodeIgniter\View\View->render('Alumno/Inscripc...', Array, true)
#3 C:\xampp\htdocs\comple\app\Views\Alumno\Inscripcion\listar.php(59): view('Alumno/Inscripc...')
#4 C:\xampp\htdocs\comple\system\View\View.php(246): include('C:\\xampp\\htdocs...')
#5 C:\xampp\htdocs\comple\system\Common.php(1119): CodeIgniter\View\View->render('Alumno/Inscripc...', Array, true)
#6 C:\xampp\htdocs\comple\app\Controllers\Alumno\InscripcionController.php(24): view('Alumno/Inscripc...', Array)
#7 C:\xampp\htdocs\comple\system\CodeIgniter.php(918): App\Controllers\Alumno\InscripcionController->index()
#8 C:\xampp\htdocs\comple\system\CodeIgniter.php(404): CodeIgniter\CodeIgniter->runController(Object(App\Controllers\Alumno\InscripcionController))
#9 C:\xampp\htdocs\comple\system\CodeIgniter.php(312): CodeIgniter\CodeIgniter->handleRequest(NULL, Object(Config\Cache), false)
#10 C:\xampp\htdocs\comple\index.php(45): CodeIgniter\CodeIgniter->run()
#11 {main}
CRITICAL - 2020-10-29 02:10:46 --> Undefined variable: periodos
#0 C:\xampp\htdocs\comple\app\Views\Alumno\Inscripcion\agregar.php(28): CodeIgniter\Debug\Exceptions->errorHandler(8, 'Undefined varia...', 'C:\\xampp\\htdocs...', 28, Array)
#1 C:\xampp\htdocs\comple\system\View\View.php(246): include('C:\\xampp\\htdocs...')
#2 C:\xampp\htdocs\comple\system\Common.php(1119): CodeIgniter\View\View->render('Alumno/Inscripc...', Array, true)
#3 C:\xampp\htdocs\comple\app\Views\Alumno\Inscripcion\listar.php(59): view('Alumno/Inscripc...')
#4 C:\xampp\htdocs\comple\system\View\View.php(246): include('C:\\xampp\\htdocs...')
#5 C:\xampp\htdocs\comple\system\Common.php(1119): CodeIgniter\View\View->render('Alumno/Inscripc...', Array, true)
#6 C:\xampp\htdocs\comple\app\Controllers\Alumno\InscripcionController.php(24): view('Alumno/Inscripc...', Array)
#7 C:\xampp\htdocs\comple\system\CodeIgniter.php(918): App\Controllers\Alumno\InscripcionController->index()
#8 C:\xampp\htdocs\comple\system\CodeIgniter.php(404): CodeIgniter\CodeIgniter->runController(Object(App\Controllers\Alumno\InscripcionController))
#9 C:\xampp\htdocs\comple\system\CodeIgniter.php(312): CodeIgniter\CodeIgniter->handleRequest(NULL, Object(Config\Cache), false)
#10 C:\xampp\htdocs\comple\index.php(45): CodeIgniter\CodeIgniter->run()
#11 {main}
