CRITICAL - 2020-10-31 09:02:14 --> Trying to get property 'num_control' of non-object
#0 C:\xampp\htdocs\comple\app\Controllers\Alumno\InscripcionController.php(17): CodeIgniter\Debug\Exceptions->errorHandler(8, 'Trying to get p...', 'C:\\xampp\\htdocs...', 17, Array)
#1 C:\xampp\htdocs\comple\system\CodeIgniter.php(918): App\Controllers\Alumno\InscripcionController->index()
#2 C:\xampp\htdocs\comple\system\CodeIgniter.php(404): CodeIgniter\CodeIgniter->runController(Object(App\Controllers\Alumno\InscripcionController))
#3 C:\xampp\htdocs\comple\system\CodeIgniter.php(312): CodeIgniter\CodeIgniter->handleRequest(NULL, Object(Config\Cache), false)
#4 C:\xampp\htdocs\comple\index.php(45): CodeIgniter\CodeIgniter->run()
#5 {main}
CRITICAL - 2020-10-31 09:02:26 --> Trying to get property 'num_control' of non-object
#0 C:\xampp\htdocs\comple\app\Controllers\Alumno\InscripcionController.php(17): CodeIgniter\Debug\Exceptions->errorHandler(8, 'Trying to get p...', 'C:\\xampp\\htdocs...', 17, Array)
#1 C:\xampp\htdocs\comple\system\CodeIgniter.php(918): App\Controllers\Alumno\InscripcionController->index()
#2 C:\xampp\htdocs\comple\system\CodeIgniter.php(404): CodeIgniter\CodeIgniter->runController(Object(App\Controllers\Alumno\InscripcionController))
#3 C:\xampp\htdocs\comple\system\CodeIgniter.php(312): CodeIgniter\CodeIgniter->handleRequest(NULL, Object(Config\Cache), false)
#4 C:\xampp\htdocs\comple\index.php(45): CodeIgniter\CodeIgniter->run()
#5 {main}
CRITICAL - 2020-10-31 09:02:28 --> Trying to get property 'num_control' of non-object
#0 C:\xampp\htdocs\comple\app\Controllers\Alumno\InicioController.php(17): CodeIgniter\Debug\Exceptions->errorHandler(8, 'Trying to get p...', 'C:\\xampp\\htdocs...', 17, Array)
#1 C:\xampp\htdocs\comple\system\CodeIgniter.php(918): App\Controllers\Alumno\InicioController->index()
#2 C:\xampp\htdocs\comple\system\CodeIgniter.php(404): CodeIgniter\CodeIgniter->runController(Object(App\Controllers\Alumno\InicioController))
#3 C:\xampp\htdocs\comple\system\CodeIgniter.php(312): CodeIgniter\CodeIgniter->handleRequest(NULL, Object(Config\Cache), false)
#4 C:\xampp\htdocs\comple\index.php(45): CodeIgniter\CodeIgniter->run()
#5 {main}
CRITICAL - 2020-10-31 09:02:31 --> Trying to get property 'num_control' of non-object
#0 C:\xampp\htdocs\comple\app\Controllers\Alumno\InscripcionController.php(17): CodeIgniter\Debug\Exceptions->errorHandler(8, 'Trying to get p...', 'C:\\xampp\\htdocs...', 17, Array)
#1 C:\xampp\htdocs\comple\system\CodeIgniter.php(918): App\Controllers\Alumno\InscripcionController->index()
#2 C:\xampp\htdocs\comple\system\CodeIgniter.php(404): CodeIgniter\CodeIgniter->runController(Object(App\Controllers\Alumno\InscripcionController))
#3 C:\xampp\htdocs\comple\system\CodeIgniter.php(312): CodeIgniter\CodeIgniter->handleRequest(NULL, Object(Config\Cache), false)
#4 C:\xampp\htdocs\comple\index.php(45): CodeIgniter\CodeIgniter->run()
#5 {main}
CRITICAL - 2020-10-31 09:02:33 --> Trying to get property 'num_control' of non-object
#0 C:\xampp\htdocs\comple\app\Controllers\Alumno\InicioController.php(17): CodeIgniter\Debug\Exceptions->errorHandler(8, 'Trying to get p...', 'C:\\xampp\\htdocs...', 17, Array)
#1 C:\xampp\htdocs\comple\system\CodeIgniter.php(918): App\Controllers\Alumno\InicioController->index()
#2 C:\xampp\htdocs\comple\system\CodeIgniter.php(404): CodeIgniter\CodeIgniter->runController(Object(App\Controllers\Alumno\InicioController))
#3 C:\xampp\htdocs\comple\system\CodeIgniter.php(312): CodeIgniter\CodeIgniter->handleRequest(NULL, Object(Config\Cache), false)
#4 C:\xampp\htdocs\comple\index.php(45): CodeIgniter\CodeIgniter->run()
#5 {main}
CRITICAL - 2020-10-31 09:02:35 --> Trying to get property 'num_control' of non-object
#0 C:\xampp\htdocs\comple\app\Controllers\Alumno\InscripcionController.php(17): CodeIgniter\Debug\Exceptions->errorHandler(8, 'Trying to get p...', 'C:\\xampp\\htdocs...', 17, Array)
#1 C:\xampp\htdocs\comple\system\CodeIgniter.php(918): App\Controllers\Alumno\InscripcionController->index()
#2 C:\xampp\htdocs\comple\system\CodeIgniter.php(404): CodeIgniter\CodeIgniter->runController(Object(App\Controllers\Alumno\InscripcionController))
#3 C:\xampp\htdocs\comple\system\CodeIgniter.php(312): CodeIgniter\CodeIgniter->handleRequest(NULL, Object(Config\Cache), false)
#4 C:\xampp\htdocs\comple\index.php(45): CodeIgniter\CodeIgniter->run()
#5 {main}
CRITICAL - 2020-10-31 09:02:38 --> Trying to get property 'num_control' of non-object
#0 C:\xampp\htdocs\comple\app\Controllers\Alumno\InicioController.php(17): CodeIgniter\Debug\Exceptions->errorHandler(8, 'Trying to get p...', 'C:\\xampp\\htdocs...', 17, Array)
#1 C:\xampp\htdocs\comple\system\CodeIgniter.php(918): App\Controllers\Alumno\InicioController->index()
#2 C:\xampp\htdocs\comple\system\CodeIgniter.php(404): CodeIgniter\CodeIgniter->runController(Object(App\Controllers\Alumno\InicioController))
#3 C:\xampp\htdocs\comple\system\CodeIgniter.php(312): CodeIgniter\CodeIgniter->handleRequest(NULL, Object(Config\Cache), false)
#4 C:\xampp\htdocs\comple\index.php(45): CodeIgniter\CodeIgniter->run()
#5 {main}
CRITICAL - 2020-10-31 09:02:40 --> Trying to get property 'num_control' of non-object
#0 C:\xampp\htdocs\comple\app\Controllers\Alumno\InscripcionController.php(17): CodeIgniter\Debug\Exceptions->errorHandler(8, 'Trying to get p...', 'C:\\xampp\\htdocs...', 17, Array)
#1 C:\xampp\htdocs\comple\system\CodeIgniter.php(918): App\Controllers\Alumno\InscripcionController->index()
#2 C:\xampp\htdocs\comple\system\CodeIgniter.php(404): CodeIgniter\CodeIgniter->runController(Object(App\Controllers\Alumno\InscripcionController))
#3 C:\xampp\htdocs\comple\system\CodeIgniter.php(312): CodeIgniter\CodeIgniter->handleRequest(NULL, Object(Config\Cache), false)
#4 C:\xampp\htdocs\comple\index.php(45): CodeIgniter\CodeIgniter->run()
#5 {main}
CRITICAL - 2020-10-31 09:02:41 --> Trying to get property 'num_control' of non-object
#0 C:\xampp\htdocs\comple\app\Controllers\Alumno\InicioController.php(17): CodeIgniter\Debug\Exceptions->errorHandler(8, 'Trying to get p...', 'C:\\xampp\\htdocs...', 17, Array)
#1 C:\xampp\htdocs\comple\system\CodeIgniter.php(918): App\Controllers\Alumno\InicioController->index()
#2 C:\xampp\htdocs\comple\system\CodeIgniter.php(404): CodeIgniter\CodeIgniter->runController(Object(App\Controllers\Alumno\InicioController))
#3 C:\xampp\htdocs\comple\system\CodeIgniter.php(312): CodeIgniter\CodeIgniter->handleRequest(NULL, Object(Config\Cache), false)
#4 C:\xampp\htdocs\comple\index.php(45): CodeIgniter\CodeIgniter->run()
#5 {main}
CRITICAL - 2020-10-31 09:02:42 --> Trying to get property 'num_control' of non-object
#0 C:\xampp\htdocs\comple\app\Controllers\Alumno\InscripcionController.php(17): CodeIgniter\Debug\Exceptions->errorHandler(8, 'Trying to get p...', 'C:\\xampp\\htdocs...', 17, Array)
#1 C:\xampp\htdocs\comple\system\CodeIgniter.php(918): App\Controllers\Alumno\InscripcionController->index()
#2 C:\xampp\htdocs\comple\system\CodeIgniter.php(404): CodeIgniter\CodeIgniter->runController(Object(App\Controllers\Alumno\InscripcionController))
#3 C:\xampp\htdocs\comple\system\CodeIgniter.php(312): CodeIgniter\CodeIgniter->handleRequest(NULL, Object(Config\Cache), false)
#4 C:\xampp\htdocs\comple\index.php(45): CodeIgniter\CodeIgniter->run()
#5 {main}
CRITICAL - 2020-10-31 09:02:44 --> Trying to get property 'num_control' of non-object
#0 C:\xampp\htdocs\comple\app\Controllers\Alumno\InicioController.php(17): CodeIgniter\Debug\Exceptions->errorHandler(8, 'Trying to get p...', 'C:\\xampp\\htdocs...', 17, Array)
#1 C:\xampp\htdocs\comple\system\CodeIgniter.php(918): App\Controllers\Alumno\InicioController->index()
#2 C:\xampp\htdocs\comple\system\CodeIgniter.php(404): CodeIgniter\CodeIgniter->runController(Object(App\Controllers\Alumno\InicioController))
#3 C:\xampp\htdocs\comple\system\CodeIgniter.php(312): CodeIgniter\CodeIgniter->handleRequest(NULL, Object(Config\Cache), false)
#4 C:\xampp\htdocs\comple\index.php(45): CodeIgniter\CodeIgniter->run()
#5 {main}
CRITICAL - 2020-10-31 09:02:45 --> Trying to get property 'num_control' of non-object
#0 C:\xampp\htdocs\comple\app\Controllers\Alumno\InscripcionController.php(17): CodeIgniter\Debug\Exceptions->errorHandler(8, 'Trying to get p...', 'C:\\xampp\\htdocs...', 17, Array)
#1 C:\xampp\htdocs\comple\system\CodeIgniter.php(918): App\Controllers\Alumno\InscripcionController->index()
#2 C:\xampp\htdocs\comple\system\CodeIgniter.php(404): CodeIgniter\CodeIgniter->runController(Object(App\Controllers\Alumno\InscripcionController))
#3 C:\xampp\htdocs\comple\system\CodeIgniter.php(312): CodeIgniter\CodeIgniter->handleRequest(NULL, Object(Config\Cache), false)
#4 C:\xampp\htdocs\comple\index.php(45): CodeIgniter\CodeIgniter->run()
#5 {main}
CRITICAL - 2020-10-31 09:02:46 --> Trying to get property 'num_control' of non-object
#0 C:\xampp\htdocs\comple\app\Controllers\Alumno\InicioController.php(17): CodeIgniter\Debug\Exceptions->errorHandler(8, 'Trying to get p...', 'C:\\xampp\\htdocs...', 17, Array)
#1 C:\xampp\htdocs\comple\system\CodeIgniter.php(918): App\Controllers\Alumno\InicioController->index()
#2 C:\xampp\htdocs\comple\system\CodeIgniter.php(404): CodeIgniter\CodeIgniter->runController(Object(App\Controllers\Alumno\InicioController))
#3 C:\xampp\htdocs\comple\system\CodeIgniter.php(312): CodeIgniter\CodeIgniter->handleRequest(NULL, Object(Config\Cache), false)
#4 C:\xampp\htdocs\comple\index.php(45): CodeIgniter\CodeIgniter->run()
#5 {main}
CRITICAL - 2020-10-31 09:29:58 --> Undefined variable: periodos
#0 C:\xampp\htdocs\comple\app\Views\Alumno\Inscripcion\agregar.php(28): CodeIgniter\Debug\Exceptions->errorHandler(8, 'Undefined varia...', 'C:\\xampp\\htdocs...', 28, Array)
#1 C:\xampp\htdocs\comple\system\View\View.php(246): include('C:\\xampp\\htdocs...')
#2 C:\xampp\htdocs\comple\system\Common.php(1119): CodeIgniter\View\View->render('Alumno/Inscripc...', Array, true)
#3 C:\xampp\htdocs\comple\app\Views\Alumno\Inscripcion\listar.php(59): view('Alumno/Inscripc...')
#4 C:\xampp\htdocs\comple\system\View\View.php(246): include('C:\\xampp\\htdocs...')
#5 C:\xampp\htdocs\comple\system\Common.php(1119): CodeIgniter\View\View->render('Alumno/Inscripc...', Array, true)
#6 C:\xampp\htdocs\comple\app\Controllers\Alumno\InscripcionController.php(24): view('Alumno/Inscripc...', Array)
#7 C:\xampp\htdocs\comple\system\CodeIgniter.php(918): App\Controllers\Alumno\InscripcionController->index()
#8 C:\xampp\htdocs\comple\system\CodeIgniter.php(404): CodeIgniter\CodeIgniter->runController(Object(App\Controllers\Alumno\InscripcionController))
#9 C:\xampp\htdocs\comple\system\CodeIgniter.php(312): CodeIgniter\CodeIgniter->handleRequest(NULL, Object(Config\Cache), false)
#10 C:\xampp\htdocs\comple\index.php(45): CodeIgniter\CodeIgniter->run()
#11 {main}
CRITICAL - 2020-10-31 09:32:53 --> Undefined property: stdClass::$nombre
#0 C:\xampp\htdocs\comple\app\Views\Alumno\Inicio\Actividades.php(43): CodeIgniter\Debug\Exceptions->errorHandler(8, 'Undefined prope...', 'C:\\xampp\\htdocs...', 43, Array)
#1 C:\xampp\htdocs\comple\system\View\View.php(246): include('C:\\xampp\\htdocs...')
#2 C:\xampp\htdocs\comple\system\Common.php(1119): CodeIgniter\View\View->render('Alumno/Inicio/A...', Array, true)
#3 C:\xampp\htdocs\comple\app\Controllers\Alumno\InicioController.php(24): view('Alumno/Inicio/A...', Array)
#4 C:\xampp\htdocs\comple\system\CodeIgniter.php(918): App\Controllers\Alumno\InicioController->index()
#5 C:\xampp\htdocs\comple\system\CodeIgniter.php(404): CodeIgniter\CodeIgniter->runController(Object(App\Controllers\Alumno\InicioController))
#6 C:\xampp\htdocs\comple\system\CodeIgniter.php(312): CodeIgniter\CodeIgniter->handleRequest(NULL, Object(Config\Cache), false)
#7 C:\xampp\htdocs\comple\index.php(45): CodeIgniter\CodeIgniter->run()
#8 {main}
CRITICAL - 2020-10-31 09:35:46 --> Undefined property: stdClass::$tipo
#0 C:\xampp\htdocs\comple\app\Views\Alumno\Inicio\Actividades.php(43): CodeIgniter\Debug\Exceptions->errorHandler(8, 'Undefined prope...', 'C:\\xampp\\htdocs...', 43, Array)
#1 C:\xampp\htdocs\comple\system\View\View.php(246): include('C:\\xampp\\htdocs...')
#2 C:\xampp\htdocs\comple\system\Common.php(1119): CodeIgniter\View\View->render('Alumno/Inicio/A...', Array, true)
#3 C:\xampp\htdocs\comple\app\Controllers\Alumno\InicioController.php(24): view('Alumno/Inicio/A...', Array)
#4 C:\xampp\htdocs\comple\system\CodeIgniter.php(918): App\Controllers\Alumno\InicioController->index()
#5 C:\xampp\htdocs\comple\system\CodeIgniter.php(404): CodeIgniter\CodeIgniter->runController(Object(App\Controllers\Alumno\InicioController))
#6 C:\xampp\htdocs\comple\system\CodeIgniter.php(312): CodeIgniter\CodeIgniter->handleRequest(NULL, Object(Config\Cache), false)
#7 C:\xampp\htdocs\comple\index.php(45): CodeIgniter\CodeIgniter->run()
#8 {main}
CRITICAL - 2020-10-31 09:36:41 --> Unknown column 'ta.id_tipo_actividad as tipo ta.rfc_responsable' in 'field list'
#0 C:\xampp\htdocs\comple\system\Database\MySQLi\Connection.php(331): mysqli->query('SELECT `a`.`per...')
#1 C:\xampp\htdocs\comple\system\Database\BaseConnection.php(741): CodeIgniter\Database\MySQLi\Connection->execute('SELECT `a`.`per...')
#2 C:\xampp\htdocs\comple\system\Database\BaseConnection.php(669): CodeIgniter\Database\BaseConnection->simpleQuery('SELECT `a`.`per...')
#3 C:\xampp\htdocs\comple\system\Database\BaseBuilder.php(1860): CodeIgniter\Database\BaseConnection->query('SELECT `a`.`per...', Array, false)
#4 C:\xampp\htdocs\comple\app\Models\Alumno\ActividadesModel.php(28): CodeIgniter\Database\BaseBuilder->get()
#5 C:\xampp\htdocs\comple\app\Services\Alumno\ActividadesService.php(20): App\Models\Alumno\ActividadesModel->getActividadesPorAlumno('151160034 ')
#6 C:\xampp\htdocs\comple\app\Controllers\Alumno\InicioController.php(19): App\Services\Alumno\ActividadesService->getActividadesPorAlumno('151160034 ')
#7 C:\xampp\htdocs\comple\system\CodeIgniter.php(918): App\Controllers\Alumno\InicioController->index()
#8 C:\xampp\htdocs\comple\system\CodeIgniter.php(404): CodeIgniter\CodeIgniter->runController(Object(App\Controllers\Alumno\InicioController))
#9 C:\xampp\htdocs\comple\system\CodeIgniter.php(312): CodeIgniter\CodeIgniter->handleRequest(NULL, Object(Config\Cache), false)
#10 C:\xampp\htdocs\comple\index.php(45): CodeIgniter\CodeIgniter->run()
#11 {main}
CRITICAL - 2020-10-31 09:37:20 --> Undefined variable: periodos
#0 C:\xampp\htdocs\comple\app\Views\Alumno\Inscripcion\agregar.php(28): CodeIgniter\Debug\Exceptions->errorHandler(8, 'Undefined varia...', 'C:\\xampp\\htdocs...', 28, Array)
#1 C:\xampp\htdocs\comple\system\View\View.php(246): include('C:\\xampp\\htdocs...')
#2 C:\xampp\htdocs\comple\system\Common.php(1119): CodeIgniter\View\View->render('Alumno/Inscripc...', Array, true)
#3 C:\xampp\htdocs\comple\app\Views\Alumno\Inscripcion\listar.php(59): view('Alumno/Inscripc...')
#4 C:\xampp\htdocs\comple\system\View\View.php(246): include('C:\\xampp\\htdocs...')
#5 C:\xampp\htdocs\comple\system\Common.php(1119): CodeIgniter\View\View->render('Alumno/Inscripc...', Array, true)
#6 C:\xampp\htdocs\comple\app\Controllers\Alumno\InscripcionController.php(24): view('Alumno/Inscripc...', Array)
#7 C:\xampp\htdocs\comple\system\CodeIgniter.php(918): App\Controllers\Alumno\InscripcionController->index()
#8 C:\xampp\htdocs\comple\system\CodeIgniter.php(404): CodeIgniter\CodeIgniter->runController(Object(App\Controllers\Alumno\InscripcionController))
#9 C:\xampp\htdocs\comple\system\CodeIgniter.php(312): CodeIgniter\CodeIgniter->handleRequest(NULL, Object(Config\Cache), false)
#10 C:\xampp\htdocs\comple\index.php(45): CodeIgniter\CodeIgniter->run()
#11 {main}
CRITICAL - 2020-10-31 09:41:25 --> Archivo inválido: Alumno/Inscripcion/agregar.php
#0 C:\xampp\htdocs\comple\system\View\View.php(228): CodeIgniter\Exceptions\FrameworkException::forInvalidFile('Alumno/Inscripc...')
#1 C:\xampp\htdocs\comple\system\Common.php(1119): CodeIgniter\View\View->render('Alumno/Inscripc...', Array, true)
#2 C:\xampp\htdocs\comple\app\Views\Alumno\Inscripcion\listar.php(59): view('Alumno/Inscripc...')
#3 C:\xampp\htdocs\comple\system\View\View.php(246): include('C:\\xampp\\htdocs...')
#4 C:\xampp\htdocs\comple\system\Common.php(1119): CodeIgniter\View\View->render('Alumno/Inscripc...', Array, true)
#5 C:\xampp\htdocs\comple\app\Controllers\Alumno\InscripcionController.php(24): view('Alumno/Inscripc...', Array)
#6 C:\xampp\htdocs\comple\system\CodeIgniter.php(918): App\Controllers\Alumno\InscripcionController->index()
#7 C:\xampp\htdocs\comple\system\CodeIgniter.php(404): CodeIgniter\CodeIgniter->runController(Object(App\Controllers\Alumno\InscripcionController))
#8 C:\xampp\htdocs\comple\system\CodeIgniter.php(312): CodeIgniter\CodeIgniter->handleRequest(NULL, Object(Config\Cache), false)
#9 C:\xampp\htdocs\comple\index.php(45): CodeIgniter\CodeIgniter->run()
#10 {main}
