CRITICAL - 2020-12-29 01:06:01 --> Undefined index: sexo
#0 C:\xampp\htdocs\comple\app\Services\Responsable\CalificacionService.php(26): CodeIgniter\Debug\Exceptions->errorHandler(8, 'Undefined index...', 'C:\\xampp\\htdocs...', 26, Array)
#1 C:\xampp\htdocs\comple\app\Controllers\Responsable\CalificacionController.php(17): App\Services\Responsable\CalificacionService->total_hombres_mujeres('12')
#2 C:\xampp\htdocs\comple\system\CodeIgniter.php(918): App\Controllers\Responsable\CalificacionController->index()
#3 C:\xampp\htdocs\comple\system\CodeIgniter.php(404): CodeIgniter\CodeIgniter->runController(Object(App\Controllers\Responsable\CalificacionController))
#4 C:\xampp\htdocs\comple\system\CodeIgniter.php(312): CodeIgniter\CodeIgniter->handleRequest(NULL, Object(Config\Cache), false)
#5 C:\xampp\htdocs\comple\index.php(45): CodeIgniter\CodeIgniter->run()
#6 {main}
CRITICAL - 2020-12-29 01:52:16 --> Undefined variable: act
#0 C:\xampp\htdocs\comple\app\Views\Responsable\Lista-Asistencia\listar.php(106): CodeIgniter\Debug\Exceptions->errorHandler(8, 'Undefined varia...', 'C:\\xampp\\htdocs...', 106, Array)
#1 C:\xampp\htdocs\comple\system\View\View.php(246): include('C:\\xampp\\htdocs...')
#2 C:\xampp\htdocs\comple\system\Common.php(1119): CodeIgniter\View\View->render('Responsable/Lis...', Array, true)
#3 C:\xampp\htdocs\comple\app\Controllers\Responsable\AsistenciaController.php(39): view('Responsable/Lis...', Array)
#4 C:\xampp\htdocs\comple\system\CodeIgniter.php(918): App\Controllers\Responsable\AsistenciaController->listaAsistencia()
#5 C:\xampp\htdocs\comple\system\CodeIgniter.php(404): CodeIgniter\CodeIgniter->runController(Object(App\Controllers\Responsable\AsistenciaController))
#6 C:\xampp\htdocs\comple\system\CodeIgniter.php(312): CodeIgniter\CodeIgniter->handleRequest(NULL, Object(Config\Cache), false)
#7 C:\xampp\htdocs\comple\index.php(45): CodeIgniter\CodeIgniter->run()
#8 {main}
CRITICAL - 2020-12-29 01:55:34 --> Undefined variable: act
#0 C:\xampp\htdocs\comple\app\Views\Responsable\Lista-Asistencia\listar.php(107): CodeIgniter\Debug\Exceptions->errorHandler(8, 'Undefined varia...', 'C:\\xampp\\htdocs...', 107, Array)
#1 C:\xampp\htdocs\comple\system\View\View.php(246): include('C:\\xampp\\htdocs...')
#2 C:\xampp\htdocs\comple\system\Common.php(1119): CodeIgniter\View\View->render('Responsable/Lis...', Array, true)
#3 C:\xampp\htdocs\comple\app\Controllers\Responsable\AsistenciaController.php(39): view('Responsable/Lis...', Array)
#4 C:\xampp\htdocs\comple\system\CodeIgniter.php(918): App\Controllers\Responsable\AsistenciaController->listaAsistencia()
#5 C:\xampp\htdocs\comple\system\CodeIgniter.php(404): CodeIgniter\CodeIgniter->runController(Object(App\Controllers\Responsable\AsistenciaController))
#6 C:\xampp\htdocs\comple\system\CodeIgniter.php(312): CodeIgniter\CodeIgniter->handleRequest(NULL, Object(Config\Cache), false)
#7 C:\xampp\htdocs\comple\index.php(45): CodeIgniter\CodeIgniter->run()
#8 {main}
CRITICAL - 2020-12-29 15:26:55 --> Unable to connect to the database.
#0 C:\xampp\htdocs\comple\system\Database\BaseConnection.php(646): CodeIgniter\Database\BaseConnection->initialize()
#1 C:\xampp\htdocs\comple\system\Database\BaseBuilder.php(1860): CodeIgniter\Database\BaseConnection->query('SELECT *\nFROM `...', Array, false)
#2 C:\xampp\htdocs\comple\app\Models\Escolares\ActividadModel.php(19): CodeIgniter\Database\BaseBuilder->get()
#3 C:\xampp\htdocs\comple\app\Services\Escolares\ActividadService.php(16): App\Models\Escolares\ActividadModel->getAlumnoPorNoControl('161160163')
#4 C:\xampp\htdocs\comple\app\Controllers\Escolares\ActividadController.php(29): App\Services\Escolares\ActividadService->getAlumnoPorNoControl('161160163')
#5 C:\xampp\htdocs\comple\system\CodeIgniter.php(918): App\Controllers\Escolares\ActividadController->buscar()
#6 C:\xampp\htdocs\comple\system\CodeIgniter.php(404): CodeIgniter\CodeIgniter->runController(Object(App\Controllers\Escolares\ActividadController))
#7 C:\xampp\htdocs\comple\system\CodeIgniter.php(312): CodeIgniter\CodeIgniter->handleRequest(NULL, Object(Config\Cache), false)
#8 C:\xampp\htdocs\comple\index.php(45): CodeIgniter\CodeIgniter->run()
#9 {main}
CRITICAL - 2020-12-29 15:26:57 --> Unable to connect to the database.
#0 C:\xampp\htdocs\comple\system\Database\BaseConnection.php(646): CodeIgniter\Database\BaseConnection->initialize()
#1 C:\xampp\htdocs\comple\system\Database\BaseBuilder.php(1860): CodeIgniter\Database\BaseConnection->query('SELECT *\nFROM `...', Array, false)
#2 C:\xampp\htdocs\comple\app\Models\Escolares\ActividadModel.php(19): CodeIgniter\Database\BaseBuilder->get()
#3 C:\xampp\htdocs\comple\app\Services\Escolares\ActividadService.php(16): App\Models\Escolares\ActividadModel->getAlumnoPorNoControl('161160163')
#4 C:\xampp\htdocs\comple\app\Controllers\Escolares\ActividadController.php(29): App\Services\Escolares\ActividadService->getAlumnoPorNoControl('161160163')
#5 C:\xampp\htdocs\comple\system\CodeIgniter.php(918): App\Controllers\Escolares\ActividadController->buscar()
#6 C:\xampp\htdocs\comple\system\CodeIgniter.php(404): CodeIgniter\CodeIgniter->runController(Object(App\Controllers\Escolares\ActividadController))
#7 C:\xampp\htdocs\comple\system\CodeIgniter.php(312): CodeIgniter\CodeIgniter->handleRequest(NULL, Object(Config\Cache), false)
#8 C:\xampp\htdocs\comple\index.php(45): CodeIgniter\CodeIgniter->run()
#9 {main}
CRITICAL - 2020-12-29 15:26:57 --> Unable to connect to the database.
#0 C:\xampp\htdocs\comple\system\Database\BaseConnection.php(646): CodeIgniter\Database\BaseConnection->initialize()
#1 C:\xampp\htdocs\comple\system\Database\BaseBuilder.php(1860): CodeIgniter\Database\BaseConnection->query('SELECT *\nFROM `...', Array, false)
#2 C:\xampp\htdocs\comple\app\Models\Escolares\ActividadModel.php(19): CodeIgniter\Database\BaseBuilder->get()
#3 C:\xampp\htdocs\comple\app\Services\Escolares\ActividadService.php(16): App\Models\Escolares\ActividadModel->getAlumnoPorNoControl('161160163')
#4 C:\xampp\htdocs\comple\app\Controllers\Escolares\ActividadController.php(29): App\Services\Escolares\ActividadService->getAlumnoPorNoControl('161160163')
#5 C:\xampp\htdocs\comple\system\CodeIgniter.php(918): App\Controllers\Escolares\ActividadController->buscar()
#6 C:\xampp\htdocs\comple\system\CodeIgniter.php(404): CodeIgniter\CodeIgniter->runController(Object(App\Controllers\Escolares\ActividadController))
#7 C:\xampp\htdocs\comple\system\CodeIgniter.php(312): CodeIgniter\CodeIgniter->handleRequest(NULL, Object(Config\Cache), false)
#8 C:\xampp\htdocs\comple\index.php(45): CodeIgniter\CodeIgniter->run()
#9 {main}
CRITICAL - 2020-12-29 15:26:58 --> Unable to connect to the database.
#0 C:\xampp\htdocs\comple\system\Database\BaseConnection.php(646): CodeIgniter\Database\BaseConnection->initialize()
#1 C:\xampp\htdocs\comple\system\Database\BaseBuilder.php(1860): CodeIgniter\Database\BaseConnection->query('SELECT *\nFROM `...', Array, false)
#2 C:\xampp\htdocs\comple\app\Models\Escolares\ActividadModel.php(19): CodeIgniter\Database\BaseBuilder->get()
#3 C:\xampp\htdocs\comple\app\Services\Escolares\ActividadService.php(16): App\Models\Escolares\ActividadModel->getAlumnoPorNoControl('161160163')
#4 C:\xampp\htdocs\comple\app\Controllers\Escolares\ActividadController.php(29): App\Services\Escolares\ActividadService->getAlumnoPorNoControl('161160163')
#5 C:\xampp\htdocs\comple\system\CodeIgniter.php(918): App\Controllers\Escolares\ActividadController->buscar()
#6 C:\xampp\htdocs\comple\system\CodeIgniter.php(404): CodeIgniter\CodeIgniter->runController(Object(App\Controllers\Escolares\ActividadController))
#7 C:\xampp\htdocs\comple\system\CodeIgniter.php(312): CodeIgniter\CodeIgniter->handleRequest(NULL, Object(Config\Cache), false)
#8 C:\xampp\htdocs\comple\index.php(45): CodeIgniter\CodeIgniter->run()
#9 {main}
CRITICAL - 2020-12-29 15:26:58 --> Unable to connect to the database.
#0 C:\xampp\htdocs\comple\system\Database\BaseConnection.php(646): CodeIgniter\Database\BaseConnection->initialize()
#1 C:\xampp\htdocs\comple\system\Database\BaseBuilder.php(1860): CodeIgniter\Database\BaseConnection->query('SELECT *\nFROM `...', Array, false)
#2 C:\xampp\htdocs\comple\app\Models\Escolares\ActividadModel.php(19): CodeIgniter\Database\BaseBuilder->get()
#3 C:\xampp\htdocs\comple\app\Services\Escolares\ActividadService.php(16): App\Models\Escolares\ActividadModel->getAlumnoPorNoControl('161160163')
#4 C:\xampp\htdocs\comple\app\Controllers\Escolares\ActividadController.php(29): App\Services\Escolares\ActividadService->getAlumnoPorNoControl('161160163')
#5 C:\xampp\htdocs\comple\system\CodeIgniter.php(918): App\Controllers\Escolares\ActividadController->buscar()
#6 C:\xampp\htdocs\comple\system\CodeIgniter.php(404): CodeIgniter\CodeIgniter->runController(Object(App\Controllers\Escolares\ActividadController))
#7 C:\xampp\htdocs\comple\system\CodeIgniter.php(312): CodeIgniter\CodeIgniter->handleRequest(NULL, Object(Config\Cache), false)
#8 C:\xampp\htdocs\comple\index.php(45): CodeIgniter\CodeIgniter->run()
#9 {main}
CRITICAL - 2020-12-29 15:26:58 --> Unable to connect to the database.
#0 C:\xampp\htdocs\comple\system\Database\BaseConnection.php(646): CodeIgniter\Database\BaseConnection->initialize()
#1 C:\xampp\htdocs\comple\system\Database\BaseBuilder.php(1860): CodeIgniter\Database\BaseConnection->query('SELECT *\nFROM `...', Array, false)
#2 C:\xampp\htdocs\comple\app\Models\Escolares\ActividadModel.php(19): CodeIgniter\Database\BaseBuilder->get()
#3 C:\xampp\htdocs\comple\app\Services\Escolares\ActividadService.php(16): App\Models\Escolares\ActividadModel->getAlumnoPorNoControl('161160163')
#4 C:\xampp\htdocs\comple\app\Controllers\Escolares\ActividadController.php(29): App\Services\Escolares\ActividadService->getAlumnoPorNoControl('161160163')
#5 C:\xampp\htdocs\comple\system\CodeIgniter.php(918): App\Controllers\Escolares\ActividadController->buscar()
#6 C:\xampp\htdocs\comple\system\CodeIgniter.php(404): CodeIgniter\CodeIgniter->runController(Object(App\Controllers\Escolares\ActividadController))
#7 C:\xampp\htdocs\comple\system\CodeIgniter.php(312): CodeIgniter\CodeIgniter->handleRequest(NULL, Object(Config\Cache), false)
#8 C:\xampp\htdocs\comple\index.php(45): CodeIgniter\CodeIgniter->run()
#9 {main}
CRITICAL - 2020-12-29 15:26:59 --> Unable to connect to the database.
#0 C:\xampp\htdocs\comple\system\Database\BaseConnection.php(646): CodeIgniter\Database\BaseConnection->initialize()
#1 C:\xampp\htdocs\comple\system\Database\BaseBuilder.php(1860): CodeIgniter\Database\BaseConnection->query('SELECT *\nFROM `...', Array, false)
#2 C:\xampp\htdocs\comple\app\Models\Escolares\ActividadModel.php(19): CodeIgniter\Database\BaseBuilder->get()
#3 C:\xampp\htdocs\comple\app\Services\Escolares\ActividadService.php(16): App\Models\Escolares\ActividadModel->getAlumnoPorNoControl('161160163')
#4 C:\xampp\htdocs\comple\app\Controllers\Escolares\ActividadController.php(29): App\Services\Escolares\ActividadService->getAlumnoPorNoControl('161160163')
#5 C:\xampp\htdocs\comple\system\CodeIgniter.php(918): App\Controllers\Escolares\ActividadController->buscar()
#6 C:\xampp\htdocs\comple\system\CodeIgniter.php(404): CodeIgniter\CodeIgniter->runController(Object(App\Controllers\Escolares\ActividadController))
#7 C:\xampp\htdocs\comple\system\CodeIgniter.php(312): CodeIgniter\CodeIgniter->handleRequest(NULL, Object(Config\Cache), false)
#8 C:\xampp\htdocs\comple\index.php(45): CodeIgniter\CodeIgniter->run()
#9 {main}
CRITICAL - 2020-12-29 15:26:59 --> Unable to connect to the database.
#0 C:\xampp\htdocs\comple\system\Database\BaseConnection.php(646): CodeIgniter\Database\BaseConnection->initialize()
#1 C:\xampp\htdocs\comple\system\Database\BaseBuilder.php(1860): CodeIgniter\Database\BaseConnection->query('SELECT *\nFROM `...', Array, false)
#2 C:\xampp\htdocs\comple\app\Models\Escolares\ActividadModel.php(19): CodeIgniter\Database\BaseBuilder->get()
#3 C:\xampp\htdocs\comple\app\Services\Escolares\ActividadService.php(16): App\Models\Escolares\ActividadModel->getAlumnoPorNoControl('161160163')
#4 C:\xampp\htdocs\comple\app\Controllers\Escolares\ActividadController.php(29): App\Services\Escolares\ActividadService->getAlumnoPorNoControl('161160163')
#5 C:\xampp\htdocs\comple\system\CodeIgniter.php(918): App\Controllers\Escolares\ActividadController->buscar()
#6 C:\xampp\htdocs\comple\system\CodeIgniter.php(404): CodeIgniter\CodeIgniter->runController(Object(App\Controllers\Escolares\ActividadController))
#7 C:\xampp\htdocs\comple\system\CodeIgniter.php(312): CodeIgniter\CodeIgniter->handleRequest(NULL, Object(Config\Cache), false)
#8 C:\xampp\htdocs\comple\index.php(45): CodeIgniter\CodeIgniter->run()
#9 {main}
CRITICAL - 2020-12-29 15:26:59 --> Unable to connect to the database.
#0 C:\xampp\htdocs\comple\system\Database\BaseConnection.php(646): CodeIgniter\Database\BaseConnection->initialize()
#1 C:\xampp\htdocs\comple\system\Database\BaseBuilder.php(1860): CodeIgniter\Database\BaseConnection->query('SELECT *\nFROM `...', Array, false)
#2 C:\xampp\htdocs\comple\app\Models\Escolares\ActividadModel.php(19): CodeIgniter\Database\BaseBuilder->get()
#3 C:\xampp\htdocs\comple\app\Services\Escolares\ActividadService.php(16): App\Models\Escolares\ActividadModel->getAlumnoPorNoControl('161160163')
#4 C:\xampp\htdocs\comple\app\Controllers\Escolares\ActividadController.php(29): App\Services\Escolares\ActividadService->getAlumnoPorNoControl('161160163')
#5 C:\xampp\htdocs\comple\system\CodeIgniter.php(918): App\Controllers\Escolares\ActividadController->buscar()
#6 C:\xampp\htdocs\comple\system\CodeIgniter.php(404): CodeIgniter\CodeIgniter->runController(Object(App\Controllers\Escolares\ActividadController))
#7 C:\xampp\htdocs\comple\system\CodeIgniter.php(312): CodeIgniter\CodeIgniter->handleRequest(NULL, Object(Config\Cache), false)
#8 C:\xampp\htdocs\comple\index.php(45): CodeIgniter\CodeIgniter->run()
#9 {main}
CRITICAL - 2020-12-29 15:26:59 --> Unable to connect to the database.
#0 C:\xampp\htdocs\comple\system\Database\BaseConnection.php(646): CodeIgniter\Database\BaseConnection->initialize()
#1 C:\xampp\htdocs\comple\system\Database\BaseBuilder.php(1860): CodeIgniter\Database\BaseConnection->query('SELECT *\nFROM `...', Array, false)
#2 C:\xampp\htdocs\comple\app\Models\Escolares\ActividadModel.php(19): CodeIgniter\Database\BaseBuilder->get()
#3 C:\xampp\htdocs\comple\app\Services\Escolares\ActividadService.php(16): App\Models\Escolares\ActividadModel->getAlumnoPorNoControl('161160163')
#4 C:\xampp\htdocs\comple\app\Controllers\Escolares\ActividadController.php(29): App\Services\Escolares\ActividadService->getAlumnoPorNoControl('161160163')
#5 C:\xampp\htdocs\comple\system\CodeIgniter.php(918): App\Controllers\Escolares\ActividadController->buscar()
#6 C:\xampp\htdocs\comple\system\CodeIgniter.php(404): CodeIgniter\CodeIgniter->runController(Object(App\Controllers\Escolares\ActividadController))
#7 C:\xampp\htdocs\comple\system\CodeIgniter.php(312): CodeIgniter\CodeIgniter->handleRequest(NULL, Object(Config\Cache), false)
#8 C:\xampp\htdocs\comple\index.php(45): CodeIgniter\CodeIgniter->run()
#9 {main}
CRITICAL - 2020-12-29 15:26:59 --> Unable to connect to the database.
#0 C:\xampp\htdocs\comple\system\Database\BaseConnection.php(646): CodeIgniter\Database\BaseConnection->initialize()
#1 C:\xampp\htdocs\comple\system\Database\BaseBuilder.php(1860): CodeIgniter\Database\BaseConnection->query('SELECT *\nFROM `...', Array, false)
#2 C:\xampp\htdocs\comple\app\Models\Escolares\ActividadModel.php(19): CodeIgniter\Database\BaseBuilder->get()
#3 C:\xampp\htdocs\comple\app\Services\Escolares\ActividadService.php(16): App\Models\Escolares\ActividadModel->getAlumnoPorNoControl('161160163')
#4 C:\xampp\htdocs\comple\app\Controllers\Escolares\ActividadController.php(29): App\Services\Escolares\ActividadService->getAlumnoPorNoControl('161160163')
#5 C:\xampp\htdocs\comple\system\CodeIgniter.php(918): App\Controllers\Escolares\ActividadController->buscar()
#6 C:\xampp\htdocs\comple\system\CodeIgniter.php(404): CodeIgniter\CodeIgniter->runController(Object(App\Controllers\Escolares\ActividadController))
#7 C:\xampp\htdocs\comple\system\CodeIgniter.php(312): CodeIgniter\CodeIgniter->handleRequest(NULL, Object(Config\Cache), false)
#8 C:\xampp\htdocs\comple\index.php(45): CodeIgniter\CodeIgniter->run()
#9 {main}
CRITICAL - 2020-12-29 15:27:00 --> Unable to connect to the database.
#0 C:\xampp\htdocs\comple\system\Database\BaseConnection.php(646): CodeIgniter\Database\BaseConnection->initialize()
#1 C:\xampp\htdocs\comple\system\Database\BaseBuilder.php(1860): CodeIgniter\Database\BaseConnection->query('SELECT *\nFROM `...', Array, false)
#2 C:\xampp\htdocs\comple\app\Models\Escolares\ActividadModel.php(19): CodeIgniter\Database\BaseBuilder->get()
#3 C:\xampp\htdocs\comple\app\Services\Escolares\ActividadService.php(16): App\Models\Escolares\ActividadModel->getAlumnoPorNoControl('161160163')
#4 C:\xampp\htdocs\comple\app\Controllers\Escolares\ActividadController.php(29): App\Services\Escolares\ActividadService->getAlumnoPorNoControl('161160163')
#5 C:\xampp\htdocs\comple\system\CodeIgniter.php(918): App\Controllers\Escolares\ActividadController->buscar()
#6 C:\xampp\htdocs\comple\system\CodeIgniter.php(404): CodeIgniter\CodeIgniter->runController(Object(App\Controllers\Escolares\ActividadController))
#7 C:\xampp\htdocs\comple\system\CodeIgniter.php(312): CodeIgniter\CodeIgniter->handleRequest(NULL, Object(Config\Cache), false)
#8 C:\xampp\htdocs\comple\index.php(45): CodeIgniter\CodeIgniter->run()
#9 {main}
CRITICAL - 2020-12-29 15:27:00 --> Unable to connect to the database.
#0 C:\xampp\htdocs\comple\system\Database\BaseConnection.php(646): CodeIgniter\Database\BaseConnection->initialize()
#1 C:\xampp\htdocs\comple\system\Database\BaseBuilder.php(1860): CodeIgniter\Database\BaseConnection->query('SELECT *\nFROM `...', Array, false)
#2 C:\xampp\htdocs\comple\app\Models\Escolares\ActividadModel.php(19): CodeIgniter\Database\BaseBuilder->get()
#3 C:\xampp\htdocs\comple\app\Services\Escolares\ActividadService.php(16): App\Models\Escolares\ActividadModel->getAlumnoPorNoControl('161160163')
#4 C:\xampp\htdocs\comple\app\Controllers\Escolares\ActividadController.php(29): App\Services\Escolares\ActividadService->getAlumnoPorNoControl('161160163')
#5 C:\xampp\htdocs\comple\system\CodeIgniter.php(918): App\Controllers\Escolares\ActividadController->buscar()
#6 C:\xampp\htdocs\comple\system\CodeIgniter.php(404): CodeIgniter\CodeIgniter->runController(Object(App\Controllers\Escolares\ActividadController))
#7 C:\xampp\htdocs\comple\system\CodeIgniter.php(312): CodeIgniter\CodeIgniter->handleRequest(NULL, Object(Config\Cache), false)
#8 C:\xampp\htdocs\comple\index.php(45): CodeIgniter\CodeIgniter->run()
#9 {main}
CRITICAL - 2020-12-29 15:27:00 --> Unable to connect to the database.
#0 C:\xampp\htdocs\comple\system\Database\BaseConnection.php(646): CodeIgniter\Database\BaseConnection->initialize()
#1 C:\xampp\htdocs\comple\system\Database\BaseBuilder.php(1860): CodeIgniter\Database\BaseConnection->query('SELECT *\nFROM `...', Array, false)
#2 C:\xampp\htdocs\comple\app\Models\Escolares\ActividadModel.php(19): CodeIgniter\Database\BaseBuilder->get()
#3 C:\xampp\htdocs\comple\app\Services\Escolares\ActividadService.php(16): App\Models\Escolares\ActividadModel->getAlumnoPorNoControl('161160163')
#4 C:\xampp\htdocs\comple\app\Controllers\Escolares\ActividadController.php(29): App\Services\Escolares\ActividadService->getAlumnoPorNoControl('161160163')
#5 C:\xampp\htdocs\comple\system\CodeIgniter.php(918): App\Controllers\Escolares\ActividadController->buscar()
#6 C:\xampp\htdocs\comple\system\CodeIgniter.php(404): CodeIgniter\CodeIgniter->runController(Object(App\Controllers\Escolares\ActividadController))
#7 C:\xampp\htdocs\comple\system\CodeIgniter.php(312): CodeIgniter\CodeIgniter->handleRequest(NULL, Object(Config\Cache), false)
#8 C:\xampp\htdocs\comple\index.php(45): CodeIgniter\CodeIgniter->run()
#9 {main}
CRITICAL - 2020-12-29 15:27:00 --> Unable to connect to the database.
#0 C:\xampp\htdocs\comple\system\Database\BaseConnection.php(646): CodeIgniter\Database\BaseConnection->initialize()
#1 C:\xampp\htdocs\comple\system\Database\BaseBuilder.php(1860): CodeIgniter\Database\BaseConnection->query('SELECT *\nFROM `...', Array, false)
#2 C:\xampp\htdocs\comple\app\Models\Escolares\ActividadModel.php(19): CodeIgniter\Database\BaseBuilder->get()
#3 C:\xampp\htdocs\comple\app\Services\Escolares\ActividadService.php(16): App\Models\Escolares\ActividadModel->getAlumnoPorNoControl('161160163')
#4 C:\xampp\htdocs\comple\app\Controllers\Escolares\ActividadController.php(29): App\Services\Escolares\ActividadService->getAlumnoPorNoControl('161160163')
#5 C:\xampp\htdocs\comple\system\CodeIgniter.php(918): App\Controllers\Escolares\ActividadController->buscar()
#6 C:\xampp\htdocs\comple\system\CodeIgniter.php(404): CodeIgniter\CodeIgniter->runController(Object(App\Controllers\Escolares\ActividadController))
#7 C:\xampp\htdocs\comple\system\CodeIgniter.php(312): CodeIgniter\CodeIgniter->handleRequest(NULL, Object(Config\Cache), false)
#8 C:\xampp\htdocs\comple\index.php(45): CodeIgniter\CodeIgniter->run()
#9 {main}
CRITICAL - 2020-12-29 15:27:00 --> Unable to connect to the database.
#0 C:\xampp\htdocs\comple\system\Database\BaseConnection.php(646): CodeIgniter\Database\BaseConnection->initialize()
#1 C:\xampp\htdocs\comple\system\Database\BaseBuilder.php(1860): CodeIgniter\Database\BaseConnection->query('SELECT *\nFROM `...', Array, false)
#2 C:\xampp\htdocs\comple\app\Models\Escolares\ActividadModel.php(19): CodeIgniter\Database\BaseBuilder->get()
#3 C:\xampp\htdocs\comple\app\Services\Escolares\ActividadService.php(16): App\Models\Escolares\ActividadModel->getAlumnoPorNoControl('161160163')
#4 C:\xampp\htdocs\comple\app\Controllers\Escolares\ActividadController.php(29): App\Services\Escolares\ActividadService->getAlumnoPorNoControl('161160163')
#5 C:\xampp\htdocs\comple\system\CodeIgniter.php(918): App\Controllers\Escolares\ActividadController->buscar()
#6 C:\xampp\htdocs\comple\system\CodeIgniter.php(404): CodeIgniter\CodeIgniter->runController(Object(App\Controllers\Escolares\ActividadController))
#7 C:\xampp\htdocs\comple\system\CodeIgniter.php(312): CodeIgniter\CodeIgniter->handleRequest(NULL, Object(Config\Cache), false)
#8 C:\xampp\htdocs\comple\index.php(45): CodeIgniter\CodeIgniter->run()
#9 {main}
CRITICAL - 2020-12-29 15:27:01 --> Unable to connect to the database.
#0 C:\xampp\htdocs\comple\system\Database\BaseConnection.php(646): CodeIgniter\Database\BaseConnection->initialize()
#1 C:\xampp\htdocs\comple\system\Database\BaseBuilder.php(1860): CodeIgniter\Database\BaseConnection->query('SELECT *\nFROM `...', Array, false)
#2 C:\xampp\htdocs\comple\app\Models\Escolares\ActividadModel.php(19): CodeIgniter\Database\BaseBuilder->get()
#3 C:\xampp\htdocs\comple\app\Services\Escolares\ActividadService.php(16): App\Models\Escolares\ActividadModel->getAlumnoPorNoControl('161160163')
#4 C:\xampp\htdocs\comple\app\Controllers\Escolares\ActividadController.php(29): App\Services\Escolares\ActividadService->getAlumnoPorNoControl('161160163')
#5 C:\xampp\htdocs\comple\system\CodeIgniter.php(918): App\Controllers\Escolares\ActividadController->buscar()
#6 C:\xampp\htdocs\comple\system\CodeIgniter.php(404): CodeIgniter\CodeIgniter->runController(Object(App\Controllers\Escolares\ActividadController))
#7 C:\xampp\htdocs\comple\system\CodeIgniter.php(312): CodeIgniter\CodeIgniter->handleRequest(NULL, Object(Config\Cache), false)
#8 C:\xampp\htdocs\comple\index.php(45): CodeIgniter\CodeIgniter->run()
#9 {main}
CRITICAL - 2020-12-29 15:27:01 --> Unable to connect to the database.
#0 C:\xampp\htdocs\comple\system\Database\BaseConnection.php(646): CodeIgniter\Database\BaseConnection->initialize()
#1 C:\xampp\htdocs\comple\system\Database\BaseBuilder.php(1860): CodeIgniter\Database\BaseConnection->query('SELECT *\nFROM `...', Array, false)
#2 C:\xampp\htdocs\comple\app\Models\Escolares\ActividadModel.php(19): CodeIgniter\Database\BaseBuilder->get()
#3 C:\xampp\htdocs\comple\app\Services\Escolares\ActividadService.php(16): App\Models\Escolares\ActividadModel->getAlumnoPorNoControl('161160163')
#4 C:\xampp\htdocs\comple\app\Controllers\Escolares\ActividadController.php(29): App\Services\Escolares\ActividadService->getAlumnoPorNoControl('161160163')
#5 C:\xampp\htdocs\comple\system\CodeIgniter.php(918): App\Controllers\Escolares\ActividadController->buscar()
#6 C:\xampp\htdocs\comple\system\CodeIgniter.php(404): CodeIgniter\CodeIgniter->runController(Object(App\Controllers\Escolares\ActividadController))
#7 C:\xampp\htdocs\comple\system\CodeIgniter.php(312): CodeIgniter\CodeIgniter->handleRequest(NULL, Object(Config\Cache), false)
#8 C:\xampp\htdocs\comple\index.php(45): CodeIgniter\CodeIgniter->run()
#9 {main}
CRITICAL - 2020-12-29 15:27:01 --> Unable to connect to the database.
#0 C:\xampp\htdocs\comple\system\Database\BaseConnection.php(646): CodeIgniter\Database\BaseConnection->initialize()
#1 C:\xampp\htdocs\comple\system\Database\BaseBuilder.php(1860): CodeIgniter\Database\BaseConnection->query('SELECT *\nFROM `...', Array, false)
#2 C:\xampp\htdocs\comple\app\Models\Escolares\ActividadModel.php(19): CodeIgniter\Database\BaseBuilder->get()
#3 C:\xampp\htdocs\comple\app\Services\Escolares\ActividadService.php(16): App\Models\Escolares\ActividadModel->getAlumnoPorNoControl('161160163')
#4 C:\xampp\htdocs\comple\app\Controllers\Escolares\ActividadController.php(29): App\Services\Escolares\ActividadService->getAlumnoPorNoControl('161160163')
#5 C:\xampp\htdocs\comple\system\CodeIgniter.php(918): App\Controllers\Escolares\ActividadController->buscar()
#6 C:\xampp\htdocs\comple\system\CodeIgniter.php(404): CodeIgniter\CodeIgniter->runController(Object(App\Controllers\Escolares\ActividadController))
#7 C:\xampp\htdocs\comple\system\CodeIgniter.php(312): CodeIgniter\CodeIgniter->handleRequest(NULL, Object(Config\Cache), false)
#8 C:\xampp\htdocs\comple\index.php(45): CodeIgniter\CodeIgniter->run()
#9 {main}
CRITICAL - 2020-12-29 15:27:02 --> Unable to connect to the database.
#0 C:\xampp\htdocs\comple\system\Database\BaseConnection.php(646): CodeIgniter\Database\BaseConnection->initialize()
#1 C:\xampp\htdocs\comple\system\Database\BaseBuilder.php(1860): CodeIgniter\Database\BaseConnection->query('SELECT *\nFROM `...', Array, false)
#2 C:\xampp\htdocs\comple\app\Models\Escolares\ActividadModel.php(19): CodeIgniter\Database\BaseBuilder->get()
#3 C:\xampp\htdocs\comple\app\Services\Escolares\ActividadService.php(16): App\Models\Escolares\ActividadModel->getAlumnoPorNoControl('161160163')
#4 C:\xampp\htdocs\comple\app\Controllers\Escolares\ActividadController.php(29): App\Services\Escolares\ActividadService->getAlumnoPorNoControl('161160163')
#5 C:\xampp\htdocs\comple\system\CodeIgniter.php(918): App\Controllers\Escolares\ActividadController->buscar()
#6 C:\xampp\htdocs\comple\system\CodeIgniter.php(404): CodeIgniter\CodeIgniter->runController(Object(App\Controllers\Escolares\ActividadController))
#7 C:\xampp\htdocs\comple\system\CodeIgniter.php(312): CodeIgniter\CodeIgniter->handleRequest(NULL, Object(Config\Cache), false)
#8 C:\xampp\htdocs\comple\index.php(45): CodeIgniter\CodeIgniter->run()
#9 {main}
CRITICAL - 2020-12-29 15:27:02 --> Unable to connect to the database.
#0 C:\xampp\htdocs\comple\system\Database\BaseConnection.php(646): CodeIgniter\Database\BaseConnection->initialize()
#1 C:\xampp\htdocs\comple\system\Database\BaseBuilder.php(1860): CodeIgniter\Database\BaseConnection->query('SELECT *\nFROM `...', Array, false)
#2 C:\xampp\htdocs\comple\app\Models\Escolares\ActividadModel.php(19): CodeIgniter\Database\BaseBuilder->get()
#3 C:\xampp\htdocs\comple\app\Services\Escolares\ActividadService.php(16): App\Models\Escolares\ActividadModel->getAlumnoPorNoControl('161160163')
#4 C:\xampp\htdocs\comple\app\Controllers\Escolares\ActividadController.php(29): App\Services\Escolares\ActividadService->getAlumnoPorNoControl('161160163')
#5 C:\xampp\htdocs\comple\system\CodeIgniter.php(918): App\Controllers\Escolares\ActividadController->buscar()
#6 C:\xampp\htdocs\comple\system\CodeIgniter.php(404): CodeIgniter\CodeIgniter->runController(Object(App\Controllers\Escolares\ActividadController))
#7 C:\xampp\htdocs\comple\system\CodeIgniter.php(312): CodeIgniter\CodeIgniter->handleRequest(NULL, Object(Config\Cache), false)
#8 C:\xampp\htdocs\comple\index.php(45): CodeIgniter\CodeIgniter->run()
#9 {main}
CRITICAL - 2020-12-29 15:27:03 --> Unable to connect to the database.
#0 C:\xampp\htdocs\comple\system\Database\BaseConnection.php(646): CodeIgniter\Database\BaseConnection->initialize()
#1 C:\xampp\htdocs\comple\system\Database\BaseBuilder.php(1860): CodeIgniter\Database\BaseConnection->query('SELECT *\nFROM `...', Array, false)
#2 C:\xampp\htdocs\comple\app\Models\Escolares\ActividadModel.php(19): CodeIgniter\Database\BaseBuilder->get()
#3 C:\xampp\htdocs\comple\app\Services\Escolares\ActividadService.php(16): App\Models\Escolares\ActividadModel->getAlumnoPorNoControl('161160163')
#4 C:\xampp\htdocs\comple\app\Controllers\Escolares\ActividadController.php(29): App\Services\Escolares\ActividadService->getAlumnoPorNoControl('161160163')
#5 C:\xampp\htdocs\comple\system\CodeIgniter.php(918): App\Controllers\Escolares\ActividadController->buscar()
#6 C:\xampp\htdocs\comple\system\CodeIgniter.php(404): CodeIgniter\CodeIgniter->runController(Object(App\Controllers\Escolares\ActividadController))
#7 C:\xampp\htdocs\comple\system\CodeIgniter.php(312): CodeIgniter\CodeIgniter->handleRequest(NULL, Object(Config\Cache), false)
#8 C:\xampp\htdocs\comple\index.php(45): CodeIgniter\CodeIgniter->run()
#9 {main}
CRITICAL - 2020-12-29 15:27:03 --> Unable to connect to the database.
#0 C:\xampp\htdocs\comple\system\Database\BaseConnection.php(646): CodeIgniter\Database\BaseConnection->initialize()
#1 C:\xampp\htdocs\comple\system\Database\BaseBuilder.php(1860): CodeIgniter\Database\BaseConnection->query('SELECT *\nFROM `...', Array, false)
#2 C:\xampp\htdocs\comple\app\Models\Escolares\ActividadModel.php(19): CodeIgniter\Database\BaseBuilder->get()
#3 C:\xampp\htdocs\comple\app\Services\Escolares\ActividadService.php(16): App\Models\Escolares\ActividadModel->getAlumnoPorNoControl('161160163')
#4 C:\xampp\htdocs\comple\app\Controllers\Escolares\ActividadController.php(29): App\Services\Escolares\ActividadService->getAlumnoPorNoControl('161160163')
#5 C:\xampp\htdocs\comple\system\CodeIgniter.php(918): App\Controllers\Escolares\ActividadController->buscar()
#6 C:\xampp\htdocs\comple\system\CodeIgniter.php(404): CodeIgniter\CodeIgniter->runController(Object(App\Controllers\Escolares\ActividadController))
#7 C:\xampp\htdocs\comple\system\CodeIgniter.php(312): CodeIgniter\CodeIgniter->handleRequest(NULL, Object(Config\Cache), false)
#8 C:\xampp\htdocs\comple\index.php(45): CodeIgniter\CodeIgniter->run()
#9 {main}
CRITICAL - 2020-12-29 15:27:03 --> Unable to connect to the database.
#0 C:\xampp\htdocs\comple\system\Database\BaseConnection.php(646): CodeIgniter\Database\BaseConnection->initialize()
#1 C:\xampp\htdocs\comple\system\Database\BaseBuilder.php(1860): CodeIgniter\Database\BaseConnection->query('SELECT *\nFROM `...', Array, false)
#2 C:\xampp\htdocs\comple\app\Models\Escolares\ActividadModel.php(19): CodeIgniter\Database\BaseBuilder->get()
#3 C:\xampp\htdocs\comple\app\Services\Escolares\ActividadService.php(16): App\Models\Escolares\ActividadModel->getAlumnoPorNoControl('161160163')
#4 C:\xampp\htdocs\comple\app\Controllers\Escolares\ActividadController.php(29): App\Services\Escolares\ActividadService->getAlumnoPorNoControl('161160163')
#5 C:\xampp\htdocs\comple\system\CodeIgniter.php(918): App\Controllers\Escolares\ActividadController->buscar()
#6 C:\xampp\htdocs\comple\system\CodeIgniter.php(404): CodeIgniter\CodeIgniter->runController(Object(App\Controllers\Escolares\ActividadController))
#7 C:\xampp\htdocs\comple\system\CodeIgniter.php(312): CodeIgniter\CodeIgniter->handleRequest(NULL, Object(Config\Cache), false)
#8 C:\xampp\htdocs\comple\index.php(45): CodeIgniter\CodeIgniter->run()
#9 {main}
CRITICAL - 2020-12-29 15:27:04 --> Unable to connect to the database.
#0 C:\xampp\htdocs\comple\system\Database\BaseConnection.php(646): CodeIgniter\Database\BaseConnection->initialize()
#1 C:\xampp\htdocs\comple\system\Database\BaseBuilder.php(1860): CodeIgniter\Database\BaseConnection->query('SELECT *\nFROM `...', Array, false)
#2 C:\xampp\htdocs\comple\app\Models\Escolares\ActividadModel.php(19): CodeIgniter\Database\BaseBuilder->get()
#3 C:\xampp\htdocs\comple\app\Services\Escolares\ActividadService.php(16): App\Models\Escolares\ActividadModel->getAlumnoPorNoControl('161160163')
#4 C:\xampp\htdocs\comple\app\Controllers\Escolares\ActividadController.php(29): App\Services\Escolares\ActividadService->getAlumnoPorNoControl('161160163')
#5 C:\xampp\htdocs\comple\system\CodeIgniter.php(918): App\Controllers\Escolares\ActividadController->buscar()
#6 C:\xampp\htdocs\comple\system\CodeIgniter.php(404): CodeIgniter\CodeIgniter->runController(Object(App\Controllers\Escolares\ActividadController))
#7 C:\xampp\htdocs\comple\system\CodeIgniter.php(312): CodeIgniter\CodeIgniter->handleRequest(NULL, Object(Config\Cache), false)
#8 C:\xampp\htdocs\comple\index.php(45): CodeIgniter\CodeIgniter->run()
#9 {main}
CRITICAL - 2020-12-29 15:27:04 --> Unable to connect to the database.
#0 C:\xampp\htdocs\comple\system\Database\BaseConnection.php(646): CodeIgniter\Database\BaseConnection->initialize()
#1 C:\xampp\htdocs\comple\system\Database\BaseBuilder.php(1860): CodeIgniter\Database\BaseConnection->query('SELECT *\nFROM `...', Array, false)
#2 C:\xampp\htdocs\comple\app\Models\Escolares\ActividadModel.php(19): CodeIgniter\Database\BaseBuilder->get()
#3 C:\xampp\htdocs\comple\app\Services\Escolares\ActividadService.php(16): App\Models\Escolares\ActividadModel->getAlumnoPorNoControl('161160163')
#4 C:\xampp\htdocs\comple\app\Controllers\Escolares\ActividadController.php(29): App\Services\Escolares\ActividadService->getAlumnoPorNoControl('161160163')
#5 C:\xampp\htdocs\comple\system\CodeIgniter.php(918): App\Controllers\Escolares\ActividadController->buscar()
#6 C:\xampp\htdocs\comple\system\CodeIgniter.php(404): CodeIgniter\CodeIgniter->runController(Object(App\Controllers\Escolares\ActividadController))
#7 C:\xampp\htdocs\comple\system\CodeIgniter.php(312): CodeIgniter\CodeIgniter->handleRequest(NULL, Object(Config\Cache), false)
#8 C:\xampp\htdocs\comple\index.php(45): CodeIgniter\CodeIgniter->run()
#9 {main}
CRITICAL - 2020-12-29 15:27:05 --> Unable to connect to the database.
#0 C:\xampp\htdocs\comple\system\Database\BaseConnection.php(646): CodeIgniter\Database\BaseConnection->initialize()
#1 C:\xampp\htdocs\comple\system\Database\BaseBuilder.php(1860): CodeIgniter\Database\BaseConnection->query('SELECT *\nFROM `...', Array, false)
#2 C:\xampp\htdocs\comple\app\Models\Escolares\ActividadModel.php(19): CodeIgniter\Database\BaseBuilder->get()
#3 C:\xampp\htdocs\comple\app\Services\Escolares\ActividadService.php(16): App\Models\Escolares\ActividadModel->getAlumnoPorNoControl('161160163')
#4 C:\xampp\htdocs\comple\app\Controllers\Escolares\ActividadController.php(29): App\Services\Escolares\ActividadService->getAlumnoPorNoControl('161160163')
#5 C:\xampp\htdocs\comple\system\CodeIgniter.php(918): App\Controllers\Escolares\ActividadController->buscar()
#6 C:\xampp\htdocs\comple\system\CodeIgniter.php(404): CodeIgniter\CodeIgniter->runController(Object(App\Controllers\Escolares\ActividadController))
#7 C:\xampp\htdocs\comple\system\CodeIgniter.php(312): CodeIgniter\CodeIgniter->handleRequest(NULL, Object(Config\Cache), false)
#8 C:\xampp\htdocs\comple\index.php(45): CodeIgniter\CodeIgniter->run()
#9 {main}
CRITICAL - 2020-12-29 15:27:05 --> Unable to connect to the database.
#0 C:\xampp\htdocs\comple\system\Database\BaseConnection.php(646): CodeIgniter\Database\BaseConnection->initialize()
#1 C:\xampp\htdocs\comple\system\Database\BaseBuilder.php(1860): CodeIgniter\Database\BaseConnection->query('SELECT *\nFROM `...', Array, false)
#2 C:\xampp\htdocs\comple\app\Models\Escolares\ActividadModel.php(19): CodeIgniter\Database\BaseBuilder->get()
#3 C:\xampp\htdocs\comple\app\Services\Escolares\ActividadService.php(16): App\Models\Escolares\ActividadModel->getAlumnoPorNoControl('161160163')
#4 C:\xampp\htdocs\comple\app\Controllers\Escolares\ActividadController.php(29): App\Services\Escolares\ActividadService->getAlumnoPorNoControl('161160163')
#5 C:\xampp\htdocs\comple\system\CodeIgniter.php(918): App\Controllers\Escolares\ActividadController->buscar()
#6 C:\xampp\htdocs\comple\system\CodeIgniter.php(404): CodeIgniter\CodeIgniter->runController(Object(App\Controllers\Escolares\ActividadController))
#7 C:\xampp\htdocs\comple\system\CodeIgniter.php(312): CodeIgniter\CodeIgniter->handleRequest(NULL, Object(Config\Cache), false)
#8 C:\xampp\htdocs\comple\index.php(45): CodeIgniter\CodeIgniter->run()
#9 {main}
CRITICAL - 2020-12-29 15:27:06 --> Unable to connect to the database.
#0 C:\xampp\htdocs\comple\system\Database\BaseConnection.php(646): CodeIgniter\Database\BaseConnection->initialize()
#1 C:\xampp\htdocs\comple\system\Database\BaseBuilder.php(1860): CodeIgniter\Database\BaseConnection->query('SELECT *\nFROM `...', Array, false)
#2 C:\xampp\htdocs\comple\app\Models\Escolares\ActividadModel.php(19): CodeIgniter\Database\BaseBuilder->get()
#3 C:\xampp\htdocs\comple\app\Services\Escolares\ActividadService.php(16): App\Models\Escolares\ActividadModel->getAlumnoPorNoControl('161160163')
#4 C:\xampp\htdocs\comple\app\Controllers\Escolares\ActividadController.php(29): App\Services\Escolares\ActividadService->getAlumnoPorNoControl('161160163')
#5 C:\xampp\htdocs\comple\system\CodeIgniter.php(918): App\Controllers\Escolares\ActividadController->buscar()
#6 C:\xampp\htdocs\comple\system\CodeIgniter.php(404): CodeIgniter\CodeIgniter->runController(Object(App\Controllers\Escolares\ActividadController))
#7 C:\xampp\htdocs\comple\system\CodeIgniter.php(312): CodeIgniter\CodeIgniter->handleRequest(NULL, Object(Config\Cache), false)
#8 C:\xampp\htdocs\comple\index.php(45): CodeIgniter\CodeIgniter->run()
#9 {main}
CRITICAL - 2020-12-29 15:27:19 --> Unable to connect to the database.
#0 C:\xampp\htdocs\comple\system\Database\BaseConnection.php(646): CodeIgniter\Database\BaseConnection->initialize()
#1 C:\xampp\htdocs\comple\system\Database\BaseBuilder.php(1860): CodeIgniter\Database\BaseConnection->query('SELECT *\nFROM `...', Array, false)
#2 C:\xampp\htdocs\comple\app\Models\Escolares\ActividadModel.php(19): CodeIgniter\Database\BaseBuilder->get()
#3 C:\xampp\htdocs\comple\app\Services\Escolares\ActividadService.php(16): App\Models\Escolares\ActividadModel->getAlumnoPorNoControl('161160163')
#4 C:\xampp\htdocs\comple\app\Controllers\Escolares\ActividadController.php(29): App\Services\Escolares\ActividadService->getAlumnoPorNoControl('161160163')
#5 C:\xampp\htdocs\comple\system\CodeIgniter.php(918): App\Controllers\Escolares\ActividadController->buscar()
#6 C:\xampp\htdocs\comple\system\CodeIgniter.php(404): CodeIgniter\CodeIgniter->runController(Object(App\Controllers\Escolares\ActividadController))
#7 C:\xampp\htdocs\comple\system\CodeIgniter.php(312): CodeIgniter\CodeIgniter->handleRequest(NULL, Object(Config\Cache), false)
#8 C:\xampp\htdocs\comple\index.php(45): CodeIgniter\CodeIgniter->run()
#9 {main}
CRITICAL - 2020-12-29 15:27:26 --> Unable to connect to the database.
#0 C:\xampp\htdocs\comple\system\Database\BaseConnection.php(646): CodeIgniter\Database\BaseConnection->initialize()
#1 C:\xampp\htdocs\comple\system\Database\BaseBuilder.php(1860): CodeIgniter\Database\BaseConnection->query('SELECT *\nFROM `...', Array, false)
#2 C:\xampp\htdocs\comple\app\Models\Escolares\ActividadModel.php(19): CodeIgniter\Database\BaseBuilder->get()
#3 C:\xampp\htdocs\comple\app\Services\Escolares\ActividadService.php(16): App\Models\Escolares\ActividadModel->getAlumnoPorNoControl('161160176')
#4 C:\xampp\htdocs\comple\app\Controllers\Escolares\ActividadController.php(29): App\Services\Escolares\ActividadService->getAlumnoPorNoControl('161160176')
#5 C:\xampp\htdocs\comple\system\CodeIgniter.php(918): App\Controllers\Escolares\ActividadController->buscar()
#6 C:\xampp\htdocs\comple\system\CodeIgniter.php(404): CodeIgniter\CodeIgniter->runController(Object(App\Controllers\Escolares\ActividadController))
#7 C:\xampp\htdocs\comple\system\CodeIgniter.php(312): CodeIgniter\CodeIgniter->handleRequest(NULL, Object(Config\Cache), false)
#8 C:\xampp\htdocs\comple\index.php(45): CodeIgniter\CodeIgniter->run()
#9 {main}
CRITICAL - 2020-12-29 15:27:47 --> Unable to connect to the database.
#0 C:\xampp\htdocs\comple\system\Database\BaseConnection.php(646): CodeIgniter\Database\BaseConnection->initialize()
#1 C:\xampp\htdocs\comple\system\Database\BaseBuilder.php(1860): CodeIgniter\Database\BaseConnection->query('SELECT *\nFROM `...', Array, false)
#2 C:\xampp\htdocs\comple\app\Models\Escolares\ActividadModel.php(19): CodeIgniter\Database\BaseBuilder->get()
#3 C:\xampp\htdocs\comple\app\Services\Escolares\ActividadService.php(16): App\Models\Escolares\ActividadModel->getAlumnoPorNoControl('161160163')
#4 C:\xampp\htdocs\comple\app\Controllers\Escolares\ActividadController.php(29): App\Services\Escolares\ActividadService->getAlumnoPorNoControl('161160163')
#5 C:\xampp\htdocs\comple\system\CodeIgniter.php(918): App\Controllers\Escolares\ActividadController->buscar()
#6 C:\xampp\htdocs\comple\system\CodeIgniter.php(404): CodeIgniter\CodeIgniter->runController(Object(App\Controllers\Escolares\ActividadController))
#7 C:\xampp\htdocs\comple\system\CodeIgniter.php(312): CodeIgniter\CodeIgniter->handleRequest(NULL, Object(Config\Cache), false)
#8 C:\xampp\htdocs\comple\index.php(45): CodeIgniter\CodeIgniter->run()
#9 {main}
CRITICAL - 2020-12-29 15:27:49 --> Unable to connect to the database.
#0 C:\xampp\htdocs\comple\system\Database\BaseConnection.php(646): CodeIgniter\Database\BaseConnection->initialize()
#1 C:\xampp\htdocs\comple\system\Database\BaseBuilder.php(1860): CodeIgniter\Database\BaseConnection->query('SELECT *\nFROM `...', Array, false)
#2 C:\xampp\htdocs\comple\app\Models\Escolares\ActividadModel.php(19): CodeIgniter\Database\BaseBuilder->get()
#3 C:\xampp\htdocs\comple\app\Services\Escolares\ActividadService.php(16): App\Models\Escolares\ActividadModel->getAlumnoPorNoControl('161160163')
#4 C:\xampp\htdocs\comple\app\Controllers\Escolares\ActividadController.php(29): App\Services\Escolares\ActividadService->getAlumnoPorNoControl('161160163')
#5 C:\xampp\htdocs\comple\system\CodeIgniter.php(918): App\Controllers\Escolares\ActividadController->buscar()
#6 C:\xampp\htdocs\comple\system\CodeIgniter.php(404): CodeIgniter\CodeIgniter->runController(Object(App\Controllers\Escolares\ActividadController))
#7 C:\xampp\htdocs\comple\system\CodeIgniter.php(312): CodeIgniter\CodeIgniter->handleRequest(NULL, Object(Config\Cache), false)
#8 C:\xampp\htdocs\comple\index.php(45): CodeIgniter\CodeIgniter->run()
#9 {main}
CRITICAL - 2020-12-29 15:27:50 --> Unable to connect to the database.
#0 C:\xampp\htdocs\comple\system\Database\BaseConnection.php(646): CodeIgniter\Database\BaseConnection->initialize()
#1 C:\xampp\htdocs\comple\system\Database\BaseBuilder.php(1860): CodeIgniter\Database\BaseConnection->query('SELECT *\nFROM `...', Array, false)
#2 C:\xampp\htdocs\comple\app\Models\Escolares\ActividadModel.php(19): CodeIgniter\Database\BaseBuilder->get()
#3 C:\xampp\htdocs\comple\app\Services\Escolares\ActividadService.php(16): App\Models\Escolares\ActividadModel->getAlumnoPorNoControl('161160163')
#4 C:\xampp\htdocs\comple\app\Controllers\Escolares\ActividadController.php(29): App\Services\Escolares\ActividadService->getAlumnoPorNoControl('161160163')
#5 C:\xampp\htdocs\comple\system\CodeIgniter.php(918): App\Controllers\Escolares\ActividadController->buscar()
#6 C:\xampp\htdocs\comple\system\CodeIgniter.php(404): CodeIgniter\CodeIgniter->runController(Object(App\Controllers\Escolares\ActividadController))
#7 C:\xampp\htdocs\comple\system\CodeIgniter.php(312): CodeIgniter\CodeIgniter->handleRequest(NULL, Object(Config\Cache), false)
#8 C:\xampp\htdocs\comple\index.php(45): CodeIgniter\CodeIgniter->run()
#9 {main}
CRITICAL - 2020-12-29 15:27:50 --> Unable to connect to the database.
#0 C:\xampp\htdocs\comple\system\Database\BaseConnection.php(646): CodeIgniter\Database\BaseConnection->initialize()
#1 C:\xampp\htdocs\comple\system\Database\BaseBuilder.php(1860): CodeIgniter\Database\BaseConnection->query('SELECT *\nFROM `...', Array, false)
#2 C:\xampp\htdocs\comple\app\Models\Escolares\ActividadModel.php(19): CodeIgniter\Database\BaseBuilder->get()
#3 C:\xampp\htdocs\comple\app\Services\Escolares\ActividadService.php(16): App\Models\Escolares\ActividadModel->getAlumnoPorNoControl('161160163')
#4 C:\xampp\htdocs\comple\app\Controllers\Escolares\ActividadController.php(29): App\Services\Escolares\ActividadService->getAlumnoPorNoControl('161160163')
#5 C:\xampp\htdocs\comple\system\CodeIgniter.php(918): App\Controllers\Escolares\ActividadController->buscar()
#6 C:\xampp\htdocs\comple\system\CodeIgniter.php(404): CodeIgniter\CodeIgniter->runController(Object(App\Controllers\Escolares\ActividadController))
#7 C:\xampp\htdocs\comple\system\CodeIgniter.php(312): CodeIgniter\CodeIgniter->handleRequest(NULL, Object(Config\Cache), false)
#8 C:\xampp\htdocs\comple\index.php(45): CodeIgniter\CodeIgniter->run()
#9 {main}
CRITICAL - 2020-12-29 15:27:50 --> Unable to connect to the database.
#0 C:\xampp\htdocs\comple\system\Database\BaseConnection.php(646): CodeIgniter\Database\BaseConnection->initialize()
#1 C:\xampp\htdocs\comple\system\Database\BaseBuilder.php(1860): CodeIgniter\Database\BaseConnection->query('SELECT *\nFROM `...', Array, false)
#2 C:\xampp\htdocs\comple\app\Models\Escolares\ActividadModel.php(19): CodeIgniter\Database\BaseBuilder->get()
#3 C:\xampp\htdocs\comple\app\Services\Escolares\ActividadService.php(16): App\Models\Escolares\ActividadModel->getAlumnoPorNoControl('161160163')
#4 C:\xampp\htdocs\comple\app\Controllers\Escolares\ActividadController.php(29): App\Services\Escolares\ActividadService->getAlumnoPorNoControl('161160163')
#5 C:\xampp\htdocs\comple\system\CodeIgniter.php(918): App\Controllers\Escolares\ActividadController->buscar()
#6 C:\xampp\htdocs\comple\system\CodeIgniter.php(404): CodeIgniter\CodeIgniter->runController(Object(App\Controllers\Escolares\ActividadController))
#7 C:\xampp\htdocs\comple\system\CodeIgniter.php(312): CodeIgniter\CodeIgniter->handleRequest(NULL, Object(Config\Cache), false)
#8 C:\xampp\htdocs\comple\index.php(45): CodeIgniter\CodeIgniter->run()
#9 {main}
CRITICAL - 2020-12-29 15:27:51 --> Unable to connect to the database.
#0 C:\xampp\htdocs\comple\system\Database\BaseConnection.php(646): CodeIgniter\Database\BaseConnection->initialize()
#1 C:\xampp\htdocs\comple\system\Database\BaseBuilder.php(1860): CodeIgniter\Database\BaseConnection->query('SELECT *\nFROM `...', Array, false)
#2 C:\xampp\htdocs\comple\app\Models\Escolares\ActividadModel.php(19): CodeIgniter\Database\BaseBuilder->get()
#3 C:\xampp\htdocs\comple\app\Services\Escolares\ActividadService.php(16): App\Models\Escolares\ActividadModel->getAlumnoPorNoControl('161160163')
#4 C:\xampp\htdocs\comple\app\Controllers\Escolares\ActividadController.php(29): App\Services\Escolares\ActividadService->getAlumnoPorNoControl('161160163')
#5 C:\xampp\htdocs\comple\system\CodeIgniter.php(918): App\Controllers\Escolares\ActividadController->buscar()
#6 C:\xampp\htdocs\comple\system\CodeIgniter.php(404): CodeIgniter\CodeIgniter->runController(Object(App\Controllers\Escolares\ActividadController))
#7 C:\xampp\htdocs\comple\system\CodeIgniter.php(312): CodeIgniter\CodeIgniter->handleRequest(NULL, Object(Config\Cache), false)
#8 C:\xampp\htdocs\comple\index.php(45): CodeIgniter\CodeIgniter->run()
#9 {main}
CRITICAL - 2020-12-29 15:27:51 --> Unable to connect to the database.
#0 C:\xampp\htdocs\comple\system\Database\BaseConnection.php(646): CodeIgniter\Database\BaseConnection->initialize()
#1 C:\xampp\htdocs\comple\system\Database\BaseBuilder.php(1860): CodeIgniter\Database\BaseConnection->query('SELECT *\nFROM `...', Array, false)
#2 C:\xampp\htdocs\comple\app\Models\Escolares\ActividadModel.php(19): CodeIgniter\Database\BaseBuilder->get()
#3 C:\xampp\htdocs\comple\app\Services\Escolares\ActividadService.php(16): App\Models\Escolares\ActividadModel->getAlumnoPorNoControl('161160163')
#4 C:\xampp\htdocs\comple\app\Controllers\Escolares\ActividadController.php(29): App\Services\Escolares\ActividadService->getAlumnoPorNoControl('161160163')
#5 C:\xampp\htdocs\comple\system\CodeIgniter.php(918): App\Controllers\Escolares\ActividadController->buscar()
#6 C:\xampp\htdocs\comple\system\CodeIgniter.php(404): CodeIgniter\CodeIgniter->runController(Object(App\Controllers\Escolares\ActividadController))
#7 C:\xampp\htdocs\comple\system\CodeIgniter.php(312): CodeIgniter\CodeIgniter->handleRequest(NULL, Object(Config\Cache), false)
#8 C:\xampp\htdocs\comple\index.php(45): CodeIgniter\CodeIgniter->run()
#9 {main}
CRITICAL - 2020-12-29 15:27:52 --> Unable to connect to the database.
#0 C:\xampp\htdocs\comple\system\Database\BaseConnection.php(646): CodeIgniter\Database\BaseConnection->initialize()
#1 C:\xampp\htdocs\comple\system\Database\BaseBuilder.php(1860): CodeIgniter\Database\BaseConnection->query('SELECT *\nFROM `...', Array, false)
#2 C:\xampp\htdocs\comple\app\Models\Escolares\ActividadModel.php(19): CodeIgniter\Database\BaseBuilder->get()
#3 C:\xampp\htdocs\comple\app\Services\Escolares\ActividadService.php(16): App\Models\Escolares\ActividadModel->getAlumnoPorNoControl('161160163')
#4 C:\xampp\htdocs\comple\app\Controllers\Escolares\ActividadController.php(29): App\Services\Escolares\ActividadService->getAlumnoPorNoControl('161160163')
#5 C:\xampp\htdocs\comple\system\CodeIgniter.php(918): App\Controllers\Escolares\ActividadController->buscar()
#6 C:\xampp\htdocs\comple\system\CodeIgniter.php(404): CodeIgniter\CodeIgniter->runController(Object(App\Controllers\Escolares\ActividadController))
#7 C:\xampp\htdocs\comple\system\CodeIgniter.php(312): CodeIgniter\CodeIgniter->handleRequest(NULL, Object(Config\Cache), false)
#8 C:\xampp\htdocs\comple\index.php(45): CodeIgniter\CodeIgniter->run()
#9 {main}
CRITICAL - 2020-12-29 15:27:52 --> Unable to connect to the database.
#0 C:\xampp\htdocs\comple\system\Database\BaseConnection.php(646): CodeIgniter\Database\BaseConnection->initialize()
#1 C:\xampp\htdocs\comple\system\Database\BaseBuilder.php(1860): CodeIgniter\Database\BaseConnection->query('SELECT *\nFROM `...', Array, false)
#2 C:\xampp\htdocs\comple\app\Models\Escolares\ActividadModel.php(19): CodeIgniter\Database\BaseBuilder->get()
#3 C:\xampp\htdocs\comple\app\Services\Escolares\ActividadService.php(16): App\Models\Escolares\ActividadModel->getAlumnoPorNoControl('161160163')
#4 C:\xampp\htdocs\comple\app\Controllers\Escolares\ActividadController.php(29): App\Services\Escolares\ActividadService->getAlumnoPorNoControl('161160163')
#5 C:\xampp\htdocs\comple\system\CodeIgniter.php(918): App\Controllers\Escolares\ActividadController->buscar()
#6 C:\xampp\htdocs\comple\system\CodeIgniter.php(404): CodeIgniter\CodeIgniter->runController(Object(App\Controllers\Escolares\ActividadController))
#7 C:\xampp\htdocs\comple\system\CodeIgniter.php(312): CodeIgniter\CodeIgniter->handleRequest(NULL, Object(Config\Cache), false)
#8 C:\xampp\htdocs\comple\index.php(45): CodeIgniter\CodeIgniter->run()
#9 {main}
CRITICAL - 2020-12-29 15:27:53 --> Unable to connect to the database.
#0 C:\xampp\htdocs\comple\system\Database\BaseConnection.php(646): CodeIgniter\Database\BaseConnection->initialize()
#1 C:\xampp\htdocs\comple\system\Database\BaseBuilder.php(1860): CodeIgniter\Database\BaseConnection->query('SELECT *\nFROM `...', Array, false)
#2 C:\xampp\htdocs\comple\app\Models\Escolares\ActividadModel.php(19): CodeIgniter\Database\BaseBuilder->get()
#3 C:\xampp\htdocs\comple\app\Services\Escolares\ActividadService.php(16): App\Models\Escolares\ActividadModel->getAlumnoPorNoControl('161160163')
#4 C:\xampp\htdocs\comple\app\Controllers\Escolares\ActividadController.php(29): App\Services\Escolares\ActividadService->getAlumnoPorNoControl('161160163')
#5 C:\xampp\htdocs\comple\system\CodeIgniter.php(918): App\Controllers\Escolares\ActividadController->buscar()
#6 C:\xampp\htdocs\comple\system\CodeIgniter.php(404): CodeIgniter\CodeIgniter->runController(Object(App\Controllers\Escolares\ActividadController))
#7 C:\xampp\htdocs\comple\system\CodeIgniter.php(312): CodeIgniter\CodeIgniter->handleRequest(NULL, Object(Config\Cache), false)
#8 C:\xampp\htdocs\comple\index.php(45): CodeIgniter\CodeIgniter->run()
#9 {main}
CRITICAL - 2020-12-29 15:27:53 --> Unable to connect to the database.
#0 C:\xampp\htdocs\comple\system\Database\BaseConnection.php(646): CodeIgniter\Database\BaseConnection->initialize()
#1 C:\xampp\htdocs\comple\system\Database\BaseBuilder.php(1860): CodeIgniter\Database\BaseConnection->query('SELECT *\nFROM `...', Array, false)
#2 C:\xampp\htdocs\comple\app\Models\Escolares\ActividadModel.php(19): CodeIgniter\Database\BaseBuilder->get()
#3 C:\xampp\htdocs\comple\app\Services\Escolares\ActividadService.php(16): App\Models\Escolares\ActividadModel->getAlumnoPorNoControl('161160163')
#4 C:\xampp\htdocs\comple\app\Controllers\Escolares\ActividadController.php(29): App\Services\Escolares\ActividadService->getAlumnoPorNoControl('161160163')
#5 C:\xampp\htdocs\comple\system\CodeIgniter.php(918): App\Controllers\Escolares\ActividadController->buscar()
#6 C:\xampp\htdocs\comple\system\CodeIgniter.php(404): CodeIgniter\CodeIgniter->runController(Object(App\Controllers\Escolares\ActividadController))
#7 C:\xampp\htdocs\comple\system\CodeIgniter.php(312): CodeIgniter\CodeIgniter->handleRequest(NULL, Object(Config\Cache), false)
#8 C:\xampp\htdocs\comple\index.php(45): CodeIgniter\CodeIgniter->run()
#9 {main}
CRITICAL - 2020-12-29 15:27:53 --> Unable to connect to the database.
#0 C:\xampp\htdocs\comple\system\Database\BaseConnection.php(646): CodeIgniter\Database\BaseConnection->initialize()
#1 C:\xampp\htdocs\comple\system\Database\BaseBuilder.php(1860): CodeIgniter\Database\BaseConnection->query('SELECT *\nFROM `...', Array, false)
#2 C:\xampp\htdocs\comple\app\Models\Escolares\ActividadModel.php(19): CodeIgniter\Database\BaseBuilder->get()
#3 C:\xampp\htdocs\comple\app\Services\Escolares\ActividadService.php(16): App\Models\Escolares\ActividadModel->getAlumnoPorNoControl('161160163')
#4 C:\xampp\htdocs\comple\app\Controllers\Escolares\ActividadController.php(29): App\Services\Escolares\ActividadService->getAlumnoPorNoControl('161160163')
#5 C:\xampp\htdocs\comple\system\CodeIgniter.php(918): App\Controllers\Escolares\ActividadController->buscar()
#6 C:\xampp\htdocs\comple\system\CodeIgniter.php(404): CodeIgniter\CodeIgniter->runController(Object(App\Controllers\Escolares\ActividadController))
#7 C:\xampp\htdocs\comple\system\CodeIgniter.php(312): CodeIgniter\CodeIgniter->handleRequest(NULL, Object(Config\Cache), false)
#8 C:\xampp\htdocs\comple\index.php(45): CodeIgniter\CodeIgniter->run()
#9 {main}
CRITICAL - 2020-12-29 15:27:54 --> Unable to connect to the database.
#0 C:\xampp\htdocs\comple\system\Database\BaseConnection.php(646): CodeIgniter\Database\BaseConnection->initialize()
#1 C:\xampp\htdocs\comple\system\Database\BaseBuilder.php(1860): CodeIgniter\Database\BaseConnection->query('SELECT *\nFROM `...', Array, false)
#2 C:\xampp\htdocs\comple\app\Models\Escolares\ActividadModel.php(19): CodeIgniter\Database\BaseBuilder->get()
#3 C:\xampp\htdocs\comple\app\Services\Escolares\ActividadService.php(16): App\Models\Escolares\ActividadModel->getAlumnoPorNoControl('161160163')
#4 C:\xampp\htdocs\comple\app\Controllers\Escolares\ActividadController.php(29): App\Services\Escolares\ActividadService->getAlumnoPorNoControl('161160163')
#5 C:\xampp\htdocs\comple\system\CodeIgniter.php(918): App\Controllers\Escolares\ActividadController->buscar()
#6 C:\xampp\htdocs\comple\system\CodeIgniter.php(404): CodeIgniter\CodeIgniter->runController(Object(App\Controllers\Escolares\ActividadController))
#7 C:\xampp\htdocs\comple\system\CodeIgniter.php(312): CodeIgniter\CodeIgniter->handleRequest(NULL, Object(Config\Cache), false)
#8 C:\xampp\htdocs\comple\index.php(45): CodeIgniter\CodeIgniter->run()
#9 {main}
CRITICAL - 2020-12-29 15:27:54 --> Unable to connect to the database.
#0 C:\xampp\htdocs\comple\system\Database\BaseConnection.php(646): CodeIgniter\Database\BaseConnection->initialize()
#1 C:\xampp\htdocs\comple\system\Database\BaseBuilder.php(1860): CodeIgniter\Database\BaseConnection->query('SELECT *\nFROM `...', Array, false)
#2 C:\xampp\htdocs\comple\app\Models\Escolares\ActividadModel.php(19): CodeIgniter\Database\BaseBuilder->get()
#3 C:\xampp\htdocs\comple\app\Services\Escolares\ActividadService.php(16): App\Models\Escolares\ActividadModel->getAlumnoPorNoControl('161160163')
#4 C:\xampp\htdocs\comple\app\Controllers\Escolares\ActividadController.php(29): App\Services\Escolares\ActividadService->getAlumnoPorNoControl('161160163')
#5 C:\xampp\htdocs\comple\system\CodeIgniter.php(918): App\Controllers\Escolares\ActividadController->buscar()
#6 C:\xampp\htdocs\comple\system\CodeIgniter.php(404): CodeIgniter\CodeIgniter->runController(Object(App\Controllers\Escolares\ActividadController))
#7 C:\xampp\htdocs\comple\system\CodeIgniter.php(312): CodeIgniter\CodeIgniter->handleRequest(NULL, Object(Config\Cache), false)
#8 C:\xampp\htdocs\comple\index.php(45): CodeIgniter\CodeIgniter->run()
#9 {main}
CRITICAL - 2020-12-29 15:27:55 --> Unable to connect to the database.
#0 C:\xampp\htdocs\comple\system\Database\BaseConnection.php(646): CodeIgniter\Database\BaseConnection->initialize()
#1 C:\xampp\htdocs\comple\system\Database\BaseBuilder.php(1860): CodeIgniter\Database\BaseConnection->query('SELECT *\nFROM `...', Array, false)
#2 C:\xampp\htdocs\comple\app\Models\Escolares\ActividadModel.php(19): CodeIgniter\Database\BaseBuilder->get()
#3 C:\xampp\htdocs\comple\app\Services\Escolares\ActividadService.php(16): App\Models\Escolares\ActividadModel->getAlumnoPorNoControl('161160163')
#4 C:\xampp\htdocs\comple\app\Controllers\Escolares\ActividadController.php(29): App\Services\Escolares\ActividadService->getAlumnoPorNoControl('161160163')
#5 C:\xampp\htdocs\comple\system\CodeIgniter.php(918): App\Controllers\Escolares\ActividadController->buscar()
#6 C:\xampp\htdocs\comple\system\CodeIgniter.php(404): CodeIgniter\CodeIgniter->runController(Object(App\Controllers\Escolares\ActividadController))
#7 C:\xampp\htdocs\comple\system\CodeIgniter.php(312): CodeIgniter\CodeIgniter->handleRequest(NULL, Object(Config\Cache), false)
#8 C:\xampp\htdocs\comple\index.php(45): CodeIgniter\CodeIgniter->run()
#9 {main}
CRITICAL - 2020-12-29 15:27:55 --> Unable to connect to the database.
#0 C:\xampp\htdocs\comple\system\Database\BaseConnection.php(646): CodeIgniter\Database\BaseConnection->initialize()
#1 C:\xampp\htdocs\comple\system\Database\BaseBuilder.php(1860): CodeIgniter\Database\BaseConnection->query('SELECT *\nFROM `...', Array, false)
#2 C:\xampp\htdocs\comple\app\Models\Escolares\ActividadModel.php(19): CodeIgniter\Database\BaseBuilder->get()
#3 C:\xampp\htdocs\comple\app\Services\Escolares\ActividadService.php(16): App\Models\Escolares\ActividadModel->getAlumnoPorNoControl('161160163')
#4 C:\xampp\htdocs\comple\app\Controllers\Escolares\ActividadController.php(29): App\Services\Escolares\ActividadService->getAlumnoPorNoControl('161160163')
#5 C:\xampp\htdocs\comple\system\CodeIgniter.php(918): App\Controllers\Escolares\ActividadController->buscar()
#6 C:\xampp\htdocs\comple\system\CodeIgniter.php(404): CodeIgniter\CodeIgniter->runController(Object(App\Controllers\Escolares\ActividadController))
#7 C:\xampp\htdocs\comple\system\CodeIgniter.php(312): CodeIgniter\CodeIgniter->handleRequest(NULL, Object(Config\Cache), false)
#8 C:\xampp\htdocs\comple\index.php(45): CodeIgniter\CodeIgniter->run()
#9 {main}
CRITICAL - 2020-12-29 15:27:55 --> Unable to connect to the database.
#0 C:\xampp\htdocs\comple\system\Database\BaseConnection.php(646): CodeIgniter\Database\BaseConnection->initialize()
#1 C:\xampp\htdocs\comple\system\Database\BaseBuilder.php(1860): CodeIgniter\Database\BaseConnection->query('SELECT *\nFROM `...', Array, false)
#2 C:\xampp\htdocs\comple\app\Models\Escolares\ActividadModel.php(19): CodeIgniter\Database\BaseBuilder->get()
#3 C:\xampp\htdocs\comple\app\Services\Escolares\ActividadService.php(16): App\Models\Escolares\ActividadModel->getAlumnoPorNoControl('161160163')
#4 C:\xampp\htdocs\comple\app\Controllers\Escolares\ActividadController.php(29): App\Services\Escolares\ActividadService->getAlumnoPorNoControl('161160163')
#5 C:\xampp\htdocs\comple\system\CodeIgniter.php(918): App\Controllers\Escolares\ActividadController->buscar()
#6 C:\xampp\htdocs\comple\system\CodeIgniter.php(404): CodeIgniter\CodeIgniter->runController(Object(App\Controllers\Escolares\ActividadController))
#7 C:\xampp\htdocs\comple\system\CodeIgniter.php(312): CodeIgniter\CodeIgniter->handleRequest(NULL, Object(Config\Cache), false)
#8 C:\xampp\htdocs\comple\index.php(45): CodeIgniter\CodeIgniter->run()
#9 {main}
CRITICAL - 2020-12-29 15:27:56 --> Unable to connect to the database.
#0 C:\xampp\htdocs\comple\system\Database\BaseConnection.php(646): CodeIgniter\Database\BaseConnection->initialize()
#1 C:\xampp\htdocs\comple\system\Database\BaseBuilder.php(1860): CodeIgniter\Database\BaseConnection->query('SELECT *\nFROM `...', Array, false)
#2 C:\xampp\htdocs\comple\app\Models\Escolares\ActividadModel.php(19): CodeIgniter\Database\BaseBuilder->get()
#3 C:\xampp\htdocs\comple\app\Services\Escolares\ActividadService.php(16): App\Models\Escolares\ActividadModel->getAlumnoPorNoControl('161160163')
#4 C:\xampp\htdocs\comple\app\Controllers\Escolares\ActividadController.php(29): App\Services\Escolares\ActividadService->getAlumnoPorNoControl('161160163')
#5 C:\xampp\htdocs\comple\system\CodeIgniter.php(918): App\Controllers\Escolares\ActividadController->buscar()
#6 C:\xampp\htdocs\comple\system\CodeIgniter.php(404): CodeIgniter\CodeIgniter->runController(Object(App\Controllers\Escolares\ActividadController))
#7 C:\xampp\htdocs\comple\system\CodeIgniter.php(312): CodeIgniter\CodeIgniter->handleRequest(NULL, Object(Config\Cache), false)
#8 C:\xampp\htdocs\comple\index.php(45): CodeIgniter\CodeIgniter->run()
#9 {main}
CRITICAL - 2020-12-29 15:27:56 --> Unable to connect to the database.
#0 C:\xampp\htdocs\comple\system\Database\BaseConnection.php(646): CodeIgniter\Database\BaseConnection->initialize()
#1 C:\xampp\htdocs\comple\system\Database\BaseBuilder.php(1860): CodeIgniter\Database\BaseConnection->query('SELECT *\nFROM `...', Array, false)
#2 C:\xampp\htdocs\comple\app\Models\Escolares\ActividadModel.php(19): CodeIgniter\Database\BaseBuilder->get()
#3 C:\xampp\htdocs\comple\app\Services\Escolares\ActividadService.php(16): App\Models\Escolares\ActividadModel->getAlumnoPorNoControl('161160163')
#4 C:\xampp\htdocs\comple\app\Controllers\Escolares\ActividadController.php(29): App\Services\Escolares\ActividadService->getAlumnoPorNoControl('161160163')
#5 C:\xampp\htdocs\comple\system\CodeIgniter.php(918): App\Controllers\Escolares\ActividadController->buscar()
#6 C:\xampp\htdocs\comple\system\CodeIgniter.php(404): CodeIgniter\CodeIgniter->runController(Object(App\Controllers\Escolares\ActividadController))
#7 C:\xampp\htdocs\comple\system\CodeIgniter.php(312): CodeIgniter\CodeIgniter->handleRequest(NULL, Object(Config\Cache), false)
#8 C:\xampp\htdocs\comple\index.php(45): CodeIgniter\CodeIgniter->run()
#9 {main}
CRITICAL - 2020-12-29 15:27:58 --> Unable to connect to the database.
#0 C:\xampp\htdocs\comple\system\Database\BaseConnection.php(646): CodeIgniter\Database\BaseConnection->initialize()
#1 C:\xampp\htdocs\comple\system\Database\BaseBuilder.php(1860): CodeIgniter\Database\BaseConnection->query('SELECT *\nFROM `...', Array, false)
#2 C:\xampp\htdocs\comple\app\Models\Escolares\ActividadModel.php(19): CodeIgniter\Database\BaseBuilder->get()
#3 C:\xampp\htdocs\comple\app\Services\Escolares\ActividadService.php(16): App\Models\Escolares\ActividadModel->getAlumnoPorNoControl('161160163')
#4 C:\xampp\htdocs\comple\app\Controllers\Escolares\ActividadController.php(29): App\Services\Escolares\ActividadService->getAlumnoPorNoControl('161160163')
#5 C:\xampp\htdocs\comple\system\CodeIgniter.php(918): App\Controllers\Escolares\ActividadController->buscar()
#6 C:\xampp\htdocs\comple\system\CodeIgniter.php(404): CodeIgniter\CodeIgniter->runController(Object(App\Controllers\Escolares\ActividadController))
#7 C:\xampp\htdocs\comple\system\CodeIgniter.php(312): CodeIgniter\CodeIgniter->handleRequest(NULL, Object(Config\Cache), false)
#8 C:\xampp\htdocs\comple\index.php(45): CodeIgniter\CodeIgniter->run()
#9 {main}
CRITICAL - 2020-12-29 15:27:58 --> Unable to connect to the database.
#0 C:\xampp\htdocs\comple\system\Database\BaseConnection.php(646): CodeIgniter\Database\BaseConnection->initialize()
#1 C:\xampp\htdocs\comple\system\Database\BaseBuilder.php(1860): CodeIgniter\Database\BaseConnection->query('SELECT *\nFROM `...', Array, false)
#2 C:\xampp\htdocs\comple\app\Models\Escolares\ActividadModel.php(19): CodeIgniter\Database\BaseBuilder->get()
#3 C:\xampp\htdocs\comple\app\Services\Escolares\ActividadService.php(16): App\Models\Escolares\ActividadModel->getAlumnoPorNoControl('161160163')
#4 C:\xampp\htdocs\comple\app\Controllers\Escolares\ActividadController.php(29): App\Services\Escolares\ActividadService->getAlumnoPorNoControl('161160163')
#5 C:\xampp\htdocs\comple\system\CodeIgniter.php(918): App\Controllers\Escolares\ActividadController->buscar()
#6 C:\xampp\htdocs\comple\system\CodeIgniter.php(404): CodeIgniter\CodeIgniter->runController(Object(App\Controllers\Escolares\ActividadController))
#7 C:\xampp\htdocs\comple\system\CodeIgniter.php(312): CodeIgniter\CodeIgniter->handleRequest(NULL, Object(Config\Cache), false)
#8 C:\xampp\htdocs\comple\index.php(45): CodeIgniter\CodeIgniter->run()
#9 {main}
CRITICAL - 2020-12-29 15:27:58 --> Unable to connect to the database.
#0 C:\xampp\htdocs\comple\system\Database\BaseConnection.php(646): CodeIgniter\Database\BaseConnection->initialize()
#1 C:\xampp\htdocs\comple\system\Database\BaseBuilder.php(1860): CodeIgniter\Database\BaseConnection->query('SELECT *\nFROM `...', Array, false)
#2 C:\xampp\htdocs\comple\app\Models\Escolares\ActividadModel.php(19): CodeIgniter\Database\BaseBuilder->get()
#3 C:\xampp\htdocs\comple\app\Services\Escolares\ActividadService.php(16): App\Models\Escolares\ActividadModel->getAlumnoPorNoControl('161160163')
#4 C:\xampp\htdocs\comple\app\Controllers\Escolares\ActividadController.php(29): App\Services\Escolares\ActividadService->getAlumnoPorNoControl('161160163')
#5 C:\xampp\htdocs\comple\system\CodeIgniter.php(918): App\Controllers\Escolares\ActividadController->buscar()
#6 C:\xampp\htdocs\comple\system\CodeIgniter.php(404): CodeIgniter\CodeIgniter->runController(Object(App\Controllers\Escolares\ActividadController))
#7 C:\xampp\htdocs\comple\system\CodeIgniter.php(312): CodeIgniter\CodeIgniter->handleRequest(NULL, Object(Config\Cache), false)
#8 C:\xampp\htdocs\comple\index.php(45): CodeIgniter\CodeIgniter->run()
#9 {main}
CRITICAL - 2020-12-29 15:27:58 --> Unable to connect to the database.
#0 C:\xampp\htdocs\comple\system\Database\BaseConnection.php(646): CodeIgniter\Database\BaseConnection->initialize()
#1 C:\xampp\htdocs\comple\system\Database\BaseBuilder.php(1860): CodeIgniter\Database\BaseConnection->query('SELECT *\nFROM `...', Array, false)
#2 C:\xampp\htdocs\comple\app\Models\Escolares\ActividadModel.php(19): CodeIgniter\Database\BaseBuilder->get()
#3 C:\xampp\htdocs\comple\app\Services\Escolares\ActividadService.php(16): App\Models\Escolares\ActividadModel->getAlumnoPorNoControl('161160163')
#4 C:\xampp\htdocs\comple\app\Controllers\Escolares\ActividadController.php(29): App\Services\Escolares\ActividadService->getAlumnoPorNoControl('161160163')
#5 C:\xampp\htdocs\comple\system\CodeIgniter.php(918): App\Controllers\Escolares\ActividadController->buscar()
#6 C:\xampp\htdocs\comple\system\CodeIgniter.php(404): CodeIgniter\CodeIgniter->runController(Object(App\Controllers\Escolares\ActividadController))
#7 C:\xampp\htdocs\comple\system\CodeIgniter.php(312): CodeIgniter\CodeIgniter->handleRequest(NULL, Object(Config\Cache), false)
#8 C:\xampp\htdocs\comple\index.php(45): CodeIgniter\CodeIgniter->run()
#9 {main}
CRITICAL - 2020-12-29 15:27:58 --> Unable to connect to the database.
#0 C:\xampp\htdocs\comple\system\Database\BaseConnection.php(646): CodeIgniter\Database\BaseConnection->initialize()
#1 C:\xampp\htdocs\comple\system\Database\BaseBuilder.php(1860): CodeIgniter\Database\BaseConnection->query('SELECT *\nFROM `...', Array, false)
#2 C:\xampp\htdocs\comple\app\Models\Escolares\ActividadModel.php(19): CodeIgniter\Database\BaseBuilder->get()
#3 C:\xampp\htdocs\comple\app\Services\Escolares\ActividadService.php(16): App\Models\Escolares\ActividadModel->getAlumnoPorNoControl('161160163')
#4 C:\xampp\htdocs\comple\app\Controllers\Escolares\ActividadController.php(29): App\Services\Escolares\ActividadService->getAlumnoPorNoControl('161160163')
#5 C:\xampp\htdocs\comple\system\CodeIgniter.php(918): App\Controllers\Escolares\ActividadController->buscar()
#6 C:\xampp\htdocs\comple\system\CodeIgniter.php(404): CodeIgniter\CodeIgniter->runController(Object(App\Controllers\Escolares\ActividadController))
#7 C:\xampp\htdocs\comple\system\CodeIgniter.php(312): CodeIgniter\CodeIgniter->handleRequest(NULL, Object(Config\Cache), false)
#8 C:\xampp\htdocs\comple\index.php(45): CodeIgniter\CodeIgniter->run()
#9 {main}
CRITICAL - 2020-12-29 15:28:15 --> Unable to connect to the database.
#0 C:\xampp\htdocs\comple\system\Database\BaseConnection.php(646): CodeIgniter\Database\BaseConnection->initialize()
#1 C:\xampp\htdocs\comple\system\Database\BaseBuilder.php(1860): CodeIgniter\Database\BaseConnection->query('SELECT *\nFROM `...', Array, false)
#2 C:\xampp\htdocs\comple\app\Models\Escolares\ActividadModel.php(19): CodeIgniter\Database\BaseBuilder->get()
#3 C:\xampp\htdocs\comple\app\Services\Escolares\ActividadService.php(16): App\Models\Escolares\ActividadModel->getAlumnoPorNoControl('161160163')
#4 C:\xampp\htdocs\comple\app\Controllers\Escolares\ActividadController.php(29): App\Services\Escolares\ActividadService->getAlumnoPorNoControl('161160163')
#5 C:\xampp\htdocs\comple\system\CodeIgniter.php(918): App\Controllers\Escolares\ActividadController->buscar()
#6 C:\xampp\htdocs\comple\system\CodeIgniter.php(404): CodeIgniter\CodeIgniter->runController(Object(App\Controllers\Escolares\ActividadController))
#7 C:\xampp\htdocs\comple\system\CodeIgniter.php(312): CodeIgniter\CodeIgniter->handleRequest(NULL, Object(Config\Cache), false)
#8 C:\xampp\htdocs\comple\index.php(45): CodeIgniter\CodeIgniter->run()
#9 {main}
CRITICAL - 2020-12-29 15:28:16 --> Unable to connect to the database.
#0 C:\xampp\htdocs\comple\system\Database\BaseConnection.php(646): CodeIgniter\Database\BaseConnection->initialize()
#1 C:\xampp\htdocs\comple\system\Database\BaseBuilder.php(1860): CodeIgniter\Database\BaseConnection->query('SELECT *\nFROM `...', Array, false)
#2 C:\xampp\htdocs\comple\app\Models\Escolares\ActividadModel.php(19): CodeIgniter\Database\BaseBuilder->get()
#3 C:\xampp\htdocs\comple\app\Services\Escolares\ActividadService.php(16): App\Models\Escolares\ActividadModel->getAlumnoPorNoControl('161160163')
#4 C:\xampp\htdocs\comple\app\Controllers\Escolares\ActividadController.php(29): App\Services\Escolares\ActividadService->getAlumnoPorNoControl('161160163')
#5 C:\xampp\htdocs\comple\system\CodeIgniter.php(918): App\Controllers\Escolares\ActividadController->buscar()
#6 C:\xampp\htdocs\comple\system\CodeIgniter.php(404): CodeIgniter\CodeIgniter->runController(Object(App\Controllers\Escolares\ActividadController))
#7 C:\xampp\htdocs\comple\system\CodeIgniter.php(312): CodeIgniter\CodeIgniter->handleRequest(NULL, Object(Config\Cache), false)
#8 C:\xampp\htdocs\comple\index.php(45): CodeIgniter\CodeIgniter->run()
#9 {main}
CRITICAL - 2020-12-29 15:28:30 --> Unable to connect to the database.
#0 C:\xampp\htdocs\comple\system\Database\BaseConnection.php(646): CodeIgniter\Database\BaseConnection->initialize()
#1 C:\xampp\htdocs\comple\system\Database\BaseBuilder.php(1860): CodeIgniter\Database\BaseConnection->query('SELECT *\nFROM `...', Array, false)
#2 C:\xampp\htdocs\comple\app\Models\Escolares\ActividadModel.php(19): CodeIgniter\Database\BaseBuilder->get()
#3 C:\xampp\htdocs\comple\app\Services\Escolares\ActividadService.php(16): App\Models\Escolares\ActividadModel->getAlumnoPorNoControl('161160163')
#4 C:\xampp\htdocs\comple\app\Controllers\Escolares\ActividadController.php(29): App\Services\Escolares\ActividadService->getAlumnoPorNoControl('161160163')
#5 C:\xampp\htdocs\comple\system\CodeIgniter.php(918): App\Controllers\Escolares\ActividadController->buscar()
#6 C:\xampp\htdocs\comple\system\CodeIgniter.php(404): CodeIgniter\CodeIgniter->runController(Object(App\Controllers\Escolares\ActividadController))
#7 C:\xampp\htdocs\comple\system\CodeIgniter.php(312): CodeIgniter\CodeIgniter->handleRequest(NULL, Object(Config\Cache), false)
#8 C:\xampp\htdocs\comple\index.php(45): CodeIgniter\CodeIgniter->run()
#9 {main}
CRITICAL - 2020-12-29 15:28:30 --> Unable to connect to the database.
#0 C:\xampp\htdocs\comple\system\Database\BaseConnection.php(646): CodeIgniter\Database\BaseConnection->initialize()
#1 C:\xampp\htdocs\comple\system\Database\BaseBuilder.php(1860): CodeIgniter\Database\BaseConnection->query('SELECT *\nFROM `...', Array, false)
#2 C:\xampp\htdocs\comple\app\Models\Escolares\ActividadModel.php(19): CodeIgniter\Database\BaseBuilder->get()
#3 C:\xampp\htdocs\comple\app\Services\Escolares\ActividadService.php(16): App\Models\Escolares\ActividadModel->getAlumnoPorNoControl('161160163')
#4 C:\xampp\htdocs\comple\app\Controllers\Escolares\ActividadController.php(29): App\Services\Escolares\ActividadService->getAlumnoPorNoControl('161160163')
#5 C:\xampp\htdocs\comple\system\CodeIgniter.php(918): App\Controllers\Escolares\ActividadController->buscar()
#6 C:\xampp\htdocs\comple\system\CodeIgniter.php(404): CodeIgniter\CodeIgniter->runController(Object(App\Controllers\Escolares\ActividadController))
#7 C:\xampp\htdocs\comple\system\CodeIgniter.php(312): CodeIgniter\CodeIgniter->handleRequest(NULL, Object(Config\Cache), false)
#8 C:\xampp\htdocs\comple\index.php(45): CodeIgniter\CodeIgniter->run()
#9 {main}
CRITICAL - 2020-12-29 15:28:31 --> Unable to connect to the database.
#0 C:\xampp\htdocs\comple\system\Database\BaseConnection.php(646): CodeIgniter\Database\BaseConnection->initialize()
#1 C:\xampp\htdocs\comple\system\Database\BaseBuilder.php(1860): CodeIgniter\Database\BaseConnection->query('SELECT *\nFROM `...', Array, false)
#2 C:\xampp\htdocs\comple\app\Models\Escolares\ActividadModel.php(19): CodeIgniter\Database\BaseBuilder->get()
#3 C:\xampp\htdocs\comple\app\Services\Escolares\ActividadService.php(16): App\Models\Escolares\ActividadModel->getAlumnoPorNoControl('161160163')
#4 C:\xampp\htdocs\comple\app\Controllers\Escolares\ActividadController.php(29): App\Services\Escolares\ActividadService->getAlumnoPorNoControl('161160163')
#5 C:\xampp\htdocs\comple\system\CodeIgniter.php(918): App\Controllers\Escolares\ActividadController->buscar()
#6 C:\xampp\htdocs\comple\system\CodeIgniter.php(404): CodeIgniter\CodeIgniter->runController(Object(App\Controllers\Escolares\ActividadController))
#7 C:\xampp\htdocs\comple\system\CodeIgniter.php(312): CodeIgniter\CodeIgniter->handleRequest(NULL, Object(Config\Cache), false)
#8 C:\xampp\htdocs\comple\index.php(45): CodeIgniter\CodeIgniter->run()
#9 {main}
CRITICAL - 2020-12-29 15:28:31 --> Unable to connect to the database.
#0 C:\xampp\htdocs\comple\system\Database\BaseConnection.php(646): CodeIgniter\Database\BaseConnection->initialize()
#1 C:\xampp\htdocs\comple\system\Database\BaseBuilder.php(1860): CodeIgniter\Database\BaseConnection->query('SELECT *\nFROM `...', Array, false)
#2 C:\xampp\htdocs\comple\app\Models\Escolares\ActividadModel.php(19): CodeIgniter\Database\BaseBuilder->get()
#3 C:\xampp\htdocs\comple\app\Services\Escolares\ActividadService.php(16): App\Models\Escolares\ActividadModel->getAlumnoPorNoControl('161160163')
#4 C:\xampp\htdocs\comple\app\Controllers\Escolares\ActividadController.php(29): App\Services\Escolares\ActividadService->getAlumnoPorNoControl('161160163')
#5 C:\xampp\htdocs\comple\system\CodeIgniter.php(918): App\Controllers\Escolares\ActividadController->buscar()
#6 C:\xampp\htdocs\comple\system\CodeIgniter.php(404): CodeIgniter\CodeIgniter->runController(Object(App\Controllers\Escolares\ActividadController))
#7 C:\xampp\htdocs\comple\system\CodeIgniter.php(312): CodeIgniter\CodeIgniter->handleRequest(NULL, Object(Config\Cache), false)
#8 C:\xampp\htdocs\comple\index.php(45): CodeIgniter\CodeIgniter->run()
#9 {main}
CRITICAL - 2020-12-29 15:28:31 --> Unable to connect to the database.
#0 C:\xampp\htdocs\comple\system\Database\BaseConnection.php(646): CodeIgniter\Database\BaseConnection->initialize()
#1 C:\xampp\htdocs\comple\system\Database\BaseBuilder.php(1860): CodeIgniter\Database\BaseConnection->query('SELECT *\nFROM `...', Array, false)
#2 C:\xampp\htdocs\comple\app\Models\Escolares\ActividadModel.php(19): CodeIgniter\Database\BaseBuilder->get()
#3 C:\xampp\htdocs\comple\app\Services\Escolares\ActividadService.php(16): App\Models\Escolares\ActividadModel->getAlumnoPorNoControl('161160163')
#4 C:\xampp\htdocs\comple\app\Controllers\Escolares\ActividadController.php(29): App\Services\Escolares\ActividadService->getAlumnoPorNoControl('161160163')
#5 C:\xampp\htdocs\comple\system\CodeIgniter.php(918): App\Controllers\Escolares\ActividadController->buscar()
#6 C:\xampp\htdocs\comple\system\CodeIgniter.php(404): CodeIgniter\CodeIgniter->runController(Object(App\Controllers\Escolares\ActividadController))
#7 C:\xampp\htdocs\comple\system\CodeIgniter.php(312): CodeIgniter\CodeIgniter->handleRequest(NULL, Object(Config\Cache), false)
#8 C:\xampp\htdocs\comple\index.php(45): CodeIgniter\CodeIgniter->run()
#9 {main}
CRITICAL - 2020-12-29 15:28:32 --> Unable to connect to the database.
#0 C:\xampp\htdocs\comple\system\Database\BaseConnection.php(646): CodeIgniter\Database\BaseConnection->initialize()
#1 C:\xampp\htdocs\comple\system\Database\BaseBuilder.php(1860): CodeIgniter\Database\BaseConnection->query('SELECT *\nFROM `...', Array, false)
#2 C:\xampp\htdocs\comple\app\Models\Escolares\ActividadModel.php(19): CodeIgniter\Database\BaseBuilder->get()
#3 C:\xampp\htdocs\comple\app\Services\Escolares\ActividadService.php(16): App\Models\Escolares\ActividadModel->getAlumnoPorNoControl('161160163')
#4 C:\xampp\htdocs\comple\app\Controllers\Escolares\ActividadController.php(29): App\Services\Escolares\ActividadService->getAlumnoPorNoControl('161160163')
#5 C:\xampp\htdocs\comple\system\CodeIgniter.php(918): App\Controllers\Escolares\ActividadController->buscar()
#6 C:\xampp\htdocs\comple\system\CodeIgniter.php(404): CodeIgniter\CodeIgniter->runController(Object(App\Controllers\Escolares\ActividadController))
#7 C:\xampp\htdocs\comple\system\CodeIgniter.php(312): CodeIgniter\CodeIgniter->handleRequest(NULL, Object(Config\Cache), false)
#8 C:\xampp\htdocs\comple\index.php(45): CodeIgniter\CodeIgniter->run()
#9 {main}
CRITICAL - 2020-12-29 15:28:32 --> Unable to connect to the database.
#0 C:\xampp\htdocs\comple\system\Database\BaseConnection.php(646): CodeIgniter\Database\BaseConnection->initialize()
#1 C:\xampp\htdocs\comple\system\Database\BaseBuilder.php(1860): CodeIgniter\Database\BaseConnection->query('SELECT *\nFROM `...', Array, false)
#2 C:\xampp\htdocs\comple\app\Models\Escolares\ActividadModel.php(19): CodeIgniter\Database\BaseBuilder->get()
#3 C:\xampp\htdocs\comple\app\Services\Escolares\ActividadService.php(16): App\Models\Escolares\ActividadModel->getAlumnoPorNoControl('161160163')
#4 C:\xampp\htdocs\comple\app\Controllers\Escolares\ActividadController.php(29): App\Services\Escolares\ActividadService->getAlumnoPorNoControl('161160163')
#5 C:\xampp\htdocs\comple\system\CodeIgniter.php(918): App\Controllers\Escolares\ActividadController->buscar()
#6 C:\xampp\htdocs\comple\system\CodeIgniter.php(404): CodeIgniter\CodeIgniter->runController(Object(App\Controllers\Escolares\ActividadController))
#7 C:\xampp\htdocs\comple\system\CodeIgniter.php(312): CodeIgniter\CodeIgniter->handleRequest(NULL, Object(Config\Cache), false)
#8 C:\xampp\htdocs\comple\index.php(45): CodeIgniter\CodeIgniter->run()
#9 {main}
CRITICAL - 2020-12-29 15:28:32 --> Unable to connect to the database.
#0 C:\xampp\htdocs\comple\system\Database\BaseConnection.php(646): CodeIgniter\Database\BaseConnection->initialize()
#1 C:\xampp\htdocs\comple\system\Database\BaseBuilder.php(1860): CodeIgniter\Database\BaseConnection->query('SELECT *\nFROM `...', Array, false)
#2 C:\xampp\htdocs\comple\app\Models\Escolares\ActividadModel.php(19): CodeIgniter\Database\BaseBuilder->get()
#3 C:\xampp\htdocs\comple\app\Services\Escolares\ActividadService.php(16): App\Models\Escolares\ActividadModel->getAlumnoPorNoControl('161160163')
#4 C:\xampp\htdocs\comple\app\Controllers\Escolares\ActividadController.php(29): App\Services\Escolares\ActividadService->getAlumnoPorNoControl('161160163')
#5 C:\xampp\htdocs\comple\system\CodeIgniter.php(918): App\Controllers\Escolares\ActividadController->buscar()
#6 C:\xampp\htdocs\comple\system\CodeIgniter.php(404): CodeIgniter\CodeIgniter->runController(Object(App\Controllers\Escolares\ActividadController))
#7 C:\xampp\htdocs\comple\system\CodeIgniter.php(312): CodeIgniter\CodeIgniter->handleRequest(NULL, Object(Config\Cache), false)
#8 C:\xampp\htdocs\comple\index.php(45): CodeIgniter\CodeIgniter->run()
#9 {main}
CRITICAL - 2020-12-29 15:28:32 --> Unable to connect to the database.
#0 C:\xampp\htdocs\comple\system\Database\BaseConnection.php(646): CodeIgniter\Database\BaseConnection->initialize()
#1 C:\xampp\htdocs\comple\system\Database\BaseBuilder.php(1860): CodeIgniter\Database\BaseConnection->query('SELECT *\nFROM `...', Array, false)
#2 C:\xampp\htdocs\comple\app\Models\Escolares\ActividadModel.php(19): CodeIgniter\Database\BaseBuilder->get()
#3 C:\xampp\htdocs\comple\app\Services\Escolares\ActividadService.php(16): App\Models\Escolares\ActividadModel->getAlumnoPorNoControl('161160163')
#4 C:\xampp\htdocs\comple\app\Controllers\Escolares\ActividadController.php(29): App\Services\Escolares\ActividadService->getAlumnoPorNoControl('161160163')
#5 C:\xampp\htdocs\comple\system\CodeIgniter.php(918): App\Controllers\Escolares\ActividadController->buscar()
#6 C:\xampp\htdocs\comple\system\CodeIgniter.php(404): CodeIgniter\CodeIgniter->runController(Object(App\Controllers\Escolares\ActividadController))
#7 C:\xampp\htdocs\comple\system\CodeIgniter.php(312): CodeIgniter\CodeIgniter->handleRequest(NULL, Object(Config\Cache), false)
#8 C:\xampp\htdocs\comple\index.php(45): CodeIgniter\CodeIgniter->run()
#9 {main}
CRITICAL - 2020-12-29 15:28:32 --> Unable to connect to the database.
#0 C:\xampp\htdocs\comple\system\Database\BaseConnection.php(646): CodeIgniter\Database\BaseConnection->initialize()
#1 C:\xampp\htdocs\comple\system\Database\BaseBuilder.php(1860): CodeIgniter\Database\BaseConnection->query('SELECT *\nFROM `...', Array, false)
#2 C:\xampp\htdocs\comple\app\Models\Escolares\ActividadModel.php(19): CodeIgniter\Database\BaseBuilder->get()
#3 C:\xampp\htdocs\comple\app\Services\Escolares\ActividadService.php(16): App\Models\Escolares\ActividadModel->getAlumnoPorNoControl('161160163')
#4 C:\xampp\htdocs\comple\app\Controllers\Escolares\ActividadController.php(29): App\Services\Escolares\ActividadService->getAlumnoPorNoControl('161160163')
#5 C:\xampp\htdocs\comple\system\CodeIgniter.php(918): App\Controllers\Escolares\ActividadController->buscar()
#6 C:\xampp\htdocs\comple\system\CodeIgniter.php(404): CodeIgniter\CodeIgniter->runController(Object(App\Controllers\Escolares\ActividadController))
#7 C:\xampp\htdocs\comple\system\CodeIgniter.php(312): CodeIgniter\CodeIgniter->handleRequest(NULL, Object(Config\Cache), false)
#8 C:\xampp\htdocs\comple\index.php(45): CodeIgniter\CodeIgniter->run()
#9 {main}
CRITICAL - 2020-12-29 15:28:33 --> Unable to connect to the database.
#0 C:\xampp\htdocs\comple\system\Database\BaseConnection.php(646): CodeIgniter\Database\BaseConnection->initialize()
#1 C:\xampp\htdocs\comple\system\Database\BaseBuilder.php(1860): CodeIgniter\Database\BaseConnection->query('SELECT *\nFROM `...', Array, false)
#2 C:\xampp\htdocs\comple\app\Models\Escolares\ActividadModel.php(19): CodeIgniter\Database\BaseBuilder->get()
#3 C:\xampp\htdocs\comple\app\Services\Escolares\ActividadService.php(16): App\Models\Escolares\ActividadModel->getAlumnoPorNoControl('161160163')
#4 C:\xampp\htdocs\comple\app\Controllers\Escolares\ActividadController.php(29): App\Services\Escolares\ActividadService->getAlumnoPorNoControl('161160163')
#5 C:\xampp\htdocs\comple\system\CodeIgniter.php(918): App\Controllers\Escolares\ActividadController->buscar()
#6 C:\xampp\htdocs\comple\system\CodeIgniter.php(404): CodeIgniter\CodeIgniter->runController(Object(App\Controllers\Escolares\ActividadController))
#7 C:\xampp\htdocs\comple\system\CodeIgniter.php(312): CodeIgniter\CodeIgniter->handleRequest(NULL, Object(Config\Cache), false)
#8 C:\xampp\htdocs\comple\index.php(45): CodeIgniter\CodeIgniter->run()
#9 {main}
CRITICAL - 2020-12-29 15:28:33 --> Unable to connect to the database.
#0 C:\xampp\htdocs\comple\system\Database\BaseConnection.php(646): CodeIgniter\Database\BaseConnection->initialize()
#1 C:\xampp\htdocs\comple\system\Database\BaseBuilder.php(1860): CodeIgniter\Database\BaseConnection->query('SELECT *\nFROM `...', Array, false)
#2 C:\xampp\htdocs\comple\app\Models\Escolares\ActividadModel.php(19): CodeIgniter\Database\BaseBuilder->get()
#3 C:\xampp\htdocs\comple\app\Services\Escolares\ActividadService.php(16): App\Models\Escolares\ActividadModel->getAlumnoPorNoControl('161160163')
#4 C:\xampp\htdocs\comple\app\Controllers\Escolares\ActividadController.php(29): App\Services\Escolares\ActividadService->getAlumnoPorNoControl('161160163')
#5 C:\xampp\htdocs\comple\system\CodeIgniter.php(918): App\Controllers\Escolares\ActividadController->buscar()
#6 C:\xampp\htdocs\comple\system\CodeIgniter.php(404): CodeIgniter\CodeIgniter->runController(Object(App\Controllers\Escolares\ActividadController))
#7 C:\xampp\htdocs\comple\system\CodeIgniter.php(312): CodeIgniter\CodeIgniter->handleRequest(NULL, Object(Config\Cache), false)
#8 C:\xampp\htdocs\comple\index.php(45): CodeIgniter\CodeIgniter->run()
#9 {main}
CRITICAL - 2020-12-29 15:28:33 --> Unable to connect to the database.
#0 C:\xampp\htdocs\comple\system\Database\BaseConnection.php(646): CodeIgniter\Database\BaseConnection->initialize()
#1 C:\xampp\htdocs\comple\system\Database\BaseBuilder.php(1860): CodeIgniter\Database\BaseConnection->query('SELECT *\nFROM `...', Array, false)
#2 C:\xampp\htdocs\comple\app\Models\Escolares\ActividadModel.php(19): CodeIgniter\Database\BaseBuilder->get()
#3 C:\xampp\htdocs\comple\app\Services\Escolares\ActividadService.php(16): App\Models\Escolares\ActividadModel->getAlumnoPorNoControl('161160163')
#4 C:\xampp\htdocs\comple\app\Controllers\Escolares\ActividadController.php(29): App\Services\Escolares\ActividadService->getAlumnoPorNoControl('161160163')
#5 C:\xampp\htdocs\comple\system\CodeIgniter.php(918): App\Controllers\Escolares\ActividadController->buscar()
#6 C:\xampp\htdocs\comple\system\CodeIgniter.php(404): CodeIgniter\CodeIgniter->runController(Object(App\Controllers\Escolares\ActividadController))
#7 C:\xampp\htdocs\comple\system\CodeIgniter.php(312): CodeIgniter\CodeIgniter->handleRequest(NULL, Object(Config\Cache), false)
#8 C:\xampp\htdocs\comple\index.php(45): CodeIgniter\CodeIgniter->run()
#9 {main}
CRITICAL - 2020-12-29 15:28:45 --> Unable to connect to the database.
#0 C:\xampp\htdocs\comple\system\Database\BaseConnection.php(646): CodeIgniter\Database\BaseConnection->initialize()
#1 C:\xampp\htdocs\comple\system\Database\BaseBuilder.php(1860): CodeIgniter\Database\BaseConnection->query('SELECT `u`.`usu...', Array, false)
#2 C:\xampp\htdocs\comple\app\Models\UsuarioModel.php(21): CodeIgniter\Database\BaseBuilder->get()
#3 C:\xampp\htdocs\comple\app\Services\UsuarioService.php(22): App\Models\UsuarioModel->getUsuarioPorUsuario('ESCOLARES')
#4 C:\xampp\htdocs\comple\app\Controllers\UsuarioController.php(33): App\Services\UsuarioService->login('ESCOLARES', '12345678')
#5 C:\xampp\htdocs\comple\system\CodeIgniter.php(918): App\Controllers\UsuarioController->login()
#6 C:\xampp\htdocs\comple\system\CodeIgniter.php(404): CodeIgniter\CodeIgniter->runController(Object(App\Controllers\UsuarioController))
#7 C:\xampp\htdocs\comple\system\CodeIgniter.php(312): CodeIgniter\CodeIgniter->handleRequest(NULL, Object(Config\Cache), false)
#8 C:\xampp\htdocs\comple\index.php(45): CodeIgniter\CodeIgniter->run()
#9 {main}
CRITICAL - 2020-12-29 19:57:31 --> Call to undefined method Predis\Configuration\Options::set()
#0 C:\xampp\htdocs\comple\system\CodeIgniter.php(918): App\Controllers\Escolares\GenerarController->constanciaLiberacion()
#1 C:\xampp\htdocs\comple\system\CodeIgniter.php(404): CodeIgniter\CodeIgniter->runController(Object(App\Controllers\Escolares\GenerarController))
#2 C:\xampp\htdocs\comple\system\CodeIgniter.php(312): CodeIgniter\CodeIgniter->handleRequest(NULL, Object(Config\Cache), false)
#3 C:\xampp\htdocs\comple\index.php(45): CodeIgniter\CodeIgniter->run()
#4 {main}
