CRITICAL - 2021-01-15 04:59:36 --> Undefined variable: inscripcioones
#0 C:\xampp\htdocs\comple\app\Views\Division\Actividades\listar.php(85): CodeIgniter\Debug\Exceptions->errorHandler(8, 'Undefined varia...', 'C:\\xampp\\htdocs...', 85, Array)
#1 C:\xampp\htdocs\comple\system\View\View.php(246): include('C:\\xampp\\htdocs...')
#2 C:\xampp\htdocs\comple\system\Common.php(1119): CodeIgniter\View\View->render('Division/Activi...', Array, true)
#3 C:\xampp\htdocs\comple\app\Controllers\Division\ActividadController.php(84): view('Division/Activi...', Array)
#4 C:\xampp\htdocs\comple\system\CodeIgniter.php(918): App\Controllers\Division\ActividadController->periodo()
#5 C:\xampp\htdocs\comple\system\CodeIgniter.php(404): CodeIgniter\CodeIgniter->runController(Object(App\Controllers\Division\ActividadController))
#6 C:\xampp\htdocs\comple\system\CodeIgniter.php(312): CodeIgniter\CodeIgniter->handleRequest(NULL, Object(Config\Cache), false)
#7 C:\xampp\htdocs\comple\index.php(45): CodeIgniter\CodeIgniter->run()
#8 {main}
CRITICAL - 2021-01-15 05:00:09 --> Undefined variable: inscripciones
#0 C:\xampp\htdocs\comple\app\Views\Division\Actividades\listar.php(85): CodeIgniter\Debug\Exceptions->errorHandler(8, 'Undefined varia...', 'C:\\xampp\\htdocs...', 85, Array)
#1 C:\xampp\htdocs\comple\system\View\View.php(246): include('C:\\xampp\\htdocs...')
#2 C:\xampp\htdocs\comple\system\Common.php(1119): CodeIgniter\View\View->render('Division/Activi...', Array, true)
#3 C:\xampp\htdocs\comple\app\Controllers\Division\ActividadController.php(84): view('Division/Activi...', Array)
#4 C:\xampp\htdocs\comple\system\CodeIgniter.php(918): App\Controllers\Division\ActividadController->periodo()
#5 C:\xampp\htdocs\comple\system\CodeIgniter.php(404): CodeIgniter\CodeIgniter->runController(Object(App\Controllers\Division\ActividadController))
#6 C:\xampp\htdocs\comple\system\CodeIgniter.php(312): CodeIgniter\CodeIgniter->handleRequest(NULL, Object(Config\Cache), false)
#7 C:\xampp\htdocs\comple\index.php(45): CodeIgniter\CodeIgniter->run()
#8 {main}
CRITICAL - 2021-01-15 05:01:29 --> Undefined variable: inscripciones
#0 C:\xampp\htdocs\comple\app\Views\Division\Actividades\listar.php(85): CodeIgniter\Debug\Exceptions->errorHandler(8, 'Undefined varia...', 'C:\\xampp\\htdocs...', 85, Array)
#1 C:\xampp\htdocs\comple\system\View\View.php(246): include('C:\\xampp\\htdocs...')
#2 C:\xampp\htdocs\comple\system\Common.php(1119): CodeIgniter\View\View->render('Division/Activi...', Array, true)
#3 C:\xampp\htdocs\comple\app\Controllers\Division\ActividadController.php(84): view('Division/Activi...', Array)
#4 C:\xampp\htdocs\comple\system\CodeIgniter.php(918): App\Controllers\Division\ActividadController->periodo()
#5 C:\xampp\htdocs\comple\system\CodeIgniter.php(404): CodeIgniter\CodeIgniter->runController(Object(App\Controllers\Division\ActividadController))
#6 C:\xampp\htdocs\comple\system\CodeIgniter.php(312): CodeIgniter\CodeIgniter->handleRequest(NULL, Object(Config\Cache), false)
#7 C:\xampp\htdocs\comple\index.php(45): CodeIgniter\CodeIgniter->run()
#8 {main}
CRITICAL - 2021-01-15 05:04:32 --> Undefined variable: inscripcioones
#0 C:\xampp\htdocs\comple\app\Views\Division\Actividades\listar.php(81): CodeIgniter\Debug\Exceptions->errorHandler(8, 'Undefined varia...', 'C:\\xampp\\htdocs...', 81, Array)
#1 C:\xampp\htdocs\comple\system\View\View.php(246): include('C:\\xampp\\htdocs...')
#2 C:\xampp\htdocs\comple\system\Common.php(1119): CodeIgniter\View\View->render('Division/Activi...', Array, true)
#3 C:\xampp\htdocs\comple\app\Controllers\Division\ActividadController.php(86): view('Division/Activi...', Array)
#4 C:\xampp\htdocs\comple\system\CodeIgniter.php(918): App\Controllers\Division\ActividadController->periodo()
#5 C:\xampp\htdocs\comple\system\CodeIgniter.php(404): CodeIgniter\CodeIgniter->runController(Object(App\Controllers\Division\ActividadController))
#6 C:\xampp\htdocs\comple\system\CodeIgniter.php(312): CodeIgniter\CodeIgniter->handleRequest(NULL, Object(Config\Cache), false)
#7 C:\xampp\htdocs\comple\index.php(45): CodeIgniter\CodeIgniter->run()
#8 {main}
CRITICAL - 2021-01-15 19:19:05 --> Too few arguments to function App\Services\Division\ActividadService::get_inscripcionesPorEstatus(), 0 passed in C:\xampp\htdocs\comple\app\Controllers\Division\ActividadController.php on line 38 and exactly 1 expected
#0 C:\xampp\htdocs\comple\app\Controllers\Division\ActividadController.php(38): App\Services\Division\ActividadService->get_inscripcionesPorEstatus()
#1 C:\xampp\htdocs\comple\system\CodeIgniter.php(918): App\Controllers\Division\ActividadController->index()
#2 C:\xampp\htdocs\comple\system\CodeIgniter.php(404): CodeIgniter\CodeIgniter->runController(Object(App\Controllers\Division\ActividadController))
#3 C:\xampp\htdocs\comple\system\CodeIgniter.php(312): CodeIgniter\CodeIgniter->handleRequest(NULL, Object(Config\Cache), false)
#4 C:\xampp\htdocs\comple\index.php(45): CodeIgniter\CodeIgniter->run()
#5 {main}
CRITICAL - 2021-01-15 19:33:13 --> Undefined variable: id_actividad
#0 C:\xampp\htdocs\comple\app\Controllers\Division\ActividadController.php(38): CodeIgniter\Debug\Exceptions->errorHandler(8, 'Undefined varia...', 'C:\\xampp\\htdocs...', 38, Array)
#1 C:\xampp\htdocs\comple\system\CodeIgniter.php(918): App\Controllers\Division\ActividadController->index()
#2 C:\xampp\htdocs\comple\system\CodeIgniter.php(404): CodeIgniter\CodeIgniter->runController(Object(App\Controllers\Division\ActividadController))
#3 C:\xampp\htdocs\comple\system\CodeIgniter.php(312): CodeIgniter\CodeIgniter->handleRequest(NULL, Object(Config\Cache), false)
#4 C:\xampp\htdocs\comple\index.php(45): CodeIgniter\CodeIgniter->run()
#5 {main}
