CRITICAL - 2021-01-14 03:18:30 --> syntax error, unexpected '?>
', expecting '('
#0 C:\xampp\htdocs\comple\system\Common.php(1119): CodeIgniter\View\View->render('Division/Period...', Array, true)
#1 C:\xampp\htdocs\comple\app\Controllers\Division\PeriodoController.php(22): view('Division/Period...', Array)
#2 C:\xampp\htdocs\comple\system\CodeIgniter.php(918): App\Controllers\Division\PeriodoController->index()
#3 C:\xampp\htdocs\comple\system\CodeIgniter.php(404): CodeIgniter\CodeIgniter->runController(Object(App\Controllers\Division\PeriodoController))
#4 C:\xampp\htdocs\comple\system\CodeIgniter.php(312): CodeIgniter\CodeIgniter->handleRequest(NULL, Object(Config\Cache), false)
#5 C:\xampp\htdocs\comple\index.php(45): CodeIgniter\CodeIgniter->run()
#6 {main}
CRITICAL - 2021-01-14 23:04:01 --> Undefined variable: id_actividad
#0 C:\xampp\htdocs\comple\app\Controllers\Division\ActividadController.php(38): CodeIgniter\Debug\Exceptions->errorHandler(8, 'Undefined varia...', 'C:\\xampp\\htdocs...', 38, Array)
#1 C:\xampp\htdocs\comple\system\CodeIgniter.php(918): App\Controllers\Division\ActividadController->index()
#2 C:\xampp\htdocs\comple\system\CodeIgniter.php(404): CodeIgniter\CodeIgniter->runController(Object(App\Controllers\Division\ActividadController))
#3 C:\xampp\htdocs\comple\system\CodeIgniter.php(312): CodeIgniter\CodeIgniter->handleRequest(NULL, Object(Config\Cache), false)
#4 C:\xampp\htdocs\comple\index.php(45): CodeIgniter\CodeIgniter->run()
#5 {main}
CRITICAL - 2021-01-14 23:04:32 --> Too few arguments to function App\Models\Division\ActividadModel::get_actividad_alumno(), 0 passed in C:\xampp\htdocs\comple\app\Controllers\Division\ActividadController.php on line 38 and exactly 2 expected
#0 C:\xampp\htdocs\comple\app\Controllers\Division\ActividadController.php(38): App\Models\Division\ActividadModel->get_actividad_alumno()
#1 C:\xampp\htdocs\comple\system\CodeIgniter.php(918): App\Controllers\Division\ActividadController->index()
#2 C:\xampp\htdocs\comple\system\CodeIgniter.php(404): CodeIgniter\CodeIgniter->runController(Object(App\Controllers\Division\ActividadController))
#3 C:\xampp\htdocs\comple\system\CodeIgniter.php(312): CodeIgniter\CodeIgniter->handleRequest(NULL, Object(Config\Cache), false)
#4 C:\xampp\htdocs\comple\index.php(45): CodeIgniter\CodeIgniter->run()
#5 {main}
CRITICAL - 2021-01-14 23:05:12 --> Undefined property: stdClass::$apple
#0 C:\xampp\htdocs\comple\app\Models\Division\ActividadModel.php(152): CodeIgniter\Debug\Exceptions->errorHandler(8, 'Undefined prope...', 'C:\\xampp\\htdocs...', 152, Array)
#1 C:\xampp\htdocs\comple\app\Controllers\Division\ActividadController.php(38): App\Models\Division\ActividadModel->get_actividad_alumno(true, '1')
#2 C:\xampp\htdocs\comple\system\CodeIgniter.php(918): App\Controllers\Division\ActividadController->index()
#3 C:\xampp\htdocs\comple\system\CodeIgniter.php(404): CodeIgniter\CodeIgniter->runController(Object(App\Controllers\Division\ActividadController))
#4 C:\xampp\htdocs\comple\system\CodeIgniter.php(312): CodeIgniter\CodeIgniter->handleRequest(NULL, Object(Config\Cache), false)
#5 C:\xampp\htdocs\comple\index.php(45): CodeIgniter\CodeIgniter->run()
#6 {main}
CRITICAL - 2021-01-14 23:06:13 --> Undefined property: stdClass::$estatus
#0 C:\xampp\htdocs\comple\app\Models\Division\ActividadModel.php(152): CodeIgniter\Debug\Exceptions->errorHandler(8, 'Undefined prope...', 'C:\\xampp\\htdocs...', 152, Array)
#1 C:\xampp\htdocs\comple\app\Controllers\Division\ActividadController.php(38): App\Models\Division\ActividadModel->get_actividad_alumno(true, '1')
#2 C:\xampp\htdocs\comple\system\CodeIgniter.php(918): App\Controllers\Division\ActividadController->index()
#3 C:\xampp\htdocs\comple\system\CodeIgniter.php(404): CodeIgniter\CodeIgniter->runController(Object(App\Controllers\Division\ActividadController))
#4 C:\xampp\htdocs\comple\system\CodeIgniter.php(312): CodeIgniter\CodeIgniter->handleRequest(NULL, Object(Config\Cache), false)
#5 C:\xampp\htdocs\comple\index.php(45): CodeIgniter\CodeIgniter->run()
#6 {main}
CRITICAL - 2021-01-14 23:07:06 --> Undefined property: stdClass::$estatus
#0 C:\xampp\htdocs\comple\app\Models\Division\ActividadModel.php(152): CodeIgniter\Debug\Exceptions->errorHandler(8, 'Undefined prope...', 'C:\\xampp\\htdocs...', 152, Array)
#1 C:\xampp\htdocs\comple\app\Controllers\Division\ActividadController.php(38): App\Models\Division\ActividadModel->get_actividad_alumno(true, 1)
#2 C:\xampp\htdocs\comple\system\CodeIgniter.php(918): App\Controllers\Division\ActividadController->index()
#3 C:\xampp\htdocs\comple\system\CodeIgniter.php(404): CodeIgniter\CodeIgniter->runController(Object(App\Controllers\Division\ActividadController))
#4 C:\xampp\htdocs\comple\system\CodeIgniter.php(312): CodeIgniter\CodeIgniter->handleRequest(NULL, Object(Config\Cache), false)
#5 C:\xampp\htdocs\comple\index.php(45): CodeIgniter\CodeIgniter->run()
#6 {main}
CRITICAL - 2021-01-14 23:08:46 --> Too few arguments to function App\Models\Division\ActividadModel::get_actividad_alumno(), 0 passed in C:\xampp\htdocs\comple\app\Controllers\Division\ActividadController.php on line 38 and exactly 2 expected
#0 C:\xampp\htdocs\comple\app\Controllers\Division\ActividadController.php(38): App\Models\Division\ActividadModel->get_actividad_alumno()
#1 C:\xampp\htdocs\comple\system\CodeIgniter.php(918): App\Controllers\Division\ActividadController->index()
#2 C:\xampp\htdocs\comple\system\CodeIgniter.php(404): CodeIgniter\CodeIgniter->runController(Object(App\Controllers\Division\ActividadController))
#3 C:\xampp\htdocs\comple\system\CodeIgniter.php(312): CodeIgniter\CodeIgniter->handleRequest(NULL, Object(Config\Cache), false)
#4 C:\xampp\htdocs\comple\index.php(45): CodeIgniter\CodeIgniter->run()
#5 {main}
CRITICAL - 2021-01-14 23:11:20 --> Too few arguments to function App\Models\Division\ActividadModel::get_alumno(), 0 passed in C:\xampp\htdocs\comple\app\Controllers\Division\ActividadController.php on line 38 and exactly 1 expected
#0 C:\xampp\htdocs\comple\app\Controllers\Division\ActividadController.php(38): App\Models\Division\ActividadModel->get_alumno()
#1 C:\xampp\htdocs\comple\system\CodeIgniter.php(918): App\Controllers\Division\ActividadController->index()
#2 C:\xampp\htdocs\comple\system\CodeIgniter.php(404): CodeIgniter\CodeIgniter->runController(Object(App\Controllers\Division\ActividadController))
#3 C:\xampp\htdocs\comple\system\CodeIgniter.php(312): CodeIgniter\CodeIgniter->handleRequest(NULL, Object(Config\Cache), false)
#4 C:\xampp\htdocs\comple\index.php(45): CodeIgniter\CodeIgniter->run()
#5 {main}
CRITICAL - 2021-01-14 23:11:41 --> Too few arguments to function App\Models\Division\ActividadModel::get_alumno(), 0 passed in C:\xampp\htdocs\comple\app\Controllers\Division\ActividadController.php on line 38 and exactly 1 expected
#0 C:\xampp\htdocs\comple\app\Controllers\Division\ActividadController.php(38): App\Models\Division\ActividadModel->get_alumno()
#1 C:\xampp\htdocs\comple\system\CodeIgniter.php(918): App\Controllers\Division\ActividadController->index()
#2 C:\xampp\htdocs\comple\system\CodeIgniter.php(404): CodeIgniter\CodeIgniter->runController(Object(App\Controllers\Division\ActividadController))
#3 C:\xampp\htdocs\comple\system\CodeIgniter.php(312): CodeIgniter\CodeIgniter->handleRequest(NULL, Object(Config\Cache), false)
#4 C:\xampp\htdocs\comple\index.php(45): CodeIgniter\CodeIgniter->run()
#5 {main}
CRITICAL - 2021-01-14 23:11:51 --> Too few arguments to function App\Models\Division\ActividadModel::get_alumno(), 0 passed in C:\xampp\htdocs\comple\app\Controllers\Division\ActividadController.php on line 38 and exactly 1 expected
#0 C:\xampp\htdocs\comple\app\Controllers\Division\ActividadController.php(38): App\Models\Division\ActividadModel->get_alumno()
#1 C:\xampp\htdocs\comple\system\CodeIgniter.php(918): App\Controllers\Division\ActividadController->index()
#2 C:\xampp\htdocs\comple\system\CodeIgniter.php(404): CodeIgniter\CodeIgniter->runController(Object(App\Controllers\Division\ActividadController))
#3 C:\xampp\htdocs\comple\system\CodeIgniter.php(312): CodeIgniter\CodeIgniter->handleRequest(NULL, Object(Config\Cache), false)
#4 C:\xampp\htdocs\comple\index.php(45): CodeIgniter\CodeIgniter->run()
#5 {main}
CRITICAL - 2021-01-14 23:12:07 --> Cannot use object of type stdClass as array
#0 C:\xampp\htdocs\comple\system\View\View.php(246): include()
#1 C:\xampp\htdocs\comple\system\Common.php(1119): CodeIgniter\View\View->render('Division/Activi...', Array, true)
#2 C:\xampp\htdocs\comple\app\Controllers\Division\ActividadController.php(49): view('Division/Activi...', Array)
#3 C:\xampp\htdocs\comple\system\CodeIgniter.php(918): App\Controllers\Division\ActividadController->index()
#4 C:\xampp\htdocs\comple\system\CodeIgniter.php(404): CodeIgniter\CodeIgniter->runController(Object(App\Controllers\Division\ActividadController))
#5 C:\xampp\htdocs\comple\system\CodeIgniter.php(312): CodeIgniter\CodeIgniter->handleRequest(NULL, Object(Config\Cache), false)
#6 C:\xampp\htdocs\comple\index.php(45): CodeIgniter\CodeIgniter->run()
#7 {main}
CRITICAL - 2021-01-14 23:12:37 --> Cannot use object of type stdClass as array
#0 C:\xampp\htdocs\comple\system\View\View.php(246): include()
#1 C:\xampp\htdocs\comple\system\Common.php(1119): CodeIgniter\View\View->render('Division/Activi...', Array, true)
#2 C:\xampp\htdocs\comple\app\Controllers\Division\ActividadController.php(49): view('Division/Activi...', Array)
#3 C:\xampp\htdocs\comple\system\CodeIgniter.php(918): App\Controllers\Division\ActividadController->index()
#4 C:\xampp\htdocs\comple\system\CodeIgniter.php(404): CodeIgniter\CodeIgniter->runController(Object(App\Controllers\Division\ActividadController))
#5 C:\xampp\htdocs\comple\system\CodeIgniter.php(312): CodeIgniter\CodeIgniter->handleRequest(NULL, Object(Config\Cache), false)
#6 C:\xampp\htdocs\comple\index.php(45): CodeIgniter\CodeIgniter->run()
#7 {main}
CRITICAL - 2021-01-14 23:13:05 --> Undefined property: stdClass::$estatus
#0 C:\xampp\htdocs\comple\app\Views\Division\Actividades\listar.php(79): CodeIgniter\Debug\Exceptions->errorHandler(8, 'Undefined prope...', 'C:\\xampp\\htdocs...', 79, Array)
#1 C:\xampp\htdocs\comple\system\View\View.php(246): include('C:\\xampp\\htdocs...')
#2 C:\xampp\htdocs\comple\system\Common.php(1119): CodeIgniter\View\View->render('Division/Activi...', Array, true)
#3 C:\xampp\htdocs\comple\app\Controllers\Division\ActividadController.php(49): view('Division/Activi...', Array)
#4 C:\xampp\htdocs\comple\system\CodeIgniter.php(918): App\Controllers\Division\ActividadController->index()
#5 C:\xampp\htdocs\comple\system\CodeIgniter.php(404): CodeIgniter\CodeIgniter->runController(Object(App\Controllers\Division\ActividadController))
#6 C:\xampp\htdocs\comple\system\CodeIgniter.php(312): CodeIgniter\CodeIgniter->handleRequest(NULL, Object(Config\Cache), false)
#7 C:\xampp\htdocs\comple\index.php(45): CodeIgniter\CodeIgniter->run()
#8 {main}
CRITICAL - 2021-01-14 23:28:11 --> Undefined property: App\Services\Division\ActividadService::$inicioModel
#0 C:\xampp\htdocs\comple\app\Services\Division\ActividadService.php(115): CodeIgniter\Debug\Exceptions->errorHandler(8, 'Undefined prope...', 'C:\\xampp\\htdocs...', 115, Array)
#1 C:\xampp\htdocs\comple\app\Controllers\Division\ActividadController.php(38): App\Services\Division\ActividadService->get_inscripciones2()
#2 C:\xampp\htdocs\comple\system\CodeIgniter.php(918): App\Controllers\Division\ActividadController->index()
#3 C:\xampp\htdocs\comple\system\CodeIgniter.php(404): CodeIgniter\CodeIgniter->runController(Object(App\Controllers\Division\ActividadController))
#4 C:\xampp\htdocs\comple\system\CodeIgniter.php(312): CodeIgniter\CodeIgniter->handleRequest(NULL, Object(Config\Cache), false)
#5 C:\xampp\htdocs\comple\index.php(45): CodeIgniter\CodeIgniter->run()
#6 {main}
CRITICAL - 2021-01-14 23:30:59 --> Undefined variable: alumnos
#0 C:\xampp\htdocs\comple\app\Views\Division\Actividades\listar.php(78): CodeIgniter\Debug\Exceptions->errorHandler(8, 'Undefined varia...', 'C:\\xampp\\htdocs...', 78, Array)
#1 C:\xampp\htdocs\comple\system\View\View.php(246): include('C:\\xampp\\htdocs...')
#2 C:\xampp\htdocs\comple\system\Common.php(1119): CodeIgniter\View\View->render('Division/Activi...', Array, true)
#3 C:\xampp\htdocs\comple\app\Controllers\Division\ActividadController.php(48): view('Division/Activi...', Array)
#4 C:\xampp\htdocs\comple\system\CodeIgniter.php(918): App\Controllers\Division\ActividadController->index()
#5 C:\xampp\htdocs\comple\system\CodeIgniter.php(404): CodeIgniter\CodeIgniter->runController(Object(App\Controllers\Division\ActividadController))
#6 C:\xampp\htdocs\comple\system\CodeIgniter.php(312): CodeIgniter\CodeIgniter->handleRequest(NULL, Object(Config\Cache), false)
#7 C:\xampp\htdocs\comple\index.php(45): CodeIgniter\CodeIgniter->run()
#8 {main}
