CRITICAL - 2020-12-09 00:13:41 --> Undefined variable: key
#0 C:\xampp\htdocs\comple\app\Views\Escolares\Generar\index.php(76): CodeIgniter\Debug\Exceptions->errorHandler(8, 'Undefined varia...', 'C:\\xampp\\htdocs...', 76, Array)
#1 C:\xampp\htdocs\comple\system\View\View.php(246): include('C:\\xampp\\htdocs...')
#2 C:\xampp\htdocs\comple\system\Common.php(1119): CodeIgniter\View\View->render('escolares/gener...', Array, true)
#3 C:\xampp\htdocs\comple\app\Controllers\Escolares\GenerarController.php(34): view('escolares/gener...', Array)
#4 C:\xampp\htdocs\comple\system\CodeIgniter.php(918): App\Controllers\Escolares\GenerarController->constanciaParcial()
#5 C:\xampp\htdocs\comple\system\CodeIgniter.php(404): CodeIgniter\CodeIgniter->runController(Object(App\Controllers\Escolares\GenerarController))
#6 C:\xampp\htdocs\comple\system\CodeIgniter.php(312): CodeIgniter\CodeIgniter->handleRequest(NULL, Object(Config\Cache), false)
#7 C:\xampp\htdocs\comple\index.php(45): CodeIgniter\CodeIgniter->run()
#8 {main}
CRITICAL - 2020-12-09 00:14:01 --> Object of class stdClass could not be converted to number
#0 C:\xampp\htdocs\comple\app\Views\Escolares\Generar\index.php(76): CodeIgniter\Debug\Exceptions->errorHandler(8, 'Object of class...', 'C:\\xampp\\htdocs...', 76, Array)
#1 C:\xampp\htdocs\comple\system\View\View.php(246): include('C:\\xampp\\htdocs...')
#2 C:\xampp\htdocs\comple\system\Common.php(1119): CodeIgniter\View\View->render('escolares/gener...', Array, true)
#3 C:\xampp\htdocs\comple\app\Controllers\Escolares\GenerarController.php(34): view('escolares/gener...', Array)
#4 C:\xampp\htdocs\comple\system\CodeIgniter.php(918): App\Controllers\Escolares\GenerarController->constanciaParcial()
#5 C:\xampp\htdocs\comple\system\CodeIgniter.php(404): CodeIgniter\CodeIgniter->runController(Object(App\Controllers\Escolares\GenerarController))
#6 C:\xampp\htdocs\comple\system\CodeIgniter.php(312): CodeIgniter\CodeIgniter->handleRequest(NULL, Object(Config\Cache), false)
#7 C:\xampp\htdocs\comple\index.php(45): CodeIgniter\CodeIgniter->run()
#8 {main}
CRITICAL - 2020-12-09 00:58:55 --> Undefined property: stdClass::$carrera
#0 C:\xampp\htdocs\comple\app\Views\Escolares\Generar\listar.php(40): CodeIgniter\Debug\Exceptions->errorHandler(8, 'Undefined prope...', 'C:\\xampp\\htdocs...', 40, Array)
#1 C:\xampp\htdocs\comple\system\View\View.php(246): include('C:\\xampp\\htdocs...')
#2 C:\xampp\htdocs\comple\system\Common.php(1119): CodeIgniter\View\View->render('escolares/gener...', Array, true)
#3 C:\xampp\htdocs\comple\app\Controllers\Escolares\GenerarController.php(62): view('escolares/gener...', Array)
#4 C:\xampp\htdocs\comple\system\CodeIgniter.php(918): App\Controllers\Escolares\GenerarController->constanciaLiberacion()
#5 C:\xampp\htdocs\comple\system\CodeIgniter.php(404): CodeIgniter\CodeIgniter->runController(Object(App\Controllers\Escolares\GenerarController))
#6 C:\xampp\htdocs\comple\system\CodeIgniter.php(312): CodeIgniter\CodeIgniter->handleRequest(NULL, Object(Config\Cache), false)
#7 C:\xampp\htdocs\comple\index.php(45): CodeIgniter\CodeIgniter->run()
#8 {main}
CRITICAL - 2020-12-09 01:29:17 --> Undefined variable: actividad
#0 C:\xampp\htdocs\comple\app\Views\Responsable\Lista-Asistencia\listar.php(66): CodeIgniter\Debug\Exceptions->errorHandler(8, 'Undefined varia...', 'C:\\xampp\\htdocs...', 66, Array)
#1 C:\xampp\htdocs\comple\system\View\View.php(246): include('C:\\xampp\\htdocs...')
#2 C:\xampp\htdocs\comple\system\Common.php(1119): CodeIgniter\View\View->render('Responsable/Lis...', Array, true)
#3 C:\xampp\htdocs\comple\app\Controllers\Responsable\AsistenciaController.php(34): view('Responsable/Lis...', Array)
#4 C:\xampp\htdocs\comple\system\CodeIgniter.php(918): App\Controllers\Responsable\AsistenciaController->listaAsistencia()
#5 C:\xampp\htdocs\comple\system\CodeIgniter.php(404): CodeIgniter\CodeIgniter->runController(Object(App\Controllers\Responsable\AsistenciaController))
#6 C:\xampp\htdocs\comple\system\CodeIgniter.php(312): CodeIgniter\CodeIgniter->handleRequest(NULL, Object(Config\Cache), false)
#7 C:\xampp\htdocs\comple\index.php(45): CodeIgniter\CodeIgniter->run()
#8 {main}
CRITICAL - 2020-12-09 01:30:19 --> Trying to get property 'nombre_actividad' of non-object
#0 C:\xampp\htdocs\comple\app\Views\Responsable\Lista-Asistencia\listar.php(67): CodeIgniter\Debug\Exceptions->errorHandler(8, 'Trying to get p...', 'C:\\xampp\\htdocs...', 67, Array)
#1 C:\xampp\htdocs\comple\system\View\View.php(246): include('C:\\xampp\\htdocs...')
#2 C:\xampp\htdocs\comple\system\Common.php(1119): CodeIgniter\View\View->render('Responsable/Lis...', Array, true)
#3 C:\xampp\htdocs\comple\app\Controllers\Responsable\AsistenciaController.php(35): view('Responsable/Lis...', Array)
#4 C:\xampp\htdocs\comple\system\CodeIgniter.php(918): App\Controllers\Responsable\AsistenciaController->listaAsistencia()
#5 C:\xampp\htdocs\comple\system\CodeIgniter.php(404): CodeIgniter\CodeIgniter->runController(Object(App\Controllers\Responsable\AsistenciaController))
#6 C:\xampp\htdocs\comple\system\CodeIgniter.php(312): CodeIgniter\CodeIgniter->handleRequest(NULL, Object(Config\Cache), false)
#7 C:\xampp\htdocs\comple\index.php(45): CodeIgniter\CodeIgniter->run()
#8 {main}
