CRITICAL - 2021-03-03 21:01:32 --> Maximum execution time of 120 seconds exceeded
#0 [internal function]: CodeIgniter\Debug\Exceptions->shutdownHandler()
#1 {main}
CRITICAL - 2021-03-03 21:26:23 --> Call to undefined function App\Controllers\Division\back()
#0 C:\xampp\htdocs\comple\system\CodeIgniter.php(918): App\Controllers\Division\InscripcionController->cambiarEstatusAceptar()
#1 C:\xampp\htdocs\comple\system\CodeIgniter.php(404): CodeIgniter\CodeIgniter->runController(Object(App\Controllers\Division\InscripcionController))
#2 C:\xampp\htdocs\comple\system\CodeIgniter.php(312): CodeIgniter\CodeIgniter->handleRequest(NULL, Object(Config\Cache), false)
#3 C:\xampp\htdocs\comple\index.php(45): CodeIgniter\CodeIgniter->run()
#4 {main}
CRITICAL - 2021-03-03 21:29:46 --> Call to undefined function App\Controllers\Division\back()
#0 C:\xampp\htdocs\comple\system\CodeIgniter.php(918): App\Controllers\Division\InscripcionController->cambiarEstatusAceptar()
#1 C:\xampp\htdocs\comple\system\CodeIgniter.php(404): CodeIgniter\CodeIgniter->runController(Object(App\Controllers\Division\InscripcionController))
#2 C:\xampp\htdocs\comple\system\CodeIgniter.php(312): CodeIgniter\CodeIgniter->handleRequest(NULL, Object(Config\Cache), false)
#3 C:\xampp\htdocs\comple\index.php(45): CodeIgniter\CodeIgniter->run()
#4 {main}
CRITICAL - 2021-03-03 21:46:08 --> Call to undefined function App\Controllers\Division\back()
#0 C:\xampp\htdocs\comple\system\CodeIgniter.php(918): App\Controllers\Division\InscripcionController->cambiarEstatusAceptar()
#1 C:\xampp\htdocs\comple\system\CodeIgniter.php(404): CodeIgniter\CodeIgniter->runController(Object(App\Controllers\Division\InscripcionController))
#2 C:\xampp\htdocs\comple\system\CodeIgniter.php(312): CodeIgniter\CodeIgniter->handleRequest(NULL, Object(Config\Cache), false)
#3 C:\xampp\htdocs\comple\index.php(45): CodeIgniter\CodeIgniter->run()
#4 {main}
