CRITICAL - 2021-01-17 18:23:28 --> Use of undefined constant ADMINISTRADOR - assumed 'ADMINISTRADOR' (this will throw an Error in a future version of PHP)
#0 C:\xampp\htdocs\comple\app\Models\Admin\JefeModel.php(19): CodeIgniter\Debug\Exceptions->errorHandler(2, 'Use of undefine...', 'C:\\xampp\\htdocs...', 19, Array)
#1 C:\xampp\htdocs\comple\app\Services\Admin\JefeService.php(21): App\Models\Admin\JefeModel->getJefes()
#2 C:\xampp\htdocs\comple\app\Controllers\Admin\JefeController.php(17): App\Services\Admin\JefeService->getJefes()
#3 C:\xampp\htdocs\comple\system\CodeIgniter.php(918): App\Controllers\Admin\JefeController->index()
#4 C:\xampp\htdocs\comple\system\CodeIgniter.php(404): CodeIgniter\CodeIgniter->runController(Object(App\Controllers\Admin\JefeController))
#5 C:\xampp\htdocs\comple\system\CodeIgniter.php(312): CodeIgniter\CodeIgniter->handleRequest(NULL, Object(Config\Cache), false)
#6 C:\xampp\htdocs\comple\index.php(45): CodeIgniter\CodeIgniter->run()
#7 {main}
CRITICAL - 2021-01-17 18:23:52 --> Use of undefined constant ADMIN - assumed 'ADMIN' (this will throw an Error in a future version of PHP)
#0 C:\xampp\htdocs\comple\app\Models\Admin\JefeModel.php(19): CodeIgniter\Debug\Exceptions->errorHandler(2, 'Use of undefine...', 'C:\\xampp\\htdocs...', 19, Array)
#1 C:\xampp\htdocs\comple\app\Services\Admin\JefeService.php(21): App\Models\Admin\JefeModel->getJefes()
#2 C:\xampp\htdocs\comple\app\Controllers\Admin\JefeController.php(17): App\Services\Admin\JefeService->getJefes()
#3 C:\xampp\htdocs\comple\system\CodeIgniter.php(918): App\Controllers\Admin\JefeController->index()
#4 C:\xampp\htdocs\comple\system\CodeIgniter.php(404): CodeIgniter\CodeIgniter->runController(Object(App\Controllers\Admin\JefeController))
#5 C:\xampp\htdocs\comple\system\CodeIgniter.php(312): CodeIgniter\CodeIgniter->handleRequest(NULL, Object(Config\Cache), false)
#6 C:\xampp\htdocs\comple\index.php(45): CodeIgniter\CodeIgniter->run()
#7 {main}
CRITICAL - 2021-01-17 18:23:55 --> Use of undefined constant ADMIN - assumed 'ADMIN' (this will throw an Error in a future version of PHP)
#0 C:\xampp\htdocs\comple\app\Models\Admin\JefeModel.php(19): CodeIgniter\Debug\Exceptions->errorHandler(2, 'Use of undefine...', 'C:\\xampp\\htdocs...', 19, Array)
#1 C:\xampp\htdocs\comple\app\Services\Admin\JefeService.php(21): App\Models\Admin\JefeModel->getJefes()
#2 C:\xampp\htdocs\comple\app\Controllers\Admin\JefeController.php(17): App\Services\Admin\JefeService->getJefes()
#3 C:\xampp\htdocs\comple\system\CodeIgniter.php(918): App\Controllers\Admin\JefeController->index()
#4 C:\xampp\htdocs\comple\system\CodeIgniter.php(404): CodeIgniter\CodeIgniter->runController(Object(App\Controllers\Admin\JefeController))
#5 C:\xampp\htdocs\comple\system\CodeIgniter.php(312): CodeIgniter\CodeIgniter->handleRequest(NULL, Object(Config\Cache), false)
#6 C:\xampp\htdocs\comple\index.php(45): CodeIgniter\CodeIgniter->run()
#7 {main}
CRITICAL - 2021-01-17 18:24:37 --> Use of undefined constant DEPARTAMENTO_DE_INGENIERÃAS - assumed 'DEPARTAMENTO_DE_INGENIERÃAS' (this will throw an Error in a future version of PHP)
#0 C:\xampp\htdocs\comple\app\Models\Admin\JefeModel.php(19): CodeIgniter\Debug\Exceptions->errorHandler(2, 'Use of undefine...', 'C:\\xampp\\htdocs...', 19, Array)
#1 C:\xampp\htdocs\comple\app\Services\Admin\JefeService.php(21): App\Models\Admin\JefeModel->getJefes()
#2 C:\xampp\htdocs\comple\app\Controllers\Admin\JefeController.php(17): App\Services\Admin\JefeService->getJefes()
#3 C:\xampp\htdocs\comple\system\CodeIgniter.php(918): App\Controllers\Admin\JefeController->index()
#4 C:\xampp\htdocs\comple\system\CodeIgniter.php(404): CodeIgniter\CodeIgniter->runController(Object(App\Controllers\Admin\JefeController))
#5 C:\xampp\htdocs\comple\system\CodeIgniter.php(312): CodeIgniter\CodeIgniter->handleRequest(NULL, Object(Config\Cache), false)
#6 C:\xampp\htdocs\comple\index.php(45): CodeIgniter\CodeIgniter->run()
#7 {main}
CRITICAL - 2021-01-17 18:31:22 --> Use of undefined constant ADMINSTRADOR - assumed 'ADMINSTRADOR' (this will throw an Error in a future version of PHP)
#0 C:\xampp\htdocs\comple\app\Models\Admin\JefeModel.php(19): CodeIgniter\Debug\Exceptions->errorHandler(2, 'Use of undefine...', 'C:\\xampp\\htdocs...', 19, Array)
#1 C:\xampp\htdocs\comple\app\Services\Admin\JefeService.php(21): App\Models\Admin\JefeModel->getJefes()
#2 C:\xampp\htdocs\comple\app\Controllers\Admin\JefeController.php(17): App\Services\Admin\JefeService->getJefes()
#3 C:\xampp\htdocs\comple\system\CodeIgniter.php(918): App\Controllers\Admin\JefeController->index()
#4 C:\xampp\htdocs\comple\system\CodeIgniter.php(404): CodeIgniter\CodeIgniter->runController(Object(App\Controllers\Admin\JefeController))
#5 C:\xampp\htdocs\comple\system\CodeIgniter.php(312): CodeIgniter\CodeIgniter->handleRequest(NULL, Object(Config\Cache), false)
#6 C:\xampp\htdocs\comple\index.php(45): CodeIgniter\CodeIgniter->run()
#7 {main}
CRITICAL - 2021-01-17 18:31:37 --> Use of undefined constant ADMINISTRADOR - assumed 'ADMINISTRADOR' (this will throw an Error in a future version of PHP)
#0 C:\xampp\htdocs\comple\app\Models\Admin\JefeModel.php(19): CodeIgniter\Debug\Exceptions->errorHandler(2, 'Use of undefine...', 'C:\\xampp\\htdocs...', 19, Array)
#1 C:\xampp\htdocs\comple\app\Services\Admin\JefeService.php(21): App\Models\Admin\JefeModel->getJefes()
#2 C:\xampp\htdocs\comple\app\Controllers\Admin\JefeController.php(17): App\Services\Admin\JefeService->getJefes()
#3 C:\xampp\htdocs\comple\system\CodeIgniter.php(918): App\Controllers\Admin\JefeController->index()
#4 C:\xampp\htdocs\comple\system\CodeIgniter.php(404): CodeIgniter\CodeIgniter->runController(Object(App\Controllers\Admin\JefeController))
#5 C:\xampp\htdocs\comple\system\CodeIgniter.php(312): CodeIgniter\CodeIgniter->handleRequest(NULL, Object(Config\Cache), false)
#6 C:\xampp\htdocs\comple\index.php(45): CodeIgniter\CodeIgniter->run()
#7 {main}
CRITICAL - 2021-01-17 18:31:51 --> Use of undefined constant ADMINISTRADOR - assumed 'ADMINISTRADOR' (this will throw an Error in a future version of PHP)
#0 C:\xampp\htdocs\comple\app\Models\Admin\JefeModel.php(19): CodeIgniter\Debug\Exceptions->errorHandler(2, 'Use of undefine...', 'C:\\xampp\\htdocs...', 19, Array)
#1 C:\xampp\htdocs\comple\app\Services\Admin\JefeService.php(21): App\Models\Admin\JefeModel->getJefes()
#2 C:\xampp\htdocs\comple\app\Controllers\Admin\JefeController.php(17): App\Services\Admin\JefeService->getJefes()
#3 C:\xampp\htdocs\comple\system\CodeIgniter.php(918): App\Controllers\Admin\JefeController->index()
#4 C:\xampp\htdocs\comple\system\CodeIgniter.php(404): CodeIgniter\CodeIgniter->runController(Object(App\Controllers\Admin\JefeController))
#5 C:\xampp\htdocs\comple\system\CodeIgniter.php(312): CodeIgniter\CodeIgniter->handleRequest(NULL, Object(Config\Cache), false)
#6 C:\xampp\htdocs\comple\index.php(45): CodeIgniter\CodeIgniter->run()
#7 {main}
CRITICAL - 2021-01-17 19:59:51 --> Unknown column 'confirmar_clave' in 'field list'
#0 C:\xampp\htdocs\comple\system\Database\MySQLi\Connection.php(331): mysqli->query('UPDATE `usuario...')
#1 C:\xampp\htdocs\comple\system\Database\BaseConnection.php(741): CodeIgniter\Database\MySQLi\Connection->execute('UPDATE `usuario...')
#2 C:\xampp\htdocs\comple\system\Database\BaseConnection.php(669): CodeIgniter\Database\BaseConnection->simpleQuery('UPDATE `usuario...')
#3 C:\xampp\htdocs\comple\system\Database\BaseBuilder.php(2456): CodeIgniter\Database\BaseConnection->query('UPDATE `usuario...', Array, false)
#4 C:\xampp\htdocs\comple\app\Models\Admin\UsuarioModel.php(44): CodeIgniter\Database\BaseBuilder->update(Array)
#5 C:\xampp\htdocs\comple\app\Services\Admin\UsuarioService.php(63): App\Models\Admin\UsuarioModel->actualizar(NULL, Array)
#6 C:\xampp\htdocs\comple\app\Controllers\Admin\UsuarioController.php(159): App\Services\Admin\UsuarioService->actualizar(NULL, Array)
#7 C:\xampp\htdocs\comple\system\CodeIgniter.php(918): App\Controllers\Admin\UsuarioController->actualizarClave()
#8 C:\xampp\htdocs\comple\system\CodeIgniter.php(404): CodeIgniter\CodeIgniter->runController(Object(App\Controllers\Admin\UsuarioController))
#9 C:\xampp\htdocs\comple\system\CodeIgniter.php(312): CodeIgniter\CodeIgniter->handleRequest(NULL, Object(Config\Cache), false)
#10 C:\xampp\htdocs\comple\index.php(45): CodeIgniter\CodeIgniter->run()
#11 {main}
