CRITICAL - 2021-02-08 00:47:03 --> Call to undefined method App\Services\Division\ActividadService::getArea()
#0 C:\xampp\htdocs\comple\system\CodeIgniter.php(918): App\Controllers\Division\ActividadController->editar()
#1 C:\xampp\htdocs\comple\system\CodeIgniter.php(404): CodeIgniter\CodeIgniter->runController(Object(App\Controllers\Division\ActividadController))
#2 C:\xampp\htdocs\comple\system\CodeIgniter.php(312): CodeIgniter\CodeIgniter->handleRequest(NULL, Object(Config\Cache), false)
#3 C:\xampp\htdocs\comple\index.php(45): CodeIgniter\CodeIgniter->run()
#4 {main}
CRITICAL - 2021-02-08 00:48:46 --> Unknown column 'area' in 'order clause'
#0 C:\xampp\htdocs\comple\system\Database\MySQLi\Connection.php(331): mysqli->query('SELECT *\nFROM `...')
#1 C:\xampp\htdocs\comple\system\Database\BaseConnection.php(741): CodeIgniter\Database\MySQLi\Connection->execute('SELECT *\nFROM `...')
#2 C:\xampp\htdocs\comple\system\Database\BaseConnection.php(669): CodeIgniter\Database\BaseConnection->simpleQuery('SELECT *\nFROM `...')
#3 C:\xampp\htdocs\comple\system\Database\BaseBuilder.php(1860): CodeIgniter\Database\BaseConnection->query('SELECT *\nFROM `...', Array, false)
#4 C:\xampp\htdocs\comple\app\Models\Division\ActividadModel.php(164): CodeIgniter\Database\BaseBuilder->get()
#5 C:\xampp\htdocs\comple\app\Services\Division\ActividadService.php(107): App\Models\Division\ActividadModel->getArea()
#6 C:\xampp\htdocs\comple\app\Controllers\Division\ActividadController.php(144): App\Services\Division\ActividadService->getArea()
#7 C:\xampp\htdocs\comple\system\CodeIgniter.php(918): App\Controllers\Division\ActividadController->editar()
#8 C:\xampp\htdocs\comple\system\CodeIgniter.php(404): CodeIgniter\CodeIgniter->runController(Object(App\Controllers\Division\ActividadController))
#9 C:\xampp\htdocs\comple\system\CodeIgniter.php(312): CodeIgniter\CodeIgniter->handleRequest(NULL, Object(Config\Cache), false)
#10 C:\xampp\htdocs\comple\index.php(45): CodeIgniter\CodeIgniter->run()
#11 {main}
CRITICAL - 2021-02-08 00:51:18 --> Unknown column 'area' in 'order clause'
#0 C:\xampp\htdocs\comple\system\Database\MySQLi\Connection.php(331): mysqli->query('SELECT *\nFROM `...')
#1 C:\xampp\htdocs\comple\system\Database\BaseConnection.php(741): CodeIgniter\Database\MySQLi\Connection->execute('SELECT *\nFROM `...')
#2 C:\xampp\htdocs\comple\system\Database\BaseConnection.php(669): CodeIgniter\Database\BaseConnection->simpleQuery('SELECT *\nFROM `...')
#3 C:\xampp\htdocs\comple\system\Database\BaseBuilder.php(1860): CodeIgniter\Database\BaseConnection->query('SELECT *\nFROM `...', Array, false)
#4 C:\xampp\htdocs\comple\app\Models\Division\ActividadModel.php(164): CodeIgniter\Database\BaseBuilder->get()
#5 C:\xampp\htdocs\comple\app\Services\Division\ActividadService.php(107): App\Models\Division\ActividadModel->getArea()
#6 C:\xampp\htdocs\comple\app\Controllers\Division\ActividadController.php(144): App\Services\Division\ActividadService->getArea()
#7 C:\xampp\htdocs\comple\system\CodeIgniter.php(918): App\Controllers\Division\ActividadController->editar()
#8 C:\xampp\htdocs\comple\system\CodeIgniter.php(404): CodeIgniter\CodeIgniter->runController(Object(App\Controllers\Division\ActividadController))
#9 C:\xampp\htdocs\comple\system\CodeIgniter.php(312): CodeIgniter\CodeIgniter->handleRequest(NULL, Object(Config\Cache), false)
#10 C:\xampp\htdocs\comple\index.php(45): CodeIgniter\CodeIgniter->run()
#11 {main}
CRITICAL - 2021-02-08 01:51:07 --> Column 'id_area' in where clause is ambiguous
#0 C:\xampp\htdocs\comple\system\Database\MySQLi\Connection.php(331): mysqli->query('SELECT `a`.`id_...')
#1 C:\xampp\htdocs\comple\system\Database\BaseConnection.php(741): CodeIgniter\Database\MySQLi\Connection->execute('SELECT `a`.`id_...')
#2 C:\xampp\htdocs\comple\system\Database\BaseConnection.php(669): CodeIgniter\Database\BaseConnection->simpleQuery('SELECT `a`.`id_...')
#3 C:\xampp\htdocs\comple\system\Database\BaseBuilder.php(1860): CodeIgniter\Database\BaseConnection->query('SELECT `a`.`id_...', Array, false)
#4 C:\xampp\htdocs\comple\app\Models\Jefes\AreaModel.php(23): CodeIgniter\Database\BaseBuilder->get()
#5 C:\xampp\htdocs\comple\app\Services\Jefes\AreaService.php(20): App\Models\Jefes\AreaModel->getActividadPorIdarea('1', true)
#6 C:\xampp\htdocs\comple\app\Controllers\Jefes\AreaController.php(21): App\Services\Jefes\AreaService->getActividadPorIdarea('1', true)
#7 C:\xampp\htdocs\comple\system\CodeIgniter.php(918): App\Controllers\Jefes\AreaController->index()
#8 C:\xampp\htdocs\comple\system\CodeIgniter.php(404): CodeIgniter\CodeIgniter->runController(Object(App\Controllers\Jefes\AreaController))
#9 C:\xampp\htdocs\comple\system\CodeIgniter.php(312): CodeIgniter\CodeIgniter->handleRequest(NULL, Object(Config\Cache), false)
#10 C:\xampp\htdocs\comple\index.php(45): CodeIgniter\CodeIgniter->run()
#11 {main}
CRITICAL - 2021-02-08 01:51:57 --> Column 'id_area' in where clause is ambiguous
#0 C:\xampp\htdocs\comple\system\Database\MySQLi\Connection.php(331): mysqli->query('SELECT `a`.`id_...')
#1 C:\xampp\htdocs\comple\system\Database\BaseConnection.php(741): CodeIgniter\Database\MySQLi\Connection->execute('SELECT `a`.`id_...')
#2 C:\xampp\htdocs\comple\system\Database\BaseConnection.php(669): CodeIgniter\Database\BaseConnection->simpleQuery('SELECT `a`.`id_...')
#3 C:\xampp\htdocs\comple\system\Database\BaseBuilder.php(1860): CodeIgniter\Database\BaseConnection->query('SELECT `a`.`id_...', Array, false)
#4 C:\xampp\htdocs\comple\app\Models\Jefes\AreaModel.php(23): CodeIgniter\Database\BaseBuilder->get()
#5 C:\xampp\htdocs\comple\app\Services\Jefes\AreaService.php(20): App\Models\Jefes\AreaModel->getActividadPorIdarea('1', true)
#6 C:\xampp\htdocs\comple\app\Controllers\Jefes\AreaController.php(21): App\Services\Jefes\AreaService->getActividadPorIdarea('1', true)
#7 C:\xampp\htdocs\comple\system\CodeIgniter.php(918): App\Controllers\Jefes\AreaController->index()
#8 C:\xampp\htdocs\comple\system\CodeIgniter.php(404): CodeIgniter\CodeIgniter->runController(Object(App\Controllers\Jefes\AreaController))
#9 C:\xampp\htdocs\comple\system\CodeIgniter.php(312): CodeIgniter\CodeIgniter->handleRequest(NULL, Object(Config\Cache), false)
#10 C:\xampp\htdocs\comple\index.php(45): CodeIgniter\CodeIgniter->run()
#11 {main}
CRITICAL - 2021-02-08 01:52:54 --> Column 'id_area' in where clause is ambiguous
#0 C:\xampp\htdocs\comple\system\Database\MySQLi\Connection.php(331): mysqli->query('SELECT `a`.`id_...')
#1 C:\xampp\htdocs\comple\system\Database\BaseConnection.php(741): CodeIgniter\Database\MySQLi\Connection->execute('SELECT `a`.`id_...')
#2 C:\xampp\htdocs\comple\system\Database\BaseConnection.php(669): CodeIgniter\Database\BaseConnection->simpleQuery('SELECT `a`.`id_...')
#3 C:\xampp\htdocs\comple\system\Database\BaseBuilder.php(1860): CodeIgniter\Database\BaseConnection->query('SELECT `a`.`id_...', Array, false)
#4 C:\xampp\htdocs\comple\app\Models\Jefes\AreaModel.php(23): CodeIgniter\Database\BaseBuilder->get()
#5 C:\xampp\htdocs\comple\app\Services\Jefes\AreaService.php(20): App\Models\Jefes\AreaModel->getActividadPorIdarea('1', true)
#6 C:\xampp\htdocs\comple\app\Controllers\Jefes\AreaController.php(21): App\Services\Jefes\AreaService->getActividadPorIdarea('1', true)
#7 C:\xampp\htdocs\comple\system\CodeIgniter.php(918): App\Controllers\Jefes\AreaController->index()
#8 C:\xampp\htdocs\comple\system\CodeIgniter.php(404): CodeIgniter\CodeIgniter->runController(Object(App\Controllers\Jefes\AreaController))
#9 C:\xampp\htdocs\comple\system\CodeIgniter.php(312): CodeIgniter\CodeIgniter->handleRequest(NULL, Object(Config\Cache), false)
#10 C:\xampp\htdocs\comple\index.php(45): CodeIgniter\CodeIgniter->run()
#11 {main}
CRITICAL - 2021-02-08 01:53:29 --> Column 'id_area' in where clause is ambiguous
#0 C:\xampp\htdocs\comple\system\Database\MySQLi\Connection.php(331): mysqli->query('SELECT `a`.`id_...')
#1 C:\xampp\htdocs\comple\system\Database\BaseConnection.php(741): CodeIgniter\Database\MySQLi\Connection->execute('SELECT `a`.`id_...')
#2 C:\xampp\htdocs\comple\system\Database\BaseConnection.php(669): CodeIgniter\Database\BaseConnection->simpleQuery('SELECT `a`.`id_...')
#3 C:\xampp\htdocs\comple\system\Database\BaseBuilder.php(1860): CodeIgniter\Database\BaseConnection->query('SELECT `a`.`id_...', Array, false)
#4 C:\xampp\htdocs\comple\app\Models\Jefes\AreaModel.php(23): CodeIgniter\Database\BaseBuilder->get()
#5 C:\xampp\htdocs\comple\app\Services\Jefes\AreaService.php(20): App\Models\Jefes\AreaModel->getActividadPorIdarea('1', true)
#6 C:\xampp\htdocs\comple\app\Controllers\Jefes\AreaController.php(21): App\Services\Jefes\AreaService->getActividadPorIdarea('1', true)
#7 C:\xampp\htdocs\comple\system\CodeIgniter.php(918): App\Controllers\Jefes\AreaController->index()
#8 C:\xampp\htdocs\comple\system\CodeIgniter.php(404): CodeIgniter\CodeIgniter->runController(Object(App\Controllers\Jefes\AreaController))
#9 C:\xampp\htdocs\comple\system\CodeIgniter.php(312): CodeIgniter\CodeIgniter->handleRequest(NULL, Object(Config\Cache), false)
#10 C:\xampp\htdocs\comple\index.php(45): CodeIgniter\CodeIgniter->run()
#11 {main}
CRITICAL - 2021-02-08 01:54:30 --> You have an error in your SQL syntax; check the manual that corresponds to your MySQL server version for the right syntax to use near '.`rfc_responsable`, `r`.`nombre`, `r`.`apaterno`, `r`.`amaterno`, `r`.`telefono`' at line 1
#0 C:\xampp\htdocs\comple\system\Database\MySQLi\Connection.php(331): mysqli->query('SELECT `r`.`id_...')
#1 C:\xampp\htdocs\comple\system\Database\BaseConnection.php(741): CodeIgniter\Database\MySQLi\Connection->execute('SELECT `r`.`id_...')
#2 C:\xampp\htdocs\comple\system\Database\BaseConnection.php(669): CodeIgniter\Database\BaseConnection->simpleQuery('SELECT `r`.`id_...')
#3 C:\xampp\htdocs\comple\system\Database\BaseBuilder.php(1860): CodeIgniter\Database\BaseConnection->query('SELECT `r`.`id_...', Array, false)
#4 C:\xampp\htdocs\comple\app\Models\Jefes\ResponsableModel.php(21): CodeIgniter\Database\BaseBuilder->get()
#5 C:\xampp\htdocs\comple\app\Services\Jefes\ResponsableService.php(21): App\Models\Jefes\ResponsableModel->getResponsables('1', true)
#6 C:\xampp\htdocs\comple\app\Controllers\Jefes\ResponsableController.php(18): App\Services\Jefes\ResponsableService->getResponsables('1', true)
#7 C:\xampp\htdocs\comple\system\CodeIgniter.php(918): App\Controllers\Jefes\ResponsableController->index()
#8 C:\xampp\htdocs\comple\system\CodeIgniter.php(404): CodeIgniter\CodeIgniter->runController(Object(App\Controllers\Jefes\ResponsableController))
#9 C:\xampp\htdocs\comple\system\CodeIgniter.php(312): CodeIgniter\CodeIgniter->handleRequest(NULL, Object(Config\Cache), false)
#10 C:\xampp\htdocs\comple\index.php(45): CodeIgniter\CodeIgniter->run()
#11 {main}
CRITICAL - 2021-02-08 01:55:14 --> You have an error in your SQL syntax; check the manual that corresponds to your MySQL server version for the right syntax to use near '.`rfc_responsable`, `r`.`nombre`, `r`.`apaterno`, `r`.`amaterno`, `r`.`telefono`' at line 1
#0 C:\xampp\htdocs\comple\system\Database\MySQLi\Connection.php(331): mysqli->query('SELECT `r`.`id_...')
#1 C:\xampp\htdocs\comple\system\Database\BaseConnection.php(741): CodeIgniter\Database\MySQLi\Connection->execute('SELECT `r`.`id_...')
#2 C:\xampp\htdocs\comple\system\Database\BaseConnection.php(669): CodeIgniter\Database\BaseConnection->simpleQuery('SELECT `r`.`id_...')
#3 C:\xampp\htdocs\comple\system\Database\BaseBuilder.php(1860): CodeIgniter\Database\BaseConnection->query('SELECT `r`.`id_...', Array, false)
#4 C:\xampp\htdocs\comple\app\Models\Jefes\ResponsableModel.php(21): CodeIgniter\Database\BaseBuilder->get()
#5 C:\xampp\htdocs\comple\app\Services\Jefes\ResponsableService.php(21): App\Models\Jefes\ResponsableModel->getResponsables('1', true)
#6 C:\xampp\htdocs\comple\app\Controllers\Jefes\ResponsableController.php(18): App\Services\Jefes\ResponsableService->getResponsables('1', true)
#7 C:\xampp\htdocs\comple\system\CodeIgniter.php(918): App\Controllers\Jefes\ResponsableController->index()
#8 C:\xampp\htdocs\comple\system\CodeIgniter.php(404): CodeIgniter\CodeIgniter->runController(Object(App\Controllers\Jefes\ResponsableController))
#9 C:\xampp\htdocs\comple\system\CodeIgniter.php(312): CodeIgniter\CodeIgniter->handleRequest(NULL, Object(Config\Cache), false)
#10 C:\xampp\htdocs\comple\index.php(45): CodeIgniter\CodeIgniter->run()
#11 {main}
CRITICAL - 2021-02-08 01:57:01 --> Call to undefined method App\Models\Jefes\ResponsableModel::getActividadPorIdareaPeriodo
#0 C:\xampp\htdocs\comple\app\Services\Jefes\ResponsableService.php(45): CodeIgniter\Model->__call('getActividadPor...', Array)
#1 C:\xampp\htdocs\comple\app\Controllers\Jefes\ResponsableController.php(86): App\Services\Jefes\ResponsableService->getActividadPorIdareaPeriodo('1', '20201')
#2 C:\xampp\htdocs\comple\system\CodeIgniter.php(918): App\Controllers\Jefes\ResponsableController->periodo()
#3 C:\xampp\htdocs\comple\system\CodeIgniter.php(404): CodeIgniter\CodeIgniter->runController(Object(App\Controllers\Jefes\ResponsableController))
#4 C:\xampp\htdocs\comple\system\CodeIgniter.php(312): CodeIgniter\CodeIgniter->handleRequest(NULL, Object(Config\Cache), false)
#5 C:\xampp\htdocs\comple\index.php(45): CodeIgniter\CodeIgniter->run()
#6 {main}
CRITICAL - 2021-02-08 02:12:14 --> Undefined index: periodo
#0 C:\xampp\htdocs\comple\app\Views\Jefes\Responsables\listar.php(66): CodeIgniter\Debug\Exceptions->errorHandler(8, 'Undefined index...', 'C:\\xampp\\htdocs...', 66, Array)
#1 C:\xampp\htdocs\comple\system\View\View.php(246): include('C:\\xampp\\htdocs...')
#2 C:\xampp\htdocs\comple\system\Common.php(1119): CodeIgniter\View\View->render('Jefes/Responsab...', Array, true)
#3 C:\xampp\htdocs\comple\app\Controllers\Jefes\ResponsableController.php(96): view('Jefes/Responsab...', Array)
#4 C:\xampp\htdocs\comple\system\CodeIgniter.php(918): App\Controllers\Jefes\ResponsableController->periodo()
#5 C:\xampp\htdocs\comple\system\CodeIgniter.php(404): CodeIgniter\CodeIgniter->runController(Object(App\Controllers\Jefes\ResponsableController))
#6 C:\xampp\htdocs\comple\system\CodeIgniter.php(312): CodeIgniter\CodeIgniter->handleRequest(NULL, Object(Config\Cache), false)
#7 C:\xampp\htdocs\comple\index.php(45): CodeIgniter\CodeIgniter->run()
#8 {main}
CRITICAL - 2021-02-08 02:13:53 --> Undefined index: periodo_fk
#0 C:\xampp\htdocs\comple\app\Views\Jefes\Responsables\listar.php(66): CodeIgniter\Debug\Exceptions->errorHandler(8, 'Undefined index...', 'C:\\xampp\\htdocs...', 66, Array)
#1 C:\xampp\htdocs\comple\system\View\View.php(246): include('C:\\xampp\\htdocs...')
#2 C:\xampp\htdocs\comple\system\Common.php(1119): CodeIgniter\View\View->render('Jefes/Responsab...', Array, true)
#3 C:\xampp\htdocs\comple\app\Controllers\Jefes\ResponsableController.php(96): view('Jefes/Responsab...', Array)
#4 C:\xampp\htdocs\comple\system\CodeIgniter.php(918): App\Controllers\Jefes\ResponsableController->periodo()
#5 C:\xampp\htdocs\comple\system\CodeIgniter.php(404): CodeIgniter\CodeIgniter->runController(Object(App\Controllers\Jefes\ResponsableController))
#6 C:\xampp\htdocs\comple\system\CodeIgniter.php(312): CodeIgniter\CodeIgniter->handleRequest(NULL, Object(Config\Cache), false)
#7 C:\xampp\htdocs\comple\index.php(45): CodeIgniter\CodeIgniter->run()
#8 {main}
CRITICAL - 2021-02-08 02:14:43 --> Unknown column 'p.periodok' in 'on clause'
#0 C:\xampp\htdocs\comple\system\Database\MySQLi\Connection.php(331): mysqli->query('SELECT `r`.`id_...')
#1 C:\xampp\htdocs\comple\system\Database\BaseConnection.php(741): CodeIgniter\Database\MySQLi\Connection->execute('SELECT `r`.`id_...')
#2 C:\xampp\htdocs\comple\system\Database\BaseConnection.php(669): CodeIgniter\Database\BaseConnection->simpleQuery('SELECT `r`.`id_...')
#3 C:\xampp\htdocs\comple\system\Database\BaseBuilder.php(1860): CodeIgniter\Database\BaseConnection->query('SELECT `r`.`id_...', Array, false)
#4 C:\xampp\htdocs\comple\app\Models\Jefes\ResponsableModel.php(21): CodeIgniter\Database\BaseBuilder->get()
#5 C:\xampp\htdocs\comple\app\Services\Jefes\ResponsableService.php(21): App\Models\Jefes\ResponsableModel->getResponsables('1', true)
#6 C:\xampp\htdocs\comple\app\Controllers\Jefes\ResponsableController.php(18): App\Services\Jefes\ResponsableService->getResponsables('1', true)
#7 C:\xampp\htdocs\comple\system\CodeIgniter.php(918): App\Controllers\Jefes\ResponsableController->index()
#8 C:\xampp\htdocs\comple\system\CodeIgniter.php(404): CodeIgniter\CodeIgniter->runController(Object(App\Controllers\Jefes\ResponsableController))
#9 C:\xampp\htdocs\comple\system\CodeIgniter.php(312): CodeIgniter\CodeIgniter->handleRequest(NULL, Object(Config\Cache), false)
#10 C:\xampp\htdocs\comple\index.php(45): CodeIgniter\CodeIgniter->run()
#11 {main}
CRITICAL - 2021-02-08 02:14:55 --> Undefined index: periodo_fk
#0 C:\xampp\htdocs\comple\app\Views\Jefes\Responsables\listar.php(66): CodeIgniter\Debug\Exceptions->errorHandler(8, 'Undefined index...', 'C:\\xampp\\htdocs...', 66, Array)
#1 C:\xampp\htdocs\comple\system\View\View.php(246): include('C:\\xampp\\htdocs...')
#2 C:\xampp\htdocs\comple\system\Common.php(1119): CodeIgniter\View\View->render('Jefes/Responsab...', Array, true)
#3 C:\xampp\htdocs\comple\app\Controllers\Jefes\ResponsableController.php(26): view('Jefes/Responsab...', Array)
#4 C:\xampp\htdocs\comple\system\CodeIgniter.php(918): App\Controllers\Jefes\ResponsableController->index()
#5 C:\xampp\htdocs\comple\system\CodeIgniter.php(404): CodeIgniter\CodeIgniter->runController(Object(App\Controllers\Jefes\ResponsableController))
#6 C:\xampp\htdocs\comple\system\CodeIgniter.php(312): CodeIgniter\CodeIgniter->handleRequest(NULL, Object(Config\Cache), false)
#7 C:\xampp\htdocs\comple\index.php(45): CodeIgniter\CodeIgniter->run()
#8 {main}
