CRITICAL - 2021-01-12 01:49:58 --> Undefined variable: ar
#0 C:\xampp\htdocs\comple\app\Views\Responsable\Lista-Asistencia\listar.php(56): CodeIgniter\Debug\Exceptions->errorHandler(8, 'Undefined varia...', 'C:\\xampp\\htdocs...', 56, Array)
#1 C:\xampp\htdocs\comple\system\View\View.php(246): include('C:\\xampp\\htdocs...')
#2 C:\xampp\htdocs\comple\system\Common.php(1119): CodeIgniter\View\View->render('Responsable/Lis...', Array, true)
#3 C:\xampp\htdocs\comple\app\Controllers\Responsable\AsistenciaController.php(39): view('Responsable/Lis...', Array)
#4 C:\xampp\htdocs\comple\system\CodeIgniter.php(918): App\Controllers\Responsable\AsistenciaController->listaAsistencia()
#5 C:\xampp\htdocs\comple\system\CodeIgniter.php(404): CodeIgniter\CodeIgniter->runController(Object(App\Controllers\Responsable\AsistenciaController))
#6 C:\xampp\htdocs\comple\system\CodeIgniter.php(312): CodeIgniter\CodeIgniter->handleRequest(NULL, Object(Config\Cache), false)
#7 C:\xampp\htdocs\comple\index.php(45): CodeIgniter\CodeIgniter->run()
#8 {main}
CRITICAL - 2021-01-12 09:58:09 --> file_get_contents(public/img/hr.jpg): failed to open stream: No such file or directory
#0 [internal function]: CodeIgniter\Debug\Exceptions->errorHandler(2, 'file_get_conten...', 'C:\\xampp\\htdocs...', 133, Array)
#1 C:\xampp\htdocs\comple\app\Views\Escolares\Generar\listar.php(133): file_get_contents('public/img/hr.j...')
#2 C:\xampp\htdocs\comple\system\View\View.php(246): include('C:\\xampp\\htdocs...')
#3 C:\xampp\htdocs\comple\system\Common.php(1119): CodeIgniter\View\View->render('Escolares/Gener...', Array, true)
#4 C:\xampp\htdocs\comple\app\Controllers\Escolares\GenerarController.php(84): view('Escolares/Gener...', Array)
#5 C:\xampp\htdocs\comple\system\CodeIgniter.php(918): App\Controllers\Escolares\GenerarController->constanciaLiberacion()
#6 C:\xampp\htdocs\comple\system\CodeIgniter.php(404): CodeIgniter\CodeIgniter->runController(Object(App\Controllers\Escolares\GenerarController))
#7 C:\xampp\htdocs\comple\system\CodeIgniter.php(312): CodeIgniter\CodeIgniter->handleRequest(NULL, Object(Config\Cache), false)
#8 C:\xampp\htdocs\comple\index.php(45): CodeIgniter\CodeIgniter->run()
#9 {main}
CRITICAL - 2021-01-12 09:59:52 --> file_get_contents(public/img/hr.jpg): failed to open stream: No such file or directory
#0 [internal function]: CodeIgniter\Debug\Exceptions->errorHandler(2, 'file_get_conten...', 'C:\\xampp\\htdocs...', 133, Array)
#1 C:\xampp\htdocs\comple\app\Views\Escolares\Generar\listar.php(133): file_get_contents('public/img/hr.j...')
#2 C:\xampp\htdocs\comple\system\View\View.php(246): include('C:\\xampp\\htdocs...')
#3 C:\xampp\htdocs\comple\system\Common.php(1119): CodeIgniter\View\View->render('Escolares/Gener...', Array, true)
#4 C:\xampp\htdocs\comple\app\Controllers\Escolares\GenerarController.php(84): view('Escolares/Gener...', Array)
#5 C:\xampp\htdocs\comple\system\CodeIgniter.php(918): App\Controllers\Escolares\GenerarController->constanciaLiberacion()
#6 C:\xampp\htdocs\comple\system\CodeIgniter.php(404): CodeIgniter\CodeIgniter->runController(Object(App\Controllers\Escolares\GenerarController))
#7 C:\xampp\htdocs\comple\system\CodeIgniter.php(312): CodeIgniter\CodeIgniter->handleRequest(NULL, Object(Config\Cache), false)
#8 C:\xampp\htdocs\comple\index.php(45): CodeIgniter\CodeIgniter->run()
#9 {main}
CRITICAL - 2021-01-12 10:14:37 --> file_get_contents(public/img/dd.png): failed to open stream: No such file or directory
#0 [internal function]: CodeIgniter\Debug\Exceptions->errorHandler(2, 'file_get_conten...', 'C:\\xampp\\htdocs...', 132, Array)
#1 C:\xampp\htdocs\comple\app\Views\Escolares\Generar\listar.php(132): file_get_contents('public/img/dd.p...')
#2 C:\xampp\htdocs\comple\system\View\View.php(246): include('C:\\xampp\\htdocs...')
#3 C:\xampp\htdocs\comple\system\Common.php(1119): CodeIgniter\View\View->render('Escolares/Gener...', Array, true)
#4 C:\xampp\htdocs\comple\app\Controllers\Escolares\GenerarController.php(84): view('Escolares/Gener...', Array)
#5 C:\xampp\htdocs\comple\system\CodeIgniter.php(918): App\Controllers\Escolares\GenerarController->constanciaLiberacion()
#6 C:\xampp\htdocs\comple\system\CodeIgniter.php(404): CodeIgniter\CodeIgniter->runController(Object(App\Controllers\Escolares\GenerarController))
#7 C:\xampp\htdocs\comple\system\CodeIgniter.php(312): CodeIgniter\CodeIgniter->handleRequest(NULL, Object(Config\Cache), false)
#8 C:\xampp\htdocs\comple\index.php(45): CodeIgniter\CodeIgniter->run()
#9 {main}
CRITICAL - 2021-01-12 12:59:58 --> Unable to connect to the database.
#0 C:\xampp\htdocs\comple\system\Database\BaseConnection.php(646): CodeIgniter\Database\BaseConnection->initialize()
#1 C:\xampp\htdocs\comple\system\Database\BaseBuilder.php(1860): CodeIgniter\Database\BaseConnection->query('SELECT *\nFROM `...', Array, false)
#2 C:\xampp\htdocs\comple\app\Models\Alumno\InscripcionModel.php(31): CodeIgniter\Database\BaseBuilder->get()
#3 C:\xampp\htdocs\comple\app\Services\Alumno\InscripcionService.php(33): App\Models\Alumno\InscripcionModel->getPeriodosPorEstatus(true)
#4 C:\xampp\htdocs\comple\app\Controllers\Alumno\InscripcionController.php(53): App\Services\Alumno\InscripcionService->getPeriodosPorEstatus(true)
#5 C:\xampp\htdocs\comple\system\CodeIgniter.php(918): App\Controllers\Alumno\InscripcionController->guardar()
#6 C:\xampp\htdocs\comple\system\CodeIgniter.php(404): CodeIgniter\CodeIgniter->runController(Object(App\Controllers\Alumno\InscripcionController))
#7 C:\xampp\htdocs\comple\system\CodeIgniter.php(312): CodeIgniter\CodeIgniter->handleRequest(NULL, Object(Config\Cache), false)
#8 C:\xampp\htdocs\comple\index.php(45): CodeIgniter\CodeIgniter->run()
#9 {main}
CRITICAL - 2021-01-12 13:02:20 --> Undefined variable: periodo
#0 C:\xampp\htdocs\comple\app\Views\Alumno\Inscripciones\listar.php(41): CodeIgniter\Debug\Exceptions->errorHandler(8, 'Undefined varia...', 'C:\\xampp\\htdocs...', 41, Array)
#1 C:\xampp\htdocs\comple\system\View\View.php(246): include('C:\\xampp\\htdocs...')
#2 C:\xampp\htdocs\comple\system\Common.php(1119): CodeIgniter\View\View->render('Alumno/Inscripc...', Array, true)
#3 C:\xampp\htdocs\comple\app\Controllers\Alumno\InscripcionController.php(39): view('Alumno/Inscripc...', Array)
#4 C:\xampp\htdocs\comple\system\CodeIgniter.php(918): App\Controllers\Alumno\InscripcionController->index()
#5 C:\xampp\htdocs\comple\system\CodeIgniter.php(404): CodeIgniter\CodeIgniter->runController(Object(App\Controllers\Alumno\InscripcionController))
#6 C:\xampp\htdocs\comple\system\CodeIgniter.php(312): CodeIgniter\CodeIgniter->handleRequest(NULL, Object(Config\Cache), false)
#7 C:\xampp\htdocs\comple\index.php(45): CodeIgniter\CodeIgniter->run()
#8 {main}
CRITICAL - 2021-01-12 13:16:24 --> Array to string conversion
#0 C:\xampp\htdocs\comple\app\Views\Alumno\Inscripciones\listar.php(15): CodeIgniter\Debug\Exceptions->errorHandler(8, 'Array to string...', 'C:\\xampp\\htdocs...', 15, Array)
#1 C:\xampp\htdocs\comple\app\Views\Alumno\Inscripciones\listar.php(63): valida_fecha('2020-08-07', '2021-01-25')
#2 C:\xampp\htdocs\comple\system\View\View.php(246): include('C:\\xampp\\htdocs...')
#3 C:\xampp\htdocs\comple\system\Common.php(1119): CodeIgniter\View\View->render('Alumno/Inscripc...', Array, true)
#4 C:\xampp\htdocs\comple\app\Controllers\Alumno\InscripcionController.php(39): view('Alumno/Inscripc...', Array)
#5 C:\xampp\htdocs\comple\system\CodeIgniter.php(918): App\Controllers\Alumno\InscripcionController->index()
#6 C:\xampp\htdocs\comple\system\CodeIgniter.php(404): CodeIgniter\CodeIgniter->runController(Object(App\Controllers\Alumno\InscripcionController))
#7 C:\xampp\htdocs\comple\system\CodeIgniter.php(312): CodeIgniter\CodeIgniter->handleRequest(NULL, Object(Config\Cache), false)
#8 C:\xampp\htdocs\comple\index.php(45): CodeIgniter\CodeIgniter->run()
#9 {main}
CRITICAL - 2021-01-12 14:20:20 --> You have an error in your SQL syntax; check the manual that corresponds to your MySQL server version for the right syntax to use near ')
AND `e`.`valor_numerico` >= 1
ORDER BY `p`.`fecha_inicio` ASC, `ta`.`nombre_ac' at line 8
#0 C:\xampp\htdocs\comple\system\Database\MySQLi\Connection.php(331): mysqli->query('SELECT `a`.`id_...')
#1 C:\xampp\htdocs\comple\system\Database\BaseConnection.php(741): CodeIgniter\Database\MySQLi\Connection->execute('SELECT `a`.`id_...')
#2 C:\xampp\htdocs\comple\system\Database\BaseConnection.php(669): CodeIgniter\Database\BaseConnection->simpleQuery('SELECT `a`.`id_...')
#3 C:\xampp\htdocs\comple\system\Database\BaseBuilder.php(1860): CodeIgniter\Database\BaseConnection->query('SELECT `a`.`id_...', Array, false)
#4 C:\xampp\htdocs\comple\app\Models\Alumno\InscripcionModel.php(27): CodeIgniter\Database\BaseBuilder->get()
#5 C:\xampp\htdocs\comple\app\Services\Alumno\InscripcionService.php(21): App\Models\Alumno\InscripcionModel->getActividadesPorCalificacion(Array)
#6 C:\xampp\htdocs\comple\app\Controllers\Alumno\InscripcionController.php(32): App\Services\Alumno\InscripcionService->getActividadesPorCalificacion(Array)
#7 C:\xampp\htdocs\comple\system\CodeIgniter.php(918): App\Controllers\Alumno\InscripcionController->index()
#8 C:\xampp\htdocs\comple\system\CodeIgniter.php(404): CodeIgniter\CodeIgniter->runController(Object(App\Controllers\Alumno\InscripcionController))
#9 C:\xampp\htdocs\comple\system\CodeIgniter.php(312): CodeIgniter\CodeIgniter->handleRequest(NULL, Object(Config\Cache), false)
#10 C:\xampp\htdocs\comple\index.php(45): CodeIgniter\CodeIgniter->run()
#11 {main}
CRITICAL - 2021-01-12 14:20:59 --> You have an error in your SQL syntax; check the manual that corresponds to your MySQL server version for the right syntax to use near ')
AND `e`.`valor_numerico` >= 1' at line 8
#0 C:\xampp\htdocs\comple\system\Database\MySQLi\Connection.php(331): mysqli->query('SELECT `a`.`id_...')
#1 C:\xampp\htdocs\comple\system\Database\BaseConnection.php(741): CodeIgniter\Database\MySQLi\Connection->execute('SELECT `a`.`id_...')
#2 C:\xampp\htdocs\comple\system\Database\BaseConnection.php(669): CodeIgniter\Database\BaseConnection->simpleQuery('SELECT `a`.`id_...')
#3 C:\xampp\htdocs\comple\system\Database\BaseBuilder.php(1860): CodeIgniter\Database\BaseConnection->query('SELECT `a`.`id_...', Array, false)
#4 C:\xampp\htdocs\comple\app\Models\Alumno\InscripcionModel.php(25): CodeIgniter\Database\BaseBuilder->get()
#5 C:\xampp\htdocs\comple\app\Services\Alumno\InscripcionService.php(21): App\Models\Alumno\InscripcionModel->getActividadesPorCalificacion(Array)
#6 C:\xampp\htdocs\comple\app\Controllers\Alumno\InscripcionController.php(32): App\Services\Alumno\InscripcionService->getActividadesPorCalificacion(Array)
#7 C:\xampp\htdocs\comple\system\CodeIgniter.php(918): App\Controllers\Alumno\InscripcionController->index()
#8 C:\xampp\htdocs\comple\system\CodeIgniter.php(404): CodeIgniter\CodeIgniter->runController(Object(App\Controllers\Alumno\InscripcionController))
#9 C:\xampp\htdocs\comple\system\CodeIgniter.php(312): CodeIgniter\CodeIgniter->handleRequest(NULL, Object(Config\Cache), false)
#10 C:\xampp\htdocs\comple\index.php(45): CodeIgniter\CodeIgniter->run()
#11 {main}
CRITICAL - 2021-01-12 14:21:43 --> You have an error in your SQL syntax; check the manual that corresponds to your MySQL server version for the right syntax to use near ')
AND `valor_numerico` >= 1' at line 8
#0 C:\xampp\htdocs\comple\system\Database\MySQLi\Connection.php(331): mysqli->query('SELECT `a`.`id_...')
#1 C:\xampp\htdocs\comple\system\Database\BaseConnection.php(741): CodeIgniter\Database\MySQLi\Connection->execute('SELECT `a`.`id_...')
#2 C:\xampp\htdocs\comple\system\Database\BaseConnection.php(669): CodeIgniter\Database\BaseConnection->simpleQuery('SELECT `a`.`id_...')
#3 C:\xampp\htdocs\comple\system\Database\BaseBuilder.php(1860): CodeIgniter\Database\BaseConnection->query('SELECT `a`.`id_...', Array, false)
#4 C:\xampp\htdocs\comple\app\Models\Alumno\InscripcionModel.php(25): CodeIgniter\Database\BaseBuilder->get()
#5 C:\xampp\htdocs\comple\app\Services\Alumno\InscripcionService.php(21): App\Models\Alumno\InscripcionModel->getActividadesPorCalificacion(Array)
#6 C:\xampp\htdocs\comple\app\Controllers\Alumno\InscripcionController.php(32): App\Services\Alumno\InscripcionService->getActividadesPorCalificacion(Array)
#7 C:\xampp\htdocs\comple\system\CodeIgniter.php(918): App\Controllers\Alumno\InscripcionController->index()
#8 C:\xampp\htdocs\comple\system\CodeIgniter.php(404): CodeIgniter\CodeIgniter->runController(Object(App\Controllers\Alumno\InscripcionController))
#9 C:\xampp\htdocs\comple\system\CodeIgniter.php(312): CodeIgniter\CodeIgniter->handleRequest(NULL, Object(Config\Cache), false)
#10 C:\xampp\htdocs\comple\index.php(45): CodeIgniter\CodeIgniter->run()
#11 {main}
CRITICAL - 2021-01-12 14:22:37 --> You have an error in your SQL syntax; check the manual that corresponds to your MySQL server version for the right syntax to use near ')
AND `valor_numerico` > 1' at line 8
#0 C:\xampp\htdocs\comple\system\Database\MySQLi\Connection.php(331): mysqli->query('SELECT `a`.`id_...')
#1 C:\xampp\htdocs\comple\system\Database\BaseConnection.php(741): CodeIgniter\Database\MySQLi\Connection->execute('SELECT `a`.`id_...')
#2 C:\xampp\htdocs\comple\system\Database\BaseConnection.php(669): CodeIgniter\Database\BaseConnection->simpleQuery('SELECT `a`.`id_...')
#3 C:\xampp\htdocs\comple\system\Database\BaseBuilder.php(1860): CodeIgniter\Database\BaseConnection->query('SELECT `a`.`id_...', Array, false)
#4 C:\xampp\htdocs\comple\app\Models\Alumno\InscripcionModel.php(25): CodeIgniter\Database\BaseBuilder->get()
#5 C:\xampp\htdocs\comple\app\Services\Alumno\InscripcionService.php(21): App\Models\Alumno\InscripcionModel->getActividadesPorCalificacion(Array)
#6 C:\xampp\htdocs\comple\app\Controllers\Alumno\InscripcionController.php(32): App\Services\Alumno\InscripcionService->getActividadesPorCalificacion(Array)
#7 C:\xampp\htdocs\comple\system\CodeIgniter.php(918): App\Controllers\Alumno\InscripcionController->index()
#8 C:\xampp\htdocs\comple\system\CodeIgniter.php(404): CodeIgniter\CodeIgniter->runController(Object(App\Controllers\Alumno\InscripcionController))
#9 C:\xampp\htdocs\comple\system\CodeIgniter.php(312): CodeIgniter\CodeIgniter->handleRequest(NULL, Object(Config\Cache), false)
#10 C:\xampp\htdocs\comple\index.php(45): CodeIgniter\CodeIgniter->run()
#11 {main}
CRITICAL - 2021-01-12 14:24:16 --> You have an error in your SQL syntax; check the manual that corresponds to your MySQL server version for the right syntax to use near ')
AND `valor_numerico` >0
ORDER BY `p`.`fecha_inicio` ASC, `ta`.`nombre_activida' at line 8
#0 C:\xampp\htdocs\comple\system\Database\MySQLi\Connection.php(331): mysqli->query('SELECT `a`.`per...')
#1 C:\xampp\htdocs\comple\system\Database\BaseConnection.php(741): CodeIgniter\Database\MySQLi\Connection->execute('SELECT `a`.`per...')
#2 C:\xampp\htdocs\comple\system\Database\BaseConnection.php(669): CodeIgniter\Database\BaseConnection->simpleQuery('SELECT `a`.`per...')
#3 C:\xampp\htdocs\comple\system\Database\BaseBuilder.php(1860): CodeIgniter\Database\BaseConnection->query('SELECT `a`.`per...', Array, false)
#4 C:\xampp\htdocs\comple\app\Models\Alumno\InscripcionModel.php(29): CodeIgniter\Database\BaseBuilder->get()
#5 C:\xampp\htdocs\comple\app\Services\Alumno\InscripcionService.php(21): App\Models\Alumno\InscripcionModel->getActividadesPorCalificacion(Array)
#6 C:\xampp\htdocs\comple\app\Controllers\Alumno\InscripcionController.php(32): App\Services\Alumno\InscripcionService->getActividadesPorCalificacion(Array)
#7 C:\xampp\htdocs\comple\system\CodeIgniter.php(918): App\Controllers\Alumno\InscripcionController->index()
#8 C:\xampp\htdocs\comple\system\CodeIgniter.php(404): CodeIgniter\CodeIgniter->runController(Object(App\Controllers\Alumno\InscripcionController))
#9 C:\xampp\htdocs\comple\system\CodeIgniter.php(312): CodeIgniter\CodeIgniter->handleRequest(NULL, Object(Config\Cache), false)
#10 C:\xampp\htdocs\comple\index.php(45): CodeIgniter\CodeIgniter->run()
#11 {main}
CRITICAL - 2021-01-12 14:27:48 --> You have an error in your SQL syntax; check the manual that corresponds to your MySQL server version for the right syntax to use near ')
AND `valor_numerico` >0
ORDER BY `p`.`fecha_inicio` ASC, `ta`.`nombre_activida' at line 8
#0 C:\xampp\htdocs\comple\system\Database\MySQLi\Connection.php(331): mysqli->query('SELECT `a`.`per...')
#1 C:\xampp\htdocs\comple\system\Database\BaseConnection.php(741): CodeIgniter\Database\MySQLi\Connection->execute('SELECT `a`.`per...')
#2 C:\xampp\htdocs\comple\system\Database\BaseConnection.php(669): CodeIgniter\Database\BaseConnection->simpleQuery('SELECT `a`.`per...')
#3 C:\xampp\htdocs\comple\system\Database\BaseBuilder.php(1860): CodeIgniter\Database\BaseConnection->query('SELECT `a`.`per...', Array, false)
#4 C:\xampp\htdocs\comple\app\Models\Alumno\InscripcionModel.php(29): CodeIgniter\Database\BaseBuilder->get()
#5 C:\xampp\htdocs\comple\app\Services\Alumno\InscripcionService.php(21): App\Models\Alumno\InscripcionModel->getActividadesPorCalificacion(Array)
#6 C:\xampp\htdocs\comple\app\Controllers\Alumno\InscripcionController.php(32): App\Services\Alumno\InscripcionService->getActividadesPorCalificacion(Array)
#7 C:\xampp\htdocs\comple\system\CodeIgniter.php(918): App\Controllers\Alumno\InscripcionController->index()
#8 C:\xampp\htdocs\comple\system\CodeIgniter.php(404): CodeIgniter\CodeIgniter->runController(Object(App\Controllers\Alumno\InscripcionController))
#9 C:\xampp\htdocs\comple\system\CodeIgniter.php(312): CodeIgniter\CodeIgniter->handleRequest(NULL, Object(Config\Cache), false)
#10 C:\xampp\htdocs\comple\index.php(45): CodeIgniter\CodeIgniter->run()
#11 {main}
CRITICAL - 2021-01-12 14:39:50 --> You have an error in your SQL syntax; check the manual that corresponds to your MySQL server version for the right syntax to use near ')
AND `evaluacion_desempenio`.`valor_numerico` >= 1' at line 4
#0 C:\xampp\htdocs\comple\system\Database\MySQLi\Connection.php(331): mysqli->query('SELECT `inscrip...')
#1 C:\xampp\htdocs\comple\system\Database\BaseConnection.php(741): CodeIgniter\Database\MySQLi\Connection->execute('SELECT `inscrip...')
#2 C:\xampp\htdocs\comple\system\Database\BaseConnection.php(669): CodeIgniter\Database\BaseConnection->simpleQuery('SELECT `inscrip...')
#3 C:\xampp\htdocs\comple\system\Database\BaseBuilder.php(1860): CodeIgniter\Database\BaseConnection->query('SELECT `inscrip...', Array, false)
#4 C:\xampp\htdocs\comple\app\Models\Alumno\InscripcionModel.php(26): CodeIgniter\Database\BaseBuilder->get()
#5 C:\xampp\htdocs\comple\app\Services\Alumno\InscripcionService.php(21): App\Models\Alumno\InscripcionModel->getActividadesPorCalificacion(Array)
#6 C:\xampp\htdocs\comple\app\Controllers\Alumno\InscripcionController.php(32): App\Services\Alumno\InscripcionService->getActividadesPorCalificacion(Array)
#7 C:\xampp\htdocs\comple\system\CodeIgniter.php(918): App\Controllers\Alumno\InscripcionController->index()
#8 C:\xampp\htdocs\comple\system\CodeIgniter.php(404): CodeIgniter\CodeIgniter->runController(Object(App\Controllers\Alumno\InscripcionController))
#9 C:\xampp\htdocs\comple\system\CodeIgniter.php(312): CodeIgniter\CodeIgniter->handleRequest(NULL, Object(Config\Cache), false)
#10 C:\xampp\htdocs\comple\index.php(45): CodeIgniter\CodeIgniter->run()
#11 {main}
CRITICAL - 2021-01-12 14:39:58 --> You have an error in your SQL syntax; check the manual that corresponds to your MySQL server version for the right syntax to use near ')
AND `evaluacion_desempenio`.`valor_numerico` >= 1' at line 4
#0 C:\xampp\htdocs\comple\system\Database\MySQLi\Connection.php(331): mysqli->query('SELECT `inscrip...')
#1 C:\xampp\htdocs\comple\system\Database\BaseConnection.php(741): CodeIgniter\Database\MySQLi\Connection->execute('SELECT `inscrip...')
#2 C:\xampp\htdocs\comple\system\Database\BaseConnection.php(669): CodeIgniter\Database\BaseConnection->simpleQuery('SELECT `inscrip...')
#3 C:\xampp\htdocs\comple\system\Database\BaseBuilder.php(1860): CodeIgniter\Database\BaseConnection->query('SELECT `inscrip...', Array, false)
#4 C:\xampp\htdocs\comple\app\Models\Alumno\InscripcionModel.php(26): CodeIgniter\Database\BaseBuilder->get()
#5 C:\xampp\htdocs\comple\app\Services\Alumno\InscripcionService.php(21): App\Models\Alumno\InscripcionModel->getActividadesPorCalificacion(Array)
#6 C:\xampp\htdocs\comple\app\Controllers\Alumno\InscripcionController.php(32): App\Services\Alumno\InscripcionService->getActividadesPorCalificacion(Array)
#7 C:\xampp\htdocs\comple\system\CodeIgniter.php(918): App\Controllers\Alumno\InscripcionController->index()
#8 C:\xampp\htdocs\comple\system\CodeIgniter.php(404): CodeIgniter\CodeIgniter->runController(Object(App\Controllers\Alumno\InscripcionController))
#9 C:\xampp\htdocs\comple\system\CodeIgniter.php(312): CodeIgniter\CodeIgniter->handleRequest(NULL, Object(Config\Cache), false)
#10 C:\xampp\htdocs\comple\index.php(45): CodeIgniter\CodeIgniter->run()
#11 {main}
CRITICAL - 2021-01-12 14:40:24 --> You have an error in your SQL syntax; check the manual that corresponds to your MySQL server version for the right syntax to use near ')
AND `evaluacion_desempenio`.`valor_numerico` >= 1' at line 4
#0 C:\xampp\htdocs\comple\system\Database\MySQLi\Connection.php(331): mysqli->query('SELECT `inscrip...')
#1 C:\xampp\htdocs\comple\system\Database\BaseConnection.php(741): CodeIgniter\Database\MySQLi\Connection->execute('SELECT `inscrip...')
#2 C:\xampp\htdocs\comple\system\Database\BaseConnection.php(669): CodeIgniter\Database\BaseConnection->simpleQuery('SELECT `inscrip...')
#3 C:\xampp\htdocs\comple\system\Database\BaseBuilder.php(1860): CodeIgniter\Database\BaseConnection->query('SELECT `inscrip...', Array, false)
#4 C:\xampp\htdocs\comple\app\Models\Alumno\InscripcionModel.php(26): CodeIgniter\Database\BaseBuilder->get()
#5 C:\xampp\htdocs\comple\app\Services\Alumno\InscripcionService.php(21): App\Models\Alumno\InscripcionModel->getActividadesPorCalificacion(Array)
#6 C:\xampp\htdocs\comple\app\Controllers\Alumno\InscripcionController.php(32): App\Services\Alumno\InscripcionService->getActividadesPorCalificacion(Array)
#7 C:\xampp\htdocs\comple\system\CodeIgniter.php(918): App\Controllers\Alumno\InscripcionController->index()
#8 C:\xampp\htdocs\comple\system\CodeIgniter.php(404): CodeIgniter\CodeIgniter->runController(Object(App\Controllers\Alumno\InscripcionController))
#9 C:\xampp\htdocs\comple\system\CodeIgniter.php(312): CodeIgniter\CodeIgniter->handleRequest(NULL, Object(Config\Cache), false)
#10 C:\xampp\htdocs\comple\index.php(45): CodeIgniter\CodeIgniter->run()
#11 {main}
CRITICAL - 2021-01-12 14:42:03 --> You have an error in your SQL syntax; check the manual that corresponds to your MySQL server version for the right syntax to use near ')
AND `evaluacion_desempenio`.`valor_numerico` >= 1' at line 4
#0 C:\xampp\htdocs\comple\system\Database\MySQLi\Connection.php(331): mysqli->query('SELECT `inscrip...')
#1 C:\xampp\htdocs\comple\system\Database\BaseConnection.php(741): CodeIgniter\Database\MySQLi\Connection->execute('SELECT `inscrip...')
#2 C:\xampp\htdocs\comple\system\Database\BaseConnection.php(669): CodeIgniter\Database\BaseConnection->simpleQuery('SELECT `inscrip...')
#3 C:\xampp\htdocs\comple\system\Database\BaseBuilder.php(1860): CodeIgniter\Database\BaseConnection->query('SELECT `inscrip...', Array, false)
#4 C:\xampp\htdocs\comple\app\Models\Alumno\InscripcionModel.php(26): CodeIgniter\Database\BaseBuilder->get()
#5 C:\xampp\htdocs\comple\app\Services\Alumno\InscripcionService.php(21): App\Models\Alumno\InscripcionModel->getActividadesPorCalificacion(Array)
#6 C:\xampp\htdocs\comple\app\Controllers\Alumno\InscripcionController.php(32): App\Services\Alumno\InscripcionService->getActividadesPorCalificacion(Array)
#7 C:\xampp\htdocs\comple\system\CodeIgniter.php(918): App\Controllers\Alumno\InscripcionController->index()
#8 C:\xampp\htdocs\comple\system\CodeIgniter.php(404): CodeIgniter\CodeIgniter->runController(Object(App\Controllers\Alumno\InscripcionController))
#9 C:\xampp\htdocs\comple\system\CodeIgniter.php(312): CodeIgniter\CodeIgniter->handleRequest(NULL, Object(Config\Cache), false)
#10 C:\xampp\htdocs\comple\index.php(45): CodeIgniter\CodeIgniter->run()
#11 {main}
CRITICAL - 2021-01-12 14:42:40 --> Array to string conversion
#0 C:\xampp\htdocs\comple\app\Models\Alumno\InscripcionModel.php(24): CodeIgniter\Debug\Exceptions->errorHandler(8, 'Array to string...', 'C:\\xampp\\htdocs...', 24, Array)
#1 C:\xampp\htdocs\comple\app\Services\Alumno\InscripcionService.php(21): App\Models\Alumno\InscripcionModel->getActividadesPorCalificacion(Array)
#2 C:\xampp\htdocs\comple\app\Controllers\Alumno\InscripcionController.php(32): App\Services\Alumno\InscripcionService->getActividadesPorCalificacion(Array)
#3 C:\xampp\htdocs\comple\system\CodeIgniter.php(918): App\Controllers\Alumno\InscripcionController->index()
#4 C:\xampp\htdocs\comple\system\CodeIgniter.php(404): CodeIgniter\CodeIgniter->runController(Object(App\Controllers\Alumno\InscripcionController))
#5 C:\xampp\htdocs\comple\system\CodeIgniter.php(312): CodeIgniter\CodeIgniter->handleRequest(NULL, Object(Config\Cache), false)
#6 C:\xampp\htdocs\comple\index.php(45): CodeIgniter\CodeIgniter->run()
#7 {main}
CRITICAL - 2021-01-12 14:43:43 --> Array to string conversion
#0 C:\xampp\htdocs\comple\app\Models\Alumno\InscripcionModel.php(24): CodeIgniter\Debug\Exceptions->errorHandler(8, 'Array to string...', 'C:\\xampp\\htdocs...', 24, Array)
#1 C:\xampp\htdocs\comple\app\Services\Alumno\InscripcionService.php(21): App\Models\Alumno\InscripcionModel->getActividadesPorCalificacion(Array)
#2 C:\xampp\htdocs\comple\app\Controllers\Alumno\InscripcionController.php(33): App\Services\Alumno\InscripcionService->getActividadesPorCalificacion(Array)
#3 C:\xampp\htdocs\comple\system\CodeIgniter.php(918): App\Controllers\Alumno\InscripcionController->index()
#4 C:\xampp\htdocs\comple\system\CodeIgniter.php(404): CodeIgniter\CodeIgniter->runController(Object(App\Controllers\Alumno\InscripcionController))
#5 C:\xampp\htdocs\comple\system\CodeIgniter.php(312): CodeIgniter\CodeIgniter->handleRequest(NULL, Object(Config\Cache), false)
#6 C:\xampp\htdocs\comple\index.php(45): CodeIgniter\CodeIgniter->run()
#7 {main}
CRITICAL - 2021-01-12 14:50:37 --> syntax error, unexpected 'if' (T_IF), expecting ':'
#0 C:\xampp\htdocs\comple\system\Common.php(1119): CodeIgniter\View\View->render('Alumno/Inscripc...', Array, true)
#1 C:\xampp\htdocs\comple\app\Controllers\Alumno\InscripcionController.php(45): view('Alumno/Inscripc...', Array)
#2 C:\xampp\htdocs\comple\system\CodeIgniter.php(918): App\Controllers\Alumno\InscripcionController->index()
#3 C:\xampp\htdocs\comple\system\CodeIgniter.php(404): CodeIgniter\CodeIgniter->runController(Object(App\Controllers\Alumno\InscripcionController))
#4 C:\xampp\htdocs\comple\system\CodeIgniter.php(312): CodeIgniter\CodeIgniter->handleRequest(NULL, Object(Config\Cache), false)
#5 C:\xampp\htdocs\comple\index.php(45): CodeIgniter\CodeIgniter->run()
#6 {main}
CRITICAL - 2021-01-12 14:59:10 --> Array to string conversion
#0 C:\xampp\htdocs\comple\app\Controllers\Alumno\InscripcionController.php(36): CodeIgniter\Debug\Exceptions->errorHandler(8, 'Array to string...', 'C:\\xampp\\htdocs...', 36, Array)
#1 C:\xampp\htdocs\comple\system\CodeIgniter.php(918): App\Controllers\Alumno\InscripcionController->index()
#2 C:\xampp\htdocs\comple\system\CodeIgniter.php(404): CodeIgniter\CodeIgniter->runController(Object(App\Controllers\Alumno\InscripcionController))
#3 C:\xampp\htdocs\comple\system\CodeIgniter.php(312): CodeIgniter\CodeIgniter->handleRequest(NULL, Object(Config\Cache), false)
#4 C:\xampp\htdocs\comple\index.php(45): CodeIgniter\CodeIgniter->run()
#5 {main}
CRITICAL - 2021-01-12 14:59:48 --> Object of class stdClass could not be converted to string
#0 C:\xampp\htdocs\comple\system\CodeIgniter.php(918): App\Controllers\Alumno\InscripcionController->index()
#1 C:\xampp\htdocs\comple\system\CodeIgniter.php(404): CodeIgniter\CodeIgniter->runController(Object(App\Controllers\Alumno\InscripcionController))
#2 C:\xampp\htdocs\comple\system\CodeIgniter.php(312): CodeIgniter\CodeIgniter->handleRequest(NULL, Object(Config\Cache), false)
#3 C:\xampp\htdocs\comple\index.php(45): CodeIgniter\CodeIgniter->run()
#4 {main}
CRITICAL - 2021-01-12 15:00:48 --> Object of class stdClass could not be converted to int
#0 C:\xampp\htdocs\comple\app\Views\Alumno\Inscripciones\listar.php(76): CodeIgniter\Debug\Exceptions->errorHandler(8, 'Object of class...', 'C:\\xampp\\htdocs...', 76, Array)
#1 C:\xampp\htdocs\comple\system\View\View.php(246): include('C:\\xampp\\htdocs...')
#2 C:\xampp\htdocs\comple\system\Common.php(1119): CodeIgniter\View\View->render('Alumno/Inscripc...', Array, true)
#3 C:\xampp\htdocs\comple\app\Controllers\Alumno\InscripcionController.php(47): view('Alumno/Inscripc...', Array)
#4 C:\xampp\htdocs\comple\system\CodeIgniter.php(918): App\Controllers\Alumno\InscripcionController->index()
#5 C:\xampp\htdocs\comple\system\CodeIgniter.php(404): CodeIgniter\CodeIgniter->runController(Object(App\Controllers\Alumno\InscripcionController))
#6 C:\xampp\htdocs\comple\system\CodeIgniter.php(312): CodeIgniter\CodeIgniter->handleRequest(NULL, Object(Config\Cache), false)
#7 C:\xampp\htdocs\comple\index.php(45): CodeIgniter\CodeIgniter->run()
#8 {main}
CRITICAL - 2021-01-12 15:01:39 --> Object of class stdClass could not be converted to int
#0 C:\xampp\htdocs\comple\app\Views\Alumno\Inscripciones\listar.php(76): CodeIgniter\Debug\Exceptions->errorHandler(8, 'Object of class...', 'C:\\xampp\\htdocs...', 76, Array)
#1 C:\xampp\htdocs\comple\system\View\View.php(246): include('C:\\xampp\\htdocs...')
#2 C:\xampp\htdocs\comple\system\Common.php(1119): CodeIgniter\View\View->render('Alumno/Inscripc...', Array, true)
#3 C:\xampp\htdocs\comple\app\Controllers\Alumno\InscripcionController.php(47): view('Alumno/Inscripc...', Array)
#4 C:\xampp\htdocs\comple\system\CodeIgniter.php(918): App\Controllers\Alumno\InscripcionController->index()
#5 C:\xampp\htdocs\comple\system\CodeIgniter.php(404): CodeIgniter\CodeIgniter->runController(Object(App\Controllers\Alumno\InscripcionController))
#6 C:\xampp\htdocs\comple\system\CodeIgniter.php(312): CodeIgniter\CodeIgniter->handleRequest(NULL, Object(Config\Cache), false)
#7 C:\xampp\htdocs\comple\index.php(45): CodeIgniter\CodeIgniter->run()
#8 {main}
CRITICAL - 2021-01-12 17:46:50 --> Undefined property: App\Services\Alumno\HistorialService::$inscripcionModel
#0 C:\xampp\htdocs\comple\app\Services\Alumno\HistorialService.php(25): CodeIgniter\Debug\Exceptions->errorHandler(8, 'Undefined prope...', 'C:\\xampp\\htdocs...', 25, Array)
#1 C:\xampp\htdocs\comple\app\Controllers\Alumno\InicioController.php(28): App\Services\Alumno\HistorialService->getActividadesCalificacion('161160176 ')
#2 C:\xampp\htdocs\comple\system\CodeIgniter.php(918): App\Controllers\Alumno\InicioController->index()
#3 C:\xampp\htdocs\comple\system\CodeIgniter.php(404): CodeIgniter\CodeIgniter->runController(Object(App\Controllers\Alumno\InicioController))
#4 C:\xampp\htdocs\comple\system\CodeIgniter.php(312): CodeIgniter\CodeIgniter->handleRequest(NULL, Object(Config\Cache), false)
#5 C:\xampp\htdocs\comple\index.php(45): CodeIgniter\CodeIgniter->run()
#6 {main}
CRITICAL - 2021-01-12 17:47:22 --> syntax error, unexpected end of file
#0 C:\xampp\htdocs\comple\system\Common.php(1119): CodeIgniter\View\View->render('Alumno/Inicio/A...', Array, true)
#1 C:\xampp\htdocs\comple\app\Controllers\Alumno\InicioController.php(39): view('Alumno/Inicio/A...', Array)
#2 C:\xampp\htdocs\comple\system\CodeIgniter.php(918): App\Controllers\Alumno\InicioController->index()
#3 C:\xampp\htdocs\comple\system\CodeIgniter.php(404): CodeIgniter\CodeIgniter->runController(Object(App\Controllers\Alumno\InicioController))
#4 C:\xampp\htdocs\comple\system\CodeIgniter.php(312): CodeIgniter\CodeIgniter->handleRequest(NULL, Object(Config\Cache), false)
#5 C:\xampp\htdocs\comple\index.php(45): CodeIgniter\CodeIgniter->run()
#6 {main}
CRITICAL - 2021-01-12 17:47:57 --> syntax error, unexpected end of file
#0 C:\xampp\htdocs\comple\system\Common.php(1119): CodeIgniter\View\View->render('Alumno/Inicio/A...', Array, true)
#1 C:\xampp\htdocs\comple\app\Controllers\Alumno\InicioController.php(39): view('Alumno/Inicio/A...', Array)
#2 C:\xampp\htdocs\comple\system\CodeIgniter.php(918): App\Controllers\Alumno\InicioController->index()
#3 C:\xampp\htdocs\comple\system\CodeIgniter.php(404): CodeIgniter\CodeIgniter->runController(Object(App\Controllers\Alumno\InicioController))
#4 C:\xampp\htdocs\comple\system\CodeIgniter.php(312): CodeIgniter\CodeIgniter->handleRequest(NULL, Object(Config\Cache), false)
#5 C:\xampp\htdocs\comple\index.php(45): CodeIgniter\CodeIgniter->run()
#6 {main}
CRITICAL - 2021-01-12 17:49:07 --> syntax error, unexpected end of file
#0 C:\xampp\htdocs\comple\system\Common.php(1119): CodeIgniter\View\View->render('Alumno/Inicio/A...', Array, true)
#1 C:\xampp\htdocs\comple\app\Controllers\Alumno\InicioController.php(39): view('Alumno/Inicio/A...', Array)
#2 C:\xampp\htdocs\comple\system\CodeIgniter.php(918): App\Controllers\Alumno\InicioController->index()
#3 C:\xampp\htdocs\comple\system\CodeIgniter.php(404): CodeIgniter\CodeIgniter->runController(Object(App\Controllers\Alumno\InicioController))
#4 C:\xampp\htdocs\comple\system\CodeIgniter.php(312): CodeIgniter\CodeIgniter->handleRequest(NULL, Object(Config\Cache), false)
#5 C:\xampp\htdocs\comple\index.php(45): CodeIgniter\CodeIgniter->run()
#6 {main}
CRITICAL - 2021-01-12 18:11:55 --> Unable to connect to the database.
#0 C:\xampp\htdocs\comple\system\Database\BaseConnection.php(646): CodeIgniter\Database\BaseConnection->initialize()
#1 C:\xampp\htdocs\comple\system\Database\BaseBuilder.php(1860): CodeIgniter\Database\BaseConnection->query('SELECT `a`.`per...', Array, false)
#2 C:\xampp\htdocs\comple\app\Models\Alumno\HistorialModel.php(29): CodeIgniter\Database\BaseBuilder->get()
#3 C:\xampp\htdocs\comple\app\Services\Alumno\HistorialService.php(30): App\Models\Alumno\HistorialModel->getActividadesPorCalificacion('161160176 ')
#4 C:\xampp\htdocs\comple\app\Controllers\Alumno\InicioController.php(27): App\Services\Alumno\HistorialService->getActividades_no_calificadas('161160176 ')
#5 C:\xampp\htdocs\comple\system\CodeIgniter.php(918): App\Controllers\Alumno\InicioController->index()
#6 C:\xampp\htdocs\comple\system\CodeIgniter.php(404): CodeIgniter\CodeIgniter->runController(Object(App\Controllers\Alumno\InicioController))
#7 C:\xampp\htdocs\comple\system\CodeIgniter.php(312): CodeIgniter\CodeIgniter->handleRequest(NULL, Object(Config\Cache), false)
#8 C:\xampp\htdocs\comple\index.php(45): CodeIgniter\CodeIgniter->run()
#9 {main}
CRITICAL - 2021-01-12 18:12:28 --> Unable to connect to the database.
#0 C:\xampp\htdocs\comple\system\Database\BaseConnection.php(646): CodeIgniter\Database\BaseConnection->initialize()
#1 C:\xampp\htdocs\comple\system\Database\BaseBuilder.php(1860): CodeIgniter\Database\BaseConnection->query('SELECT `a`.`per...', Array, false)
#2 C:\xampp\htdocs\comple\app\Models\Alumno\HistorialModel.php(29): CodeIgniter\Database\BaseBuilder->get()
#3 C:\xampp\htdocs\comple\app\Services\Alumno\HistorialService.php(30): App\Models\Alumno\HistorialModel->getActividadesPorCalificacion('161160176 ')
#4 C:\xampp\htdocs\comple\app\Controllers\Alumno\InicioController.php(27): App\Services\Alumno\HistorialService->getActividades_no_calificadas('161160176 ')
#5 C:\xampp\htdocs\comple\system\CodeIgniter.php(918): App\Controllers\Alumno\InicioController->index()
#6 C:\xampp\htdocs\comple\system\CodeIgniter.php(404): CodeIgniter\CodeIgniter->runController(Object(App\Controllers\Alumno\InicioController))
#7 C:\xampp\htdocs\comple\system\CodeIgniter.php(312): CodeIgniter\CodeIgniter->handleRequest(NULL, Object(Config\Cache), false)
#8 C:\xampp\htdocs\comple\index.php(45): CodeIgniter\CodeIgniter->run()
#9 {main}
CRITICAL - 2021-01-12 18:12:52 --> Unable to connect to the database.
#0 C:\xampp\htdocs\comple\system\Database\BaseConnection.php(646): CodeIgniter\Database\BaseConnection->initialize()
#1 C:\xampp\htdocs\comple\system\Database\BaseBuilder.php(1860): CodeIgniter\Database\BaseConnection->query('SELECT `a`.`per...', Array, false)
#2 C:\xampp\htdocs\comple\app\Models\Alumno\HistorialModel.php(29): CodeIgniter\Database\BaseBuilder->get()
#3 C:\xampp\htdocs\comple\app\Services\Alumno\HistorialService.php(30): App\Models\Alumno\HistorialModel->getActividadesPorCalificacion('161160176 ')
#4 C:\xampp\htdocs\comple\app\Controllers\Alumno\InicioController.php(27): App\Services\Alumno\HistorialService->getActividades_no_calificadas('161160176 ')
#5 C:\xampp\htdocs\comple\system\CodeIgniter.php(918): App\Controllers\Alumno\InicioController->index()
#6 C:\xampp\htdocs\comple\system\CodeIgniter.php(404): CodeIgniter\CodeIgniter->runController(Object(App\Controllers\Alumno\InicioController))
#7 C:\xampp\htdocs\comple\system\CodeIgniter.php(312): CodeIgniter\CodeIgniter->handleRequest(NULL, Object(Config\Cache), false)
#8 C:\xampp\htdocs\comple\index.php(45): CodeIgniter\CodeIgniter->run()
#9 {main}
CRITICAL - 2021-01-12 18:13:28 --> Unable to connect to the database.
#0 C:\xampp\htdocs\comple\system\Database\BaseConnection.php(646): CodeIgniter\Database\BaseConnection->initialize()
#1 C:\xampp\htdocs\comple\system\Database\BaseBuilder.php(1860): CodeIgniter\Database\BaseConnection->query('SELECT `a`.`per...', Array, false)
#2 C:\xampp\htdocs\comple\app\Models\Alumno\HistorialModel.php(29): CodeIgniter\Database\BaseBuilder->get()
#3 C:\xampp\htdocs\comple\app\Services\Alumno\HistorialService.php(30): App\Models\Alumno\HistorialModel->getActividadesPorCalificacion('161160176 ')
#4 C:\xampp\htdocs\comple\app\Controllers\Alumno\InicioController.php(27): App\Services\Alumno\HistorialService->getActividades_no_calificadas('161160176 ')
#5 C:\xampp\htdocs\comple\system\CodeIgniter.php(918): App\Controllers\Alumno\InicioController->index()
#6 C:\xampp\htdocs\comple\system\CodeIgniter.php(404): CodeIgniter\CodeIgniter->runController(Object(App\Controllers\Alumno\InicioController))
#7 C:\xampp\htdocs\comple\system\CodeIgniter.php(312): CodeIgniter\CodeIgniter->handleRequest(NULL, Object(Config\Cache), false)
#8 C:\xampp\htdocs\comple\index.php(45): CodeIgniter\CodeIgniter->run()
#9 {main}
CRITICAL - 2021-01-12 18:13:44 --> Unable to connect to the database.
#0 C:\xampp\htdocs\comple\system\Database\BaseConnection.php(646): CodeIgniter\Database\BaseConnection->initialize()
#1 C:\xampp\htdocs\comple\system\Database\BaseBuilder.php(1860): CodeIgniter\Database\BaseConnection->query('SELECT `a`.`per...', Array, false)
#2 C:\xampp\htdocs\comple\app\Models\Alumno\HistorialModel.php(29): CodeIgniter\Database\BaseBuilder->get()
#3 C:\xampp\htdocs\comple\app\Services\Alumno\HistorialService.php(30): App\Models\Alumno\HistorialModel->getActividadesPorCalificacion('161160176 ')
#4 C:\xampp\htdocs\comple\app\Controllers\Alumno\InicioController.php(27): App\Services\Alumno\HistorialService->getActividades_no_calificadas('161160176 ')
#5 C:\xampp\htdocs\comple\system\CodeIgniter.php(918): App\Controllers\Alumno\InicioController->index()
#6 C:\xampp\htdocs\comple\system\CodeIgniter.php(404): CodeIgniter\CodeIgniter->runController(Object(App\Controllers\Alumno\InicioController))
#7 C:\xampp\htdocs\comple\system\CodeIgniter.php(312): CodeIgniter\CodeIgniter->handleRequest(NULL, Object(Config\Cache), false)
#8 C:\xampp\htdocs\comple\index.php(45): CodeIgniter\CodeIgniter->run()
#9 {main}
CRITICAL - 2021-01-12 18:13:58 --> Unable to connect to the database.
#0 C:\xampp\htdocs\comple\system\Database\BaseConnection.php(646): CodeIgniter\Database\BaseConnection->initialize()
#1 C:\xampp\htdocs\comple\system\Database\BaseBuilder.php(1860): CodeIgniter\Database\BaseConnection->query('SELECT `a`.`per...', Array, false)
#2 C:\xampp\htdocs\comple\app\Models\Alumno\HistorialModel.php(29): CodeIgniter\Database\BaseBuilder->get()
#3 C:\xampp\htdocs\comple\app\Services\Alumno\HistorialService.php(30): App\Models\Alumno\HistorialModel->getActividadesPorCalificacion('161160176 ')
#4 C:\xampp\htdocs\comple\app\Controllers\Alumno\InicioController.php(27): App\Services\Alumno\HistorialService->getActividades_no_calificadas('161160176 ')
#5 C:\xampp\htdocs\comple\system\CodeIgniter.php(918): App\Controllers\Alumno\InicioController->index()
#6 C:\xampp\htdocs\comple\system\CodeIgniter.php(404): CodeIgniter\CodeIgniter->runController(Object(App\Controllers\Alumno\InicioController))
#7 C:\xampp\htdocs\comple\system\CodeIgniter.php(312): CodeIgniter\CodeIgniter->handleRequest(NULL, Object(Config\Cache), false)
#8 C:\xampp\htdocs\comple\index.php(45): CodeIgniter\CodeIgniter->run()
#9 {main}
CRITICAL - 2021-01-12 18:15:55 --> Maximum execution time of 120 seconds exceeded
#0 [internal function]: CodeIgniter\Debug\Exceptions->shutdownHandler()
#1 {main}
CRITICAL - 2021-01-12 18:16:31 --> Undefined variable: periodos
#0 C:\xampp\htdocs\comple\app\Views\Alumno\Inicio\Actividades.php(70): CodeIgniter\Debug\Exceptions->errorHandler(8, 'Undefined varia...', 'C:\\xampp\\htdocs...', 70, Array)
#1 C:\xampp\htdocs\comple\system\View\View.php(246): include('C:\\xampp\\htdocs...')
#2 C:\xampp\htdocs\comple\system\Common.php(1119): CodeIgniter\View\View->render('Alumno/Inicio/A...', Array, true)
#3 C:\xampp\htdocs\comple\app\Controllers\Alumno\InicioController.php(39): view('Alumno/Inicio/A...', Array)
#4 C:\xampp\htdocs\comple\system\CodeIgniter.php(918): App\Controllers\Alumno\InicioController->index()
#5 C:\xampp\htdocs\comple\system\CodeIgniter.php(404): CodeIgniter\CodeIgniter->runController(Object(App\Controllers\Alumno\InicioController))
#6 C:\xampp\htdocs\comple\system\CodeIgniter.php(312): CodeIgniter\CodeIgniter->handleRequest(NULL, Object(Config\Cache), false)
#7 C:\xampp\htdocs\comple\index.php(45): CodeIgniter\CodeIgniter->run()
#8 {main}
CRITICAL - 2021-01-12 19:19:02 --> Undefined property: App\Controllers\Alumno\InicioController::$actividadesService
#0 C:\xampp\htdocs\comple\app\Controllers\Alumno\InicioController.php(28): CodeIgniter\Debug\Exceptions->errorHandler(8, 'Undefined prope...', 'C:\\xampp\\htdocs...', 28, Array)
#1 C:\xampp\htdocs\comple\system\CodeIgniter.php(918): App\Controllers\Alumno\InicioController->index()
#2 C:\xampp\htdocs\comple\system\CodeIgniter.php(404): CodeIgniter\CodeIgniter->runController(Object(App\Controllers\Alumno\InicioController))
#3 C:\xampp\htdocs\comple\system\CodeIgniter.php(312): CodeIgniter\CodeIgniter->handleRequest(NULL, Object(Config\Cache), false)
#4 C:\xampp\htdocs\comple\index.php(45): CodeIgniter\CodeIgniter->run()
#5 {main}
CRITICAL - 2021-01-12 19:19:45 --> Undefined property: App\Controllers\Alumno\InicioController::$ActividadesService
#0 C:\xampp\htdocs\comple\app\Controllers\Alumno\InicioController.php(28): CodeIgniter\Debug\Exceptions->errorHandler(8, 'Undefined prope...', 'C:\\xampp\\htdocs...', 28, Array)
#1 C:\xampp\htdocs\comple\system\CodeIgniter.php(918): App\Controllers\Alumno\InicioController->index()
#2 C:\xampp\htdocs\comple\system\CodeIgniter.php(404): CodeIgniter\CodeIgniter->runController(Object(App\Controllers\Alumno\InicioController))
#3 C:\xampp\htdocs\comple\system\CodeIgniter.php(312): CodeIgniter\CodeIgniter->handleRequest(NULL, Object(Config\Cache), false)
#4 C:\xampp\htdocs\comple\index.php(45): CodeIgniter\CodeIgniter->run()
#5 {main}
CRITICAL - 2021-01-12 19:20:34 --> Undefined property: App\Controllers\Alumno\InicioController::$actividadesService
#0 C:\xampp\htdocs\comple\app\Controllers\Alumno\InicioController.php(28): CodeIgniter\Debug\Exceptions->errorHandler(8, 'Undefined prope...', 'C:\\xampp\\htdocs...', 28, Array)
#1 C:\xampp\htdocs\comple\system\CodeIgniter.php(918): App\Controllers\Alumno\InicioController->index()
#2 C:\xampp\htdocs\comple\system\CodeIgniter.php(404): CodeIgniter\CodeIgniter->runController(Object(App\Controllers\Alumno\InicioController))
#3 C:\xampp\htdocs\comple\system\CodeIgniter.php(312): CodeIgniter\CodeIgniter->handleRequest(NULL, Object(Config\Cache), false)
#4 C:\xampp\htdocs\comple\index.php(45): CodeIgniter\CodeIgniter->run()
#5 {main}
CRITICAL - 2021-01-12 23:02:00 --> Column 'periodo' in where clause is ambiguous
#0 C:\xampp\htdocs\comple\system\Database\MySQLi\Connection.php(331): mysqli->query('SELECT `i`.`id_...')
#1 C:\xampp\htdocs\comple\system\Database\BaseConnection.php(741): CodeIgniter\Database\MySQLi\Connection->execute('SELECT `i`.`id_...')
#2 C:\xampp\htdocs\comple\system\Database\BaseConnection.php(669): CodeIgniter\Database\BaseConnection->simpleQuery('SELECT `i`.`id_...')
#3 C:\xampp\htdocs\comple\system\Database\BaseBuilder.php(1860): CodeIgniter\Database\BaseConnection->query('SELECT `i`.`id_...', Array, false)
#4 C:\xampp\htdocs\comple\app\Models\Division\InscripcionModel.php(40): CodeIgniter\Database\BaseBuilder->get()
#5 C:\xampp\htdocs\comple\app\Services\Division\InscripcionService.php(32): App\Models\Division\InscripcionModel->getActividadPorIdareaPeriodo('20201')
#6 C:\xampp\htdocs\comple\app\Controllers\Division\InscripcionController.php(69): App\Services\Division\InscripcionService->getActividadPorIdareaPeriodo('20201')
#7 C:\xampp\htdocs\comple\system\CodeIgniter.php(918): App\Controllers\Division\InscripcionController->periodo()
#8 C:\xampp\htdocs\comple\system\CodeIgniter.php(404): CodeIgniter\CodeIgniter->runController(Object(App\Controllers\Division\InscripcionController))
#9 C:\xampp\htdocs\comple\system\CodeIgniter.php(312): CodeIgniter\CodeIgniter->handleRequest(NULL, Object(Config\Cache), false)
#10 C:\xampp\htdocs\comple\index.php(45): CodeIgniter\CodeIgniter->run()
#11 {main}
CRITICAL - 2021-01-12 23:28:57 --> Undefined variable: inscripciones
#0 C:\xampp\htdocs\comple\app\Views\Division\Inscripciones\listar.php(74): CodeIgniter\Debug\Exceptions->errorHandler(8, 'Undefined varia...', 'C:\\xampp\\htdocs...', 74, Array)
#1 C:\xampp\htdocs\comple\system\View\View.php(246): include('C:\\xampp\\htdocs...')
#2 C:\xampp\htdocs\comple\system\Common.php(1119): CodeIgniter\View\View->render('Division/Inscri...', Array, true)
#3 C:\xampp\htdocs\comple\app\Controllers\Division\InscripcionController.php(80): view('Division/Inscri...', Array)
#4 C:\xampp\htdocs\comple\system\CodeIgniter.php(918): App\Controllers\Division\InscripcionController->periodo()
#5 C:\xampp\htdocs\comple\system\CodeIgniter.php(404): CodeIgniter\CodeIgniter->runController(Object(App\Controllers\Division\InscripcionController))
#6 C:\xampp\htdocs\comple\system\CodeIgniter.php(312): CodeIgniter\CodeIgniter->handleRequest(NULL, Object(Config\Cache), false)
#7 C:\xampp\htdocs\comple\index.php(45): CodeIgniter\CodeIgniter->run()
#8 {main}
CRITICAL - 2021-01-12 23:29:12 --> Undefined variable: inscripciones
#0 C:\xampp\htdocs\comple\app\Views\Division\Inscripciones\listar.php(74): CodeIgniter\Debug\Exceptions->errorHandler(8, 'Undefined varia...', 'C:\\xampp\\htdocs...', 74, Array)
#1 C:\xampp\htdocs\comple\system\View\View.php(246): include('C:\\xampp\\htdocs...')
#2 C:\xampp\htdocs\comple\system\Common.php(1119): CodeIgniter\View\View->render('Division/Inscri...', Array, true)
#3 C:\xampp\htdocs\comple\app\Controllers\Division\InscripcionController.php(80): view('Division/Inscri...', Array)
#4 C:\xampp\htdocs\comple\system\CodeIgniter.php(918): App\Controllers\Division\InscripcionController->periodo()
#5 C:\xampp\htdocs\comple\system\CodeIgniter.php(404): CodeIgniter\CodeIgniter->runController(Object(App\Controllers\Division\InscripcionController))
#6 C:\xampp\htdocs\comple\system\CodeIgniter.php(312): CodeIgniter\CodeIgniter->handleRequest(NULL, Object(Config\Cache), false)
#7 C:\xampp\htdocs\comple\index.php(45): CodeIgniter\CodeIgniter->run()
#8 {main}
CRITICAL - 2021-01-12 23:29:17 --> Undefined variable: inscripciones
#0 C:\xampp\htdocs\comple\app\Views\Division\Inscripciones\listar.php(74): CodeIgniter\Debug\Exceptions->errorHandler(8, 'Undefined varia...', 'C:\\xampp\\htdocs...', 74, Array)
#1 C:\xampp\htdocs\comple\system\View\View.php(246): include('C:\\xampp\\htdocs...')
#2 C:\xampp\htdocs\comple\system\Common.php(1119): CodeIgniter\View\View->render('Division/Inscri...', Array, true)
#3 C:\xampp\htdocs\comple\app\Controllers\Division\InscripcionController.php(80): view('Division/Inscri...', Array)
#4 C:\xampp\htdocs\comple\system\CodeIgniter.php(918): App\Controllers\Division\InscripcionController->periodo()
#5 C:\xampp\htdocs\comple\system\CodeIgniter.php(404): CodeIgniter\CodeIgniter->runController(Object(App\Controllers\Division\InscripcionController))
#6 C:\xampp\htdocs\comple\system\CodeIgniter.php(312): CodeIgniter\CodeIgniter->handleRequest(NULL, Object(Config\Cache), false)
#7 C:\xampp\htdocs\comple\index.php(45): CodeIgniter\CodeIgniter->run()
#8 {main}
CRITICAL - 2021-01-12 23:31:00 --> MySQL server has gone away
#0 C:\xampp\htdocs\comple\system\Database\MySQLi\Connection.php(331): mysqli->query('SELECT `i`.`id_...')
#1 C:\xampp\htdocs\comple\system\Database\BaseConnection.php(741): CodeIgniter\Database\MySQLi\Connection->execute('SELECT `i`.`id_...')
#2 C:\xampp\htdocs\comple\system\Database\BaseConnection.php(669): CodeIgniter\Database\BaseConnection->simpleQuery('SELECT `i`.`id_...')
#3 C:\xampp\htdocs\comple\system\Database\BaseBuilder.php(1860): CodeIgniter\Database\BaseConnection->query('SELECT `i`.`id_...', Array, false)
#4 C:\xampp\htdocs\comple\app\Models\Division\InscripcionModel.php(26): CodeIgniter\Database\BaseBuilder->get()
#5 C:\xampp\htdocs\comple\app\Services\Division\InscripcionService.php(22): App\Models\Division\InscripcionModel->getInscripciones()
#6 C:\xampp\htdocs\comple\app\Controllers\Division\InscripcionController.php(67): App\Services\Division\InscripcionService->getInscripciones()
#7 C:\xampp\htdocs\comple\system\CodeIgniter.php(918): App\Controllers\Division\InscripcionController->periodo()
#8 C:\xampp\htdocs\comple\system\CodeIgniter.php(404): CodeIgniter\CodeIgniter->runController(Object(App\Controllers\Division\InscripcionController))
#9 C:\xampp\htdocs\comple\system\CodeIgniter.php(312): CodeIgniter\CodeIgniter->handleRequest(NULL, Object(Config\Cache), false)
#10 C:\xampp\htdocs\comple\index.php(45): CodeIgniter\CodeIgniter->run()
#11 {main}
CRITICAL - 2021-01-12 23:31:51 --> Undefined variable: periodos
#0 C:\xampp\htdocs\comple\app\Views\Division\Inscripciones\agregar.php(28): CodeIgniter\Debug\Exceptions->errorHandler(8, 'Undefined varia...', 'C:\\xampp\\htdocs...', 28, Array)
#1 C:\xampp\htdocs\comple\system\View\View.php(246): include('C:\\xampp\\htdocs...')
#2 C:\xampp\htdocs\comple\system\Common.php(1119): CodeIgniter\View\View->render('Division/Inscri...', Array, true)
#3 C:\xampp\htdocs\comple\app\Views\Division\Inscripciones\listar.php(129): view('Division/Inscri...')
#4 C:\xampp\htdocs\comple\system\View\View.php(246): include('C:\\xampp\\htdocs...')
#5 C:\xampp\htdocs\comple\system\Common.php(1119): CodeIgniter\View\View->render('Division/Inscri...', Array, true)
#6 C:\xampp\htdocs\comple\app\Controllers\Division\InscripcionController.php(81): view('Division/Inscri...', Array)
#7 C:\xampp\htdocs\comple\system\CodeIgniter.php(918): App\Controllers\Division\InscripcionController->periodo()
#8 C:\xampp\htdocs\comple\system\CodeIgniter.php(404): CodeIgniter\CodeIgniter->runController(Object(App\Controllers\Division\InscripcionController))
#9 C:\xampp\htdocs\comple\system\CodeIgniter.php(312): CodeIgniter\CodeIgniter->handleRequest(NULL, Object(Config\Cache), false)
#10 C:\xampp\htdocs\comple\index.php(45): CodeIgniter\CodeIgniter->run()
#11 {main}
CRITICAL - 2021-01-12 23:33:19 --> Undefined variable: periodo
#0 C:\xampp\htdocs\comple\app\Views\Division\Inscripciones\listar.php(29): CodeIgniter\Debug\Exceptions->errorHandler(8, 'Undefined varia...', 'C:\\xampp\\htdocs...', 29, Array)
#1 C:\xampp\htdocs\comple\system\View\View.php(246): include('C:\\xampp\\htdocs...')
#2 C:\xampp\htdocs\comple\system\Common.php(1119): CodeIgniter\View\View->render('Division/Inscri...', Array, true)
#3 C:\xampp\htdocs\comple\app\Controllers\Division\InscripcionController.php(81): view('Division/Inscri...', Array)
#4 C:\xampp\htdocs\comple\system\CodeIgniter.php(918): App\Controllers\Division\InscripcionController->periodo()
#5 C:\xampp\htdocs\comple\system\CodeIgniter.php(404): CodeIgniter\CodeIgniter->runController(Object(App\Controllers\Division\InscripcionController))
#6 C:\xampp\htdocs\comple\system\CodeIgniter.php(312): CodeIgniter\CodeIgniter->handleRequest(NULL, Object(Config\Cache), false)
#7 C:\xampp\htdocs\comple\index.php(45): CodeIgniter\CodeIgniter->run()
#8 {main}
CRITICAL - 2021-01-12 23:43:33 --> Undefined variable: actividades
#0 C:\xampp\htdocs\comple\app\Views\Division\Inscripciones\listar.php(45): CodeIgniter\Debug\Exceptions->errorHandler(8, 'Undefined varia...', 'C:\\xampp\\htdocs...', 45, Array)
#1 C:\xampp\htdocs\comple\system\View\View.php(246): include('C:\\xampp\\htdocs...')
#2 C:\xampp\htdocs\comple\system\Common.php(1119): CodeIgniter\View\View->render('Division/Inscri...', Array, true)
#3 C:\xampp\htdocs\comple\app\Controllers\Division\InscripcionController.php(81): view('Division/Inscri...', Array)
#4 C:\xampp\htdocs\comple\system\CodeIgniter.php(918): App\Controllers\Division\InscripcionController->periodo()
#5 C:\xampp\htdocs\comple\system\CodeIgniter.php(404): CodeIgniter\CodeIgniter->runController(Object(App\Controllers\Division\InscripcionController))
#6 C:\xampp\htdocs\comple\system\CodeIgniter.php(312): CodeIgniter\CodeIgniter->handleRequest(NULL, Object(Config\Cache), false)
#7 C:\xampp\htdocs\comple\index.php(45): CodeIgniter\CodeIgniter->run()
#8 {main}
CRITICAL - 2021-01-12 23:44:46 --> Undefined property: stdClass::$nombre
#0 C:\xampp\htdocs\comple\app\Views\Division\Inscripciones\listar.php(78): CodeIgniter\Debug\Exceptions->errorHandler(8, 'Undefined prope...', 'C:\\xampp\\htdocs...', 78, Array)
#1 C:\xampp\htdocs\comple\system\View\View.php(246): include('C:\\xampp\\htdocs...')
#2 C:\xampp\htdocs\comple\system\Common.php(1119): CodeIgniter\View\View->render('Division/Inscri...', Array, true)
#3 C:\xampp\htdocs\comple\app\Controllers\Division\InscripcionController.php(83): view('Division/Inscri...', Array)
#4 C:\xampp\htdocs\comple\system\CodeIgniter.php(918): App\Controllers\Division\InscripcionController->periodo()
#5 C:\xampp\htdocs\comple\system\CodeIgniter.php(404): CodeIgniter\CodeIgniter->runController(Object(App\Controllers\Division\InscripcionController))
#6 C:\xampp\htdocs\comple\system\CodeIgniter.php(312): CodeIgniter\CodeIgniter->handleRequest(NULL, Object(Config\Cache), false)
#7 C:\xampp\htdocs\comple\index.php(45): CodeIgniter\CodeIgniter->run()
#8 {main}
