CRITICAL - 2021-04-28 00:00:59 --> Undefined property: stdClass::$rfc_jefe_nofk
#0 C:\xampp\htdocs\comple\app\Views\Division\Actividades\editar.php(93): CodeIgniter\Debug\Exceptions->errorHandler(8, 'Undefined prope...', 'C:\\xampp\\htdocs...', 93, Array)
#1 C:\xampp\htdocs\comple\system\View\View.php(246): include('C:\\xampp\\htdocs...')
#2 C:\xampp\htdocs\comple\system\Common.php(1119): CodeIgniter\View\View->render('Division/Activi...', Array, true)
#3 C:\xampp\htdocs\comple\app\Controllers\Division\ActividadController.php(165): view('Division/Activi...', Array)
#4 C:\xampp\htdocs\comple\system\CodeIgniter.php(918): App\Controllers\Division\ActividadController->editar()
#5 C:\xampp\htdocs\comple\system\CodeIgniter.php(404): CodeIgniter\CodeIgniter->runController(Object(App\Controllers\Division\ActividadController))
#6 C:\xampp\htdocs\comple\system\CodeIgniter.php(312): CodeIgniter\CodeIgniter->handleRequest(NULL, Object(Config\Cache), false)
#7 C:\xampp\htdocs\comple\index.php(45): CodeIgniter\CodeIgniter->run()
#8 {main}
CRITICAL - 2021-04-28 00:08:44 --> Trying to get property 'rfc_jefe' of non-object
#0 C:\xampp\htdocs\comple\app\Views\Division\Actividades\editar.php(115): CodeIgniter\Debug\Exceptions->errorHandler(8, 'Trying to get p...', 'C:\\xampp\\htdocs...', 115, Array)
#1 C:\xampp\htdocs\comple\system\View\View.php(246): include('C:\\xampp\\htdocs...')
#2 C:\xampp\htdocs\comple\system\Common.php(1119): CodeIgniter\View\View->render('Division/Activi...', Array, true)
#3 C:\xampp\htdocs\comple\app\Controllers\Division\ActividadController.php(165): view('Division/Activi...', Array)
#4 C:\xampp\htdocs\comple\system\CodeIgniter.php(918): App\Controllers\Division\ActividadController->editar()
#5 C:\xampp\htdocs\comple\system\CodeIgniter.php(404): CodeIgniter\CodeIgniter->runController(Object(App\Controllers\Division\ActividadController))
#6 C:\xampp\htdocs\comple\system\CodeIgniter.php(312): CodeIgniter\CodeIgniter->handleRequest(NULL, Object(Config\Cache), false)
#7 C:\xampp\htdocs\comple\index.php(45): CodeIgniter\CodeIgniter->run()
#8 {main}
CRITICAL - 2021-04-28 00:33:01 --> Undefined property: stdClass::$nombre_jefe
#0 C:\xampp\htdocs\comple\app\Views\Division\Actividades\listar.php(70): CodeIgniter\Debug\Exceptions->errorHandler(8, 'Undefined prope...', 'C:\\xampp\\htdocs...', 70, Array)
#1 C:\xampp\htdocs\comple\system\View\View.php(246): include('C:\\xampp\\htdocs...')
#2 C:\xampp\htdocs\comple\system\Common.php(1119): CodeIgniter\View\View->render('Division/Activi...', Array, true)
#3 C:\xampp\htdocs\comple\app\Controllers\Division\ActividadController.php(87): view('Division/Activi...', Array)
#4 C:\xampp\htdocs\comple\system\CodeIgniter.php(918): App\Controllers\Division\ActividadController->periodo()
#5 C:\xampp\htdocs\comple\system\CodeIgniter.php(404): CodeIgniter\CodeIgniter->runController(Object(App\Controllers\Division\ActividadController))
#6 C:\xampp\htdocs\comple\system\CodeIgniter.php(312): CodeIgniter\CodeIgniter->handleRequest(NULL, Object(Config\Cache), false)
#7 C:\xampp\htdocs\comple\index.php(45): CodeIgniter\CodeIgniter->run()
#8 {main}
CRITICAL - 2021-04-28 00:33:53 --> Undefined property: stdClass::$nombre_jefe
#0 C:\xampp\htdocs\comple\app\Views\Division\Actividades\listar.php(70): CodeIgniter\Debug\Exceptions->errorHandler(8, 'Undefined prope...', 'C:\\xampp\\htdocs...', 70, Array)
#1 C:\xampp\htdocs\comple\system\View\View.php(246): include('C:\\xampp\\htdocs...')
#2 C:\xampp\htdocs\comple\system\Common.php(1119): CodeIgniter\View\View->render('Division/Activi...', Array, true)
#3 C:\xampp\htdocs\comple\app\Controllers\Division\ActividadController.php(87): view('Division/Activi...', Array)
#4 C:\xampp\htdocs\comple\system\CodeIgniter.php(918): App\Controllers\Division\ActividadController->periodo()
#5 C:\xampp\htdocs\comple\system\CodeIgniter.php(404): CodeIgniter\CodeIgniter->runController(Object(App\Controllers\Division\ActividadController))
#6 C:\xampp\htdocs\comple\system\CodeIgniter.php(312): CodeIgniter\CodeIgniter->handleRequest(NULL, Object(Config\Cache), false)
#7 C:\xampp\htdocs\comple\index.php(45): CodeIgniter\CodeIgniter->run()
#8 {main}
CRITICAL - 2021-04-28 00:35:00 --> Unknown column 'j.rfc__jefe_nofk' in 'on clause'
#0 C:\xampp\htdocs\comple\system\Database\MySQLi\Connection.php(331): mysqli->query('SELECT `a`.`id_...')
#1 C:\xampp\htdocs\comple\system\Database\BaseConnection.php(741): CodeIgniter\Database\MySQLi\Connection->execute('SELECT `a`.`id_...')
#2 C:\xampp\htdocs\comple\system\Database\BaseConnection.php(669): CodeIgniter\Database\BaseConnection->simpleQuery('SELECT `a`.`id_...')
#3 C:\xampp\htdocs\comple\system\Database\BaseBuilder.php(1860): CodeIgniter\Database\BaseConnection->query('SELECT `a`.`id_...', Array, false)
#4 C:\xampp\htdocs\comple\app\Models\Division\ActividadModel.php(48): CodeIgniter\Database\BaseBuilder->get()
#5 C:\xampp\htdocs\comple\app\Services\Division\ActividadService.php(30): App\Models\Division\ActividadModel->getActividadPorIdareaPeriodo('20201')
#6 C:\xampp\htdocs\comple\app\Controllers\Division\ActividadController.php(73): App\Services\Division\ActividadService->getActividadPorIdareaPeriodo('20201')
#7 C:\xampp\htdocs\comple\system\CodeIgniter.php(918): App\Controllers\Division\ActividadController->periodo()
#8 C:\xampp\htdocs\comple\system\CodeIgniter.php(404): CodeIgniter\CodeIgniter->runController(Object(App\Controllers\Division\ActividadController))
#9 C:\xampp\htdocs\comple\system\CodeIgniter.php(312): CodeIgniter\CodeIgniter->handleRequest(NULL, Object(Config\Cache), false)
#10 C:\xampp\htdocs\comple\index.php(45): CodeIgniter\CodeIgniter->run()
#11 {main}
CRITICAL - 2021-04-28 00:35:25 --> Unknown column 'j.rfc_jefe_nofk' in 'on clause'
#0 C:\xampp\htdocs\comple\system\Database\MySQLi\Connection.php(331): mysqli->query('SELECT `a`.`id_...')
#1 C:\xampp\htdocs\comple\system\Database\BaseConnection.php(741): CodeIgniter\Database\MySQLi\Connection->execute('SELECT `a`.`id_...')
#2 C:\xampp\htdocs\comple\system\Database\BaseConnection.php(669): CodeIgniter\Database\BaseConnection->simpleQuery('SELECT `a`.`id_...')
#3 C:\xampp\htdocs\comple\system\Database\BaseBuilder.php(1860): CodeIgniter\Database\BaseConnection->query('SELECT `a`.`id_...', Array, false)
#4 C:\xampp\htdocs\comple\app\Models\Division\ActividadModel.php(48): CodeIgniter\Database\BaseBuilder->get()
#5 C:\xampp\htdocs\comple\app\Services\Division\ActividadService.php(30): App\Models\Division\ActividadModel->getActividadPorIdareaPeriodo('20201')
#6 C:\xampp\htdocs\comple\app\Controllers\Division\ActividadController.php(73): App\Services\Division\ActividadService->getActividadPorIdareaPeriodo('20201')
#7 C:\xampp\htdocs\comple\system\CodeIgniter.php(918): App\Controllers\Division\ActividadController->periodo()
#8 C:\xampp\htdocs\comple\system\CodeIgniter.php(404): CodeIgniter\CodeIgniter->runController(Object(App\Controllers\Division\ActividadController))
#9 C:\xampp\htdocs\comple\system\CodeIgniter.php(312): CodeIgniter\CodeIgniter->handleRequest(NULL, Object(Config\Cache), false)
#10 C:\xampp\htdocs\comple\index.php(45): CodeIgniter\CodeIgniter->run()
#11 {main}
CRITICAL - 2021-04-28 00:35:43 --> Unknown column 'j.rfc_jefe_nofk' in 'on clause'
#0 C:\xampp\htdocs\comple\system\Database\MySQLi\Connection.php(331): mysqli->query('SELECT `a`.`id_...')
#1 C:\xampp\htdocs\comple\system\Database\BaseConnection.php(741): CodeIgniter\Database\MySQLi\Connection->execute('SELECT `a`.`id_...')
#2 C:\xampp\htdocs\comple\system\Database\BaseConnection.php(669): CodeIgniter\Database\BaseConnection->simpleQuery('SELECT `a`.`id_...')
#3 C:\xampp\htdocs\comple\system\Database\BaseBuilder.php(1860): CodeIgniter\Database\BaseConnection->query('SELECT `a`.`id_...', Array, false)
#4 C:\xampp\htdocs\comple\app\Models\Division\ActividadModel.php(48): CodeIgniter\Database\BaseBuilder->get()
#5 C:\xampp\htdocs\comple\app\Services\Division\ActividadService.php(30): App\Models\Division\ActividadModel->getActividadPorIdareaPeriodo('20201')
#6 C:\xampp\htdocs\comple\app\Controllers\Division\ActividadController.php(73): App\Services\Division\ActividadService->getActividadPorIdareaPeriodo('20201')
#7 C:\xampp\htdocs\comple\system\CodeIgniter.php(918): App\Controllers\Division\ActividadController->periodo()
#8 C:\xampp\htdocs\comple\system\CodeIgniter.php(404): CodeIgniter\CodeIgniter->runController(Object(App\Controllers\Division\ActividadController))
#9 C:\xampp\htdocs\comple\system\CodeIgniter.php(312): CodeIgniter\CodeIgniter->handleRequest(NULL, Object(Config\Cache), false)
#10 C:\xampp\htdocs\comple\index.php(45): CodeIgniter\CodeIgniter->run()
#11 {main}
CRITICAL - 2021-04-28 00:40:22 --> Undefined property: stdClass::$amaterno_responsable
#0 C:\xampp\htdocs\comple\app\Views\Division\Actividades\listar.php(73): CodeIgniter\Debug\Exceptions->errorHandler(8, 'Undefined prope...', 'C:\\xampp\\htdocs...', 73, Array)
#1 C:\xampp\htdocs\comple\system\View\View.php(246): include('C:\\xampp\\htdocs...')
#2 C:\xampp\htdocs\comple\system\Common.php(1119): CodeIgniter\View\View->render('Division/Activi...', Array, true)
#3 C:\xampp\htdocs\comple\app\Controllers\Division\ActividadController.php(87): view('Division/Activi...', Array)
#4 C:\xampp\htdocs\comple\system\CodeIgniter.php(918): App\Controllers\Division\ActividadController->periodo()
#5 C:\xampp\htdocs\comple\system\CodeIgniter.php(404): CodeIgniter\CodeIgniter->runController(Object(App\Controllers\Division\ActividadController))
#6 C:\xampp\htdocs\comple\system\CodeIgniter.php(312): CodeIgniter\CodeIgniter->handleRequest(NULL, Object(Config\Cache), false)
#7 C:\xampp\htdocs\comple\index.php(45): CodeIgniter\CodeIgniter->run()
#8 {main}
CRITICAL - 2021-04-28 00:47:23 --> Unknown column 'a.nombre_area' in 'field list'
#0 C:\xampp\htdocs\comple\system\Database\MySQLi\Connection.php(331): mysqli->query('SELECT `a`.`id_...')
#1 C:\xampp\htdocs\comple\system\Database\BaseConnection.php(741): CodeIgniter\Database\MySQLi\Connection->execute('SELECT `a`.`id_...')
#2 C:\xampp\htdocs\comple\system\Database\BaseConnection.php(669): CodeIgniter\Database\BaseConnection->simpleQuery('SELECT `a`.`id_...')
#3 C:\xampp\htdocs\comple\system\Database\BaseBuilder.php(1860): CodeIgniter\Database\BaseConnection->query('SELECT `a`.`id_...', Array, false)
#4 C:\xampp\htdocs\comple\app\Models\Jefes\ConstanciaModel.php(45): CodeIgniter\Database\BaseBuilder->get()
#5 C:\xampp\htdocs\comple\app\Services\Jefes\ConstanciaService.php(40): App\Models\Jefes\ConstanciaModel->getArea('1')
#6 C:\xampp\htdocs\comple\app\Controllers\Jefes\ConstanciaController.php(33): App\Services\Jefes\ConstanciaService->getArea('1')
#7 C:\xampp\htdocs\comple\system\CodeIgniter.php(918): App\Controllers\Jefes\ConstanciaController->constancia()
#8 C:\xampp\htdocs\comple\system\CodeIgniter.php(404): CodeIgniter\CodeIgniter->runController(Object(App\Controllers\Jefes\ConstanciaController))
#9 C:\xampp\htdocs\comple\system\CodeIgniter.php(312): CodeIgniter\CodeIgniter->handleRequest(NULL, Object(Config\Cache), false)
#10 C:\xampp\htdocs\comple\index.php(45): CodeIgniter\CodeIgniter->run()
#11 {main}
CRITICAL - 2021-04-28 00:48:11 --> Unknown column 'a.nombre_area' in 'field list'
#0 C:\xampp\htdocs\comple\system\Database\MySQLi\Connection.php(331): mysqli->query('SELECT `a`.`id_...')
#1 C:\xampp\htdocs\comple\system\Database\BaseConnection.php(741): CodeIgniter\Database\MySQLi\Connection->execute('SELECT `a`.`id_...')
#2 C:\xampp\htdocs\comple\system\Database\BaseConnection.php(669): CodeIgniter\Database\BaseConnection->simpleQuery('SELECT `a`.`id_...')
#3 C:\xampp\htdocs\comple\system\Database\BaseBuilder.php(1860): CodeIgniter\Database\BaseConnection->query('SELECT `a`.`id_...', Array, false)
#4 C:\xampp\htdocs\comple\app\Models\Jefes\ConstanciaModel.php(45): CodeIgniter\Database\BaseBuilder->get()
#5 C:\xampp\htdocs\comple\app\Services\Jefes\ConstanciaService.php(40): App\Models\Jefes\ConstanciaModel->getArea('1')
#6 C:\xampp\htdocs\comple\app\Controllers\Jefes\ConstanciaController.php(33): App\Services\Jefes\ConstanciaService->getArea('1')
#7 C:\xampp\htdocs\comple\system\CodeIgniter.php(918): App\Controllers\Jefes\ConstanciaController->constancia()
#8 C:\xampp\htdocs\comple\system\CodeIgniter.php(404): CodeIgniter\CodeIgniter->runController(Object(App\Controllers\Jefes\ConstanciaController))
#9 C:\xampp\htdocs\comple\system\CodeIgniter.php(312): CodeIgniter\CodeIgniter->handleRequest(NULL, Object(Config\Cache), false)
#10 C:\xampp\htdocs\comple\index.php(45): CodeIgniter\CodeIgniter->run()
#11 {main}
CRITICAL - 2021-04-28 00:54:43 --> Unknown column 'a.rfc_jefe' in 'on clause'
#0 C:\xampp\htdocs\comple\system\Database\MySQLi\Connection.php(331): mysqli->query('SELECT `act`.`i...')
#1 C:\xampp\htdocs\comple\system\Database\BaseConnection.php(741): CodeIgniter\Database\MySQLi\Connection->execute('SELECT `act`.`i...')
#2 C:\xampp\htdocs\comple\system\Database\BaseConnection.php(669): CodeIgniter\Database\BaseConnection->simpleQuery('SELECT `act`.`i...')
#3 C:\xampp\htdocs\comple\system\Database\BaseBuilder.php(1860): CodeIgniter\Database\BaseConnection->query('SELECT `act`.`i...', Array, false)
#4 C:\xampp\htdocs\comple\app\Models\Jefes\ConstanciaModel.php(46): CodeIgniter\Database\BaseBuilder->get()
#5 C:\xampp\htdocs\comple\app\Services\Jefes\ConstanciaService.php(40): App\Models\Jefes\ConstanciaModel->getArea('1')
#6 C:\xampp\htdocs\comple\app\Controllers\Jefes\ConstanciaController.php(33): App\Services\Jefes\ConstanciaService->getArea('1')
#7 C:\xampp\htdocs\comple\system\CodeIgniter.php(918): App\Controllers\Jefes\ConstanciaController->constancia()
#8 C:\xampp\htdocs\comple\system\CodeIgniter.php(404): CodeIgniter\CodeIgniter->runController(Object(App\Controllers\Jefes\ConstanciaController))
#9 C:\xampp\htdocs\comple\system\CodeIgniter.php(312): CodeIgniter\CodeIgniter->handleRequest(NULL, Object(Config\Cache), false)
#10 C:\xampp\htdocs\comple\index.php(45): CodeIgniter\CodeIgniter->run()
#11 {main}
CRITICAL - 2021-04-28 00:58:18 --> Column 'id_area' in where clause is ambiguous
#0 C:\xampp\htdocs\comple\system\Database\MySQLi\Connection.php(331): mysqli->query('SELECT `act`.`i...')
#1 C:\xampp\htdocs\comple\system\Database\BaseConnection.php(741): CodeIgniter\Database\MySQLi\Connection->execute('SELECT `act`.`i...')
#2 C:\xampp\htdocs\comple\system\Database\BaseConnection.php(669): CodeIgniter\Database\BaseConnection->simpleQuery('SELECT `act`.`i...')
#3 C:\xampp\htdocs\comple\system\Database\BaseBuilder.php(1860): CodeIgniter\Database\BaseConnection->query('SELECT `act`.`i...', Array, false)
#4 C:\xampp\htdocs\comple\app\Models\Jefes\ConstanciaModel.php(46): CodeIgniter\Database\BaseBuilder->get()
#5 C:\xampp\htdocs\comple\app\Services\Jefes\ConstanciaService.php(40): App\Models\Jefes\ConstanciaModel->getArea('1')
#6 C:\xampp\htdocs\comple\app\Controllers\Jefes\ConstanciaController.php(33): App\Services\Jefes\ConstanciaService->getArea('1')
#7 C:\xampp\htdocs\comple\system\CodeIgniter.php(918): App\Controllers\Jefes\ConstanciaController->constancia()
#8 C:\xampp\htdocs\comple\system\CodeIgniter.php(404): CodeIgniter\CodeIgniter->runController(Object(App\Controllers\Jefes\ConstanciaController))
#9 C:\xampp\htdocs\comple\system\CodeIgniter.php(312): CodeIgniter\CodeIgniter->handleRequest(NULL, Object(Config\Cache), false)
#10 C:\xampp\htdocs\comple\index.php(45): CodeIgniter\CodeIgniter->run()
#11 {main}
CRITICAL - 2021-04-28 00:59:43 --> Column 'id_area' in where clause is ambiguous
#0 C:\xampp\htdocs\comple\system\Database\MySQLi\Connection.php(331): mysqli->query('SELECT `act`.`i...')
#1 C:\xampp\htdocs\comple\system\Database\BaseConnection.php(741): CodeIgniter\Database\MySQLi\Connection->execute('SELECT `act`.`i...')
#2 C:\xampp\htdocs\comple\system\Database\BaseConnection.php(669): CodeIgniter\Database\BaseConnection->simpleQuery('SELECT `act`.`i...')
#3 C:\xampp\htdocs\comple\system\Database\BaseBuilder.php(1860): CodeIgniter\Database\BaseConnection->query('SELECT `act`.`i...', Array, false)
#4 C:\xampp\htdocs\comple\app\Models\Jefes\ConstanciaModel.php(46): CodeIgniter\Database\BaseBuilder->get()
#5 C:\xampp\htdocs\comple\app\Services\Jefes\ConstanciaService.php(40): App\Models\Jefes\ConstanciaModel->getArea('1')
#6 C:\xampp\htdocs\comple\app\Controllers\Jefes\ConstanciaController.php(33): App\Services\Jefes\ConstanciaService->getArea('1')
#7 C:\xampp\htdocs\comple\system\CodeIgniter.php(918): App\Controllers\Jefes\ConstanciaController->constancia()
#8 C:\xampp\htdocs\comple\system\CodeIgniter.php(404): CodeIgniter\CodeIgniter->runController(Object(App\Controllers\Jefes\ConstanciaController))
#9 C:\xampp\htdocs\comple\system\CodeIgniter.php(312): CodeIgniter\CodeIgniter->handleRequest(NULL, Object(Config\Cache), false)
#10 C:\xampp\htdocs\comple\index.php(45): CodeIgniter\CodeIgniter->run()
#11 {main}
CRITICAL - 2021-04-28 01:00:55 --> Column 'id_area' in where clause is ambiguous
#0 C:\xampp\htdocs\comple\system\Database\MySQLi\Connection.php(331): mysqli->query('SELECT `act`.`i...')
#1 C:\xampp\htdocs\comple\system\Database\BaseConnection.php(741): CodeIgniter\Database\MySQLi\Connection->execute('SELECT `act`.`i...')
#2 C:\xampp\htdocs\comple\system\Database\BaseConnection.php(669): CodeIgniter\Database\BaseConnection->simpleQuery('SELECT `act`.`i...')
#3 C:\xampp\htdocs\comple\system\Database\BaseBuilder.php(1860): CodeIgniter\Database\BaseConnection->query('SELECT `act`.`i...', Array, false)
#4 C:\xampp\htdocs\comple\app\Models\Jefes\ConstanciaModel.php(46): CodeIgniter\Database\BaseBuilder->get()
#5 C:\xampp\htdocs\comple\app\Services\Jefes\ConstanciaService.php(40): App\Models\Jefes\ConstanciaModel->getArea('1')
#6 C:\xampp\htdocs\comple\app\Controllers\Jefes\ConstanciaController.php(33): App\Services\Jefes\ConstanciaService->getArea('1')
#7 C:\xampp\htdocs\comple\system\CodeIgniter.php(918): App\Controllers\Jefes\ConstanciaController->constancia()
#8 C:\xampp\htdocs\comple\system\CodeIgniter.php(404): CodeIgniter\CodeIgniter->runController(Object(App\Controllers\Jefes\ConstanciaController))
#9 C:\xampp\htdocs\comple\system\CodeIgniter.php(312): CodeIgniter\CodeIgniter->handleRequest(NULL, Object(Config\Cache), false)
#10 C:\xampp\htdocs\comple\index.php(45): CodeIgniter\CodeIgniter->run()
#11 {main}
CRITICAL - 2021-04-28 01:01:50 --> Column 'id_area' in where clause is ambiguous
#0 C:\xampp\htdocs\comple\system\Database\MySQLi\Connection.php(331): mysqli->query('SELECT `a`.`nom...')
#1 C:\xampp\htdocs\comple\system\Database\BaseConnection.php(741): CodeIgniter\Database\MySQLi\Connection->execute('SELECT `a`.`nom...')
#2 C:\xampp\htdocs\comple\system\Database\BaseConnection.php(669): CodeIgniter\Database\BaseConnection->simpleQuery('SELECT `a`.`nom...')
#3 C:\xampp\htdocs\comple\system\Database\BaseBuilder.php(1860): CodeIgniter\Database\BaseConnection->query('SELECT `a`.`nom...', Array, false)
#4 C:\xampp\htdocs\comple\app\Models\Jefes\ConstanciaModel.php(46): CodeIgniter\Database\BaseBuilder->get()
#5 C:\xampp\htdocs\comple\app\Services\Jefes\ConstanciaService.php(40): App\Models\Jefes\ConstanciaModel->getArea('1')
#6 C:\xampp\htdocs\comple\app\Controllers\Jefes\ConstanciaController.php(33): App\Services\Jefes\ConstanciaService->getArea('1')
#7 C:\xampp\htdocs\comple\system\CodeIgniter.php(918): App\Controllers\Jefes\ConstanciaController->constancia()
#8 C:\xampp\htdocs\comple\system\CodeIgniter.php(404): CodeIgniter\CodeIgniter->runController(Object(App\Controllers\Jefes\ConstanciaController))
#9 C:\xampp\htdocs\comple\system\CodeIgniter.php(312): CodeIgniter\CodeIgniter->handleRequest(NULL, Object(Config\Cache), false)
#10 C:\xampp\htdocs\comple\index.php(45): CodeIgniter\CodeIgniter->run()
#11 {main}
CRITICAL - 2021-04-28 01:10:05 --> Unknown column 'j.amaterno_jef' in 'field list'
#0 C:\xampp\htdocs\comple\system\Database\MySQLi\Connection.php(331): mysqli->query('SELECT `act`.`i...')
#1 C:\xampp\htdocs\comple\system\Database\BaseConnection.php(741): CodeIgniter\Database\MySQLi\Connection->execute('SELECT `act`.`i...')
#2 C:\xampp\htdocs\comple\system\Database\BaseConnection.php(669): CodeIgniter\Database\BaseConnection->simpleQuery('SELECT `act`.`i...')
#3 C:\xampp\htdocs\comple\system\Database\BaseBuilder.php(1860): CodeIgniter\Database\BaseConnection->query('SELECT `act`.`i...', Array, false)
#4 C:\xampp\htdocs\comple\app\Models\Jefes\ConstanciaModel.php(49): CodeIgniter\Database\BaseBuilder->get()
#5 C:\xampp\htdocs\comple\app\Services\Jefes\ConstanciaService.php(40): App\Models\Jefes\ConstanciaModel->getArea('1')
#6 C:\xampp\htdocs\comple\app\Controllers\Jefes\ConstanciaController.php(33): App\Services\Jefes\ConstanciaService->getArea('1')
#7 C:\xampp\htdocs\comple\system\CodeIgniter.php(918): App\Controllers\Jefes\ConstanciaController->constancia()
#8 C:\xampp\htdocs\comple\system\CodeIgniter.php(404): CodeIgniter\CodeIgniter->runController(Object(App\Controllers\Jefes\ConstanciaController))
#9 C:\xampp\htdocs\comple\system\CodeIgniter.php(312): CodeIgniter\CodeIgniter->handleRequest(NULL, Object(Config\Cache), false)
#10 C:\xampp\htdocs\comple\index.php(45): CodeIgniter\CodeIgniter->run()
#11 {main}
CRITICAL - 2021-04-28 01:18:56 --> Undefined variable: id_area1
#0 C:\xampp\htdocs\comple\app\Controllers\Jefes\ConstanciaController.php(33): CodeIgniter\Debug\Exceptions->errorHandler(8, 'Undefined varia...', 'C:\\xampp\\htdocs...', 33, Array)
#1 C:\xampp\htdocs\comple\system\CodeIgniter.php(918): App\Controllers\Jefes\ConstanciaController->constancia()
#2 C:\xampp\htdocs\comple\system\CodeIgniter.php(404): CodeIgniter\CodeIgniter->runController(Object(App\Controllers\Jefes\ConstanciaController))
#3 C:\xampp\htdocs\comple\system\CodeIgniter.php(312): CodeIgniter\CodeIgniter->handleRequest(NULL, Object(Config\Cache), false)
#4 C:\xampp\htdocs\comple\index.php(45): CodeIgniter\CodeIgniter->run()
#5 {main}
CRITICAL - 2021-04-28 01:20:56 --> Undefined variable: id_area1
#0 C:\xampp\htdocs\comple\app\Controllers\Jefes\ConstanciaController.php(33): CodeIgniter\Debug\Exceptions->errorHandler(8, 'Undefined varia...', 'C:\\xampp\\htdocs...', 33, Array)
#1 C:\xampp\htdocs\comple\system\CodeIgniter.php(918): App\Controllers\Jefes\ConstanciaController->constancia()
#2 C:\xampp\htdocs\comple\system\CodeIgniter.php(404): CodeIgniter\CodeIgniter->runController(Object(App\Controllers\Jefes\ConstanciaController))
#3 C:\xampp\htdocs\comple\system\CodeIgniter.php(312): CodeIgniter\CodeIgniter->handleRequest(NULL, Object(Config\Cache), false)
#4 C:\xampp\htdocs\comple\index.php(45): CodeIgniter\CodeIgniter->run()
#5 {main}
CRITICAL - 2021-04-28 01:21:19 --> Too few arguments to function App\Services\Jefes\ConstanciaService::getArea(), 1 passed in C:\xampp\htdocs\comple\app\Controllers\Jefes\ConstanciaController.php on line 33 and exactly 2 expected
#0 C:\xampp\htdocs\comple\app\Controllers\Jefes\ConstanciaController.php(33): App\Services\Jefes\ConstanciaService->getArea('1')
#1 C:\xampp\htdocs\comple\system\CodeIgniter.php(918): App\Controllers\Jefes\ConstanciaController->constancia()
#2 C:\xampp\htdocs\comple\system\CodeIgniter.php(404): CodeIgniter\CodeIgniter->runController(Object(App\Controllers\Jefes\ConstanciaController))
#3 C:\xampp\htdocs\comple\system\CodeIgniter.php(312): CodeIgniter\CodeIgniter->handleRequest(NULL, Object(Config\Cache), false)
#4 C:\xampp\htdocs\comple\index.php(45): CodeIgniter\CodeIgniter->run()
#5 {main}
CRITICAL - 2021-04-28 01:22:22 --> Undefined variable: id_area1
#0 C:\xampp\htdocs\comple\app\Models\Jefes\ConstanciaModel.php(48): CodeIgniter\Debug\Exceptions->errorHandler(8, 'Undefined varia...', 'C:\\xampp\\htdocs...', 48, Array)
#1 C:\xampp\htdocs\comple\app\Services\Jefes\ConstanciaService.php(40): App\Models\Jefes\ConstanciaModel->getArea('1')
#2 C:\xampp\htdocs\comple\app\Controllers\Jefes\ConstanciaController.php(33): App\Services\Jefes\ConstanciaService->getArea('1')
#3 C:\xampp\htdocs\comple\system\CodeIgniter.php(918): App\Controllers\Jefes\ConstanciaController->constancia()
#4 C:\xampp\htdocs\comple\system\CodeIgniter.php(404): CodeIgniter\CodeIgniter->runController(Object(App\Controllers\Jefes\ConstanciaController))
#5 C:\xampp\htdocs\comple\system\CodeIgniter.php(312): CodeIgniter\CodeIgniter->handleRequest(NULL, Object(Config\Cache), false)
#6 C:\xampp\htdocs\comple\index.php(45): CodeIgniter\CodeIgniter->run()
#7 {main}
