<<<<<<< HEAD
CRITICAL - 2020-11-26 19:52:55 --> Invalid argument supplied for foreach()
#0 C:\xampp\htdocs\comple\app\Views\Responsable\Lista-Asistencia\listar.php(41): CodeIgniter\Debug\Exceptions->errorHandler(2, 'Invalid argumen...', 'C:\\xampp\\htdocs...', 41, Array)
#1 C:\xampp\htdocs\comple\system\View\View.php(246): include('C:\\xampp\\htdocs...')
#2 C:\xampp\htdocs\comple\system\Common.php(1119): CodeIgniter\View\View->render('Responsable/Lis...', Array, true)
#3 C:\xampp\htdocs\comple\app\Controllers\Responsable\AsistenciaController.php(38): view('Responsable/Lis...', Array)
#4 C:\xampp\htdocs\comple\system\CodeIgniter.php(918): App\Controllers\Responsable\AsistenciaController->listaAsistencia()
#5 C:\xampp\htdocs\comple\system\CodeIgniter.php(404): CodeIgniter\CodeIgniter->runController(Object(App\Controllers\Responsable\AsistenciaController))
#6 C:\xampp\htdocs\comple\system\CodeIgniter.php(312): CodeIgniter\CodeIgniter->handleRequest(NULL, Object(Config\Cache), false)
#7 C:\xampp\htdocs\comple\index.php(45): CodeIgniter\CodeIgniter->run()
#8 {main}
=======
CRITICAL - 2020-11-26 23:32:30 --> 
#0 C:\xampp\htdocs\comple\system\HTTP\RedirectResponse.php(92): CodeIgniter\HTTP\Exceptions\HTTPException::forInvalidRedirectRoute('')
#1 C:\xampp\htdocs\comple\system\Common.php(845): CodeIgniter\HTTP\RedirectResponse->route(false)
#2 C:\xampp\htdocs\comple\app\Controllers\UsuarioController.php(37): redirect('escolares/inici...')
#3 C:\xampp\htdocs\comple\system\CodeIgniter.php(918): App\Controllers\UsuarioController->login()
#4 C:\xampp\htdocs\comple\system\CodeIgniter.php(404): CodeIgniter\CodeIgniter->runController(Object(App\Controllers\UsuarioController))
#5 C:\xampp\htdocs\comple\system\CodeIgniter.php(312): CodeIgniter\CodeIgniter->handleRequest(NULL, Object(Config\Cache), false)
#6 C:\xampp\htdocs\comple\index.php(45): CodeIgniter\CodeIgniter->run()
#7 {main}
CRITICAL - 2020-11-26 23:36:43 --> 
#0 C:\xampp\htdocs\comple\system\HTTP\RedirectResponse.php(92): CodeIgniter\HTTP\Exceptions\HTTPException::forInvalidRedirectRoute('')
#1 C:\xampp\htdocs\comple\system\Common.php(845): CodeIgniter\HTTP\RedirectResponse->route(false)
#2 C:\xampp\htdocs\comple\app\Controllers\UsuarioController.php(37): redirect('escolares/inici...')
#3 C:\xampp\htdocs\comple\system\CodeIgniter.php(918): App\Controllers\UsuarioController->login()
#4 C:\xampp\htdocs\comple\system\CodeIgniter.php(404): CodeIgniter\CodeIgniter->runController(Object(App\Controllers\UsuarioController))
#5 C:\xampp\htdocs\comple\system\CodeIgniter.php(312): CodeIgniter\CodeIgniter->handleRequest(NULL, Object(Config\Cache), false)
#6 C:\xampp\htdocs\comple\index.php(45): CodeIgniter\CodeIgniter->run()
#7 {main}
CRITICAL - 2020-11-26 23:37:52 --> 
#0 C:\xampp\htdocs\comple\system\HTTP\RedirectResponse.php(92): CodeIgniter\HTTP\Exceptions\HTTPException::forInvalidRedirectRoute('')
#1 C:\xampp\htdocs\comple\system\Common.php(845): CodeIgniter\HTTP\RedirectResponse->route(false)
#2 C:\xampp\htdocs\comple\app\Controllers\UsuarioController.php(37): redirect('escolares/inici...')
#3 C:\xampp\htdocs\comple\system\CodeIgniter.php(918): App\Controllers\UsuarioController->login()
#4 C:\xampp\htdocs\comple\system\CodeIgniter.php(404): CodeIgniter\CodeIgniter->runController(Object(App\Controllers\UsuarioController))
#5 C:\xampp\htdocs\comple\system\CodeIgniter.php(312): CodeIgniter\CodeIgniter->handleRequest(NULL, Object(Config\Cache), false)
#6 C:\xampp\htdocs\comple\index.php(45): CodeIgniter\CodeIgniter->run()
#7 {main}
CRITICAL - 2020-11-26 23:39:39 --> 
#0 C:\xampp\htdocs\comple\system\HTTP\RedirectResponse.php(92): CodeIgniter\HTTP\Exceptions\HTTPException::forInvalidRedirectRoute('')
#1 C:\xampp\htdocs\comple\system\Common.php(845): CodeIgniter\HTTP\RedirectResponse->route(false)
#2 C:\xampp\htdocs\comple\app\Controllers\UsuarioController.php(37): redirect('escolares/inici...')
#3 C:\xampp\htdocs\comple\system\CodeIgniter.php(918): App\Controllers\UsuarioController->login()
#4 C:\xampp\htdocs\comple\system\CodeIgniter.php(404): CodeIgniter\CodeIgniter->runController(Object(App\Controllers\UsuarioController))
#5 C:\xampp\htdocs\comple\system\CodeIgniter.php(312): CodeIgniter\CodeIgniter->handleRequest(NULL, Object(Config\Cache), false)
#6 C:\xampp\htdocs\comple\index.php(45): CodeIgniter\CodeIgniter->run()
#7 {main}
CRITICAL - 2020-11-26 23:41:43 --> 
#0 C:\xampp\htdocs\comple\system\HTTP\RedirectResponse.php(92): CodeIgniter\HTTP\Exceptions\HTTPException::forInvalidRedirectRoute('')
#1 C:\xampp\htdocs\comple\system\Common.php(845): CodeIgniter\HTTP\RedirectResponse->route(false)
#2 C:\xampp\htdocs\comple\app\Controllers\UsuarioController.php(37): redirect('escolares/inici...')
#3 C:\xampp\htdocs\comple\system\CodeIgniter.php(918): App\Controllers\UsuarioController->login()
#4 C:\xampp\htdocs\comple\system\CodeIgniter.php(404): CodeIgniter\CodeIgniter->runController(Object(App\Controllers\UsuarioController))
#5 C:\xampp\htdocs\comple\system\CodeIgniter.php(312): CodeIgniter\CodeIgniter->handleRequest(NULL, Object(Config\Cache), false)
#6 C:\xampp\htdocs\comple\index.php(45): CodeIgniter\CodeIgniter->run()
#7 {main}
CRITICAL - 2020-11-26 23:45:49 --> 
#0 C:\xampp\htdocs\comple\system\HTTP\RedirectResponse.php(92): CodeIgniter\HTTP\Exceptions\HTTPException::forInvalidRedirectRoute('')
#1 C:\xampp\htdocs\comple\system\Common.php(845): CodeIgniter\HTTP\RedirectResponse->route(false)
#2 C:\xampp\htdocs\comple\app\Controllers\UsuarioController.php(37): redirect('escolares/inici...')
#3 C:\xampp\htdocs\comple\system\CodeIgniter.php(918): App\Controllers\UsuarioController->login()
#4 C:\xampp\htdocs\comple\system\CodeIgniter.php(404): CodeIgniter\CodeIgniter->runController(Object(App\Controllers\UsuarioController))
#5 C:\xampp\htdocs\comple\system\CodeIgniter.php(312): CodeIgniter\CodeIgniter->handleRequest(NULL, Object(Config\Cache), false)
#6 C:\xampp\htdocs\comple\index.php(45): CodeIgniter\CodeIgniter->run()
#7 {main}
CRITICAL - 2020-11-26 23:46:43 --> 
#0 C:\xampp\htdocs\comple\system\HTTP\RedirectResponse.php(92): CodeIgniter\HTTP\Exceptions\HTTPException::forInvalidRedirectRoute('')
#1 C:\xampp\htdocs\comple\system\Common.php(845): CodeIgniter\HTTP\RedirectResponse->route(false)
#2 C:\xampp\htdocs\comple\app\Controllers\UsuarioController.php(37): redirect('escolares/inici...')
#3 C:\xampp\htdocs\comple\system\CodeIgniter.php(918): App\Controllers\UsuarioController->login()
#4 C:\xampp\htdocs\comple\system\CodeIgniter.php(404): CodeIgniter\CodeIgniter->runController(Object(App\Controllers\UsuarioController))
#5 C:\xampp\htdocs\comple\system\CodeIgniter.php(312): CodeIgniter\CodeIgniter->handleRequest(NULL, Object(Config\Cache), false)
#6 C:\xampp\htdocs\comple\index.php(45): CodeIgniter\CodeIgniter->run()
#7 {main}
CRITICAL - 2020-11-26 23:47:16 --> 
#0 C:\xampp\htdocs\comple\system\HTTP\RedirectResponse.php(92): CodeIgniter\HTTP\Exceptions\HTTPException::forInvalidRedirectRoute('')
#1 C:\xampp\htdocs\comple\system\Common.php(845): CodeIgniter\HTTP\RedirectResponse->route(false)
#2 C:\xampp\htdocs\comple\app\Controllers\UsuarioController.php(37): redirect('escolares/inici...')
#3 C:\xampp\htdocs\comple\system\CodeIgniter.php(918): App\Controllers\UsuarioController->login()
#4 C:\xampp\htdocs\comple\system\CodeIgniter.php(404): CodeIgniter\CodeIgniter->runController(Object(App\Controllers\UsuarioController))
#5 C:\xampp\htdocs\comple\system\CodeIgniter.php(312): CodeIgniter\CodeIgniter->handleRequest(NULL, Object(Config\Cache), false)
#6 C:\xampp\htdocs\comple\index.php(45): CodeIgniter\CodeIgniter->run()
#7 {main}
CRITICAL - 2020-11-26 23:48:47 --> 
#0 C:\xampp\htdocs\comple\system\HTTP\RedirectResponse.php(92): CodeIgniter\HTTP\Exceptions\HTTPException::forInvalidRedirectRoute('')
#1 C:\xampp\htdocs\comple\system\Common.php(845): CodeIgniter\HTTP\RedirectResponse->route(false)
#2 C:\xampp\htdocs\comple\app\Controllers\UsuarioController.php(37): redirect('escolares/inici...')
#3 C:\xampp\htdocs\comple\system\CodeIgniter.php(918): App\Controllers\UsuarioController->login()
#4 C:\xampp\htdocs\comple\system\CodeIgniter.php(404): CodeIgniter\CodeIgniter->runController(Object(App\Controllers\UsuarioController))
#5 C:\xampp\htdocs\comple\system\CodeIgniter.php(312): CodeIgniter\CodeIgniter->handleRequest(NULL, Object(Config\Cache), false)
#6 C:\xampp\htdocs\comple\index.php(45): CodeIgniter\CodeIgniter->run()
#7 {main}
CRITICAL - 2020-11-26 23:49:26 --> 
#0 C:\xampp\htdocs\comple\system\HTTP\RedirectResponse.php(92): CodeIgniter\HTTP\Exceptions\HTTPException::forInvalidRedirectRoute('')
#1 C:\xampp\htdocs\comple\system\Common.php(845): CodeIgniter\HTTP\RedirectResponse->route(false)
#2 C:\xampp\htdocs\comple\app\Controllers\UsuarioController.php(37): redirect('escolares/inici...')
#3 C:\xampp\htdocs\comple\system\CodeIgniter.php(918): App\Controllers\UsuarioController->login()
#4 C:\xampp\htdocs\comple\system\CodeIgniter.php(404): CodeIgniter\CodeIgniter->runController(Object(App\Controllers\UsuarioController))
#5 C:\xampp\htdocs\comple\system\CodeIgniter.php(312): CodeIgniter\CodeIgniter->handleRequest(NULL, Object(Config\Cache), false)
#6 C:\xampp\htdocs\comple\index.php(45): CodeIgniter\CodeIgniter->run()
#7 {main}
CRITICAL - 2020-11-26 23:55:35 --> 
#0 C:\xampp\htdocs\comple\system\HTTP\RedirectResponse.php(92): CodeIgniter\HTTP\Exceptions\HTTPException::forInvalidRedirectRoute('')
#1 C:\xampp\htdocs\comple\system\Common.php(845): CodeIgniter\HTTP\RedirectResponse->route(false)
#2 C:\xampp\htdocs\comple\app\Controllers\UsuarioController.php(37): redirect('escolares/inici...')
#3 C:\xampp\htdocs\comple\system\CodeIgniter.php(918): App\Controllers\UsuarioController->login()
#4 C:\xampp\htdocs\comple\system\CodeIgniter.php(404): CodeIgniter\CodeIgniter->runController(Object(App\Controllers\UsuarioController))
#5 C:\xampp\htdocs\comple\system\CodeIgniter.php(312): CodeIgniter\CodeIgniter->handleRequest(NULL, Object(Config\Cache), false)
#6 C:\xampp\htdocs\comple\index.php(45): CodeIgniter\CodeIgniter->run()
#7 {main}
CRITICAL - 2020-11-26 23:58:58 --> 
#0 C:\xampp\htdocs\comple\system\HTTP\RedirectResponse.php(92): CodeIgniter\HTTP\Exceptions\HTTPException::forInvalidRedirectRoute('')
#1 C:\xampp\htdocs\comple\system\Common.php(845): CodeIgniter\HTTP\RedirectResponse->route(false)
#2 C:\xampp\htdocs\comple\app\Controllers\UsuarioController.php(37): redirect('escolares/inici...')
#3 C:\xampp\htdocs\comple\system\CodeIgniter.php(918): App\Controllers\UsuarioController->login()
#4 C:\xampp\htdocs\comple\system\CodeIgniter.php(404): CodeIgniter\CodeIgniter->runController(Object(App\Controllers\UsuarioController))
#5 C:\xampp\htdocs\comple\system\CodeIgniter.php(312): CodeIgniter\CodeIgniter->handleRequest(NULL, Object(Config\Cache), false)
#6 C:\xampp\htdocs\comple\index.php(45): CodeIgniter\CodeIgniter->run()
#7 {main}
>>>>>>> 3611fb1c059feee080f46a94208ed723350a29db
