CRITICAL - 2020-10-17 00:40:54 --> Undefined variable: session
#0 C:\xampp\htdocs\comple\app\Controllers\Responsable\InicioController.php(20): CodeIgniter\Debug\Exceptions->errorHandler(8, 'Undefined varia...', 'C:\\xampp\\htdocs...', 20, Array)
#1 C:\xampp\htdocs\comple\system\CodeIgniter.php(918): App\Controllers\Responsable\InicioController->index()
#2 C:\xampp\htdocs\comple\system\CodeIgniter.php(404): CodeIgniter\CodeIgniter->runController(Object(App\Controllers\Responsable\InicioController))
#3 C:\xampp\htdocs\comple\system\CodeIgniter.php(312): CodeIgniter\CodeIgniter->handleRequest(NULL, Object(Config\Cache), false)
#4 C:\xampp\htdocs\comple\index.php(45): CodeIgniter\CodeIgniter->run()
#5 {main}
CRITICAL - 2020-10-17 00:43:56 --> Undefined variable: session
#0 C:\xampp\htdocs\comple\app\Controllers\Responsable\InicioController.php(21): CodeIgniter\Debug\Exceptions->errorHandler(8, 'Undefined varia...', 'C:\\xampp\\htdocs...', 21, Array)
#1 C:\xampp\htdocs\comple\system\CodeIgniter.php(918): App\Controllers\Responsable\InicioController->index()
#2 C:\xampp\htdocs\comple\system\CodeIgniter.php(404): CodeIgniter\CodeIgniter->runController(Object(App\Controllers\Responsable\InicioController))
#3 C:\xampp\htdocs\comple\system\CodeIgniter.php(312): CodeIgniter\CodeIgniter->handleRequest(NULL, Object(Config\Cache), false)
#4 C:\xampp\htdocs\comple\index.php(45): CodeIgniter\CodeIgniter->run()
#5 {main}
CRITICAL - 2020-10-17 00:44:54 --> Undefined variable: session
#0 C:\xampp\htdocs\comple\app\Controllers\Responsable\InicioController.php(22): CodeIgniter\Debug\Exceptions->errorHandler(8, 'Undefined varia...', 'C:\\xampp\\htdocs...', 22, Array)
#1 C:\xampp\htdocs\comple\system\CodeIgniter.php(918): App\Controllers\Responsable\InicioController->index()
#2 C:\xampp\htdocs\comple\system\CodeIgniter.php(404): CodeIgniter\CodeIgniter->runController(Object(App\Controllers\Responsable\InicioController))
#3 C:\xampp\htdocs\comple\system\CodeIgniter.php(312): CodeIgniter\CodeIgniter->handleRequest(NULL, Object(Config\Cache), false)
#4 C:\xampp\htdocs\comple\index.php(45): CodeIgniter\CodeIgniter->run()
#5 {main}
CRITICAL - 2020-10-17 00:44:56 --> Undefined variable: session
#0 C:\xampp\htdocs\comple\app\Controllers\Responsable\InicioController.php(22): CodeIgniter\Debug\Exceptions->errorHandler(8, 'Undefined varia...', 'C:\\xampp\\htdocs...', 22, Array)
#1 C:\xampp\htdocs\comple\system\CodeIgniter.php(918): App\Controllers\Responsable\InicioController->index()
#2 C:\xampp\htdocs\comple\system\CodeIgniter.php(404): CodeIgniter\CodeIgniter->runController(Object(App\Controllers\Responsable\InicioController))
#3 C:\xampp\htdocs\comple\system\CodeIgniter.php(312): CodeIgniter\CodeIgniter->handleRequest(NULL, Object(Config\Cache), false)
#4 C:\xampp\htdocs\comple\index.php(45): CodeIgniter\CodeIgniter->run()
#5 {main}
CRITICAL - 2020-10-17 00:48:58 --> Undefined variable: session
#0 C:\xampp\htdocs\comple\app\Controllers\Responsable\InicioController.php(22): CodeIgniter\Debug\Exceptions->errorHandler(8, 'Undefined varia...', 'C:\\xampp\\htdocs...', 22, Array)
#1 C:\xampp\htdocs\comple\system\CodeIgniter.php(918): App\Controllers\Responsable\InicioController->index()
#2 C:\xampp\htdocs\comple\system\CodeIgniter.php(404): CodeIgniter\CodeIgniter->runController(Object(App\Controllers\Responsable\InicioController))
#3 C:\xampp\htdocs\comple\system\CodeIgniter.php(312): CodeIgniter\CodeIgniter->handleRequest(NULL, Object(Config\Cache), false)
#4 C:\xampp\htdocs\comple\index.php(45): CodeIgniter\CodeIgniter->run()
#5 {main}
CRITICAL - 2020-10-17 00:55:48 --> Undefined variable: session
#0 C:\xampp\htdocs\comple\app\Controllers\Responsable\InicioController.php(47): CodeIgniter\Debug\Exceptions->errorHandler(8, 'Undefined varia...', 'C:\\xampp\\htdocs...', 47, Array)
#1 C:\xampp\htdocs\comple\system\CodeIgniter.php(918): App\Controllers\Responsable\InicioController->index()
#2 C:\xampp\htdocs\comple\system\CodeIgniter.php(404): CodeIgniter\CodeIgniter->runController(Object(App\Controllers\Responsable\InicioController))
#3 C:\xampp\htdocs\comple\system\CodeIgniter.php(312): CodeIgniter\CodeIgniter->handleRequest(NULL, Object(Config\Cache), false)
#4 C:\xampp\htdocs\comple\index.php(45): CodeIgniter\CodeIgniter->run()
#5 {main}
CRITICAL - 2020-10-17 01:07:52 --> syntax error, unexpected 'if' (T_IF), expecting ';' or '{'
#0 C:\xampp\htdocs\comple\system\Autoloader\Autoloader.php(296): CodeIgniter\Autoloader\Autoloader->requireFile('C:\\xampp\\htdocs...')
#1 C:\xampp\htdocs\comple\system\Autoloader\Autoloader.php(258): CodeIgniter\Autoloader\Autoloader->loadInNamespace('App\\Controllers...')
#2 [internal function]: CodeIgniter\Autoloader\Autoloader->loadClass('App\\Controllers...')
#3 [internal function]: spl_autoload_call('App\\Controllers...')
#4 C:\xampp\htdocs\comple\system\CodeIgniter.php(869): class_exists('\\App\\Controller...', true)
#5 C:\xampp\htdocs\comple\system\CodeIgniter.php(394): CodeIgniter\CodeIgniter->startController()
#6 C:\xampp\htdocs\comple\system\CodeIgniter.php(312): CodeIgniter\CodeIgniter->handleRequest(NULL, Object(Config\Cache), false)
#7 C:\xampp\htdocs\comple\index.php(45): CodeIgniter\CodeIgniter->run()
#8 {main}
CRITICAL - 2020-10-17 01:08:18 --> Undefined variable: session
#0 C:\xampp\htdocs\comple\app\Controllers\Responsable\InicioController.php(26): CodeIgniter\Debug\Exceptions->errorHandler(8, 'Undefined varia...', 'C:\\xampp\\htdocs...', 26, Array)
#1 C:\xampp\htdocs\comple\system\CodeIgniter.php(918): App\Controllers\Responsable\InicioController->index()
#2 C:\xampp\htdocs\comple\system\CodeIgniter.php(404): CodeIgniter\CodeIgniter->runController(Object(App\Controllers\Responsable\InicioController))
#3 C:\xampp\htdocs\comple\system\CodeIgniter.php(312): CodeIgniter\CodeIgniter->handleRequest(NULL, Object(Config\Cache), false)
#4 C:\xampp\htdocs\comple\index.php(45): CodeIgniter\CodeIgniter->run()
#5 {main}
CRITICAL - 2020-10-17 15:06:16 --> Call to a member function getActividades() on null
#0 C:\xampp\htdocs\comple\system\CodeIgniter.php(918): App\Controllers\Responsable\InicioController->index()
#1 C:\xampp\htdocs\comple\system\CodeIgniter.php(404): CodeIgniter\CodeIgniter->runController(Object(App\Controllers\Responsable\InicioController))
#2 C:\xampp\htdocs\comple\system\CodeIgniter.php(312): CodeIgniter\CodeIgniter->handleRequest(NULL, Object(Config\Cache), false)
#3 C:\xampp\htdocs\comple\index.php(45): CodeIgniter\CodeIgniter->run()
#4 {main}
CRITICAL - 2020-10-17 15:24:34 --> Table 'acitp_complementarias.id_tipo_actividad' doesn't exist
#0 C:\xampp\htdocs\comple\system\Database\MySQLi\Connection.php(331): mysqli->query('SELECT *\nFROM `...')
#1 C:\xampp\htdocs\comple\system\Database\BaseConnection.php(741): CodeIgniter\Database\MySQLi\Connection->execute('SELECT *\nFROM `...')
#2 C:\xampp\htdocs\comple\system\Database\BaseConnection.php(669): CodeIgniter\Database\BaseConnection->simpleQuery('SELECT *\nFROM `...')
#3 C:\xampp\htdocs\comple\system\Database\BaseBuilder.php(1860): CodeIgniter\Database\BaseConnection->query('SELECT *\nFROM `...', Array, false)
#4 C:\xampp\htdocs\comple\app\Models\Responsable\InicioModel.php(20): CodeIgniter\Database\BaseBuilder->get()
#5 C:\xampp\htdocs\comple\app\Controllers\Responsable\InicioController.php(28): App\Models\Responsable\InicioModel->getActividadesPorResponsable('SSADG123GH12E')
#6 C:\xampp\htdocs\comple\system\CodeIgniter.php(918): App\Controllers\Responsable\InicioController->index()
#7 C:\xampp\htdocs\comple\system\CodeIgniter.php(404): CodeIgniter\CodeIgniter->runController(Object(App\Controllers\Responsable\InicioController))
#8 C:\xampp\htdocs\comple\system\CodeIgniter.php(312): CodeIgniter\CodeIgniter->handleRequest(NULL, Object(Config\Cache), false)
#9 C:\xampp\htdocs\comple\index.php(45): CodeIgniter\CodeIgniter->run()
#10 {main}
CRITICAL - 2020-10-17 15:25:24 --> Table 'acitp_complementarias.id_tipo_actividad' doesn't exist
#0 C:\xampp\htdocs\comple\system\Database\MySQLi\Connection.php(331): mysqli->query('SELECT *\nFROM `...')
#1 C:\xampp\htdocs\comple\system\Database\BaseConnection.php(741): CodeIgniter\Database\MySQLi\Connection->execute('SELECT *\nFROM `...')
#2 C:\xampp\htdocs\comple\system\Database\BaseConnection.php(669): CodeIgniter\Database\BaseConnection->simpleQuery('SELECT *\nFROM `...')
#3 C:\xampp\htdocs\comple\system\Database\BaseBuilder.php(1860): CodeIgniter\Database\BaseConnection->query('SELECT *\nFROM `...', Array, false)
#4 C:\xampp\htdocs\comple\app\Models\Responsable\InicioModel.php(20): CodeIgniter\Database\BaseBuilder->get()
#5 C:\xampp\htdocs\comple\app\Controllers\Responsable\InicioController.php(28): App\Models\Responsable\InicioModel->getActividadesPorResponsable('SSADG123GH12E')
#6 C:\xampp\htdocs\comple\system\CodeIgniter.php(918): App\Controllers\Responsable\InicioController->index()
#7 C:\xampp\htdocs\comple\system\CodeIgniter.php(404): CodeIgniter\CodeIgniter->runController(Object(App\Controllers\Responsable\InicioController))
#8 C:\xampp\htdocs\comple\system\CodeIgniter.php(312): CodeIgniter\CodeIgniter->handleRequest(NULL, Object(Config\Cache), false)
#9 C:\xampp\htdocs\comple\index.php(45): CodeIgniter\CodeIgniter->run()
#10 {main}
CRITICAL - 2020-10-17 15:34:52 --> Undefined property: stdClass::$periodo_descripcion
#0 C:\xampp\htdocs\comple\app\Views\Responsable\Actividades\listar.php(46): CodeIgniter\Debug\Exceptions->errorHandler(8, 'Undefined prope...', 'C:\\xampp\\htdocs...', 46, Array)
#1 C:\xampp\htdocs\comple\system\View\View.php(246): include('C:\\xampp\\htdocs...')
#2 C:\xampp\htdocs\comple\system\Common.php(1119): CodeIgniter\View\View->render('Responsable/Act...', Array, true)
#3 C:\xampp\htdocs\comple\app\Controllers\Responsable\InicioController.php(47): view('Responsable/Act...', Array)
#4 C:\xampp\htdocs\comple\system\CodeIgniter.php(918): App\Controllers\Responsable\InicioController->index()
#5 C:\xampp\htdocs\comple\system\CodeIgniter.php(404): CodeIgniter\CodeIgniter->runController(Object(App\Controllers\Responsable\InicioController))
#6 C:\xampp\htdocs\comple\system\CodeIgniter.php(312): CodeIgniter\CodeIgniter->handleRequest(NULL, Object(Config\Cache), false)
#7 C:\xampp\htdocs\comple\index.php(45): CodeIgniter\CodeIgniter->run()
#8 {main}
CRITICAL - 2020-10-17 15:37:14 --> Undefined property: stdClass::$tipo_actividad
#0 C:\xampp\htdocs\comple\app\Views\Responsable\Actividades\listar.php(47): CodeIgniter\Debug\Exceptions->errorHandler(8, 'Undefined prope...', 'C:\\xampp\\htdocs...', 47, Array)
#1 C:\xampp\htdocs\comple\system\View\View.php(246): include('C:\\xampp\\htdocs...')
#2 C:\xampp\htdocs\comple\system\Common.php(1119): CodeIgniter\View\View->render('Responsable/Act...', Array, true)
#3 C:\xampp\htdocs\comple\app\Controllers\Responsable\InicioController.php(47): view('Responsable/Act...', Array)
#4 C:\xampp\htdocs\comple\system\CodeIgniter.php(918): App\Controllers\Responsable\InicioController->index()
#5 C:\xampp\htdocs\comple\system\CodeIgniter.php(404): CodeIgniter\CodeIgniter->runController(Object(App\Controllers\Responsable\InicioController))
#6 C:\xampp\htdocs\comple\system\CodeIgniter.php(312): CodeIgniter\CodeIgniter->handleRequest(NULL, Object(Config\Cache), false)
#7 C:\xampp\htdocs\comple\index.php(45): CodeIgniter\CodeIgniter->run()
#8 {main}
CRITICAL - 2020-10-17 16:14:25 --> Call to undefined method App\Models\Responsable\InicioModel::getActividadesPorRfc
#0 C:\xampp\htdocs\comple\app\Services\Responsable\InicioService.php(29): CodeIgniter\Model->__call('getActividadesP...', Array)
#1 C:\xampp\htdocs\comple\app\Controllers\Responsable\InicioController.php(31): App\Services\Responsable\InicioService->getActividadesPorRfc(true)
#2 C:\xampp\htdocs\comple\system\CodeIgniter.php(918): App\Controllers\Responsable\InicioController->index()
#3 C:\xampp\htdocs\comple\system\CodeIgniter.php(404): CodeIgniter\CodeIgniter->runController(Object(App\Controllers\Responsable\InicioController))
#4 C:\xampp\htdocs\comple\system\CodeIgniter.php(312): CodeIgniter\CodeIgniter->handleRequest(NULL, Object(Config\Cache), false)
#5 C:\xampp\htdocs\comple\index.php(45): CodeIgniter\CodeIgniter->run()
#6 {main}
CRITICAL - 2020-10-17 16:23:48 --> Undefined property: App\Controllers\Responsable\InicioController::$inicioservice
#0 C:\xampp\htdocs\comple\app\Controllers\Responsable\InicioController.php(28): CodeIgniter\Debug\Exceptions->errorHandler(8, 'Undefined prope...', 'C:\\xampp\\htdocs...', 28, Array)
#1 C:\xampp\htdocs\comple\system\CodeIgniter.php(918): App\Controllers\Responsable\InicioController->index()
#2 C:\xampp\htdocs\comple\system\CodeIgniter.php(404): CodeIgniter\CodeIgniter->runController(Object(App\Controllers\Responsable\InicioController))
#3 C:\xampp\htdocs\comple\system\CodeIgniter.php(312): CodeIgniter\CodeIgniter->handleRequest(NULL, Object(Config\Cache), false)
#4 C:\xampp\htdocs\comple\index.php(45): CodeIgniter\CodeIgniter->run()
#5 {main}
CRITICAL - 2020-10-17 16:25:13 --> Undefined property: App\Controllers\Responsable\InicioController::$inicioservice
#0 C:\xampp\htdocs\comple\app\Controllers\Responsable\InicioController.php(31): CodeIgniter\Debug\Exceptions->errorHandler(8, 'Undefined prope...', 'C:\\xampp\\htdocs...', 31, Array)
#1 C:\xampp\htdocs\comple\system\CodeIgniter.php(918): App\Controllers\Responsable\InicioController->index()
#2 C:\xampp\htdocs\comple\system\CodeIgniter.php(404): CodeIgniter\CodeIgniter->runController(Object(App\Controllers\Responsable\InicioController))
#3 C:\xampp\htdocs\comple\system\CodeIgniter.php(312): CodeIgniter\CodeIgniter->handleRequest(NULL, Object(Config\Cache), false)
#4 C:\xampp\htdocs\comple\index.php(45): CodeIgniter\CodeIgniter->run()
#5 {main}
CRITICAL - 2020-10-17 16:25:30 --> Undefined property: App\Controllers\Responsable\InicioController::$inicioservice
#0 C:\xampp\htdocs\comple\app\Controllers\Responsable\InicioController.php(31): CodeIgniter\Debug\Exceptions->errorHandler(8, 'Undefined prope...', 'C:\\xampp\\htdocs...', 31, Array)
#1 C:\xampp\htdocs\comple\system\CodeIgniter.php(918): App\Controllers\Responsable\InicioController->index()
#2 C:\xampp\htdocs\comple\system\CodeIgniter.php(404): CodeIgniter\CodeIgniter->runController(Object(App\Controllers\Responsable\InicioController))
#3 C:\xampp\htdocs\comple\system\CodeIgniter.php(312): CodeIgniter\CodeIgniter->handleRequest(NULL, Object(Config\Cache), false)
#4 C:\xampp\htdocs\comple\index.php(45): CodeIgniter\CodeIgniter->run()
#5 {main}
CRITICAL - 2020-10-17 16:25:59 --> Undefined property: App\Controllers\Responsable\InicioController::$actividadservice
#0 C:\xampp\htdocs\comple\app\Controllers\Responsable\InicioController.php(31): CodeIgniter\Debug\Exceptions->errorHandler(8, 'Undefined prope...', 'C:\\xampp\\htdocs...', 31, Array)
#1 C:\xampp\htdocs\comple\system\CodeIgniter.php(918): App\Controllers\Responsable\InicioController->index()
#2 C:\xampp\htdocs\comple\system\CodeIgniter.php(404): CodeIgniter\CodeIgniter->runController(Object(App\Controllers\Responsable\InicioController))
#3 C:\xampp\htdocs\comple\system\CodeIgniter.php(312): CodeIgniter\CodeIgniter->handleRequest(NULL, Object(Config\Cache), false)
#4 C:\xampp\htdocs\comple\index.php(45): CodeIgniter\CodeIgniter->run()
#5 {main}
CRITICAL - 2020-10-17 16:26:39 --> Undefined property: App\Controllers\Responsable\InicioController::$actividadservice
#0 C:\xampp\htdocs\comple\app\Controllers\Responsable\InicioController.php(31): CodeIgniter\Debug\Exceptions->errorHandler(8, 'Undefined prope...', 'C:\\xampp\\htdocs...', 31, Array)
#1 C:\xampp\htdocs\comple\system\CodeIgniter.php(918): App\Controllers\Responsable\InicioController->index()
#2 C:\xampp\htdocs\comple\system\CodeIgniter.php(404): CodeIgniter\CodeIgniter->runController(Object(App\Controllers\Responsable\InicioController))
#3 C:\xampp\htdocs\comple\system\CodeIgniter.php(312): CodeIgniter\CodeIgniter->handleRequest(NULL, Object(Config\Cache), false)
#4 C:\xampp\htdocs\comple\index.php(45): CodeIgniter\CodeIgniter->run()
#5 {main}
CRITICAL - 2020-10-17 16:33:14 --> Call to undefined method App\Services\Responsable\ActividadService::getActividadesPorResponsable()
#0 C:\xampp\htdocs\comple\system\CodeIgniter.php(918): App\Controllers\Responsable\InicioController->index()
#1 C:\xampp\htdocs\comple\system\CodeIgniter.php(404): CodeIgniter\CodeIgniter->runController(Object(App\Controllers\Responsable\InicioController))
#2 C:\xampp\htdocs\comple\system\CodeIgniter.php(312): CodeIgniter\CodeIgniter->handleRequest(NULL, Object(Config\Cache), false)
#3 C:\xampp\htdocs\comple\index.php(45): CodeIgniter\CodeIgniter->run()
#4 {main}
CRITICAL - 2020-10-17 16:39:46 --> Undefined variable: actividades
#0 C:\xampp\htdocs\comple\app\Controllers\Responsable\InicioController.php(40): CodeIgniter\Debug\Exceptions->errorHandler(8, 'Undefined varia...', 'C:\\xampp\\htdocs...', 40, Array)
#1 C:\xampp\htdocs\comple\system\CodeIgniter.php(918): App\Controllers\Responsable\InicioController->index()
#2 C:\xampp\htdocs\comple\system\CodeIgniter.php(404): CodeIgniter\CodeIgniter->runController(Object(App\Controllers\Responsable\InicioController))
#3 C:\xampp\htdocs\comple\system\CodeIgniter.php(312): CodeIgniter\CodeIgniter->handleRequest(NULL, Object(Config\Cache), false)
#4 C:\xampp\htdocs\comple\index.php(45): CodeIgniter\CodeIgniter->run()
#5 {main}
CRITICAL - 2020-10-17 16:40:28 --> Call to a member function getActividadesPorResponsable() on null
#0 C:\xampp\htdocs\comple\system\CodeIgniter.php(918): App\Controllers\Responsable\InicioController->index()
#1 C:\xampp\htdocs\comple\system\CodeIgniter.php(404): CodeIgniter\CodeIgniter->runController(Object(App\Controllers\Responsable\InicioController))
#2 C:\xampp\htdocs\comple\system\CodeIgniter.php(312): CodeIgniter\CodeIgniter->handleRequest(NULL, Object(Config\Cache), false)
#3 C:\xampp\htdocs\comple\index.php(45): CodeIgniter\CodeIgniter->run()
#4 {main}
CRITICAL - 2020-10-17 16:40:32 --> Call to a member function getActividadesPorResponsable() on null
#0 C:\xampp\htdocs\comple\system\CodeIgniter.php(918): App\Controllers\Responsable\InicioController->index()
#1 C:\xampp\htdocs\comple\system\CodeIgniter.php(404): CodeIgniter\CodeIgniter->runController(Object(App\Controllers\Responsable\InicioController))
#2 C:\xampp\htdocs\comple\system\CodeIgniter.php(312): CodeIgniter\CodeIgniter->handleRequest(NULL, Object(Config\Cache), false)
#3 C:\xampp\htdocs\comple\index.php(45): CodeIgniter\CodeIgniter->run()
#4 {main}
CRITICAL - 2020-10-17 16:40:34 --> Call to a member function getActividadesPorResponsable() on null
#0 C:\xampp\htdocs\comple\system\CodeIgniter.php(918): App\Controllers\Responsable\InicioController->index()
#1 C:\xampp\htdocs\comple\system\CodeIgniter.php(404): CodeIgniter\CodeIgniter->runController(Object(App\Controllers\Responsable\InicioController))
#2 C:\xampp\htdocs\comple\system\CodeIgniter.php(312): CodeIgniter\CodeIgniter->handleRequest(NULL, Object(Config\Cache), false)
#3 C:\xampp\htdocs\comple\index.php(45): CodeIgniter\CodeIgniter->run()
#4 {main}
CRITICAL - 2020-10-17 16:41:46 --> Undefined property: App\Controllers\Responsable\InicioController::$inicioModel
#0 C:\xampp\htdocs\comple\app\Controllers\Responsable\InicioController.php(27): CodeIgniter\Debug\Exceptions->errorHandler(8, 'Undefined prope...', 'C:\\xampp\\htdocs...', 27, Array)
#1 C:\xampp\htdocs\comple\system\CodeIgniter.php(918): App\Controllers\Responsable\InicioController->index()
#2 C:\xampp\htdocs\comple\system\CodeIgniter.php(404): CodeIgniter\CodeIgniter->runController(Object(App\Controllers\Responsable\InicioController))
#3 C:\xampp\htdocs\comple\system\CodeIgniter.php(312): CodeIgniter\CodeIgniter->handleRequest(NULL, Object(Config\Cache), false)
#4 C:\xampp\htdocs\comple\index.php(45): CodeIgniter\CodeIgniter->run()
#5 {main}
CRITICAL - 2020-10-17 19:39:53 --> Class 'App\Services\Responsable\ActividadService' not found
#0 C:\xampp\htdocs\comple\system\CodeIgniter.php(890): App\Controllers\Responsable\InicioController->__construct()
#1 C:\xampp\htdocs\comple\system\CodeIgniter.php(399): CodeIgniter\CodeIgniter->createController()
#2 C:\xampp\htdocs\comple\system\CodeIgniter.php(312): CodeIgniter\CodeIgniter->handleRequest(NULL, Object(Config\Cache), false)
#3 C:\xampp\htdocs\comple\index.php(45): CodeIgniter\CodeIgniter->run()
#4 {main}
CRITICAL - 2020-10-17 20:42:50 --> syntax error, unexpected 'else' (T_ELSE)
#0 C:\xampp\htdocs\comple\system\Autoloader\Autoloader.php(296): CodeIgniter\Autoloader\Autoloader->requireFile('C:\\xampp\\htdocs...')
#1 C:\xampp\htdocs\comple\system\Autoloader\Autoloader.php(258): CodeIgniter\Autoloader\Autoloader->loadInNamespace('App\\Controllers...')
#2 [internal function]: CodeIgniter\Autoloader\Autoloader->loadClass('App\\Controllers...')
#3 [internal function]: spl_autoload_call('App\\Controllers...')
#4 C:\xampp\htdocs\comple\system\CodeIgniter.php(869): class_exists('\\App\\Controller...', true)
#5 C:\xampp\htdocs\comple\system\CodeIgniter.php(394): CodeIgniter\CodeIgniter->startController()
#6 C:\xampp\htdocs\comple\system\CodeIgniter.php(312): CodeIgniter\CodeIgniter->handleRequest(NULL, Object(Config\Cache), false)
#7 C:\xampp\htdocs\comple\index.php(45): CodeIgniter\CodeIgniter->run()
#8 {main}
CRITICAL - 2020-10-17 20:44:28 --> syntax error, unexpected end of file, expecting function (T_FUNCTION) or const (T_CONST)
#0 C:\xampp\htdocs\comple\system\Autoloader\Autoloader.php(296): CodeIgniter\Autoloader\Autoloader->requireFile('C:\\xampp\\htdocs...')
#1 C:\xampp\htdocs\comple\system\Autoloader\Autoloader.php(258): CodeIgniter\Autoloader\Autoloader->loadInNamespace('App\\Controllers...')
#2 [internal function]: CodeIgniter\Autoloader\Autoloader->loadClass('App\\Controllers...')
#3 [internal function]: spl_autoload_call('App\\Controllers...')
#4 C:\xampp\htdocs\comple\system\CodeIgniter.php(869): class_exists('\\App\\Controller...', true)
#5 C:\xampp\htdocs\comple\system\CodeIgniter.php(394): CodeIgniter\CodeIgniter->startController()
#6 C:\xampp\htdocs\comple\system\CodeIgniter.php(312): CodeIgniter\CodeIgniter->handleRequest(NULL, Object(Config\Cache), false)
#7 C:\xampp\htdocs\comple\index.php(45): CodeIgniter\CodeIgniter->run()
#8 {main}
CRITICAL - 2020-10-17 23:55:43 --> Undefined property: stdClass::$id_actividad
#0 C:\xampp\htdocs\comple\app\Views\Responsable\Actividades\listar.php(59): CodeIgniter\Debug\Exceptions->errorHandler(8, 'Undefined prope...', 'C:\\xampp\\htdocs...', 59, Array)
#1 C:\xampp\htdocs\comple\system\View\View.php(246): include('C:\\xampp\\htdocs...')
#2 C:\xampp\htdocs\comple\system\Common.php(1119): CodeIgniter\View\View->render('Responsable/Act...', Array, true)
#3 C:\xampp\htdocs\comple\app\Controllers\Responsable\InicioController.php(24): view('Responsable/Act...', Array)
#4 C:\xampp\htdocs\comple\system\CodeIgniter.php(918): App\Controllers\Responsable\InicioController->index()
#5 C:\xampp\htdocs\comple\system\CodeIgniter.php(404): CodeIgniter\CodeIgniter->runController(Object(App\Controllers\Responsable\InicioController))
#6 C:\xampp\htdocs\comple\system\CodeIgniter.php(312): CodeIgniter\CodeIgniter->handleRequest(NULL, Object(Config\Cache), false)
#7 C:\xampp\htdocs\comple\index.php(45): CodeIgniter\CodeIgniter->run()
#8 {main}
CRITICAL - 2020-10-17 23:56:39 --> Undefined variable: responsable
#0 C:\xampp\htdocs\comple\app\Views\Responsable\Actividades\listar.php(59): CodeIgniter\Debug\Exceptions->errorHandler(8, 'Undefined varia...', 'C:\\xampp\\htdocs...', 59, Array)
#1 C:\xampp\htdocs\comple\system\View\View.php(246): include('C:\\xampp\\htdocs...')
#2 C:\xampp\htdocs\comple\system\Common.php(1119): CodeIgniter\View\View->render('Responsable/Act...', Array, true)
#3 C:\xampp\htdocs\comple\app\Controllers\Responsable\InicioController.php(24): view('Responsable/Act...', Array)
#4 C:\xampp\htdocs\comple\system\CodeIgniter.php(918): App\Controllers\Responsable\InicioController->index()
#5 C:\xampp\htdocs\comple\system\CodeIgniter.php(404): CodeIgniter\CodeIgniter->runController(Object(App\Controllers\Responsable\InicioController))
#6 C:\xampp\htdocs\comple\system\CodeIgniter.php(312): CodeIgniter\CodeIgniter->handleRequest(NULL, Object(Config\Cache), false)
#7 C:\xampp\htdocs\comple\index.php(45): CodeIgniter\CodeIgniter->run()
#8 {main}
