<<<<<<< HEAD
CRITICAL - 2020-10-14 14:51:44 --> unlink(C:\xampp\htdocs\comple\writable\debugbar/debugbar_1602560740.json): No such file or directory
#0 [internal function]: CodeIgniter\Debug\Exceptions->errorHandler(2, 'unlink(C:\\xampp...', 'C:\\xampp\\htdocs...', 106, Array)
#1 C:\xampp\htdocs\comple\system\Debug\Toolbar\Collectors\History.php(106): unlink('C:\\xampp\\htdocs...')
#2 C:\xampp\htdocs\comple\system\Debug\Toolbar.php(483): CodeIgniter\Debug\Toolbar\Collectors\History->setFiles(1602705104, 20)
#3 C:\xampp\htdocs\comple\system\Debug\Toolbar.php(455): CodeIgniter\Debug\Toolbar->format(Array, 'html')
#4 C:\xampp\htdocs\comple\app\Config\Events.php(50): CodeIgniter\Debug\Toolbar->respond()
#5 [internal function]: CodeIgniter\Events\Events::Config\{closure}()
#6 C:\xampp\htdocs\comple\system\Events\Events.php(188): call_user_func(Object(Closure))
#7 C:\xampp\htdocs\comple\system\CodeIgniter.php(293): CodeIgniter\Events\Events::trigger('pre_system')
#8 C:\xampp\htdocs\comple\index.php(45): CodeIgniter\CodeIgniter->run()
#9 {main}
=======
CRITICAL - 2020-10-14 19:21:08 --> Trying to get property 'rfc_responsable' of non-object
#0 C:\xampp\htdocs\comple\app\Views\Responsable\navbar.php(7): CodeIgniter\Debug\Exceptions->errorHandler(8, 'Trying to get p...', 'C:\\xampp\\htdocs...', 7, Array)
#1 C:\xampp\htdocs\comple\system\View\View.php(246): include('C:\\xampp\\htdocs...')
#2 C:\xampp\htdocs\comple\system\Common.php(1119): CodeIgniter\View\View->render('Responsable/nav...', Array, true)
#3 C:\xampp\htdocs\comple\app\Controllers\Responsable\InicioController.php(14): view('Responsable/nav...', Array)
#4 C:\xampp\htdocs\comple\system\CodeIgniter.php(918): App\Controllers\Responsable\InicioController->index()
#5 C:\xampp\htdocs\comple\system\CodeIgniter.php(404): CodeIgniter\CodeIgniter->runController(Object(App\Controllers\Responsable\InicioController))
#6 C:\xampp\htdocs\comple\system\CodeIgniter.php(312): CodeIgniter\CodeIgniter->handleRequest(NULL, Object(Config\Cache), false)
#7 C:\xampp\htdocs\comple\index.php(45): CodeIgniter\CodeIgniter->run()
#8 {main}
CRITICAL - 2020-10-14 19:21:30 --> Trying to get property 'rfc_responsable' of non-object
#0 C:\xampp\htdocs\comple\app\Views\Responsable\navbar.php(7): CodeIgniter\Debug\Exceptions->errorHandler(8, 'Trying to get p...', 'C:\\xampp\\htdocs...', 7, Array)
#1 C:\xampp\htdocs\comple\system\View\View.php(246): include('C:\\xampp\\htdocs...')
#2 C:\xampp\htdocs\comple\system\Common.php(1119): CodeIgniter\View\View->render('Responsable/nav...', Array, true)
#3 C:\xampp\htdocs\comple\app\Controllers\Responsable\InicioController.php(14): view('Responsable/nav...', Array)
#4 C:\xampp\htdocs\comple\system\CodeIgniter.php(918): App\Controllers\Responsable\InicioController->index()
#5 C:\xampp\htdocs\comple\system\CodeIgniter.php(404): CodeIgniter\CodeIgniter->runController(Object(App\Controllers\Responsable\InicioController))
#6 C:\xampp\htdocs\comple\system\CodeIgniter.php(312): CodeIgniter\CodeIgniter->handleRequest(NULL, Object(Config\Cache), false)
#7 C:\xampp\htdocs\comple\index.php(45): CodeIgniter\CodeIgniter->run()
#8 {main}
CRITICAL - 2020-10-14 19:23:33 --> Trying to get property 'rfc_responsable' of non-object
#0 C:\xampp\htdocs\comple\app\Views\Responsable\navbar.php(7): CodeIgniter\Debug\Exceptions->errorHandler(8, 'Trying to get p...', 'C:\\xampp\\htdocs...', 7, Array)
#1 C:\xampp\htdocs\comple\system\View\View.php(246): include('C:\\xampp\\htdocs...')
#2 C:\xampp\htdocs\comple\system\Common.php(1119): CodeIgniter\View\View->render('Responsable/nav...', Array, true)
#3 C:\xampp\htdocs\comple\app\Controllers\Responsable\InicioController.php(14): view('Responsable/nav...', Array)
#4 C:\xampp\htdocs\comple\system\CodeIgniter.php(918): App\Controllers\Responsable\InicioController->index()
#5 C:\xampp\htdocs\comple\system\CodeIgniter.php(404): CodeIgniter\CodeIgniter->runController(Object(App\Controllers\Responsable\InicioController))
#6 C:\xampp\htdocs\comple\system\CodeIgniter.php(312): CodeIgniter\CodeIgniter->handleRequest(NULL, Object(Config\Cache), false)
#7 C:\xampp\htdocs\comple\index.php(45): CodeIgniter\CodeIgniter->run()
#8 {main}
CRITICAL - 2020-10-14 19:25:30 --> Trying to get property 'rfc_responsable' of non-object
#0 C:\xampp\htdocs\comple\app\Views\Responsable\navbar.php(7): CodeIgniter\Debug\Exceptions->errorHandler(8, 'Trying to get p...', 'C:\\xampp\\htdocs...', 7, Array)
#1 C:\xampp\htdocs\comple\system\View\View.php(246): include('C:\\xampp\\htdocs...')
#2 C:\xampp\htdocs\comple\system\Common.php(1119): CodeIgniter\View\View->render('Responsable/nav...', Array, true)
#3 C:\xampp\htdocs\comple\app\Controllers\Responsable\InicioController.php(14): view('Responsable/nav...', Array)
#4 C:\xampp\htdocs\comple\system\CodeIgniter.php(918): App\Controllers\Responsable\InicioController->index()
#5 C:\xampp\htdocs\comple\system\CodeIgniter.php(404): CodeIgniter\CodeIgniter->runController(Object(App\Controllers\Responsable\InicioController))
#6 C:\xampp\htdocs\comple\system\CodeIgniter.php(312): CodeIgniter\CodeIgniter->handleRequest(NULL, Object(Config\Cache), false)
#7 C:\xampp\htdocs\comple\index.php(45): CodeIgniter\CodeIgniter->run()
#8 {main}
CRITICAL - 2020-10-14 19:25:32 --> Trying to get property 'rfc_responsable' of non-object
#0 C:\xampp\htdocs\comple\app\Views\Responsable\navbar.php(7): CodeIgniter\Debug\Exceptions->errorHandler(8, 'Trying to get p...', 'C:\\xampp\\htdocs...', 7, Array)
#1 C:\xampp\htdocs\comple\system\View\View.php(246): include('C:\\xampp\\htdocs...')
#2 C:\xampp\htdocs\comple\system\Common.php(1119): CodeIgniter\View\View->render('Responsable/nav...', Array, true)
#3 C:\xampp\htdocs\comple\app\Controllers\Responsable\InicioController.php(14): view('Responsable/nav...', Array)
#4 C:\xampp\htdocs\comple\system\CodeIgniter.php(918): App\Controllers\Responsable\InicioController->index()
#5 C:\xampp\htdocs\comple\system\CodeIgniter.php(404): CodeIgniter\CodeIgniter->runController(Object(App\Controllers\Responsable\InicioController))
#6 C:\xampp\htdocs\comple\system\CodeIgniter.php(312): CodeIgniter\CodeIgniter->handleRequest(NULL, Object(Config\Cache), false)
#7 C:\xampp\htdocs\comple\index.php(45): CodeIgniter\CodeIgniter->run()
#8 {main}
CRITICAL - 2020-10-14 19:25:57 --> Trying to get property 'rfc_responsables' of non-object
#0 C:\xampp\htdocs\comple\app\Views\Responsable\navbar.php(7): CodeIgniter\Debug\Exceptions->errorHandler(8, 'Trying to get p...', 'C:\\xampp\\htdocs...', 7, Array)
#1 C:\xampp\htdocs\comple\system\View\View.php(246): include('C:\\xampp\\htdocs...')
#2 C:\xampp\htdocs\comple\system\Common.php(1119): CodeIgniter\View\View->render('Responsable/nav...', Array, true)
#3 C:\xampp\htdocs\comple\app\Controllers\Responsable\InicioController.php(14): view('Responsable/nav...', Array)
#4 C:\xampp\htdocs\comple\system\CodeIgniter.php(918): App\Controllers\Responsable\InicioController->index()
#5 C:\xampp\htdocs\comple\system\CodeIgniter.php(404): CodeIgniter\CodeIgniter->runController(Object(App\Controllers\Responsable\InicioController))
#6 C:\xampp\htdocs\comple\system\CodeIgniter.php(312): CodeIgniter\CodeIgniter->handleRequest(NULL, Object(Config\Cache), false)
#7 C:\xampp\htdocs\comple\index.php(45): CodeIgniter\CodeIgniter->run()
#8 {main}
CRITICAL - 2020-10-14 19:25:59 --> Trying to get property 'rfc_responsables' of non-object
#0 C:\xampp\htdocs\comple\app\Views\Responsable\navbar.php(7): CodeIgniter\Debug\Exceptions->errorHandler(8, 'Trying to get p...', 'C:\\xampp\\htdocs...', 7, Array)
#1 C:\xampp\htdocs\comple\system\View\View.php(246): include('C:\\xampp\\htdocs...')
#2 C:\xampp\htdocs\comple\system\Common.php(1119): CodeIgniter\View\View->render('Responsable/nav...', Array, true)
#3 C:\xampp\htdocs\comple\app\Controllers\Responsable\InicioController.php(14): view('Responsable/nav...', Array)
#4 C:\xampp\htdocs\comple\system\CodeIgniter.php(918): App\Controllers\Responsable\InicioController->index()
#5 C:\xampp\htdocs\comple\system\CodeIgniter.php(404): CodeIgniter\CodeIgniter->runController(Object(App\Controllers\Responsable\InicioController))
#6 C:\xampp\htdocs\comple\system\CodeIgniter.php(312): CodeIgniter\CodeIgniter->handleRequest(NULL, Object(Config\Cache), false)
#7 C:\xampp\htdocs\comple\index.php(45): CodeIgniter\CodeIgniter->run()
#8 {main}
CRITICAL - 2020-10-14 19:26:12 --> Trying to get property 'rfc_responsable' of non-object
#0 C:\xampp\htdocs\comple\app\Views\Responsable\navbar.php(7): CodeIgniter\Debug\Exceptions->errorHandler(8, 'Trying to get p...', 'C:\\xampp\\htdocs...', 7, Array)
#1 C:\xampp\htdocs\comple\system\View\View.php(246): include('C:\\xampp\\htdocs...')
#2 C:\xampp\htdocs\comple\system\Common.php(1119): CodeIgniter\View\View->render('Responsable/nav...', Array, true)
#3 C:\xampp\htdocs\comple\app\Controllers\Responsable\InicioController.php(14): view('Responsable/nav...', Array)
#4 C:\xampp\htdocs\comple\system\CodeIgniter.php(918): App\Controllers\Responsable\InicioController->index()
#5 C:\xampp\htdocs\comple\system\CodeIgniter.php(404): CodeIgniter\CodeIgniter->runController(Object(App\Controllers\Responsable\InicioController))
#6 C:\xampp\htdocs\comple\system\CodeIgniter.php(312): CodeIgniter\CodeIgniter->handleRequest(NULL, Object(Config\Cache), false)
#7 C:\xampp\htdocs\comple\index.php(45): CodeIgniter\CodeIgniter->run()
#8 {main}
CRITICAL - 2020-10-14 19:26:39 --> Trying to get property 'rfc_responsable' of non-object
#0 C:\xampp\htdocs\comple\app\Views\Responsable\navbar.php(7): CodeIgniter\Debug\Exceptions->errorHandler(8, 'Trying to get p...', 'C:\\xampp\\htdocs...', 7, Array)
#1 C:\xampp\htdocs\comple\system\View\View.php(246): include('C:\\xampp\\htdocs...')
#2 C:\xampp\htdocs\comple\system\Common.php(1119): CodeIgniter\View\View->render('Responsable/nav...', Array, true)
#3 C:\xampp\htdocs\comple\app\Controllers\Responsable\InicioController.php(14): view('Responsable/nav...', Array)
#4 C:\xampp\htdocs\comple\system\CodeIgniter.php(918): App\Controllers\Responsable\InicioController->index()
#5 C:\xampp\htdocs\comple\system\CodeIgniter.php(404): CodeIgniter\CodeIgniter->runController(Object(App\Controllers\Responsable\InicioController))
#6 C:\xampp\htdocs\comple\system\CodeIgniter.php(312): CodeIgniter\CodeIgniter->handleRequest(NULL, Object(Config\Cache), false)
#7 C:\xampp\htdocs\comple\index.php(45): CodeIgniter\CodeIgniter->run()
#8 {main}
CRITICAL - 2020-10-14 19:27:27 --> Trying to get property 'rfc_responsable' of non-object
#0 C:\xampp\htdocs\comple\app\Views\Responsable\navbar.php(7): CodeIgniter\Debug\Exceptions->errorHandler(8, 'Trying to get p...', 'C:\\xampp\\htdocs...', 7, Array)
#1 C:\xampp\htdocs\comple\system\View\View.php(246): include('C:\\xampp\\htdocs...')
#2 C:\xampp\htdocs\comple\system\Common.php(1119): CodeIgniter\View\View->render('Responsable/nav...', Array, true)
#3 C:\xampp\htdocs\comple\app\Controllers\Responsable\InicioController.php(14): view('Responsable/nav...', Array)
#4 C:\xampp\htdocs\comple\system\CodeIgniter.php(918): App\Controllers\Responsable\InicioController->index()
#5 C:\xampp\htdocs\comple\system\CodeIgniter.php(404): CodeIgniter\CodeIgniter->runController(Object(App\Controllers\Responsable\InicioController))
#6 C:\xampp\htdocs\comple\system\CodeIgniter.php(312): CodeIgniter\CodeIgniter->handleRequest(NULL, Object(Config\Cache), false)
#7 C:\xampp\htdocs\comple\index.php(45): CodeIgniter\CodeIgniter->run()
#8 {main}
CRITICAL - 2020-10-14 19:27:29 --> Trying to get property 'rfc_responsable' of non-object
#0 C:\xampp\htdocs\comple\app\Views\Responsable\navbar.php(7): CodeIgniter\Debug\Exceptions->errorHandler(8, 'Trying to get p...', 'C:\\xampp\\htdocs...', 7, Array)
#1 C:\xampp\htdocs\comple\system\View\View.php(246): include('C:\\xampp\\htdocs...')
#2 C:\xampp\htdocs\comple\system\Common.php(1119): CodeIgniter\View\View->render('Responsable/nav...', Array, true)
#3 C:\xampp\htdocs\comple\app\Controllers\Responsable\InicioController.php(14): view('Responsable/nav...', Array)
#4 C:\xampp\htdocs\comple\system\CodeIgniter.php(918): App\Controllers\Responsable\InicioController->index()
#5 C:\xampp\htdocs\comple\system\CodeIgniter.php(404): CodeIgniter\CodeIgniter->runController(Object(App\Controllers\Responsable\InicioController))
#6 C:\xampp\htdocs\comple\system\CodeIgniter.php(312): CodeIgniter\CodeIgniter->handleRequest(NULL, Object(Config\Cache), false)
#7 C:\xampp\htdocs\comple\index.php(45): CodeIgniter\CodeIgniter->run()
#8 {main}
CRITICAL - 2020-10-14 19:30:08 --> Trying to get property 'rfc_responsable' of non-object
#0 C:\xampp\htdocs\comple\app\Views\Responsable\navbar.php(7): CodeIgniter\Debug\Exceptions->errorHandler(8, 'Trying to get p...', 'C:\\xampp\\htdocs...', 7, Array)
#1 C:\xampp\htdocs\comple\system\View\View.php(246): include('C:\\xampp\\htdocs...')
#2 C:\xampp\htdocs\comple\system\Common.php(1119): CodeIgniter\View\View->render('Responsable/nav...', Array, true)
#3 C:\xampp\htdocs\comple\app\Controllers\Responsable\InicioController.php(14): view('Responsable/nav...', Array)
#4 C:\xampp\htdocs\comple\system\CodeIgniter.php(918): App\Controllers\Responsable\InicioController->index()
#5 C:\xampp\htdocs\comple\system\CodeIgniter.php(404): CodeIgniter\CodeIgniter->runController(Object(App\Controllers\Responsable\InicioController))
#6 C:\xampp\htdocs\comple\system\CodeIgniter.php(312): CodeIgniter\CodeIgniter->handleRequest(NULL, Object(Config\Cache), false)
#7 C:\xampp\htdocs\comple\index.php(45): CodeIgniter\CodeIgniter->run()
#8 {main}
CRITICAL - 2020-10-14 19:30:11 --> Trying to get property 'rfc_responsable' of non-object
#0 C:\xampp\htdocs\comple\app\Views\Responsable\navbar.php(7): CodeIgniter\Debug\Exceptions->errorHandler(8, 'Trying to get p...', 'C:\\xampp\\htdocs...', 7, Array)
#1 C:\xampp\htdocs\comple\system\View\View.php(246): include('C:\\xampp\\htdocs...')
#2 C:\xampp\htdocs\comple\system\Common.php(1119): CodeIgniter\View\View->render('Responsable/nav...', Array, true)
#3 C:\xampp\htdocs\comple\app\Controllers\Responsable\InicioController.php(14): view('Responsable/nav...', Array)
#4 C:\xampp\htdocs\comple\system\CodeIgniter.php(918): App\Controllers\Responsable\InicioController->index()
#5 C:\xampp\htdocs\comple\system\CodeIgniter.php(404): CodeIgniter\CodeIgniter->runController(Object(App\Controllers\Responsable\InicioController))
#6 C:\xampp\htdocs\comple\system\CodeIgniter.php(312): CodeIgniter\CodeIgniter->handleRequest(NULL, Object(Config\Cache), false)
#7 C:\xampp\htdocs\comple\index.php(45): CodeIgniter\CodeIgniter->run()
#8 {main}
CRITICAL - 2020-10-14 19:30:36 --> Trying to get property 'rfc_responsable' of non-object
#0 C:\xampp\htdocs\comple\app\Views\Responsable\navbar.php(7): CodeIgniter\Debug\Exceptions->errorHandler(8, 'Trying to get p...', 'C:\\xampp\\htdocs...', 7, Array)
#1 C:\xampp\htdocs\comple\system\View\View.php(246): include('C:\\xampp\\htdocs...')
#2 C:\xampp\htdocs\comple\system\Common.php(1119): CodeIgniter\View\View->render('Responsable/nav...', Array, true)
#3 C:\xampp\htdocs\comple\app\Controllers\Responsable\InicioController.php(14): view('Responsable/nav...', Array)
#4 C:\xampp\htdocs\comple\system\CodeIgniter.php(918): App\Controllers\Responsable\InicioController->index()
#5 C:\xampp\htdocs\comple\system\CodeIgniter.php(404): CodeIgniter\CodeIgniter->runController(Object(App\Controllers\Responsable\InicioController))
#6 C:\xampp\htdocs\comple\system\CodeIgniter.php(312): CodeIgniter\CodeIgniter->handleRequest(NULL, Object(Config\Cache), false)
#7 C:\xampp\htdocs\comple\index.php(45): CodeIgniter\CodeIgniter->run()
#8 {main}
CRITICAL - 2020-10-14 19:31:37 --> Trying to get property 'rfc_responsable' of non-object
#0 C:\xampp\htdocs\comple\app\Views\Responsable\navbar.php(7): CodeIgniter\Debug\Exceptions->errorHandler(8, 'Trying to get p...', 'C:\\xampp\\htdocs...', 7, Array)
#1 C:\xampp\htdocs\comple\system\View\View.php(246): include('C:\\xampp\\htdocs...')
#2 C:\xampp\htdocs\comple\system\Common.php(1119): CodeIgniter\View\View->render('Responsable/nav...', Array, true)
#3 C:\xampp\htdocs\comple\app\Controllers\Responsable\InicioController.php(14): view('Responsable/nav...', Array)
#4 C:\xampp\htdocs\comple\system\CodeIgniter.php(918): App\Controllers\Responsable\InicioController->index()
#5 C:\xampp\htdocs\comple\system\CodeIgniter.php(404): CodeIgniter\CodeIgniter->runController(Object(App\Controllers\Responsable\InicioController))
#6 C:\xampp\htdocs\comple\system\CodeIgniter.php(312): CodeIgniter\CodeIgniter->handleRequest(NULL, Object(Config\Cache), false)
#7 C:\xampp\htdocs\comple\index.php(45): CodeIgniter\CodeIgniter->run()
#8 {main}
CRITICAL - 2020-10-14 19:54:52 --> Undefined variable: actividades
#0 C:\xampp\htdocs\comple\app\Views\Responsable\Actividades\listar.php(39): CodeIgniter\Debug\Exceptions->errorHandler(8, 'Undefined varia...', 'C:\\xampp\\htdocs...', 39, Array)
#1 C:\xampp\htdocs\comple\system\View\View.php(246): include('C:\\xampp\\htdocs...')
#2 C:\xampp\htdocs\comple\system\Common.php(1119): CodeIgniter\View\View->render('Responsable/Act...', Array, true)
#3 C:\xampp\htdocs\comple\app\Controllers\Responsable\InicioController.php(15): view('Responsable/Act...')
#4 C:\xampp\htdocs\comple\system\CodeIgniter.php(918): App\Controllers\Responsable\InicioController->index()
#5 C:\xampp\htdocs\comple\system\CodeIgniter.php(404): CodeIgniter\CodeIgniter->runController(Object(App\Controllers\Responsable\InicioController))
#6 C:\xampp\htdocs\comple\system\CodeIgniter.php(312): CodeIgniter\CodeIgniter->handleRequest(NULL, Object(Config\Cache), false)
#7 C:\xampp\htdocs\comple\index.php(45): CodeIgniter\CodeIgniter->run()
#8 {main}
CRITICAL - 2020-10-14 19:55:51 --> Undefined variable: responsables
#0 C:\xampp\htdocs\comple\app\Views\Responsable\Actividades\listar.php(39): CodeIgniter\Debug\Exceptions->errorHandler(8, 'Undefined varia...', 'C:\\xampp\\htdocs...', 39, Array)
#1 C:\xampp\htdocs\comple\system\View\View.php(246): include('C:\\xampp\\htdocs...')
#2 C:\xampp\htdocs\comple\system\Common.php(1119): CodeIgniter\View\View->render('Responsable/Act...', Array, true)
#3 C:\xampp\htdocs\comple\app\Controllers\Responsable\InicioController.php(15): view('Responsable/Act...')
#4 C:\xampp\htdocs\comple\system\CodeIgniter.php(918): App\Controllers\Responsable\InicioController->index()
#5 C:\xampp\htdocs\comple\system\CodeIgniter.php(404): CodeIgniter\CodeIgniter->runController(Object(App\Controllers\Responsable\InicioController))
#6 C:\xampp\htdocs\comple\system\CodeIgniter.php(312): CodeIgniter\CodeIgniter->handleRequest(NULL, Object(Config\Cache), false)
#7 C:\xampp\htdocs\comple\index.php(45): CodeIgniter\CodeIgniter->run()
#8 {main}
CRITICAL - 2020-10-14 19:55:53 --> Undefined variable: responsables
#0 C:\xampp\htdocs\comple\app\Views\Responsable\Actividades\listar.php(39): CodeIgniter\Debug\Exceptions->errorHandler(8, 'Undefined varia...', 'C:\\xampp\\htdocs...', 39, Array)
#1 C:\xampp\htdocs\comple\system\View\View.php(246): include('C:\\xampp\\htdocs...')
#2 C:\xampp\htdocs\comple\system\Common.php(1119): CodeIgniter\View\View->render('Responsable/Act...', Array, true)
#3 C:\xampp\htdocs\comple\app\Controllers\Responsable\InicioController.php(15): view('Responsable/Act...')
#4 C:\xampp\htdocs\comple\system\CodeIgniter.php(918): App\Controllers\Responsable\InicioController->index()
#5 C:\xampp\htdocs\comple\system\CodeIgniter.php(404): CodeIgniter\CodeIgniter->runController(Object(App\Controllers\Responsable\InicioController))
#6 C:\xampp\htdocs\comple\system\CodeIgniter.php(312): CodeIgniter\CodeIgniter->handleRequest(NULL, Object(Config\Cache), false)
#7 C:\xampp\htdocs\comple\index.php(45): CodeIgniter\CodeIgniter->run()
#8 {main}
CRITICAL - 2020-10-14 19:55:54 --> Undefined variable: responsables
#0 C:\xampp\htdocs\comple\app\Views\Responsable\Actividades\listar.php(39): CodeIgniter\Debug\Exceptions->errorHandler(8, 'Undefined varia...', 'C:\\xampp\\htdocs...', 39, Array)
#1 C:\xampp\htdocs\comple\system\View\View.php(246): include('C:\\xampp\\htdocs...')
#2 C:\xampp\htdocs\comple\system\Common.php(1119): CodeIgniter\View\View->render('Responsable/Act...', Array, true)
#3 C:\xampp\htdocs\comple\app\Controllers\Responsable\InicioController.php(15): view('Responsable/Act...')
#4 C:\xampp\htdocs\comple\system\CodeIgniter.php(918): App\Controllers\Responsable\InicioController->index()
#5 C:\xampp\htdocs\comple\system\CodeIgniter.php(404): CodeIgniter\CodeIgniter->runController(Object(App\Controllers\Responsable\InicioController))
#6 C:\xampp\htdocs\comple\system\CodeIgniter.php(312): CodeIgniter\CodeIgniter->handleRequest(NULL, Object(Config\Cache), false)
#7 C:\xampp\htdocs\comple\index.php(45): CodeIgniter\CodeIgniter->run()
#8 {main}
CRITICAL - 2020-10-14 19:56:05 --> Undefined variable: responsable
#0 C:\xampp\htdocs\comple\app\Views\Responsable\Actividades\listar.php(39): CodeIgniter\Debug\Exceptions->errorHandler(8, 'Undefined varia...', 'C:\\xampp\\htdocs...', 39, Array)
#1 C:\xampp\htdocs\comple\system\View\View.php(246): include('C:\\xampp\\htdocs...')
#2 C:\xampp\htdocs\comple\system\Common.php(1119): CodeIgniter\View\View->render('Responsable/Act...', Array, true)
#3 C:\xampp\htdocs\comple\app\Controllers\Responsable\InicioController.php(15): view('Responsable/Act...')
#4 C:\xampp\htdocs\comple\system\CodeIgniter.php(918): App\Controllers\Responsable\InicioController->index()
#5 C:\xampp\htdocs\comple\system\CodeIgniter.php(404): CodeIgniter\CodeIgniter->runController(Object(App\Controllers\Responsable\InicioController))
#6 C:\xampp\htdocs\comple\system\CodeIgniter.php(312): CodeIgniter\CodeIgniter->handleRequest(NULL, Object(Config\Cache), false)
#7 C:\xampp\htdocs\comple\index.php(45): CodeIgniter\CodeIgniter->run()
#8 {main}
CRITICAL - 2020-10-14 19:57:40 --> Undefined variable: actividad
#0 C:\xampp\htdocs\comple\app\Views\Responsable\Actividades\listar.php(39): CodeIgniter\Debug\Exceptions->errorHandler(8, 'Undefined varia...', 'C:\\xampp\\htdocs...', 39, Array)
#1 C:\xampp\htdocs\comple\system\View\View.php(246): include('C:\\xampp\\htdocs...')
#2 C:\xampp\htdocs\comple\system\Common.php(1119): CodeIgniter\View\View->render('Responsable/Act...', Array, true)
#3 C:\xampp\htdocs\comple\app\Controllers\Responsable\InicioController.php(15): view('Responsable/Act...')
#4 C:\xampp\htdocs\comple\system\CodeIgniter.php(918): App\Controllers\Responsable\InicioController->index()
#5 C:\xampp\htdocs\comple\system\CodeIgniter.php(404): CodeIgniter\CodeIgniter->runController(Object(App\Controllers\Responsable\InicioController))
#6 C:\xampp\htdocs\comple\system\CodeIgniter.php(312): CodeIgniter\CodeIgniter->handleRequest(NULL, Object(Config\Cache), false)
#7 C:\xampp\htdocs\comple\index.php(45): CodeIgniter\CodeIgniter->run()
#8 {main}
CRITICAL - 2020-10-14 19:57:41 --> Undefined variable: actividad
#0 C:\xampp\htdocs\comple\app\Views\Responsable\Actividades\listar.php(39): CodeIgniter\Debug\Exceptions->errorHandler(8, 'Undefined varia...', 'C:\\xampp\\htdocs...', 39, Array)
#1 C:\xampp\htdocs\comple\system\View\View.php(246): include('C:\\xampp\\htdocs...')
#2 C:\xampp\htdocs\comple\system\Common.php(1119): CodeIgniter\View\View->render('Responsable/Act...', Array, true)
#3 C:\xampp\htdocs\comple\app\Controllers\Responsable\InicioController.php(15): view('Responsable/Act...')
#4 C:\xampp\htdocs\comple\system\CodeIgniter.php(918): App\Controllers\Responsable\InicioController->index()
#5 C:\xampp\htdocs\comple\system\CodeIgniter.php(404): CodeIgniter\CodeIgniter->runController(Object(App\Controllers\Responsable\InicioController))
#6 C:\xampp\htdocs\comple\system\CodeIgniter.php(312): CodeIgniter\CodeIgniter->handleRequest(NULL, Object(Config\Cache), false)
#7 C:\xampp\htdocs\comple\index.php(45): CodeIgniter\CodeIgniter->run()
#8 {main}
CRITICAL - 2020-10-14 20:02:47 --> Undefined variable: activo
#0 C:\xampp\htdocs\comple\app\Views\Responsable\navbar.php(18): CodeIgniter\Debug\Exceptions->errorHandler(8, 'Undefined varia...', 'C:\\xampp\\htdocs...', 18, Array)
#1 C:\xampp\htdocs\comple\system\View\View.php(246): include('C:\\xampp\\htdocs...')
#2 C:\xampp\htdocs\comple\system\Common.php(1119): CodeIgniter\View\View->render('Responsable/nav...', Array, true)
#3 C:\xampp\htdocs\comple\app\Controllers\Responsable\InicioController.php(14): view('Responsable/nav...')
#4 C:\xampp\htdocs\comple\system\CodeIgniter.php(918): App\Controllers\Responsable\InicioController->index()
#5 C:\xampp\htdocs\comple\system\CodeIgniter.php(404): CodeIgniter\CodeIgniter->runController(Object(App\Controllers\Responsable\InicioController))
#6 C:\xampp\htdocs\comple\system\CodeIgniter.php(312): CodeIgniter\CodeIgniter->handleRequest(NULL, Object(Config\Cache), false)
#7 C:\xampp\htdocs\comple\index.php(45): CodeIgniter\CodeIgniter->run()
#8 {main}
CRITICAL - 2020-10-14 20:03:47 --> Undefined variable: actividades
#0 C:\xampp\htdocs\comple\app\Views\Responsable\Actividades\listar.php(39): CodeIgniter\Debug\Exceptions->errorHandler(8, 'Undefined varia...', 'C:\\xampp\\htdocs...', 39, Array)
#1 C:\xampp\htdocs\comple\system\View\View.php(246): include('C:\\xampp\\htdocs...')
#2 C:\xampp\htdocs\comple\system\Common.php(1119): CodeIgniter\View\View->render('Responsable/Act...', Array, true)
#3 C:\xampp\htdocs\comple\app\Controllers\Responsable\InicioController.php(15): view('Responsable/Act...')
#4 C:\xampp\htdocs\comple\system\CodeIgniter.php(918): App\Controllers\Responsable\InicioController->index()
#5 C:\xampp\htdocs\comple\system\CodeIgniter.php(404): CodeIgniter\CodeIgniter->runController(Object(App\Controllers\Responsable\InicioController))
#6 C:\xampp\htdocs\comple\system\CodeIgniter.php(312): CodeIgniter\CodeIgniter->handleRequest(NULL, Object(Config\Cache), false)
#7 C:\xampp\htdocs\comple\index.php(45): CodeIgniter\CodeIgniter->run()
#8 {main}
CRITICAL - 2020-10-14 20:03:49 --> Undefined variable: actividades
#0 C:\xampp\htdocs\comple\app\Views\Responsable\Actividades\listar.php(39): CodeIgniter\Debug\Exceptions->errorHandler(8, 'Undefined varia...', 'C:\\xampp\\htdocs...', 39, Array)
#1 C:\xampp\htdocs\comple\system\View\View.php(246): include('C:\\xampp\\htdocs...')
#2 C:\xampp\htdocs\comple\system\Common.php(1119): CodeIgniter\View\View->render('Responsable/Act...', Array, true)
#3 C:\xampp\htdocs\comple\app\Controllers\Responsable\InicioController.php(15): view('Responsable/Act...')
#4 C:\xampp\htdocs\comple\system\CodeIgniter.php(918): App\Controllers\Responsable\InicioController->index()
#5 C:\xampp\htdocs\comple\system\CodeIgniter.php(404): CodeIgniter\CodeIgniter->runController(Object(App\Controllers\Responsable\InicioController))
#6 C:\xampp\htdocs\comple\system\CodeIgniter.php(312): CodeIgniter\CodeIgniter->handleRequest(NULL, Object(Config\Cache), false)
#7 C:\xampp\htdocs\comple\index.php(45): CodeIgniter\CodeIgniter->run()
#8 {main}
CRITICAL - 2020-10-14 21:29:34 --> Undefined variable: actividades
#0 C:\xampp\htdocs\comple\app\Views\Responsable\Inicio\listar.php(39): CodeIgniter\Debug\Exceptions->errorHandler(8, 'Undefined varia...', 'C:\\xampp\\htdocs...', 39, Array)
#1 C:\xampp\htdocs\comple\system\View\View.php(246): include('C:\\xampp\\htdocs...')
#2 C:\xampp\htdocs\comple\system\Common.php(1119): CodeIgniter\View\View->render('Responsable/Ini...', Array, true)
#3 C:\xampp\htdocs\comple\app\Controllers\Responsable\InicioController.php(15): view('Responsable/Ini...')
#4 C:\xampp\htdocs\comple\system\CodeIgniter.php(918): App\Controllers\Responsable\InicioController->index()
#5 C:\xampp\htdocs\comple\system\CodeIgniter.php(404): CodeIgniter\CodeIgniter->runController(Object(App\Controllers\Responsable\InicioController))
#6 C:\xampp\htdocs\comple\system\CodeIgniter.php(312): CodeIgniter\CodeIgniter->handleRequest(NULL, Object(Config\Cache), false)
#7 C:\xampp\htdocs\comple\index.php(45): CodeIgniter\CodeIgniter->run()
#8 {main}
CRITICAL - 2020-10-14 21:39:26 --> Undefined variable: actividades
#0 C:\xampp\htdocs\comple\app\Views\Responsable\Inicio\listar.php(39): CodeIgniter\Debug\Exceptions->errorHandler(8, 'Undefined varia...', 'C:\\xampp\\htdocs...', 39, Array)
#1 C:\xampp\htdocs\comple\system\View\View.php(246): include('C:\\xampp\\htdocs...')
#2 C:\xampp\htdocs\comple\system\Common.php(1119): CodeIgniter\View\View->render('Responsable/Ini...', Array, true)
#3 C:\xampp\htdocs\comple\app\Controllers\Responsable\InicioController.php(15): view('Responsable/Ini...')
#4 C:\xampp\htdocs\comple\system\CodeIgniter.php(918): App\Controllers\Responsable\InicioController->index()
#5 C:\xampp\htdocs\comple\system\CodeIgniter.php(404): CodeIgniter\CodeIgniter->runController(Object(App\Controllers\Responsable\InicioController))
#6 C:\xampp\htdocs\comple\system\CodeIgniter.php(312): CodeIgniter\CodeIgniter->handleRequest(NULL, Object(Config\Cache), false)
#7 C:\xampp\htdocs\comple\index.php(45): CodeIgniter\CodeIgniter->run()
#8 {main}
CRITICAL - 2020-10-14 23:22:09 --> Archivo inválido: Responsable/Cambiar-Clave/listar.php
#0 C:\xampp\htdocs\comple\system\View\View.php(228): CodeIgniter\Exceptions\FrameworkException::forInvalidFile('Responsable/Cam...')
#1 C:\xampp\htdocs\comple\system\Common.php(1119): CodeIgniter\View\View->render('Responsable/Cam...', Array, true)
#2 C:\xampp\htdocs\comple\app\Controllers\Responsable\AlumnoController.php(15): view('Responsable/Cam...')
#3 C:\xampp\htdocs\comple\system\CodeIgniter.php(918): App\Controllers\Responsable\AlumnoController->index()
#4 C:\xampp\htdocs\comple\system\CodeIgniter.php(404): CodeIgniter\CodeIgniter->runController(Object(App\Controllers\Responsable\AlumnoController))
#5 C:\xampp\htdocs\comple\system\CodeIgniter.php(312): CodeIgniter\CodeIgniter->handleRequest(NULL, Object(Config\Cache), false)
#6 C:\xampp\htdocs\comple\index.php(45): CodeIgniter\CodeIgniter->run()
#7 {main}
CRITICAL - 2020-10-14 23:22:24 --> Archivo inválido: Responsable/Cambiar-Clave/listar.php
#0 C:\xampp\htdocs\comple\system\View\View.php(228): CodeIgniter\Exceptions\FrameworkException::forInvalidFile('Responsable/Cam...')
#1 C:\xampp\htdocs\comple\system\Common.php(1119): CodeIgniter\View\View->render('Responsable/Cam...', Array, true)
#2 C:\xampp\htdocs\comple\app\Controllers\Responsable\AlumnoController.php(15): view('Responsable/Cam...')
#3 C:\xampp\htdocs\comple\system\CodeIgniter.php(918): App\Controllers\Responsable\AlumnoController->index()
#4 C:\xampp\htdocs\comple\system\CodeIgniter.php(404): CodeIgniter\CodeIgniter->runController(Object(App\Controllers\Responsable\AlumnoController))
#5 C:\xampp\htdocs\comple\system\CodeIgniter.php(312): CodeIgniter\CodeIgniter->handleRequest(NULL, Object(Config\Cache), false)
#6 C:\xampp\htdocs\comple\index.php(45): CodeIgniter\CodeIgniter->run()
#7 {main}
CRITICAL - 2020-10-14 23:22:30 --> Archivo inválido: Responsable/Cambiar-Clave/listar.php
#0 C:\xampp\htdocs\comple\system\View\View.php(228): CodeIgniter\Exceptions\FrameworkException::forInvalidFile('Responsable/Cam...')
#1 C:\xampp\htdocs\comple\system\Common.php(1119): CodeIgniter\View\View->render('Responsable/Cam...', Array, true)
#2 C:\xampp\htdocs\comple\app\Controllers\Responsable\AlumnoController.php(15): view('Responsable/Cam...')
#3 C:\xampp\htdocs\comple\system\CodeIgniter.php(918): App\Controllers\Responsable\AlumnoController->index()
#4 C:\xampp\htdocs\comple\system\CodeIgniter.php(404): CodeIgniter\CodeIgniter->runController(Object(App\Controllers\Responsable\AlumnoController))
#5 C:\xampp\htdocs\comple\system\CodeIgniter.php(312): CodeIgniter\CodeIgniter->handleRequest(NULL, Object(Config\Cache), false)
#6 C:\xampp\htdocs\comple\index.php(45): CodeIgniter\CodeIgniter->run()
#7 {main}
>>>>>>> 125bcc0fd01d6f622ed4a9a50da2971fc2b9d4a1
