CRITICAL - 2020-11-06 15:40:42 --> Trying to get property 'rfc_responsable' of non-object
#0 C:\xampp\htdocs\comple\app\Controllers\Responsable\EvaluacionController.php(17): CodeIgniter\Debug\Exceptions->errorHandler(8, 'Trying to get p...', 'C:\\xampp\\htdocs...', 17, Array)
#1 C:\xampp\htdocs\comple\system\CodeIgniter.php(918): App\Controllers\Responsable\EvaluacionController->index()
#2 C:\xampp\htdocs\comple\system\CodeIgniter.php(404): CodeIgniter\CodeIgniter->runController(Object(App\Controllers\Responsable\EvaluacionController))
#3 C:\xampp\htdocs\comple\system\CodeIgniter.php(312): CodeIgniter\CodeIgniter->handleRequest(NULL, Object(Config\Cache), false)
#4 C:\xampp\htdocs\comple\index.php(45): CodeIgniter\CodeIgniter->run()
#5 {main}
CRITICAL - 2020-11-06 15:40:50 --> Trying to get property 'rfc_responsable' of non-object
#0 C:\xampp\htdocs\comple\app\Controllers\Responsable\EvaluacionController.php(17): CodeIgniter\Debug\Exceptions->errorHandler(8, 'Trying to get p...', 'C:\\xampp\\htdocs...', 17, Array)
#1 C:\xampp\htdocs\comple\system\CodeIgniter.php(918): App\Controllers\Responsable\EvaluacionController->index()
#2 C:\xampp\htdocs\comple\system\CodeIgniter.php(404): CodeIgniter\CodeIgniter->runController(Object(App\Controllers\Responsable\EvaluacionController))
#3 C:\xampp\htdocs\comple\system\CodeIgniter.php(312): CodeIgniter\CodeIgniter->handleRequest(NULL, Object(Config\Cache), false)
#4 C:\xampp\htdocs\comple\index.php(45): CodeIgniter\CodeIgniter->run()
#5 {main}
CRITICAL - 2020-11-06 15:40:59 --> Unable to connect to the database.
#0 C:\xampp\htdocs\comple\system\Database\BaseConnection.php(646): CodeIgniter\Database\BaseConnection->initialize()
#1 C:\xampp\htdocs\comple\system\Database\BaseBuilder.php(1860): CodeIgniter\Database\BaseConnection->query('SELECT `insc`.`...', Array, false)
#2 C:\xampp\htdocs\comple\app\Models\Responsable\CalificacionModel.php(20): CodeIgniter\Database\BaseBuilder->get()
#3 C:\xampp\htdocs\comple\app\Models\Responsable\CalificacionModel.php(51): App\Models\Responsable\CalificacionModel->get_inscripciones('6')
#4 C:\xampp\htdocs\comple\app\Controllers\Responsable\CalificacionController.php(16): App\Models\Responsable\CalificacionModel->get_actividad_alumno('6')
#5 C:\xampp\htdocs\comple\system\CodeIgniter.php(918): App\Controllers\Responsable\CalificacionController->index()
#6 C:\xampp\htdocs\comple\system\CodeIgniter.php(404): CodeIgniter\CodeIgniter->runController(Object(App\Controllers\Responsable\CalificacionController))
#7 C:\xampp\htdocs\comple\system\CodeIgniter.php(312): CodeIgniter\CodeIgniter->handleRequest(NULL, Object(Config\Cache), false)
#8 C:\xampp\htdocs\comple\index.php(45): CodeIgniter\CodeIgniter->run()
#9 {main}
CRITICAL - 2020-11-06 15:41:01 --> Trying to get property 'rfc_responsable' of non-object
#0 C:\xampp\htdocs\comple\app\Controllers\Responsable\InicioController.php(17): CodeIgniter\Debug\Exceptions->errorHandler(8, 'Trying to get p...', 'C:\\xampp\\htdocs...', 17, Array)
#1 C:\xampp\htdocs\comple\system\CodeIgniter.php(918): App\Controllers\Responsable\InicioController->index()
#2 C:\xampp\htdocs\comple\system\CodeIgniter.php(404): CodeIgniter\CodeIgniter->runController(Object(App\Controllers\Responsable\InicioController))
#3 C:\xampp\htdocs\comple\system\CodeIgniter.php(312): CodeIgniter\CodeIgniter->handleRequest(NULL, Object(Config\Cache), false)
#4 C:\xampp\htdocs\comple\index.php(45): CodeIgniter\CodeIgniter->run()
#5 {main}
CRITICAL - 2020-11-06 22:52:20 --> Archivo inválido: Responsables/Evaluacion/listar.php
#0 C:\xampp\htdocs\comple\system\View\View.php(228): CodeIgniter\Exceptions\FrameworkException::forInvalidFile('Responsables/Ev...')
#1 C:\xampp\htdocs\comple\system\Common.php(1119): CodeIgniter\View\View->render('Responsables/Ev...', Array, true)
#2 C:\xampp\htdocs\comple\app\Controllers\Responsable\EvaluacionController.php(25): view('Responsables/Ev...', Array)
#3 C:\xampp\htdocs\comple\system\CodeIgniter.php(918): App\Controllers\Responsable\EvaluacionController->index()
#4 C:\xampp\htdocs\comple\system\CodeIgniter.php(404): CodeIgniter\CodeIgniter->runController(Object(App\Controllers\Responsable\EvaluacionController))
#5 C:\xampp\htdocs\comple\system\CodeIgniter.php(312): CodeIgniter\CodeIgniter->handleRequest(NULL, Object(Config\Cache), false)
#6 C:\xampp\htdocs\comple\index.php(45): CodeIgniter\CodeIgniter->run()
#7 {main}
