<<<<<<< HEAD
CRITICAL - 2020-11-13 00:15:13 --> Column 'nivel_desempenio' cannot be null
#0 C:\xampp\htdocs\comple\system\Database\MySQLi\Connection.php(331): mysqli->query('INSERT INTO `ev...')
#1 C:\xampp\htdocs\comple\system\Database\BaseConnection.php(741): CodeIgniter\Database\MySQLi\Connection->execute('INSERT INTO `ev...')
#2 C:\xampp\htdocs\comple\system\Database\BaseConnection.php(669): CodeIgniter\Database\BaseConnection->simpleQuery('INSERT INTO `ev...')
#3 C:\xampp\htdocs\comple\system\Database\BaseBuilder.php(2249): CodeIgniter\Database\BaseConnection->query('INSERT INTO `ev...', Array, false)
#4 C:\xampp\htdocs\comple\app\Models\Responsable\EvaluacionModel.php(57): CodeIgniter\Database\BaseBuilder->insert(Array)
#5 C:\xampp\htdocs\comple\app\Services\Responsable\EvaluacionService.php(33): App\Models\Responsable\EvaluacionModel->guardar(Array)
#6 C:\xampp\htdocs\comple\app\Controllers\Responsable\EvaluacionController.php(82): App\Services\Responsable\EvaluacionService->guardar(Array)
#7 C:\xampp\htdocs\comple\system\CodeIgniter.php(918): App\Controllers\Responsable\EvaluacionController->guardar()
#8 C:\xampp\htdocs\comple\system\CodeIgniter.php(404): CodeIgniter\CodeIgniter->runController(Object(App\Controllers\Responsable\EvaluacionController))
#9 C:\xampp\htdocs\comple\system\CodeIgniter.php(312): CodeIgniter\CodeIgniter->handleRequest(NULL, Object(Config\Cache), false)
#10 C:\xampp\htdocs\comple\index.php(45): CodeIgniter\CodeIgniter->run()
#11 {main}
CRITICAL - 2020-11-13 01:02:40 --> Unable to connect to the database.
#0 C:\xampp\htdocs\comple\system\Database\BaseConnection.php(646): CodeIgniter\Database\BaseConnection->initialize()
#1 C:\xampp\htdocs\comple\system\Database\BaseBuilder.php(1860): CodeIgniter\Database\BaseConnection->query('SELECT `id_insc...', Array, false)
#2 C:\xampp\htdocs\comple\app\Models\Responsable\EvaluacionModel.php(66): CodeIgniter\Database\BaseBuilder->get()
#3 C:\xampp\htdocs\comple\app\Services\Responsable\EvaluacionService.php(29): App\Models\Responsable\EvaluacionModel->esta_calificado('104')
#4 C:\xampp\htdocs\comple\app\Controllers\Responsable\EvaluacionController.php(82): App\Services\Responsable\EvaluacionService->guardar(Array)
#5 C:\xampp\htdocs\comple\system\CodeIgniter.php(918): App\Controllers\Responsable\EvaluacionController->guardar()
#6 C:\xampp\htdocs\comple\system\CodeIgniter.php(404): CodeIgniter\CodeIgniter->runController(Object(App\Controllers\Responsable\EvaluacionController))
#7 C:\xampp\htdocs\comple\system\CodeIgniter.php(312): CodeIgniter\CodeIgniter->handleRequest(NULL, Object(Config\Cache), false)
#8 C:\xampp\htdocs\comple\index.php(45): CodeIgniter\CodeIgniter->run()
#9 {main}
CRITICAL - 2020-11-13 02:59:17 --> You must set the database table to be used with your query.
#0 C:\xampp\htdocs\comple\system\Model.php(1237): CodeIgniter\Database\BaseConnection->table(NULL)
#1 C:\xampp\htdocs\comple\system\Model.php(1816): CodeIgniter\Model->builder()
#2 C:\xampp\htdocs\comple\app\Controllers\Responsable\AsistenciaController.php(16): CodeIgniter\Model->__call('get_actividad_a...', Array)
#3 C:\xampp\htdocs\comple\system\CodeIgniter.php(918): App\Controllers\Responsable\AsistenciaController->index()
#4 C:\xampp\htdocs\comple\system\CodeIgniter.php(404): CodeIgniter\CodeIgniter->runController(Object(App\Controllers\Responsable\AsistenciaController))
#5 C:\xampp\htdocs\comple\system\CodeIgniter.php(312): CodeIgniter\CodeIgniter->handleRequest(NULL, Object(Config\Cache), false)
#6 C:\xampp\htdocs\comple\index.php(45): CodeIgniter\CodeIgniter->run()
#7 {main}
CRITICAL - 2020-11-13 02:59:52 --> You must set the database table to be used with your query.
#0 C:\xampp\htdocs\comple\system\Model.php(1237): CodeIgniter\Database\BaseConnection->table(NULL)
#1 C:\xampp\htdocs\comple\system\Model.php(1816): CodeIgniter\Model->builder()
#2 C:\xampp\htdocs\comple\app\Controllers\Responsable\AsistenciaController.php(16): CodeIgniter\Model->__call('get_actividad_a...', Array)
#3 C:\xampp\htdocs\comple\system\CodeIgniter.php(918): App\Controllers\Responsable\AsistenciaController->index()
#4 C:\xampp\htdocs\comple\system\CodeIgniter.php(404): CodeIgniter\CodeIgniter->runController(Object(App\Controllers\Responsable\AsistenciaController))
#5 C:\xampp\htdocs\comple\system\CodeIgniter.php(312): CodeIgniter\CodeIgniter->handleRequest(NULL, Object(Config\Cache), false)
#6 C:\xampp\htdocs\comple\index.php(45): CodeIgniter\CodeIgniter->run()
#7 {main}
CRITICAL - 2020-11-13 02:59:55 --> You must set the database table to be used with your query.
#0 C:\xampp\htdocs\comple\system\Model.php(1237): CodeIgniter\Database\BaseConnection->table(NULL)
#1 C:\xampp\htdocs\comple\system\Model.php(1816): CodeIgniter\Model->builder()
#2 C:\xampp\htdocs\comple\app\Controllers\Responsable\AsistenciaController.php(16): CodeIgniter\Model->__call('get_actividad_a...', Array)
#3 C:\xampp\htdocs\comple\system\CodeIgniter.php(918): App\Controllers\Responsable\AsistenciaController->index()
#4 C:\xampp\htdocs\comple\system\CodeIgniter.php(404): CodeIgniter\CodeIgniter->runController(Object(App\Controllers\Responsable\AsistenciaController))
#5 C:\xampp\htdocs\comple\system\CodeIgniter.php(312): CodeIgniter\CodeIgniter->handleRequest(NULL, Object(Config\Cache), false)
#6 C:\xampp\htdocs\comple\index.php(45): CodeIgniter\CodeIgniter->run()
#7 {main}
CRITICAL - 2020-11-13 02:59:59 --> You must set the database table to be used with your query.
#0 C:\xampp\htdocs\comple\system\Model.php(1237): CodeIgniter\Database\BaseConnection->table(NULL)
#1 C:\xampp\htdocs\comple\system\Model.php(1816): CodeIgniter\Model->builder()
#2 C:\xampp\htdocs\comple\app\Controllers\Responsable\AsistenciaController.php(16): CodeIgniter\Model->__call('get_actividad_a...', Array)
#3 C:\xampp\htdocs\comple\system\CodeIgniter.php(918): App\Controllers\Responsable\AsistenciaController->index()
#4 C:\xampp\htdocs\comple\system\CodeIgniter.php(404): CodeIgniter\CodeIgniter->runController(Object(App\Controllers\Responsable\AsistenciaController))
#5 C:\xampp\htdocs\comple\system\CodeIgniter.php(312): CodeIgniter\CodeIgniter->handleRequest(NULL, Object(Config\Cache), false)
#6 C:\xampp\htdocs\comple\index.php(45): CodeIgniter\CodeIgniter->run()
#7 {main}
CRITICAL - 2020-11-13 03:00:19 --> You must set the database table to be used with your query.
#0 C:\xampp\htdocs\comple\system\Model.php(1237): CodeIgniter\Database\BaseConnection->table(NULL)
#1 C:\xampp\htdocs\comple\system\Model.php(1816): CodeIgniter\Model->builder()
#2 C:\xampp\htdocs\comple\app\Controllers\Responsable\AsistenciaController.php(16): CodeIgniter\Model->__call('get_actividad_a...', Array)
#3 C:\xampp\htdocs\comple\system\CodeIgniter.php(918): App\Controllers\Responsable\AsistenciaController->index()
#4 C:\xampp\htdocs\comple\system\CodeIgniter.php(404): CodeIgniter\CodeIgniter->runController(Object(App\Controllers\Responsable\AsistenciaController))
#5 C:\xampp\htdocs\comple\system\CodeIgniter.php(312): CodeIgniter\CodeIgniter->handleRequest(NULL, Object(Config\Cache), false)
#6 C:\xampp\htdocs\comple\index.php(45): CodeIgniter\CodeIgniter->run()
#7 {main}
CRITICAL - 2020-11-13 03:02:28 --> Class 'App\Models\Responsable\AsistenciaService' not found
#0 C:\xampp\htdocs\comple\system\CodeIgniter.php(890): App\Controllers\Responsable\AsistenciaController->__construct()
#1 C:\xampp\htdocs\comple\system\CodeIgniter.php(399): CodeIgniter\CodeIgniter->createController()
#2 C:\xampp\htdocs\comple\system\CodeIgniter.php(312): CodeIgniter\CodeIgniter->handleRequest(NULL, Object(Config\Cache), false)
#3 C:\xampp\htdocs\comple\index.php(45): CodeIgniter\CodeIgniter->run()
#4 {main}
CRITICAL - 2020-11-13 03:03:51 --> Class 'App\Models\Responsable\AsistenciaService' not found
#0 C:\xampp\htdocs\comple\system\CodeIgniter.php(890): App\Controllers\Responsable\AsistenciaController->__construct()
#1 C:\xampp\htdocs\comple\system\CodeIgniter.php(399): CodeIgniter\CodeIgniter->createController()
#2 C:\xampp\htdocs\comple\system\CodeIgniter.php(312): CodeIgniter\CodeIgniter->handleRequest(NULL, Object(Config\Cache), false)
#3 C:\xampp\htdocs\comple\index.php(45): CodeIgniter\CodeIgniter->run()
#4 {main}
CRITICAL - 2020-11-13 03:03:51 --> Class 'App\Models\Responsable\AsistenciaService' not found
#0 C:\xampp\htdocs\comple\system\CodeIgniter.php(890): App\Controllers\Responsable\AsistenciaController->__construct()
#1 C:\xampp\htdocs\comple\system\CodeIgniter.php(399): CodeIgniter\CodeIgniter->createController()
#2 C:\xampp\htdocs\comple\system\CodeIgniter.php(312): CodeIgniter\CodeIgniter->handleRequest(NULL, Object(Config\Cache), false)
#3 C:\xampp\htdocs\comple\index.php(45): CodeIgniter\CodeIgniter->run()
#4 {main}
CRITICAL - 2020-11-13 03:03:52 --> Class 'App\Models\Responsable\AsistenciaService' not found
#0 C:\xampp\htdocs\comple\system\CodeIgniter.php(890): App\Controllers\Responsable\AsistenciaController->__construct()
#1 C:\xampp\htdocs\comple\system\CodeIgniter.php(399): CodeIgniter\CodeIgniter->createController()
#2 C:\xampp\htdocs\comple\system\CodeIgniter.php(312): CodeIgniter\CodeIgniter->handleRequest(NULL, Object(Config\Cache), false)
#3 C:\xampp\htdocs\comple\index.php(45): CodeIgniter\CodeIgniter->run()
#4 {main}
CRITICAL - 2020-11-13 03:05:52 --> Class 'App\Service\Responsable\AsistenciaService' not found
#0 C:\xampp\htdocs\comple\system\CodeIgniter.php(890): App\Controllers\Responsable\AsistenciaController->__construct()
#1 C:\xampp\htdocs\comple\system\CodeIgniter.php(399): CodeIgniter\CodeIgniter->createController()
#2 C:\xampp\htdocs\comple\system\CodeIgniter.php(312): CodeIgniter\CodeIgniter->handleRequest(NULL, Object(Config\Cache), false)
#3 C:\xampp\htdocs\comple\index.php(45): CodeIgniter\CodeIgniter->run()
#4 {main}
CRITICAL - 2020-11-13 03:09:49 --> Trying to get property 'rfc_responsable' of non-object
#0 C:\xampp\htdocs\comple\app\Views\Responsable\navbar.php(7): CodeIgniter\Debug\Exceptions->errorHandler(8, 'Trying to get p...', 'C:\\xampp\\htdocs...', 7, Array)
#1 C:\xampp\htdocs\comple\system\View\View.php(246): include('C:\\xampp\\htdocs...')
#2 C:\xampp\htdocs\comple\system\Common.php(1119): CodeIgniter\View\View->render('Responsable/nav...', Array, true)
#3 C:\xampp\htdocs\comple\app\Controllers\Responsable\AsistenciaController.php(20): view('Responsable/nav...', Array)
#4 C:\xampp\htdocs\comple\system\CodeIgniter.php(918): App\Controllers\Responsable\AsistenciaController->index()
#5 C:\xampp\htdocs\comple\system\CodeIgniter.php(404): CodeIgniter\CodeIgniter->runController(Object(App\Controllers\Responsable\AsistenciaController))
#6 C:\xampp\htdocs\comple\system\CodeIgniter.php(312): CodeIgniter\CodeIgniter->handleRequest(NULL, Object(Config\Cache), false)
#7 C:\xampp\htdocs\comple\index.php(45): CodeIgniter\CodeIgniter->run()
#8 {main}
=======
CRITICAL - 2020-11-13 00:47:20 --> Unknown column 'valor_numerico' in 'where clause'
#0 C:\xampp\htdocs\comple\system\Database\MySQLi\Connection.php(331): mysqli->query('SELECT `a`.`per...')
#1 C:\xampp\htdocs\comple\system\Database\BaseConnection.php(741): CodeIgniter\Database\MySQLi\Connection->execute('SELECT `a`.`per...')
#2 C:\xampp\htdocs\comple\system\Database\BaseConnection.php(669): CodeIgniter\Database\BaseConnection->simpleQuery('SELECT `a`.`per...')
#3 C:\xampp\htdocs\comple\system\Database\BaseBuilder.php(1860): CodeIgniter\Database\BaseConnection->query('SELECT `a`.`per...', Array, false)
#4 C:\xampp\htdocs\comple\app\Models\Alumno\ActividadesModel.php(25): CodeIgniter\Database\BaseBuilder->get()
#5 C:\xampp\htdocs\comple\app\Services\Alumno\ActividadesService.php(20): App\Models\Alumno\ActividadesModel->getActividadesPorAlumno('201160074 ')
#6 C:\xampp\htdocs\comple\app\Controllers\Alumno\InicioController.php(24): App\Services\Alumno\ActividadesService->getActividadesPorAlumno('201160074 ')
#7 C:\xampp\htdocs\comple\system\CodeIgniter.php(918): App\Controllers\Alumno\InicioController->index()
#8 C:\xampp\htdocs\comple\system\CodeIgniter.php(404): CodeIgniter\CodeIgniter->runController(Object(App\Controllers\Alumno\InicioController))
#9 C:\xampp\htdocs\comple\system\CodeIgniter.php(312): CodeIgniter\CodeIgniter->handleRequest(NULL, Object(Config\Cache), false)
#10 C:\xampp\htdocs\comple\index.php(45): CodeIgniter\CodeIgniter->run()
#11 {main}
CRITICAL - 2020-11-13 01:00:37 --> Archivo inválido: Alumno/Inscripcion/agregar.php
#0 C:\xampp\htdocs\comple\system\View\View.php(228): CodeIgniter\Exceptions\FrameworkException::forInvalidFile('Alumno/Inscripc...')
#1 C:\xampp\htdocs\comple\system\Common.php(1119): CodeIgniter\View\View->render('Alumno/Inscripc...', Array, true)
#2 C:\xampp\htdocs\comple\app\Views\Alumno\Inscripciones\listar.php(57): view('Alumno/Inscripc...')
#3 C:\xampp\htdocs\comple\system\View\View.php(246): include('C:\\xampp\\htdocs...')
#4 C:\xampp\htdocs\comple\system\Common.php(1119): CodeIgniter\View\View->render('Alumno/Inscripc...', Array, true)
#5 C:\xampp\htdocs\comple\app\Controllers\Alumno\InscripcionController.php(24): view('Alumno/Inscripc...', Array)
#6 C:\xampp\htdocs\comple\system\CodeIgniter.php(918): App\Controllers\Alumno\InscripcionController->index()
#7 C:\xampp\htdocs\comple\system\CodeIgniter.php(404): CodeIgniter\CodeIgniter->runController(Object(App\Controllers\Alumno\InscripcionController))
#8 C:\xampp\htdocs\comple\system\CodeIgniter.php(312): CodeIgniter\CodeIgniter->handleRequest(NULL, Object(Config\Cache), false)
#9 C:\xampp\htdocs\comple\index.php(45): CodeIgniter\CodeIgniter->run()
#10 {main}
CRITICAL - 2020-11-13 01:59:27 --> Undefined property: stdClass::$tipo
#0 C:\xampp\htdocs\comple\app\Views\Alumno\Inscripciones\listar.php(43): CodeIgniter\Debug\Exceptions->errorHandler(8, 'Undefined prope...', 'C:\\xampp\\htdocs...', 43, Array)
#1 C:\xampp\htdocs\comple\system\View\View.php(246): include('C:\\xampp\\htdocs...')
#2 C:\xampp\htdocs\comple\system\Common.php(1119): CodeIgniter\View\View->render('Alumno/Inscripc...', Array, true)
#3 C:\xampp\htdocs\comple\app\Controllers\Alumno\InscripcionController.php(31): view('Alumno/Inscripc...', Array)
#4 C:\xampp\htdocs\comple\system\CodeIgniter.php(918): App\Controllers\Alumno\InscripcionController->index()
#5 C:\xampp\htdocs\comple\system\CodeIgniter.php(404): CodeIgniter\CodeIgniter->runController(Object(App\Controllers\Alumno\InscripcionController))
#6 C:\xampp\htdocs\comple\system\CodeIgniter.php(312): CodeIgniter\CodeIgniter->handleRequest(NULL, Object(Config\Cache), false)
#7 C:\xampp\htdocs\comple\index.php(45): CodeIgniter\CodeIgniter->run()
#8 {main}
CRITICAL - 2020-11-13 02:01:01 --> Undefined property: stdClass::$tipo_actividad
#0 C:\xampp\htdocs\comple\app\Views\Alumno\Inscripciones\listar.php(43): CodeIgniter\Debug\Exceptions->errorHandler(8, 'Undefined prope...', 'C:\\xampp\\htdocs...', 43, Array)
#1 C:\xampp\htdocs\comple\system\View\View.php(246): include('C:\\xampp\\htdocs...')
#2 C:\xampp\htdocs\comple\system\Common.php(1119): CodeIgniter\View\View->render('Alumno/Inscripc...', Array, true)
#3 C:\xampp\htdocs\comple\app\Controllers\Alumno\InscripcionController.php(31): view('Alumno/Inscripc...', Array)
#4 C:\xampp\htdocs\comple\system\CodeIgniter.php(918): App\Controllers\Alumno\InscripcionController->index()
#5 C:\xampp\htdocs\comple\system\CodeIgniter.php(404): CodeIgniter\CodeIgniter->runController(Object(App\Controllers\Alumno\InscripcionController))
#6 C:\xampp\htdocs\comple\system\CodeIgniter.php(312): CodeIgniter\CodeIgniter->handleRequest(NULL, Object(Config\Cache), false)
#7 C:\xampp\htdocs\comple\index.php(45): CodeIgniter\CodeIgniter->run()
#8 {main}
CRITICAL - 2020-11-13 02:04:53 --> Unknown column 'i.id_tipo_actividad' in 'field list'
#0 C:\xampp\htdocs\comple\system\Database\MySQLi\Connection.php(331): mysqli->query('SELECT `i`.`id_...')
#1 C:\xampp\htdocs\comple\system\Database\BaseConnection.php(741): CodeIgniter\Database\MySQLi\Connection->execute('SELECT `i`.`id_...')
#2 C:\xampp\htdocs\comple\system\Database\BaseConnection.php(669): CodeIgniter\Database\BaseConnection->simpleQuery('SELECT `i`.`id_...')
#3 C:\xampp\htdocs\comple\system\Database\BaseBuilder.php(1860): CodeIgniter\Database\BaseConnection->query('SELECT `i`.`id_...', Array, false)
#4 C:\xampp\htdocs\comple\app\Models\Alumno\InscripcionModel.php(33): CodeIgniter\Database\BaseBuilder->get()
#5 C:\xampp\htdocs\comple\app\Services\Alumno\InscripcionService.php(22): App\Models\Alumno\InscripcionModel->getInscripcionesPorEstatus(true)
#6 C:\xampp\htdocs\comple\app\Controllers\Alumno\InscripcionController.php(24): App\Services\Alumno\InscripcionService->getInscripcionesPorEstatus(true)
#7 C:\xampp\htdocs\comple\system\CodeIgniter.php(918): App\Controllers\Alumno\InscripcionController->index()
#8 C:\xampp\htdocs\comple\system\CodeIgniter.php(404): CodeIgniter\CodeIgniter->runController(Object(App\Controllers\Alumno\InscripcionController))
#9 C:\xampp\htdocs\comple\system\CodeIgniter.php(312): CodeIgniter\CodeIgniter->handleRequest(NULL, Object(Config\Cache), false)
#10 C:\xampp\htdocs\comple\index.php(45): CodeIgniter\CodeIgniter->run()
#11 {main}
CRITICAL - 2020-11-13 02:05:30 --> Unknown column 'i.id_tipo_actividad' in 'field list'
#0 C:\xampp\htdocs\comple\system\Database\MySQLi\Connection.php(331): mysqli->query('SELECT `i`.`id_...')
#1 C:\xampp\htdocs\comple\system\Database\BaseConnection.php(741): CodeIgniter\Database\MySQLi\Connection->execute('SELECT `i`.`id_...')
#2 C:\xampp\htdocs\comple\system\Database\BaseConnection.php(669): CodeIgniter\Database\BaseConnection->simpleQuery('SELECT `i`.`id_...')
#3 C:\xampp\htdocs\comple\system\Database\BaseBuilder.php(1860): CodeIgniter\Database\BaseConnection->query('SELECT `i`.`id_...', Array, false)
#4 C:\xampp\htdocs\comple\app\Models\Alumno\InscripcionModel.php(33): CodeIgniter\Database\BaseBuilder->get()
#5 C:\xampp\htdocs\comple\app\Services\Alumno\InscripcionService.php(22): App\Models\Alumno\InscripcionModel->getInscripcionesPorEstatus(true)
#6 C:\xampp\htdocs\comple\app\Controllers\Alumno\InscripcionController.php(24): App\Services\Alumno\InscripcionService->getInscripcionesPorEstatus(true)
#7 C:\xampp\htdocs\comple\system\CodeIgniter.php(918): App\Controllers\Alumno\InscripcionController->index()
#8 C:\xampp\htdocs\comple\system\CodeIgniter.php(404): CodeIgniter\CodeIgniter->runController(Object(App\Controllers\Alumno\InscripcionController))
#9 C:\xampp\htdocs\comple\system\CodeIgniter.php(312): CodeIgniter\CodeIgniter->handleRequest(NULL, Object(Config\Cache), false)
#10 C:\xampp\htdocs\comple\index.php(45): CodeIgniter\CodeIgniter->run()
#11 {main}
CRITICAL - 2020-11-13 02:07:26 --> Unknown column 'ta.tipo_actividad' in 'field list'
#0 C:\xampp\htdocs\comple\system\Database\MySQLi\Connection.php(331): mysqli->query('SELECT `i`.`id_...')
#1 C:\xampp\htdocs\comple\system\Database\BaseConnection.php(741): CodeIgniter\Database\MySQLi\Connection->execute('SELECT `i`.`id_...')
#2 C:\xampp\htdocs\comple\system\Database\BaseConnection.php(669): CodeIgniter\Database\BaseConnection->simpleQuery('SELECT `i`.`id_...')
#3 C:\xampp\htdocs\comple\system\Database\BaseBuilder.php(1860): CodeIgniter\Database\BaseConnection->query('SELECT `i`.`id_...', Array, false)
#4 C:\xampp\htdocs\comple\app\Models\Alumno\InscripcionModel.php(33): CodeIgniter\Database\BaseBuilder->get()
#5 C:\xampp\htdocs\comple\app\Services\Alumno\InscripcionService.php(22): App\Models\Alumno\InscripcionModel->getInscripcionesPorEstatus(true)
#6 C:\xampp\htdocs\comple\app\Controllers\Alumno\InscripcionController.php(24): App\Services\Alumno\InscripcionService->getInscripcionesPorEstatus(true)
#7 C:\xampp\htdocs\comple\system\CodeIgniter.php(918): App\Controllers\Alumno\InscripcionController->index()
#8 C:\xampp\htdocs\comple\system\CodeIgniter.php(404): CodeIgniter\CodeIgniter->runController(Object(App\Controllers\Alumno\InscripcionController))
#9 C:\xampp\htdocs\comple\system\CodeIgniter.php(312): CodeIgniter\CodeIgniter->handleRequest(NULL, Object(Config\Cache), false)
#10 C:\xampp\htdocs\comple\index.php(45): CodeIgniter\CodeIgniter->run()
#11 {main}
CRITICAL - 2020-11-13 02:08:07 --> Unknown column 'ta.tipo_actividad' in 'field list'
#0 C:\xampp\htdocs\comple\system\Database\MySQLi\Connection.php(331): mysqli->query('SELECT `i`.`id_...')
#1 C:\xampp\htdocs\comple\system\Database\BaseConnection.php(741): CodeIgniter\Database\MySQLi\Connection->execute('SELECT `i`.`id_...')
#2 C:\xampp\htdocs\comple\system\Database\BaseConnection.php(669): CodeIgniter\Database\BaseConnection->simpleQuery('SELECT `i`.`id_...')
#3 C:\xampp\htdocs\comple\system\Database\BaseBuilder.php(1860): CodeIgniter\Database\BaseConnection->query('SELECT `i`.`id_...', Array, false)
#4 C:\xampp\htdocs\comple\app\Models\Alumno\InscripcionModel.php(33): CodeIgniter\Database\BaseBuilder->get()
#5 C:\xampp\htdocs\comple\app\Services\Alumno\InscripcionService.php(22): App\Models\Alumno\InscripcionModel->getInscripcionesPorEstatus(true)
#6 C:\xampp\htdocs\comple\app\Controllers\Alumno\InscripcionController.php(24): App\Services\Alumno\InscripcionService->getInscripcionesPorEstatus(true)
#7 C:\xampp\htdocs\comple\system\CodeIgniter.php(918): App\Controllers\Alumno\InscripcionController->index()
#8 C:\xampp\htdocs\comple\system\CodeIgniter.php(404): CodeIgniter\CodeIgniter->runController(Object(App\Controllers\Alumno\InscripcionController))
#9 C:\xampp\htdocs\comple\system\CodeIgniter.php(312): CodeIgniter\CodeIgniter->handleRequest(NULL, Object(Config\Cache), false)
#10 C:\xampp\htdocs\comple\index.php(45): CodeIgniter\CodeIgniter->run()
#11 {main}
CRITICAL - 2020-11-13 02:09:59 --> Undefined property: stdClass::$nombre
#0 C:\xampp\htdocs\comple\app\Views\Alumno\Inscripciones\listar.php(47): CodeIgniter\Debug\Exceptions->errorHandler(8, 'Undefined prope...', 'C:\\xampp\\htdocs...', 47, Array)
#1 C:\xampp\htdocs\comple\system\View\View.php(246): include('C:\\xampp\\htdocs...')
#2 C:\xampp\htdocs\comple\system\Common.php(1119): CodeIgniter\View\View->render('Alumno/Inscripc...', Array, true)
#3 C:\xampp\htdocs\comple\app\Controllers\Alumno\InscripcionController.php(31): view('Alumno/Inscripc...', Array)
#4 C:\xampp\htdocs\comple\system\CodeIgniter.php(918): App\Controllers\Alumno\InscripcionController->index()
#5 C:\xampp\htdocs\comple\system\CodeIgniter.php(404): CodeIgniter\CodeIgniter->runController(Object(App\Controllers\Alumno\InscripcionController))
#6 C:\xampp\htdocs\comple\system\CodeIgniter.php(312): CodeIgniter\CodeIgniter->handleRequest(NULL, Object(Config\Cache), false)
#7 C:\xampp\htdocs\comple\index.php(45): CodeIgniter\CodeIgniter->run()
#8 {main}
CRITICAL - 2020-11-13 02:58:59 --> Undefined variable: alumno
#0 C:\xampp\htdocs\comple\app\Views\Alumno\Inscripciones\listar.php(67): CodeIgniter\Debug\Exceptions->errorHandler(8, 'Undefined varia...', 'C:\\xampp\\htdocs...', 67, Array)
#1 C:\xampp\htdocs\comple\system\View\View.php(246): include('C:\\xampp\\htdocs...')
#2 C:\xampp\htdocs\comple\system\Common.php(1119): CodeIgniter\View\View->render('Alumno/Inscripc...', Array, true)
#3 C:\xampp\htdocs\comple\app\Controllers\Alumno\InscripcionController.php(31): view('Alumno/Inscripc...', Array)
#4 C:\xampp\htdocs\comple\system\CodeIgniter.php(918): App\Controllers\Alumno\InscripcionController->index()
#5 C:\xampp\htdocs\comple\system\CodeIgniter.php(404): CodeIgniter\CodeIgniter->runController(Object(App\Controllers\Alumno\InscripcionController))
#6 C:\xampp\htdocs\comple\system\CodeIgniter.php(312): CodeIgniter\CodeIgniter->handleRequest(NULL, Object(Config\Cache), false)
#7 C:\xampp\htdocs\comple\index.php(45): CodeIgniter\CodeIgniter->run()
#8 {main}
CRITICAL - 2020-11-13 03:15:32 --> Unable to connect to the database.
#0 C:\xampp\htdocs\comple\system\Database\BaseConnection.php(646): CodeIgniter\Database\BaseConnection->initialize()
#1 C:\xampp\htdocs\comple\system\Database\BaseBuilder.php(1860): CodeIgniter\Database\BaseConnection->query('SELECT `i`.`id_...', Array, false)
#2 C:\xampp\htdocs\comple\app\Models\Alumno\InscripcionModel.php(32): CodeIgniter\Database\BaseBuilder->get()
#3 C:\xampp\htdocs\comple\app\Services\Alumno\InscripcionService.php(22): App\Models\Alumno\InscripcionModel->getInscripcionesPorEstatus(true)
#4 C:\xampp\htdocs\comple\app\Controllers\Alumno\InscripcionController.php(24): App\Services\Alumno\InscripcionService->getInscripcionesPorEstatus(true)
#5 C:\xampp\htdocs\comple\system\CodeIgniter.php(918): App\Controllers\Alumno\InscripcionController->index()
#6 C:\xampp\htdocs\comple\system\CodeIgniter.php(404): CodeIgniter\CodeIgniter->runController(Object(App\Controllers\Alumno\InscripcionController))
#7 C:\xampp\htdocs\comple\system\CodeIgniter.php(312): CodeIgniter\CodeIgniter->handleRequest(NULL, Object(Config\Cache), false)
#8 C:\xampp\htdocs\comple\index.php(45): CodeIgniter\CodeIgniter->run()
#9 {main}
CRITICAL - 2020-11-13 03:16:02 --> Undefined property: stdClass::$descripcion_periodo
#0 C:\xampp\htdocs\comple\app\Views\Alumno\Inscripciones\listar.php(44): CodeIgniter\Debug\Exceptions->errorHandler(8, 'Undefined prope...', 'C:\\xampp\\htdocs...', 44, Array)
#1 C:\xampp\htdocs\comple\system\View\View.php(246): include('C:\\xampp\\htdocs...')
#2 C:\xampp\htdocs\comple\system\Common.php(1119): CodeIgniter\View\View->render('Alumno/Inscripc...', Array, true)
#3 C:\xampp\htdocs\comple\app\Controllers\Alumno\InscripcionController.php(31): view('Alumno/Inscripc...', Array)
#4 C:\xampp\htdocs\comple\system\CodeIgniter.php(918): App\Controllers\Alumno\InscripcionController->index()
#5 C:\xampp\htdocs\comple\system\CodeIgniter.php(404): CodeIgniter\CodeIgniter->runController(Object(App\Controllers\Alumno\InscripcionController))
#6 C:\xampp\htdocs\comple\system\CodeIgniter.php(312): CodeIgniter\CodeIgniter->handleRequest(NULL, Object(Config\Cache), false)
#7 C:\xampp\htdocs\comple\index.php(45): CodeIgniter\CodeIgniter->run()
#8 {main}
CRITICAL - 2020-11-13 03:16:55 --> Call to undefined method App\Models\Alumno\InscripcionModel::getInscripcionesPorEstatus
#0 C:\xampp\htdocs\comple\app\Services\Alumno\InscripcionService.php(22): CodeIgniter\Model->__call('getInscripcione...', Array)
#1 C:\xampp\htdocs\comple\app\Controllers\Alumno\InscripcionController.php(24): App\Services\Alumno\InscripcionService->getInscripcionesPorEstatus(true)
#2 C:\xampp\htdocs\comple\system\CodeIgniter.php(918): App\Controllers\Alumno\InscripcionController->index()
#3 C:\xampp\htdocs\comple\system\CodeIgniter.php(404): CodeIgniter\CodeIgniter->runController(Object(App\Controllers\Alumno\InscripcionController))
#4 C:\xampp\htdocs\comple\system\CodeIgniter.php(312): CodeIgniter\CodeIgniter->handleRequest(NULL, Object(Config\Cache), false)
#5 C:\xampp\htdocs\comple\index.php(45): CodeIgniter\CodeIgniter->run()
#6 {main}
CRITICAL - 2020-11-13 03:17:58 --> Call to undefined method App\Models\Alumno\InscripcionModel::getInscripcionesPorEstatus
#0 C:\xampp\htdocs\comple\app\Services\Alumno\InscripcionService.php(22): CodeIgniter\Model->__call('getInscripcione...', Array)
#1 C:\xampp\htdocs\comple\app\Controllers\Alumno\InscripcionController.php(24): App\Services\Alumno\InscripcionService->getInscripcionesPorEstatus(true)
#2 C:\xampp\htdocs\comple\system\CodeIgniter.php(918): App\Controllers\Alumno\InscripcionController->index()
#3 C:\xampp\htdocs\comple\system\CodeIgniter.php(404): CodeIgniter\CodeIgniter->runController(Object(App\Controllers\Alumno\InscripcionController))
#4 C:\xampp\htdocs\comple\system\CodeIgniter.php(312): CodeIgniter\CodeIgniter->handleRequest(NULL, Object(Config\Cache), false)
#5 C:\xampp\htdocs\comple\index.php(45): CodeIgniter\CodeIgniter->run()
#6 {main}
CRITICAL - 2020-11-13 03:20:19 --> Call to undefined method App\Services\Alumno\InscripcionService::getActividadesPorAlumno()
#0 C:\xampp\htdocs\comple\system\CodeIgniter.php(918): App\Controllers\Alumno\InscripcionController->index()
#1 C:\xampp\htdocs\comple\system\CodeIgniter.php(404): CodeIgniter\CodeIgniter->runController(Object(App\Controllers\Alumno\InscripcionController))
#2 C:\xampp\htdocs\comple\system\CodeIgniter.php(312): CodeIgniter\CodeIgniter->handleRequest(NULL, Object(Config\Cache), false)
#3 C:\xampp\htdocs\comple\index.php(45): CodeIgniter\CodeIgniter->run()
#4 {main}
CRITICAL - 2020-11-13 03:20:23 --> Call to undefined method App\Services\Alumno\InscripcionService::getActividadesPorAlumno()
#0 C:\xampp\htdocs\comple\system\CodeIgniter.php(918): App\Controllers\Alumno\InscripcionController->index()
#1 C:\xampp\htdocs\comple\system\CodeIgniter.php(404): CodeIgniter\CodeIgniter->runController(Object(App\Controllers\Alumno\InscripcionController))
#2 C:\xampp\htdocs\comple\system\CodeIgniter.php(312): CodeIgniter\CodeIgniter->handleRequest(NULL, Object(Config\Cache), false)
#3 C:\xampp\htdocs\comple\index.php(45): CodeIgniter\CodeIgniter->run()
#4 {main}
CRITICAL - 2020-11-13 03:21:26 --> Undefined property: stdClass::$descripcion_periodo
#0 C:\xampp\htdocs\comple\app\Views\Alumno\Inscripciones\listar.php(44): CodeIgniter\Debug\Exceptions->errorHandler(8, 'Undefined prope...', 'C:\\xampp\\htdocs...', 44, Array)
#1 C:\xampp\htdocs\comple\system\View\View.php(246): include('C:\\xampp\\htdocs...')
#2 C:\xampp\htdocs\comple\system\Common.php(1119): CodeIgniter\View\View->render('Alumno/Inscripc...', Array, true)
#3 C:\xampp\htdocs\comple\app\Controllers\Alumno\InscripcionController.php(24): view('Alumno/Inscripc...', Array)
#4 C:\xampp\htdocs\comple\system\CodeIgniter.php(918): App\Controllers\Alumno\InscripcionController->index()
#5 C:\xampp\htdocs\comple\system\CodeIgniter.php(404): CodeIgniter\CodeIgniter->runController(Object(App\Controllers\Alumno\InscripcionController))
#6 C:\xampp\htdocs\comple\system\CodeIgniter.php(312): CodeIgniter\CodeIgniter->handleRequest(NULL, Object(Config\Cache), false)
#7 C:\xampp\htdocs\comple\index.php(45): CodeIgniter\CodeIgniter->run()
#8 {main}
CRITICAL - 2020-11-13 03:24:19 --> Unknown column 'i.periodo' in 'on clause'
#0 C:\xampp\htdocs\comple\system\Database\MySQLi\Connection.php(331): mysqli->query('SELECT `a`.`id_...')
#1 C:\xampp\htdocs\comple\system\Database\BaseConnection.php(741): CodeIgniter\Database\MySQLi\Connection->execute('SELECT `a`.`id_...')
#2 C:\xampp\htdocs\comple\system\Database\BaseConnection.php(669): CodeIgniter\Database\BaseConnection->simpleQuery('SELECT `a`.`id_...')
#3 C:\xampp\htdocs\comple\system\Database\BaseBuilder.php(1860): CodeIgniter\Database\BaseConnection->query('SELECT `a`.`id_...', Array, false)
#4 C:\xampp\htdocs\comple\app\Models\Alumno\InscripcionModel.php(21): CodeIgniter\Database\BaseBuilder->get()
#5 C:\xampp\htdocs\comple\app\Services\Alumno\InscripcionService.php(20): App\Models\Alumno\InscripcionModel->getActividadesPorAlumno('201160074 ')
#6 C:\xampp\htdocs\comple\app\Controllers\Alumno\InscripcionController.php(19): App\Services\Alumno\InscripcionService->getActividadesPorAlumno('201160074 ')
#7 C:\xampp\htdocs\comple\system\CodeIgniter.php(918): App\Controllers\Alumno\InscripcionController->index()
#8 C:\xampp\htdocs\comple\system\CodeIgniter.php(404): CodeIgniter\CodeIgniter->runController(Object(App\Controllers\Alumno\InscripcionController))
#9 C:\xampp\htdocs\comple\system\CodeIgniter.php(312): CodeIgniter\CodeIgniter->handleRequest(NULL, Object(Config\Cache), false)
#10 C:\xampp\htdocs\comple\index.php(45): CodeIgniter\CodeIgniter->run()
#11 {main}
CRITICAL - 2020-11-13 03:24:34 --> Undefined property: stdClass::$ap_paterno
#0 C:\xampp\htdocs\comple\app\Views\Alumno\Inscripciones\listar.php(50): CodeIgniter\Debug\Exceptions->errorHandler(8, 'Undefined prope...', 'C:\\xampp\\htdocs...', 50, Array)
#1 C:\xampp\htdocs\comple\system\View\View.php(246): include('C:\\xampp\\htdocs...')
#2 C:\xampp\htdocs\comple\system\Common.php(1119): CodeIgniter\View\View->render('Alumno/Inscripc...', Array, true)
#3 C:\xampp\htdocs\comple\app\Controllers\Alumno\InscripcionController.php(24): view('Alumno/Inscripc...', Array)
#4 C:\xampp\htdocs\comple\system\CodeIgniter.php(918): App\Controllers\Alumno\InscripcionController->index()
#5 C:\xampp\htdocs\comple\system\CodeIgniter.php(404): CodeIgniter\CodeIgniter->runController(Object(App\Controllers\Alumno\InscripcionController))
#6 C:\xampp\htdocs\comple\system\CodeIgniter.php(312): CodeIgniter\CodeIgniter->handleRequest(NULL, Object(Config\Cache), false)
#7 C:\xampp\htdocs\comple\index.php(45): CodeIgniter\CodeIgniter->run()
#8 {main}
CRITICAL - 2020-11-13 03:26:04 --> Undefined property: stdClass::$appaterno
#0 C:\xampp\htdocs\comple\app\Views\Alumno\Inscripciones\listar.php(50): CodeIgniter\Debug\Exceptions->errorHandler(8, 'Undefined prope...', 'C:\\xampp\\htdocs...', 50, Array)
#1 C:\xampp\htdocs\comple\system\View\View.php(246): include('C:\\xampp\\htdocs...')
#2 C:\xampp\htdocs\comple\system\Common.php(1119): CodeIgniter\View\View->render('Alumno/Inscripc...', Array, true)
#3 C:\xampp\htdocs\comple\app\Controllers\Alumno\InscripcionController.php(24): view('Alumno/Inscripc...', Array)
#4 C:\xampp\htdocs\comple\system\CodeIgniter.php(918): App\Controllers\Alumno\InscripcionController->index()
#5 C:\xampp\htdocs\comple\system\CodeIgniter.php(404): CodeIgniter\CodeIgniter->runController(Object(App\Controllers\Alumno\InscripcionController))
#6 C:\xampp\htdocs\comple\system\CodeIgniter.php(312): CodeIgniter\CodeIgniter->handleRequest(NULL, Object(Config\Cache), false)
#7 C:\xampp\htdocs\comple\index.php(45): CodeIgniter\CodeIgniter->run()
#8 {main}
CRITICAL - 2020-11-13 03:26:27 --> Undefined variable: periodos
#0 C:\xampp\htdocs\comple\app\Views\Alumno\Inscripciones\agregar.php(28): CodeIgniter\Debug\Exceptions->errorHandler(8, 'Undefined varia...', 'C:\\xampp\\htdocs...', 28, Array)
#1 C:\xampp\htdocs\comple\system\View\View.php(246): include('C:\\xampp\\htdocs...')
#2 C:\xampp\htdocs\comple\system\Common.php(1119): CodeIgniter\View\View->render('Alumno/Inscripc...', Array, true)
#3 C:\xampp\htdocs\comple\app\Views\Alumno\Inscripciones\listar.php(61): view('Alumno/Inscripc...')
#4 C:\xampp\htdocs\comple\system\View\View.php(246): include('C:\\xampp\\htdocs...')
#5 C:\xampp\htdocs\comple\system\Common.php(1119): CodeIgniter\View\View->render('Alumno/Inscripc...', Array, true)
#6 C:\xampp\htdocs\comple\app\Controllers\Alumno\InscripcionController.php(24): view('Alumno/Inscripc...', Array)
#7 C:\xampp\htdocs\comple\system\CodeIgniter.php(918): App\Controllers\Alumno\InscripcionController->index()
#8 C:\xampp\htdocs\comple\system\CodeIgniter.php(404): CodeIgniter\CodeIgniter->runController(Object(App\Controllers\Alumno\InscripcionController))
#9 C:\xampp\htdocs\comple\system\CodeIgniter.php(312): CodeIgniter\CodeIgniter->handleRequest(NULL, Object(Config\Cache), false)
#10 C:\xampp\htdocs\comple\index.php(45): CodeIgniter\CodeIgniter->run()
#11 {main}
CRITICAL - 2020-11-13 03:28:10 --> Undefined variable: periodos
#0 C:\xampp\htdocs\comple\app\Views\Alumno\Inscripciones\agregar.php(28): CodeIgniter\Debug\Exceptions->errorHandler(8, 'Undefined varia...', 'C:\\xampp\\htdocs...', 28, Array)
#1 C:\xampp\htdocs\comple\system\View\View.php(246): include('C:\\xampp\\htdocs...')
#2 C:\xampp\htdocs\comple\system\Common.php(1119): CodeIgniter\View\View->render('Alumno/Inscripc...', Array, true)
#3 C:\xampp\htdocs\comple\app\Views\Alumno\Inscripciones\listar.php(61): view('Alumno/Inscripc...')
#4 C:\xampp\htdocs\comple\system\View\View.php(246): include('C:\\xampp\\htdocs...')
#5 C:\xampp\htdocs\comple\system\Common.php(1119): CodeIgniter\View\View->render('Alumno/Inscripc...', Array, true)
#6 C:\xampp\htdocs\comple\app\Controllers\Alumno\InscripcionController.php(24): view('Alumno/Inscripc...', Array)
#7 C:\xampp\htdocs\comple\system\CodeIgniter.php(918): App\Controllers\Alumno\InscripcionController->index()
#8 C:\xampp\htdocs\comple\system\CodeIgniter.php(404): CodeIgniter\CodeIgniter->runController(Object(App\Controllers\Alumno\InscripcionController))
#9 C:\xampp\htdocs\comple\system\CodeIgniter.php(312): CodeIgniter\CodeIgniter->handleRequest(NULL, Object(Config\Cache), false)
#10 C:\xampp\htdocs\comple\index.php(45): CodeIgniter\CodeIgniter->run()
#11 {main}
CRITICAL - 2020-11-13 03:28:48 --> Undefined variable: periodos
#0 C:\xampp\htdocs\comple\app\Views\Alumno\Inscripciones\agregar.php(28): CodeIgniter\Debug\Exceptions->errorHandler(8, 'Undefined varia...', 'C:\\xampp\\htdocs...', 28, Array)
#1 C:\xampp\htdocs\comple\system\View\View.php(246): include('C:\\xampp\\htdocs...')
#2 C:\xampp\htdocs\comple\system\Common.php(1119): CodeIgniter\View\View->render('Alumno/Inscripc...', Array, true)
#3 C:\xampp\htdocs\comple\app\Views\Alumno\Inscripciones\listar.php(61): view('Alumno/Inscripc...')
#4 C:\xampp\htdocs\comple\system\View\View.php(246): include('C:\\xampp\\htdocs...')
#5 C:\xampp\htdocs\comple\system\Common.php(1119): CodeIgniter\View\View->render('Alumno/Inscripc...', Array, true)
#6 C:\xampp\htdocs\comple\app\Controllers\Alumno\InscripcionController.php(24): view('Alumno/Inscripc...', Array)
#7 C:\xampp\htdocs\comple\system\CodeIgniter.php(918): App\Controllers\Alumno\InscripcionController->index()
#8 C:\xampp\htdocs\comple\system\CodeIgniter.php(404): CodeIgniter\CodeIgniter->runController(Object(App\Controllers\Alumno\InscripcionController))
#9 C:\xampp\htdocs\comple\system\CodeIgniter.php(312): CodeIgniter\CodeIgniter->handleRequest(NULL, Object(Config\Cache), false)
#10 C:\xampp\htdocs\comple\index.php(45): CodeIgniter\CodeIgniter->run()
#11 {main}
CRITICAL - 2020-11-13 03:29:13 --> Undefined variable: periodos
#0 C:\xampp\htdocs\comple\app\Views\Alumno\Inscripciones\agregar.php(28): CodeIgniter\Debug\Exceptions->errorHandler(8, 'Undefined varia...', 'C:\\xampp\\htdocs...', 28, Array)
#1 C:\xampp\htdocs\comple\system\View\View.php(246): include('C:\\xampp\\htdocs...')
#2 C:\xampp\htdocs\comple\system\Common.php(1119): CodeIgniter\View\View->render('Alumno/Inscripc...', Array, true)
#3 C:\xampp\htdocs\comple\app\Views\Alumno\Inscripciones\listar.php(61): view('Alumno/Inscripc...')
#4 C:\xampp\htdocs\comple\system\View\View.php(246): include('C:\\xampp\\htdocs...')
#5 C:\xampp\htdocs\comple\system\Common.php(1119): CodeIgniter\View\View->render('Alumno/Inscripc...', Array, true)
#6 C:\xampp\htdocs\comple\app\Controllers\Alumno\InscripcionController.php(24): view('Alumno/Inscripc...', Array)
#7 C:\xampp\htdocs\comple\system\CodeIgniter.php(918): App\Controllers\Alumno\InscripcionController->index()
#8 C:\xampp\htdocs\comple\system\CodeIgniter.php(404): CodeIgniter\CodeIgniter->runController(Object(App\Controllers\Alumno\InscripcionController))
#9 C:\xampp\htdocs\comple\system\CodeIgniter.php(312): CodeIgniter\CodeIgniter->handleRequest(NULL, Object(Config\Cache), false)
#10 C:\xampp\htdocs\comple\index.php(45): CodeIgniter\CodeIgniter->run()
#11 {main}
CRITICAL - 2020-11-13 21:42:09 --> Trying to get property 'num_control' of non-object
#0 C:\xampp\htdocs\comple\app\Controllers\Alumno\InicioController.php(22): CodeIgniter\Debug\Exceptions->errorHandler(8, 'Trying to get p...', 'C:\\xampp\\htdocs...', 22, Array)
#1 C:\xampp\htdocs\comple\system\CodeIgniter.php(918): App\Controllers\Alumno\InicioController->index()
#2 C:\xampp\htdocs\comple\system\CodeIgniter.php(404): CodeIgniter\CodeIgniter->runController(Object(App\Controllers\Alumno\InicioController))
#3 C:\xampp\htdocs\comple\system\CodeIgniter.php(312): CodeIgniter\CodeIgniter->handleRequest(NULL, Object(Config\Cache), false)
#4 C:\xampp\htdocs\comple\index.php(45): CodeIgniter\CodeIgniter->run()
#5 {main}
CRITICAL - 2020-11-13 21:42:44 --> Trying to get property 'num_control' of non-object
#0 C:\xampp\htdocs\comple\app\Controllers\Alumno\InscripcionController.php(17): CodeIgniter\Debug\Exceptions->errorHandler(8, 'Trying to get p...', 'C:\\xampp\\htdocs...', 17, Array)
#1 C:\xampp\htdocs\comple\system\CodeIgniter.php(918): App\Controllers\Alumno\InscripcionController->index()
#2 C:\xampp\htdocs\comple\system\CodeIgniter.php(404): CodeIgniter\CodeIgniter->runController(Object(App\Controllers\Alumno\InscripcionController))
#3 C:\xampp\htdocs\comple\system\CodeIgniter.php(312): CodeIgniter\CodeIgniter->handleRequest(NULL, Object(Config\Cache), false)
#4 C:\xampp\htdocs\comple\index.php(45): CodeIgniter\CodeIgniter->run()
#5 {main}
CRITICAL - 2020-11-13 21:42:58 --> Trying to get property 'num_control' of non-object
#0 C:\xampp\htdocs\comple\app\Controllers\Alumno\InicioController.php(22): CodeIgniter\Debug\Exceptions->errorHandler(8, 'Trying to get p...', 'C:\\xampp\\htdocs...', 22, Array)
#1 C:\xampp\htdocs\comple\system\CodeIgniter.php(918): App\Controllers\Alumno\InicioController->index()
#2 C:\xampp\htdocs\comple\system\CodeIgniter.php(404): CodeIgniter\CodeIgniter->runController(Object(App\Controllers\Alumno\InicioController))
#3 C:\xampp\htdocs\comple\system\CodeIgniter.php(312): CodeIgniter\CodeIgniter->handleRequest(NULL, Object(Config\Cache), false)
#4 C:\xampp\htdocs\comple\index.php(45): CodeIgniter\CodeIgniter->run()
#5 {main}
CRITICAL - 2020-11-13 21:43:01 --> Trying to get property 'num_control' of non-object
#0 C:\xampp\htdocs\comple\app\Controllers\Alumno\InscripcionController.php(17): CodeIgniter\Debug\Exceptions->errorHandler(8, 'Trying to get p...', 'C:\\xampp\\htdocs...', 17, Array)
#1 C:\xampp\htdocs\comple\system\CodeIgniter.php(918): App\Controllers\Alumno\InscripcionController->index()
#2 C:\xampp\htdocs\comple\system\CodeIgniter.php(404): CodeIgniter\CodeIgniter->runController(Object(App\Controllers\Alumno\InscripcionController))
#3 C:\xampp\htdocs\comple\system\CodeIgniter.php(312): CodeIgniter\CodeIgniter->handleRequest(NULL, Object(Config\Cache), false)
#4 C:\xampp\htdocs\comple\index.php(45): CodeIgniter\CodeIgniter->run()
#5 {main}
CRITICAL - 2020-11-13 21:43:04 --> Trying to get property 'num_control' of non-object
#0 C:\xampp\htdocs\comple\app\Controllers\Alumno\HistorialController.php(24): CodeIgniter\Debug\Exceptions->errorHandler(8, 'Trying to get p...', 'C:\\xampp\\htdocs...', 24, Array)
#1 C:\xampp\htdocs\comple\system\CodeIgniter.php(918): App\Controllers\Alumno\HistorialController->index()
#2 C:\xampp\htdocs\comple\system\CodeIgniter.php(404): CodeIgniter\CodeIgniter->runController(Object(App\Controllers\Alumno\HistorialController))
#3 C:\xampp\htdocs\comple\system\CodeIgniter.php(312): CodeIgniter\CodeIgniter->handleRequest(NULL, Object(Config\Cache), false)
#4 C:\xampp\htdocs\comple\index.php(45): CodeIgniter\CodeIgniter->run()
#5 {main}
CRITICAL - 2020-11-13 21:43:09 --> Trying to get property 'num_control' of non-object
#0 C:\xampp\htdocs\comple\app\Controllers\Alumno\InicioController.php(22): CodeIgniter\Debug\Exceptions->errorHandler(8, 'Trying to get p...', 'C:\\xampp\\htdocs...', 22, Array)
#1 C:\xampp\htdocs\comple\system\CodeIgniter.php(918): App\Controllers\Alumno\InicioController->index()
#2 C:\xampp\htdocs\comple\system\CodeIgniter.php(404): CodeIgniter\CodeIgniter->runController(Object(App\Controllers\Alumno\InicioController))
#3 C:\xampp\htdocs\comple\system\CodeIgniter.php(312): CodeIgniter\CodeIgniter->handleRequest(NULL, Object(Config\Cache), false)
#4 C:\xampp\htdocs\comple\index.php(45): CodeIgniter\CodeIgniter->run()
#5 {main}
CRITICAL - 2020-11-13 21:43:19 --> Trying to get property 'num_control' of non-object
#0 C:\xampp\htdocs\comple\app\Controllers\Alumno\InscripcionController.php(17): CodeIgniter\Debug\Exceptions->errorHandler(8, 'Trying to get p...', 'C:\\xampp\\htdocs...', 17, Array)
#1 C:\xampp\htdocs\comple\system\CodeIgniter.php(918): App\Controllers\Alumno\InscripcionController->index()
#2 C:\xampp\htdocs\comple\system\CodeIgniter.php(404): CodeIgniter\CodeIgniter->runController(Object(App\Controllers\Alumno\InscripcionController))
#3 C:\xampp\htdocs\comple\system\CodeIgniter.php(312): CodeIgniter\CodeIgniter->handleRequest(NULL, Object(Config\Cache), false)
#4 C:\xampp\htdocs\comple\index.php(45): CodeIgniter\CodeIgniter->run()
#5 {main}
CRITICAL - 2020-11-13 21:43:27 --> Trying to get property 'num_control' of non-object
#0 C:\xampp\htdocs\comple\app\Controllers\Alumno\InicioController.php(22): CodeIgniter\Debug\Exceptions->errorHandler(8, 'Trying to get p...', 'C:\\xampp\\htdocs...', 22, Array)
#1 C:\xampp\htdocs\comple\system\CodeIgniter.php(918): App\Controllers\Alumno\InicioController->index()
#2 C:\xampp\htdocs\comple\system\CodeIgniter.php(404): CodeIgniter\CodeIgniter->runController(Object(App\Controllers\Alumno\InicioController))
#3 C:\xampp\htdocs\comple\system\CodeIgniter.php(312): CodeIgniter\CodeIgniter->handleRequest(NULL, Object(Config\Cache), false)
#4 C:\xampp\htdocs\comple\index.php(45): CodeIgniter\CodeIgniter->run()
#5 {main}
CRITICAL - 2020-11-13 21:43:37 --> Trying to get property 'num_control' of non-object
#0 C:\xampp\htdocs\comple\app\Controllers\Alumno\InscripcionController.php(17): CodeIgniter\Debug\Exceptions->errorHandler(8, 'Trying to get p...', 'C:\\xampp\\htdocs...', 17, Array)
#1 C:\xampp\htdocs\comple\system\CodeIgniter.php(918): App\Controllers\Alumno\InscripcionController->index()
#2 C:\xampp\htdocs\comple\system\CodeIgniter.php(404): CodeIgniter\CodeIgniter->runController(Object(App\Controllers\Alumno\InscripcionController))
#3 C:\xampp\htdocs\comple\system\CodeIgniter.php(312): CodeIgniter\CodeIgniter->handleRequest(NULL, Object(Config\Cache), false)
#4 C:\xampp\htdocs\comple\index.php(45): CodeIgniter\CodeIgniter->run()
#5 {main}
CRITICAL - 2020-11-13 21:43:45 --> Trying to get property 'num_control' of non-object
#0 C:\xampp\htdocs\comple\app\Controllers\Alumno\InicioController.php(22): CodeIgniter\Debug\Exceptions->errorHandler(8, 'Trying to get p...', 'C:\\xampp\\htdocs...', 22, Array)
#1 C:\xampp\htdocs\comple\system\CodeIgniter.php(918): App\Controllers\Alumno\InicioController->index()
#2 C:\xampp\htdocs\comple\system\CodeIgniter.php(404): CodeIgniter\CodeIgniter->runController(Object(App\Controllers\Alumno\InicioController))
#3 C:\xampp\htdocs\comple\system\CodeIgniter.php(312): CodeIgniter\CodeIgniter->handleRequest(NULL, Object(Config\Cache), false)
#4 C:\xampp\htdocs\comple\index.php(45): CodeIgniter\CodeIgniter->run()
#5 {main}
CRITICAL - 2020-11-13 21:45:42 --> Unknown column 'calificacion' in 'where clause'
#0 C:\xampp\htdocs\comple\system\Database\MySQLi\Connection.php(331): mysqli->query('SELECT `a`.`per...')
#1 C:\xampp\htdocs\comple\system\Database\BaseConnection.php(741): CodeIgniter\Database\MySQLi\Connection->execute('SELECT `a`.`per...')
#2 C:\xampp\htdocs\comple\system\Database\BaseConnection.php(669): CodeIgniter\Database\BaseConnection->simpleQuery('SELECT `a`.`per...')
#3 C:\xampp\htdocs\comple\system\Database\BaseBuilder.php(1860): CodeIgniter\Database\BaseConnection->query('SELECT `a`.`per...', Array, false)
#4 C:\xampp\htdocs\comple\app\Models\Alumno\ActividadesModel.php(25): CodeIgniter\Database\BaseBuilder->get()
#5 C:\xampp\htdocs\comple\app\Services\Alumno\ActividadesService.php(20): App\Models\Alumno\ActividadesModel->getActividadesPorAlumno('201160074 ')
#6 C:\xampp\htdocs\comple\app\Controllers\Alumno\InicioController.php(24): App\Services\Alumno\ActividadesService->getActividadesPorAlumno('201160074 ')
#7 C:\xampp\htdocs\comple\system\CodeIgniter.php(918): App\Controllers\Alumno\InicioController->index()
#8 C:\xampp\htdocs\comple\system\CodeIgniter.php(404): CodeIgniter\CodeIgniter->runController(Object(App\Controllers\Alumno\InicioController))
#9 C:\xampp\htdocs\comple\system\CodeIgniter.php(312): CodeIgniter\CodeIgniter->handleRequest(NULL, Object(Config\Cache), false)
#10 C:\xampp\htdocs\comple\index.php(45): CodeIgniter\CodeIgniter->run()
#11 {main}
CRITICAL - 2020-11-13 21:46:28 --> Unknown column 'valor_numerico' in 'where clause'
#0 C:\xampp\htdocs\comple\system\Database\MySQLi\Connection.php(331): mysqli->query('SELECT `a`.`per...')
#1 C:\xampp\htdocs\comple\system\Database\BaseConnection.php(741): CodeIgniter\Database\MySQLi\Connection->execute('SELECT `a`.`per...')
#2 C:\xampp\htdocs\comple\system\Database\BaseConnection.php(669): CodeIgniter\Database\BaseConnection->simpleQuery('SELECT `a`.`per...')
#3 C:\xampp\htdocs\comple\system\Database\BaseBuilder.php(1860): CodeIgniter\Database\BaseConnection->query('SELECT `a`.`per...', Array, false)
#4 C:\xampp\htdocs\comple\app\Models\Alumno\ActividadesModel.php(25): CodeIgniter\Database\BaseBuilder->get()
#5 C:\xampp\htdocs\comple\app\Services\Alumno\ActividadesService.php(20): App\Models\Alumno\ActividadesModel->getActividadesPorAlumno('201160074 ')
#6 C:\xampp\htdocs\comple\app\Controllers\Alumno\InicioController.php(24): App\Services\Alumno\ActividadesService->getActividadesPorAlumno('201160074 ')
#7 C:\xampp\htdocs\comple\system\CodeIgniter.php(918): App\Controllers\Alumno\InicioController->index()
#8 C:\xampp\htdocs\comple\system\CodeIgniter.php(404): CodeIgniter\CodeIgniter->runController(Object(App\Controllers\Alumno\InicioController))
#9 C:\xampp\htdocs\comple\system\CodeIgniter.php(312): CodeIgniter\CodeIgniter->handleRequest(NULL, Object(Config\Cache), false)
#10 C:\xampp\htdocs\comple\index.php(45): CodeIgniter\CodeIgniter->run()
#11 {main}
CRITICAL - 2020-11-13 21:47:44 --> Unknown column 'valor_numerico' in 'where clause'
#0 C:\xampp\htdocs\comple\system\Database\MySQLi\Connection.php(331): mysqli->query('SELECT `a`.`per...')
#1 C:\xampp\htdocs\comple\system\Database\BaseConnection.php(741): CodeIgniter\Database\MySQLi\Connection->execute('SELECT `a`.`per...')
#2 C:\xampp\htdocs\comple\system\Database\BaseConnection.php(669): CodeIgniter\Database\BaseConnection->simpleQuery('SELECT `a`.`per...')
#3 C:\xampp\htdocs\comple\system\Database\BaseBuilder.php(1860): CodeIgniter\Database\BaseConnection->query('SELECT `a`.`per...', Array, false)
#4 C:\xampp\htdocs\comple\app\Models\Alumno\ActividadesModel.php(25): CodeIgniter\Database\BaseBuilder->get()
#5 C:\xampp\htdocs\comple\app\Services\Alumno\ActividadesService.php(20): App\Models\Alumno\ActividadesModel->getActividadesPorAlumno('201160074 ')
#6 C:\xampp\htdocs\comple\app\Controllers\Alumno\InicioController.php(24): App\Services\Alumno\ActividadesService->getActividadesPorAlumno('201160074 ')
#7 C:\xampp\htdocs\comple\system\CodeIgniter.php(918): App\Controllers\Alumno\InicioController->index()
#8 C:\xampp\htdocs\comple\system\CodeIgniter.php(404): CodeIgniter\CodeIgniter->runController(Object(App\Controllers\Alumno\InicioController))
#9 C:\xampp\htdocs\comple\system\CodeIgniter.php(312): CodeIgniter\CodeIgniter->handleRequest(NULL, Object(Config\Cache), false)
#10 C:\xampp\htdocs\comple\index.php(45): CodeIgniter\CodeIgniter->run()
#11 {main}
CRITICAL - 2020-11-13 21:47:49 --> Unknown column 'valor_numerico' in 'where clause'
#0 C:\xampp\htdocs\comple\system\Database\MySQLi\Connection.php(331): mysqli->query('SELECT `a`.`per...')
#1 C:\xampp\htdocs\comple\system\Database\BaseConnection.php(741): CodeIgniter\Database\MySQLi\Connection->execute('SELECT `a`.`per...')
#2 C:\xampp\htdocs\comple\system\Database\BaseConnection.php(669): CodeIgniter\Database\BaseConnection->simpleQuery('SELECT `a`.`per...')
#3 C:\xampp\htdocs\comple\system\Database\BaseBuilder.php(1860): CodeIgniter\Database\BaseConnection->query('SELECT `a`.`per...', Array, false)
#4 C:\xampp\htdocs\comple\app\Models\Alumno\ActividadesModel.php(25): CodeIgniter\Database\BaseBuilder->get()
#5 C:\xampp\htdocs\comple\app\Services\Alumno\ActividadesService.php(20): App\Models\Alumno\ActividadesModel->getActividadesPorAlumno('201160074 ')
#6 C:\xampp\htdocs\comple\app\Controllers\Alumno\InicioController.php(24): App\Services\Alumno\ActividadesService->getActividadesPorAlumno('201160074 ')
#7 C:\xampp\htdocs\comple\system\CodeIgniter.php(918): App\Controllers\Alumno\InicioController->index()
#8 C:\xampp\htdocs\comple\system\CodeIgniter.php(404): CodeIgniter\CodeIgniter->runController(Object(App\Controllers\Alumno\InicioController))
#9 C:\xampp\htdocs\comple\system\CodeIgniter.php(312): CodeIgniter\CodeIgniter->handleRequest(NULL, Object(Config\Cache), false)
#10 C:\xampp\htdocs\comple\index.php(45): CodeIgniter\CodeIgniter->run()
#11 {main}
CRITICAL - 2020-11-13 21:48:34 --> Unknown column 'calificacion' in 'where clause'
#0 C:\xampp\htdocs\comple\system\Database\MySQLi\Connection.php(331): mysqli->query('SELECT `a`.`per...')
#1 C:\xampp\htdocs\comple\system\Database\BaseConnection.php(741): CodeIgniter\Database\MySQLi\Connection->execute('SELECT `a`.`per...')
#2 C:\xampp\htdocs\comple\system\Database\BaseConnection.php(669): CodeIgniter\Database\BaseConnection->simpleQuery('SELECT `a`.`per...')
#3 C:\xampp\htdocs\comple\system\Database\BaseBuilder.php(1860): CodeIgniter\Database\BaseConnection->query('SELECT `a`.`per...', Array, false)
#4 C:\xampp\htdocs\comple\app\Models\Alumno\ActividadesModel.php(25): CodeIgniter\Database\BaseBuilder->get()
#5 C:\xampp\htdocs\comple\app\Services\Alumno\ActividadesService.php(20): App\Models\Alumno\ActividadesModel->getActividadesPorAlumno('201160074 ')
#6 C:\xampp\htdocs\comple\app\Controllers\Alumno\InicioController.php(24): App\Services\Alumno\ActividadesService->getActividadesPorAlumno('201160074 ')
#7 C:\xampp\htdocs\comple\system\CodeIgniter.php(918): App\Controllers\Alumno\InicioController->index()
#8 C:\xampp\htdocs\comple\system\CodeIgniter.php(404): CodeIgniter\CodeIgniter->runController(Object(App\Controllers\Alumno\InicioController))
#9 C:\xampp\htdocs\comple\system\CodeIgniter.php(312): CodeIgniter\CodeIgniter->handleRequest(NULL, Object(Config\Cache), false)
#10 C:\xampp\htdocs\comple\index.php(45): CodeIgniter\CodeIgniter->run()
#11 {main}
CRITICAL - 2020-11-13 21:50:10 --> Unknown column 'actividad' in 'where clause'
#0 C:\xampp\htdocs\comple\system\Database\MySQLi\Connection.php(331): mysqli->query('SELECT `a`.`per...')
#1 C:\xampp\htdocs\comple\system\Database\BaseConnection.php(741): CodeIgniter\Database\MySQLi\Connection->execute('SELECT `a`.`per...')
#2 C:\xampp\htdocs\comple\system\Database\BaseConnection.php(669): CodeIgniter\Database\BaseConnection->simpleQuery('SELECT `a`.`per...')
#3 C:\xampp\htdocs\comple\system\Database\BaseBuilder.php(1860): CodeIgniter\Database\BaseConnection->query('SELECT `a`.`per...', Array, false)
#4 C:\xampp\htdocs\comple\app\Models\Alumno\ActividadesModel.php(25): CodeIgniter\Database\BaseBuilder->get()
#5 C:\xampp\htdocs\comple\app\Services\Alumno\ActividadesService.php(20): App\Models\Alumno\ActividadesModel->getActividadesPorAlumno('201160074 ')
#6 C:\xampp\htdocs\comple\app\Controllers\Alumno\InicioController.php(24): App\Services\Alumno\ActividadesService->getActividadesPorAlumno('201160074 ')
#7 C:\xampp\htdocs\comple\system\CodeIgniter.php(918): App\Controllers\Alumno\InicioController->index()
#8 C:\xampp\htdocs\comple\system\CodeIgniter.php(404): CodeIgniter\CodeIgniter->runController(Object(App\Controllers\Alumno\InicioController))
#9 C:\xampp\htdocs\comple\system\CodeIgniter.php(312): CodeIgniter\CodeIgniter->handleRequest(NULL, Object(Config\Cache), false)
#10 C:\xampp\htdocs\comple\index.php(45): CodeIgniter\CodeIgniter->run()
#11 {main}
CRITICAL - 2020-11-13 21:50:57 --> Unknown column 'calificacion' in 'where clause'
#0 C:\xampp\htdocs\comple\system\Database\MySQLi\Connection.php(331): mysqli->query('SELECT `a`.`per...')
#1 C:\xampp\htdocs\comple\system\Database\BaseConnection.php(741): CodeIgniter\Database\MySQLi\Connection->execute('SELECT `a`.`per...')
#2 C:\xampp\htdocs\comple\system\Database\BaseConnection.php(669): CodeIgniter\Database\BaseConnection->simpleQuery('SELECT `a`.`per...')
#3 C:\xampp\htdocs\comple\system\Database\BaseBuilder.php(1860): CodeIgniter\Database\BaseConnection->query('SELECT `a`.`per...', Array, false)
#4 C:\xampp\htdocs\comple\app\Models\Alumno\ActividadesModel.php(25): CodeIgniter\Database\BaseBuilder->get()
#5 C:\xampp\htdocs\comple\app\Services\Alumno\ActividadesService.php(20): App\Models\Alumno\ActividadesModel->getActividadesPorAlumno('201160074 ')
#6 C:\xampp\htdocs\comple\app\Controllers\Alumno\InicioController.php(24): App\Services\Alumno\ActividadesService->getActividadesPorAlumno('201160074 ')
#7 C:\xampp\htdocs\comple\system\CodeIgniter.php(918): App\Controllers\Alumno\InicioController->index()
#8 C:\xampp\htdocs\comple\system\CodeIgniter.php(404): CodeIgniter\CodeIgniter->runController(Object(App\Controllers\Alumno\InicioController))
#9 C:\xampp\htdocs\comple\system\CodeIgniter.php(312): CodeIgniter\CodeIgniter->handleRequest(NULL, Object(Config\Cache), false)
#10 C:\xampp\htdocs\comple\index.php(45): CodeIgniter\CodeIgniter->run()
#11 {main}
CRITICAL - 2020-11-13 21:51:28 --> Unknown column 'actividad' in 'where clause'
#0 C:\xampp\htdocs\comple\system\Database\MySQLi\Connection.php(331): mysqli->query('SELECT `a`.`per...')
#1 C:\xampp\htdocs\comple\system\Database\BaseConnection.php(741): CodeIgniter\Database\MySQLi\Connection->execute('SELECT `a`.`per...')
#2 C:\xampp\htdocs\comple\system\Database\BaseConnection.php(669): CodeIgniter\Database\BaseConnection->simpleQuery('SELECT `a`.`per...')
#3 C:\xampp\htdocs\comple\system\Database\BaseBuilder.php(1860): CodeIgniter\Database\BaseConnection->query('SELECT `a`.`per...', Array, false)
#4 C:\xampp\htdocs\comple\app\Models\Alumno\ActividadesModel.php(25): CodeIgniter\Database\BaseBuilder->get()
#5 C:\xampp\htdocs\comple\app\Services\Alumno\ActividadesService.php(20): App\Models\Alumno\ActividadesModel->getActividadesPorAlumno('201160074 ')
#6 C:\xampp\htdocs\comple\app\Controllers\Alumno\InicioController.php(24): App\Services\Alumno\ActividadesService->getActividadesPorAlumno('201160074 ')
#7 C:\xampp\htdocs\comple\system\CodeIgniter.php(918): App\Controllers\Alumno\InicioController->index()
#8 C:\xampp\htdocs\comple\system\CodeIgniter.php(404): CodeIgniter\CodeIgniter->runController(Object(App\Controllers\Alumno\InicioController))
#9 C:\xampp\htdocs\comple\system\CodeIgniter.php(312): CodeIgniter\CodeIgniter->handleRequest(NULL, Object(Config\Cache), false)
#10 C:\xampp\htdocs\comple\index.php(45): CodeIgniter\CodeIgniter->run()
#11 {main}
CRITICAL - 2020-11-13 21:53:55 --> Unknown column 'calificacion' in 'where clause'
#0 C:\xampp\htdocs\comple\system\Database\MySQLi\Connection.php(331): mysqli->query('SELECT `a`.`per...')
#1 C:\xampp\htdocs\comple\system\Database\BaseConnection.php(741): CodeIgniter\Database\MySQLi\Connection->execute('SELECT `a`.`per...')
#2 C:\xampp\htdocs\comple\system\Database\BaseConnection.php(669): CodeIgniter\Database\BaseConnection->simpleQuery('SELECT `a`.`per...')
#3 C:\xampp\htdocs\comple\system\Database\BaseBuilder.php(1860): CodeIgniter\Database\BaseConnection->query('SELECT `a`.`per...', Array, false)
#4 C:\xampp\htdocs\comple\app\Models\Alumno\ActividadesModel.php(25): CodeIgniter\Database\BaseBuilder->get()
#5 C:\xampp\htdocs\comple\app\Services\Alumno\ActividadesService.php(20): App\Models\Alumno\ActividadesModel->getActividadesPorAlumno('201160074 ')
#6 C:\xampp\htdocs\comple\app\Controllers\Alumno\InicioController.php(24): App\Services\Alumno\ActividadesService->getActividadesPorAlumno('201160074 ')
#7 C:\xampp\htdocs\comple\system\CodeIgniter.php(918): App\Controllers\Alumno\InicioController->index()
#8 C:\xampp\htdocs\comple\system\CodeIgniter.php(404): CodeIgniter\CodeIgniter->runController(Object(App\Controllers\Alumno\InicioController))
#9 C:\xampp\htdocs\comple\system\CodeIgniter.php(312): CodeIgniter\CodeIgniter->handleRequest(NULL, Object(Config\Cache), false)
#10 C:\xampp\htdocs\comple\index.php(45): CodeIgniter\CodeIgniter->run()
#11 {main}
CRITICAL - 2020-11-13 21:55:36 --> Unknown column 'calificacion' in 'where clause'
#0 C:\xampp\htdocs\comple\system\Database\MySQLi\Connection.php(331): mysqli->query('SELECT `a`.`per...')
#1 C:\xampp\htdocs\comple\system\Database\BaseConnection.php(741): CodeIgniter\Database\MySQLi\Connection->execute('SELECT `a`.`per...')
#2 C:\xampp\htdocs\comple\system\Database\BaseConnection.php(669): CodeIgniter\Database\BaseConnection->simpleQuery('SELECT `a`.`per...')
#3 C:\xampp\htdocs\comple\system\Database\BaseBuilder.php(1860): CodeIgniter\Database\BaseConnection->query('SELECT `a`.`per...', Array, false)
#4 C:\xampp\htdocs\comple\app\Models\Alumno\ActividadesModel.php(25): CodeIgniter\Database\BaseBuilder->get()
#5 C:\xampp\htdocs\comple\app\Services\Alumno\ActividadesService.php(20): App\Models\Alumno\ActividadesModel->getActividadesPorAlumno('201160074 ')
#6 C:\xampp\htdocs\comple\app\Controllers\Alumno\InicioController.php(24): App\Services\Alumno\ActividadesService->getActividadesPorAlumno('201160074 ')
#7 C:\xampp\htdocs\comple\system\CodeIgniter.php(918): App\Controllers\Alumno\InicioController->index()
#8 C:\xampp\htdocs\comple\system\CodeIgniter.php(404): CodeIgniter\CodeIgniter->runController(Object(App\Controllers\Alumno\InicioController))
#9 C:\xampp\htdocs\comple\system\CodeIgniter.php(312): CodeIgniter\CodeIgniter->handleRequest(NULL, Object(Config\Cache), false)
#10 C:\xampp\htdocs\comple\index.php(45): CodeIgniter\CodeIgniter->run()
#11 {main}
CRITICAL - 2020-11-13 21:55:46 --> Unknown column 'calificacion' in 'where clause'
#0 C:\xampp\htdocs\comple\system\Database\MySQLi\Connection.php(331): mysqli->query('SELECT `a`.`per...')
#1 C:\xampp\htdocs\comple\system\Database\BaseConnection.php(741): CodeIgniter\Database\MySQLi\Connection->execute('SELECT `a`.`per...')
#2 C:\xampp\htdocs\comple\system\Database\BaseConnection.php(669): CodeIgniter\Database\BaseConnection->simpleQuery('SELECT `a`.`per...')
#3 C:\xampp\htdocs\comple\system\Database\BaseBuilder.php(1860): CodeIgniter\Database\BaseConnection->query('SELECT `a`.`per...', Array, false)
#4 C:\xampp\htdocs\comple\app\Models\Alumno\ActividadesModel.php(25): CodeIgniter\Database\BaseBuilder->get()
#5 C:\xampp\htdocs\comple\app\Services\Alumno\ActividadesService.php(20): App\Models\Alumno\ActividadesModel->getActividadesPorAlumno('201160074 ')
#6 C:\xampp\htdocs\comple\app\Controllers\Alumno\InicioController.php(24): App\Services\Alumno\ActividadesService->getActividadesPorAlumno('201160074 ')
#7 C:\xampp\htdocs\comple\system\CodeIgniter.php(918): App\Controllers\Alumno\InicioController->index()
#8 C:\xampp\htdocs\comple\system\CodeIgniter.php(404): CodeIgniter\CodeIgniter->runController(Object(App\Controllers\Alumno\InicioController))
#9 C:\xampp\htdocs\comple\system\CodeIgniter.php(312): CodeIgniter\CodeIgniter->handleRequest(NULL, Object(Config\Cache), false)
#10 C:\xampp\htdocs\comple\index.php(45): CodeIgniter\CodeIgniter->run()
#11 {main}
CRITICAL - 2020-11-13 23:33:12 --> Unknown column 'valor_numerico' in 'where clause'
#0 C:\xampp\htdocs\comple\system\Database\MySQLi\Connection.php(331): mysqli->query('SELECT `a`.`per...')
#1 C:\xampp\htdocs\comple\system\Database\BaseConnection.php(741): CodeIgniter\Database\MySQLi\Connection->execute('SELECT `a`.`per...')
#2 C:\xampp\htdocs\comple\system\Database\BaseConnection.php(669): CodeIgniter\Database\BaseConnection->simpleQuery('SELECT `a`.`per...')
#3 C:\xampp\htdocs\comple\system\Database\BaseBuilder.php(1860): CodeIgniter\Database\BaseConnection->query('SELECT `a`.`per...', Array, false)
#4 C:\xampp\htdocs\comple\app\Models\Alumno\ActividadesModel.php(25): CodeIgniter\Database\BaseBuilder->get()
#5 C:\xampp\htdocs\comple\app\Services\Alumno\ActividadesService.php(20): App\Models\Alumno\ActividadesModel->getActividadesPorAlumno('201160074 ')
#6 C:\xampp\htdocs\comple\app\Controllers\Alumno\InicioController.php(24): App\Services\Alumno\ActividadesService->getActividadesPorAlumno('201160074 ')
#7 C:\xampp\htdocs\comple\system\CodeIgniter.php(918): App\Controllers\Alumno\InicioController->index()
#8 C:\xampp\htdocs\comple\system\CodeIgniter.php(404): CodeIgniter\CodeIgniter->runController(Object(App\Controllers\Alumno\InicioController))
#9 C:\xampp\htdocs\comple\system\CodeIgniter.php(312): CodeIgniter\CodeIgniter->handleRequest(NULL, Object(Config\Cache), false)
#10 C:\xampp\htdocs\comple\index.php(45): CodeIgniter\CodeIgniter->run()
#11 {main}
CRITICAL - 2020-11-13 23:50:38 --> You have an error in your SQL syntax; check the manual that corresponds to your MySQL server version for the right syntax to use near 'IS NULL' at line 8
#0 C:\xampp\htdocs\comple\system\Database\MySQLi\Connection.php(331): mysqli->query('SELECT `a`.`per...')
#1 C:\xampp\htdocs\comple\system\Database\BaseConnection.php(741): CodeIgniter\Database\MySQLi\Connection->execute('SELECT `a`.`per...')
#2 C:\xampp\htdocs\comple\system\Database\BaseConnection.php(669): CodeIgniter\Database\BaseConnection->simpleQuery('SELECT `a`.`per...')
#3 C:\xampp\htdocs\comple\system\Database\BaseBuilder.php(1860): CodeIgniter\Database\BaseConnection->query('SELECT `a`.`per...', Array, false)
#4 C:\xampp\htdocs\comple\app\Models\Alumno\ActividadesModel.php(26): CodeIgniter\Database\BaseBuilder->get()
#5 C:\xampp\htdocs\comple\app\Services\Alumno\ActividadesService.php(20): App\Models\Alumno\ActividadesModel->getActividadesPorAlumno('201160074 ')
#6 C:\xampp\htdocs\comple\app\Controllers\Alumno\InicioController.php(24): App\Services\Alumno\ActividadesService->getActividadesPorAlumno('201160074 ')
#7 C:\xampp\htdocs\comple\system\CodeIgniter.php(918): App\Controllers\Alumno\InicioController->index()
#8 C:\xampp\htdocs\comple\system\CodeIgniter.php(404): CodeIgniter\CodeIgniter->runController(Object(App\Controllers\Alumno\InicioController))
#9 C:\xampp\htdocs\comple\system\CodeIgniter.php(312): CodeIgniter\CodeIgniter->handleRequest(NULL, Object(Config\Cache), false)
#10 C:\xampp\htdocs\comple\index.php(45): CodeIgniter\CodeIgniter->run()
#11 {main}
CRITICAL - 2020-11-13 23:54:09 --> You have an error in your SQL syntax; check the manual that corresponds to your MySQL server version for the right syntax to use near 'IS NULL' at line 8
#0 C:\xampp\htdocs\comple\system\Database\MySQLi\Connection.php(331): mysqli->query('SELECT `a`.`per...')
#1 C:\xampp\htdocs\comple\system\Database\BaseConnection.php(741): CodeIgniter\Database\MySQLi\Connection->execute('SELECT `a`.`per...')
#2 C:\xampp\htdocs\comple\system\Database\BaseConnection.php(669): CodeIgniter\Database\BaseConnection->simpleQuery('SELECT `a`.`per...')
#3 C:\xampp\htdocs\comple\system\Database\BaseBuilder.php(1860): CodeIgniter\Database\BaseConnection->query('SELECT `a`.`per...', Array, false)
#4 C:\xampp\htdocs\comple\app\Models\Alumno\ActividadesModel.php(26): CodeIgniter\Database\BaseBuilder->get()
#5 C:\xampp\htdocs\comple\app\Services\Alumno\ActividadesService.php(20): App\Models\Alumno\ActividadesModel->getActividadesPorAlumno('201160074 ')
#6 C:\xampp\htdocs\comple\app\Controllers\Alumno\InicioController.php(24): App\Services\Alumno\ActividadesService->getActividadesPorAlumno('201160074 ')
#7 C:\xampp\htdocs\comple\system\CodeIgniter.php(918): App\Controllers\Alumno\InicioController->index()
#8 C:\xampp\htdocs\comple\system\CodeIgniter.php(404): CodeIgniter\CodeIgniter->runController(Object(App\Controllers\Alumno\InicioController))
#9 C:\xampp\htdocs\comple\system\CodeIgniter.php(312): CodeIgniter\CodeIgniter->handleRequest(NULL, Object(Config\Cache), false)
#10 C:\xampp\htdocs\comple\index.php(45): CodeIgniter\CodeIgniter->run()
#11 {main}
>>>>>>> 94f467e4fac982fa1cf82ce1b56e46fa0099749d
