CRITICAL - 2021-01-11 00:16:36 --> substr() expects parameter 1 to be string, object given
#0 [internal function]: CodeIgniter\Debug\Exceptions->errorHandler(2, 'substr() expect...', 'C:\\xampp\\htdocs...', 25, Array)
#1 C:\xampp\htdocs\comple\app\Views\Division\Periodos\editar.php(25): substr(Object(stdClass), 1, 4)
#2 C:\xampp\htdocs\comple\system\View\View.php(246): include('C:\\xampp\\htdocs...')
#3 C:\xampp\htdocs\comple\system\Common.php(1119): CodeIgniter\View\View->render('Division/Period...', Array, true)
#4 C:\xampp\htdocs\comple\app\Controllers\Division\PeriodoController.php(87): view('Division/Period...', Array)
#5 C:\xampp\htdocs\comple\system\CodeIgniter.php(918): App\Controllers\Division\PeriodoController->editar()
#6 C:\xampp\htdocs\comple\system\CodeIgniter.php(404): CodeIgniter\CodeIgniter->runController(Object(App\Controllers\Division\PeriodoController))
#7 C:\xampp\htdocs\comple\system\CodeIgniter.php(312): CodeIgniter\CodeIgniter->handleRequest(NULL, Object(Config\Cache), false)
#8 C:\xampp\htdocs\comple\index.php(45): CodeIgniter\CodeIgniter->run()
#9 {main}
CRITICAL - 2021-01-11 02:47:35 --> Trying to get property 'estatus' of non-object
#0 C:\xampp\htdocs\comple\app\Services\Division\InscripcionService.php(185): CodeIgniter\Debug\Exceptions->errorHandler(8, 'Trying to get p...', 'C:\\xampp\\htdocs...', 185, Array)
#1 C:\xampp\htdocs\comple\app\Controllers\Division\InscripcionController.php(160): App\Services\Division\InscripcionService->cambiarEstatusAceptar('243')
#2 C:\xampp\htdocs\comple\system\CodeIgniter.php(918): App\Controllers\Division\InscripcionController->cambiarEstatusAceptar()
#3 C:\xampp\htdocs\comple\system\CodeIgniter.php(404): CodeIgniter\CodeIgniter->runController(Object(App\Controllers\Division\InscripcionController))
#4 C:\xampp\htdocs\comple\system\CodeIgniter.php(312): CodeIgniter\CodeIgniter->handleRequest(NULL, Object(Config\Cache), false)
#5 C:\xampp\htdocs\comple\index.php(45): CodeIgniter\CodeIgniter->run()
#6 {main}
CRITICAL - 2021-01-11 02:47:45 --> Trying to get property 'estatus' of non-object
#0 C:\xampp\htdocs\comple\app\Services\Division\InscripcionService.php(185): CodeIgniter\Debug\Exceptions->errorHandler(8, 'Trying to get p...', 'C:\\xampp\\htdocs...', 185, Array)
#1 C:\xampp\htdocs\comple\app\Controllers\Division\InscripcionController.php(160): App\Services\Division\InscripcionService->cambiarEstatusAceptar('243')
#2 C:\xampp\htdocs\comple\system\CodeIgniter.php(918): App\Controllers\Division\InscripcionController->cambiarEstatusAceptar()
#3 C:\xampp\htdocs\comple\system\CodeIgniter.php(404): CodeIgniter\CodeIgniter->runController(Object(App\Controllers\Division\InscripcionController))
#4 C:\xampp\htdocs\comple\system\CodeIgniter.php(312): CodeIgniter\CodeIgniter->handleRequest(NULL, Object(Config\Cache), false)
#5 C:\xampp\htdocs\comple\index.php(45): CodeIgniter\CodeIgniter->run()
#6 {main}
CRITICAL - 2021-01-11 02:50:20 --> substr() expects parameter 1 to be string, object given
#0 [internal function]: CodeIgniter\Debug\Exceptions->errorHandler(2, 'substr() expect...', 'C:\\xampp\\htdocs...', 25, Array)
#1 C:\xampp\htdocs\comple\app\Views\Division\Periodos\editar.php(25): substr(Object(stdClass), 1, 4)
#2 C:\xampp\htdocs\comple\system\View\View.php(246): include('C:\\xampp\\htdocs...')
#3 C:\xampp\htdocs\comple\system\Common.php(1119): CodeIgniter\View\View->render('Division/Period...', Array, true)
#4 C:\xampp\htdocs\comple\app\Controllers\Division\PeriodoController.php(87): view('Division/Period...', Array)
#5 C:\xampp\htdocs\comple\system\CodeIgniter.php(918): App\Controllers\Division\PeriodoController->editar()
#6 C:\xampp\htdocs\comple\system\CodeIgniter.php(404): CodeIgniter\CodeIgniter->runController(Object(App\Controllers\Division\PeriodoController))
#7 C:\xampp\htdocs\comple\system\CodeIgniter.php(312): CodeIgniter\CodeIgniter->handleRequest(NULL, Object(Config\Cache), false)
#8 C:\xampp\htdocs\comple\index.php(45): CodeIgniter\CodeIgniter->run()
#9 {main}
CRITICAL - 2021-01-11 02:55:02 --> Trying to get property 'estatus' of non-object
#0 C:\xampp\htdocs\comple\app\Services\Division\InscripcionService.php(185): CodeIgniter\Debug\Exceptions->errorHandler(8, 'Trying to get p...', 'C:\\xampp\\htdocs...', 185, Array)
#1 C:\xampp\htdocs\comple\app\Controllers\Division\InscripcionController.php(160): App\Services\Division\InscripcionService->cambiarEstatusAceptar('243')
#2 C:\xampp\htdocs\comple\system\CodeIgniter.php(918): App\Controllers\Division\InscripcionController->cambiarEstatusAceptar()
#3 C:\xampp\htdocs\comple\system\CodeIgniter.php(404): CodeIgniter\CodeIgniter->runController(Object(App\Controllers\Division\InscripcionController))
#4 C:\xampp\htdocs\comple\system\CodeIgniter.php(312): CodeIgniter\CodeIgniter->handleRequest(NULL, Object(Config\Cache), false)
#5 C:\xampp\htdocs\comple\index.php(45): CodeIgniter\CodeIgniter->run()
#6 {main}
CRITICAL - 2021-01-11 02:55:38 --> Trying to get property 'estatus' of non-object
#0 C:\xampp\htdocs\comple\app\Services\Division\InscripcionService.php(185): CodeIgniter\Debug\Exceptions->errorHandler(8, 'Trying to get p...', 'C:\\xampp\\htdocs...', 185, Array)
#1 C:\xampp\htdocs\comple\app\Controllers\Division\InscripcionController.php(160): App\Services\Division\InscripcionService->cambiarEstatusAceptar('243')
#2 C:\xampp\htdocs\comple\system\CodeIgniter.php(918): App\Controllers\Division\InscripcionController->cambiarEstatusAceptar()
#3 C:\xampp\htdocs\comple\system\CodeIgniter.php(404): CodeIgniter\CodeIgniter->runController(Object(App\Controllers\Division\InscripcionController))
#4 C:\xampp\htdocs\comple\system\CodeIgniter.php(312): CodeIgniter\CodeIgniter->handleRequest(NULL, Object(Config\Cache), false)
#5 C:\xampp\htdocs\comple\index.php(45): CodeIgniter\CodeIgniter->run()
#6 {main}
