CRITICAL - 2021-03-04 18:28:55 --> Call to undefined method CodeIgniter\Database\MySQLi\Builder::order_By()
#0 C:\xampp\htdocs\comple\app\Services\Division\InscripcionService.php(22): App\Models\Division\InscripcionModel->getInscripciones()
#1 C:\xampp\htdocs\comple\app\Controllers\Division\InscripcionController.php(76): App\Services\Division\InscripcionService->getInscripciones()
#2 C:\xampp\htdocs\comple\system\CodeIgniter.php(918): App\Controllers\Division\InscripcionController->periodo()
#3 C:\xampp\htdocs\comple\system\CodeIgniter.php(404): CodeIgniter\CodeIgniter->runController(Object(App\Controllers\Division\InscripcionController))
#4 C:\xampp\htdocs\comple\system\CodeIgniter.php(312): CodeIgniter\CodeIgniter->handleRequest(NULL, Object(Config\Cache), false)
#5 C:\xampp\htdocs\comple\index.php(45): CodeIgniter\CodeIgniter->run()
#6 {main}
CRITICAL - 2021-03-04 18:29:03 --> Call to undefined method CodeIgniter\Database\MySQLi\Builder::order_By()
#0 C:\xampp\htdocs\comple\app\Services\Division\InscripcionService.php(22): App\Models\Division\InscripcionModel->getInscripciones()
#1 C:\xampp\htdocs\comple\app\Controllers\Division\InscripcionController.php(76): App\Services\Division\InscripcionService->getInscripciones()
#2 C:\xampp\htdocs\comple\system\CodeIgniter.php(918): App\Controllers\Division\InscripcionController->periodo()
#3 C:\xampp\htdocs\comple\system\CodeIgniter.php(404): CodeIgniter\CodeIgniter->runController(Object(App\Controllers\Division\InscripcionController))
#4 C:\xampp\htdocs\comple\system\CodeIgniter.php(312): CodeIgniter\CodeIgniter->handleRequest(NULL, Object(Config\Cache), false)
#5 C:\xampp\htdocs\comple\index.php(45): CodeIgniter\CodeIgniter->run()
#6 {main}
CRITICAL - 2021-03-04 18:29:14 --> Call to undefined method CodeIgniter\Database\MySQLi\Builder::order_By()
#0 C:\xampp\htdocs\comple\app\Services\Division\InscripcionService.php(22): App\Models\Division\InscripcionModel->getInscripciones()
#1 C:\xampp\htdocs\comple\app\Controllers\Division\InscripcionController.php(76): App\Services\Division\InscripcionService->getInscripciones()
#2 C:\xampp\htdocs\comple\system\CodeIgniter.php(918): App\Controllers\Division\InscripcionController->periodo()
#3 C:\xampp\htdocs\comple\system\CodeIgniter.php(404): CodeIgniter\CodeIgniter->runController(Object(App\Controllers\Division\InscripcionController))
#4 C:\xampp\htdocs\comple\system\CodeIgniter.php(312): CodeIgniter\CodeIgniter->handleRequest(NULL, Object(Config\Cache), false)
#5 C:\xampp\htdocs\comple\index.php(45): CodeIgniter\CodeIgniter->run()
#6 {main}
CRITICAL - 2021-03-04 18:29:15 --> Call to undefined method CodeIgniter\Database\MySQLi\Builder::order_By()
#0 C:\xampp\htdocs\comple\app\Services\Division\InscripcionService.php(22): App\Models\Division\InscripcionModel->getInscripciones()
#1 C:\xampp\htdocs\comple\app\Controllers\Division\InscripcionController.php(76): App\Services\Division\InscripcionService->getInscripciones()
#2 C:\xampp\htdocs\comple\system\CodeIgniter.php(918): App\Controllers\Division\InscripcionController->periodo()
#3 C:\xampp\htdocs\comple\system\CodeIgniter.php(404): CodeIgniter\CodeIgniter->runController(Object(App\Controllers\Division\InscripcionController))
#4 C:\xampp\htdocs\comple\system\CodeIgniter.php(312): CodeIgniter\CodeIgniter->handleRequest(NULL, Object(Config\Cache), false)
#5 C:\xampp\htdocs\comple\index.php(45): CodeIgniter\CodeIgniter->run()
#6 {main}
CRITICAL - 2021-03-04 18:29:16 --> Call to undefined method CodeIgniter\Database\MySQLi\Builder::order_By()
#0 C:\xampp\htdocs\comple\app\Services\Division\InscripcionService.php(22): App\Models\Division\InscripcionModel->getInscripciones()
#1 C:\xampp\htdocs\comple\app\Controllers\Division\InscripcionController.php(76): App\Services\Division\InscripcionService->getInscripciones()
#2 C:\xampp\htdocs\comple\system\CodeIgniter.php(918): App\Controllers\Division\InscripcionController->periodo()
#3 C:\xampp\htdocs\comple\system\CodeIgniter.php(404): CodeIgniter\CodeIgniter->runController(Object(App\Controllers\Division\InscripcionController))
#4 C:\xampp\htdocs\comple\system\CodeIgniter.php(312): CodeIgniter\CodeIgniter->handleRequest(NULL, Object(Config\Cache), false)
#5 C:\xampp\htdocs\comple\index.php(45): CodeIgniter\CodeIgniter->run()
#6 {main}
CRITICAL - 2021-03-04 19:27:36 --> Maximum execution time of 120 seconds exceeded
#0 [internal function]: CodeIgniter\Debug\Exceptions->shutdownHandler()
#1 {main}
